2024-06-14T15:54:57.714120652+08:00 - INFO - Database migrations executed successfully
2024-06-14T15:54:57.714289502+08:00 - INFO - Found warehouse: "CEWlCIUrCz31kJTrz+N0W6DrwmzHU2Rhl6ZusemoG2gscCzJPkWoQ73+MipXtL3RTvym3LGYKmgECIEoBTQpxw=="
2024-06-14T15:54:57.714460670+08:00 - INFO - Local peer id: PeerId("12D3KooWCoqKFwVYFYE48VxrWumQL2oypVKfDELYHEya6ZdEDZRg")
2024-06-14T15:54:57.722692165+08:00 - WARN - Warning: BOOTSTRAP_PEER_ID environment variable is not set
2024-06-14T15:54:57.722764688+08:00 - WARN - Warning: BOOTSTRAP_ADDR environment variable is not set
2024-06-14T15:54:57.722803376+08:00 - WARN - Warning: LISTENING_ADDR environment variable is not set, using default value:/ip4/0.0.0.0/tcp/12345
2024-06-14T15:54:57.722834760+08:00 - WARN - BOOTSTRAP_ADDR environment variable is not set,run as bootstrap node
2024-06-14T15:54:57.723328205+08:00 - INFO - creating instance on iface 10.0.0.101
2024-06-14T15:54:57.731464043+08:00 - INFO - 🔧 Configured for [4mdebug[0m.
2024-06-14T15:54:57.731522819+08:00 - INFO - address: [1;39m127.0.0.1[0m
2024-06-14T15:54:57.731545403+08:00 - INFO - port: [1;39m0[0m
2024-06-14T15:54:57.731565250+08:00 - INFO - workers: [1;39m8[0m
2024-06-14T15:54:57.731578806+08:00 - INFO - max blocking threads: [1;39m512[0m
2024-06-14T15:54:57.731596849+08:00 - INFO - ident: [1;39mRocket[0m
2024-06-14T15:54:57.731617541+08:00 - INFO - IP header: [1;39mX-Real-IP[0m
2024-06-14T15:54:57.731639392+08:00 - INFO - limits: [1;39mbytes = 8KiB, data-form = 2MiB, file = 1MiB, form = 32KiB, json = 1MiB, msgpack = 1MiB, string = 8KiB[0m
2024-06-14T15:54:57.731660568+08:00 - INFO - temp dir: [1;39m/tmp[0m
2024-06-14T15:54:57.731676552+08:00 - INFO - http/2: [1;39mtrue[0m
2024-06-14T15:54:57.731694994+08:00 - INFO - keep-alive: [1;39m5[0m[1;39ms[0m
2024-06-14T15:54:57.731712492+08:00 - INFO - tls: [1;39mdisabled[0m
2024-06-14T15:54:57.731735087+08:00 - INFO - shutdown: [1;39mctrlc = true, force = true, signals = [SIGTERM], grace = 2s, mercy = 3s[0m
2024-06-14T15:54:57.731752175+08:00 - INFO - log level: [1;39mnormal[0m
2024-06-14T15:54:57.731763243+08:00 - INFO - cli colors: [1;39mtrue[0m
2024-06-14T15:54:57.731882227+08:00 - INFO - 📬 [35mRoutes[0m:
2024-06-14T15:54:57.731972666+08:00 - INFO - [36m([0m[39mindex[0m[36m)[0m [32mGET[0m [34m/[0m
2024-06-14T15:54:57.732009724+08:00 - INFO - [36m([0m[39mlogin[0m[36m)[0m [32mPOST[0m [4;34m/api[0m[34m/login[0m
2024-06-14T15:54:57.732036238+08:00 - INFO - [36m([0m[39mcreate_product[0m[36m)[0m [32mPOST[0m [4;34m/api[0m[34m/products[0m [33mapplication/json[0m
2024-06-14T15:54:57.732056107+08:00 - INFO - [36m([0m[39mget_products[0m[36m)[0m [32mGET[0m [4;34m/api[0m[34m/products?<start>&<end>&<categories_name>[0m
2024-06-14T15:54:57.732082479+08:00 - INFO - [36m([0m[39mprotected_route[0m[36m)[0m [32mGET[0m [4;34m/api[0m[34m/protected[0m
2024-06-14T15:54:57.732103357+08:00 - INFO - [36m([0m[39mget_warehouses[0m[36m)[0m [32mGET[0m [4;34m/api[0m[34m/warehouses[0m
2024-06-14T15:54:57.732129527+08:00 - INFO - [36m([0m[39mcreate_warehouse[0m[36m)[0m [32mPOST[0m [4;34m/api[0m[34m/warehouses[0m [33mapplication/json[0m
2024-06-14T15:54:57.732145841+08:00 - INFO - [36m([0m[39mcreate_category[0m[36m)[0m [32mPOST[0m [4;34m/api[0m[34m/categories[0m [33mapplication/json[0m
2024-06-14T15:54:57.732209751+08:00 - INFO - 📡 [35mFairings[0m:
2024-06-14T15:54:57.732233085+08:00 - INFO - [1;39mAdmin Initialization[0m ([1;34mignite[0m)
2024-06-14T15:54:57.732245337+08:00 - INFO - [1;39mShield[0m ([1;34mliftoff, response, singleton[0m)
2024-06-14T15:54:57.732260668+08:00 - INFO - [1;39m'sqlite_db' Database Pool[0m ([1;34mignite[0m)
2024-06-14T15:54:57.732429415+08:00 - INFO - 🛡️ [35mShield[0m:
2024-06-14T15:54:57.732454833+08:00 - INFO - X-Content-Type-Options: [39mnosniff[0m
2024-06-14T15:54:57.732466452+08:00 - INFO - X-Frame-Options: [39mSAMEORIGIN[0m
2024-06-14T15:54:57.732470389+08:00 - INFO - Permissions-Policy: [39minterest-cohort=()[0m
2024-06-14T15:54:57.732522862+08:00 - WARN - 🚀 [1;39mRocket has launched from [4mhttp://127.0.0.1:32923[0m
2024-06-14T15:54:57.732723501+08:00 - WARN - Rocket is executing inside of a custom runtime.
2024-06-14T15:54:57.732764958+08:00 - INFO - Rocket's runtime is enabled via `#[rocket::main]` or `#[launch]`.
2024-06-14T15:54:57.732779399+08:00 - INFO - Forced shutdown is disabled. Runtime settings may be suboptimal.
2024-06-14T15:55:11.636258089+08:00 - WARN - Received shutdown signal, shutting down...
2024-06-14T15:55:11.636354368+08:00 - WARN - Received SIGINT. Requesting shutdown.
2024-06-14T15:55:11.636439668+08:00 - INFO - Shutdown requested. Waiting for pending I/O...
2024-06-14T15:55:11.636515108+08:00 - INFO - Graceful shutdown completed successfully.
2024-06-14T15:55:11.636544904+08:00 - INFO - Waiting for tasks to finish...
