2024-06-08T17:44:34.700310904+08:00 - INFO - Local peer id: PeerId("12D3KooWDNxJ2WUWwdwdzu8k82c4GFV1jS9FfQgmEXwx6MdTUY2e")
2024-06-08T17:44:34.702692056+08:00 - WARN - Warning: BOOTSTRAP_PEER_ID environment variable is not set
2024-06-08T17:44:34.702751259+08:00 - WARN - Warning: BOOTSTRAP_ADDR environment variable is not set
2024-06-08T17:44:34.702767126+08:00 - WARN - Warning: LISTENING_ADDR environment variable is not set, using default value:/ip4/0.0.0.0/tcp/12345
2024-06-08T17:44:34.702813849+08:00 - WARN - BOOTSTRAP_ADDR environment variable is not set,run as bootstrap node
2024-06-08T17:44:34.703187640+08:00 - INFO - creating instance on iface 10.0.0.101
2024-06-08T17:44:34.710984209+08:00 - INFO - All pending migrations were run successfully: []
2024-06-08T17:44:34.711460305+08:00 - INFO - 🔧 Configured for [4mdebug[0m.
2024-06-08T17:44:34.711487180+08:00 - INFO - address: [1;39m127.0.0.1[0m
2024-06-08T17:44:34.711504539+08:00 - INFO - port: [1;39m8000[0m
2024-06-08T17:44:34.711521122+08:00 - INFO - workers: [1;39m8[0m
2024-06-08T17:44:34.711538649+08:00 - INFO - max blocking threads: [1;39m512[0m
2024-06-08T17:44:34.711555098+08:00 - INFO - ident: [1;39mRocket[0m
2024-06-08T17:44:34.711569562+08:00 - INFO - IP header: [1;39mX-Real-IP[0m
2024-06-08T17:44:34.711590527+08:00 - INFO - limits: [1;39mbytes = 8KiB, data-form = 2MiB, file = 1MiB, form = 32KiB, json = 1MiB, msgpack = 1MiB, string = 8KiB[0m
2024-06-08T17:44:34.711610380+08:00 - INFO - temp dir: [1;39m/tmp[0m
2024-06-08T17:44:34.711626920+08:00 - INFO - http/2: [1;39mtrue[0m
2024-06-08T17:44:34.711642950+08:00 - INFO - keep-alive: [1;39m5[0m[1;39ms[0m
2024-06-08T17:44:34.711659280+08:00 - INFO - tls: [1;39mdisabled[0m
2024-06-08T17:44:34.711676888+08:00 - INFO - shutdown: [1;39mctrlc = true, force = true, signals = [SIGTERM], grace = 2s, mercy = 3s[0m
2024-06-08T17:44:34.711693810+08:00 - INFO - log level: [1;39mnormal[0m
2024-06-08T17:44:34.711709959+08:00 - INFO - cli colors: [1;39mtrue[0m
2024-06-08T17:44:34.711804153+08:00 - INFO - 📬 [35mRoutes[0m:
2024-06-08T17:44:34.711864851+08:00 - INFO - [36m([0m[39mindex[0m[36m)[0m [32mGET[0m [34m/[0m
2024-06-08T17:44:34.711891567+08:00 - INFO - [36m([0m[39mget_warehouses[0m[36m)[0m [32mGET[0m [4;34m/api[0m[34m/warehouses[0m
2024-06-08T17:44:34.711915595+08:00 - INFO - [36m([0m[39mcreate_warehouse[0m[36m)[0m [32mPOST[0m [4;34m/api[0m[34m/warehouses[0m [33mapplication/json[0m
2024-06-08T17:44:34.711955910+08:00 - INFO - 📡 [35mFairings[0m:
2024-06-08T17:44:34.711996581+08:00 - INFO - [1;39mDatabase Migrations[0m ([1;34mignite[0m)
2024-06-08T17:44:34.712021759+08:00 - INFO - [1;39mAdmin Initialization[0m ([1;34mignite[0m)
2024-06-08T17:44:34.712038727+08:00 - INFO - [1;39mShield[0m ([1;34mliftoff, response, singleton[0m)
2024-06-08T17:44:34.712057473+08:00 - INFO - [1;39m'sqlite_db' Database Pool[0m ([1;34mignite[0m)
2024-06-08T17:44:34.712191062+08:00 - INFO - 🛡️ [35mShield[0m:
2024-06-08T17:44:34.712214387+08:00 - INFO - Permissions-Policy: [39minterest-cohort=()[0m
2024-06-08T17:44:34.712229738+08:00 - INFO - X-Content-Type-Options: [39mnosniff[0m
2024-06-08T17:44:34.712243492+08:00 - INFO - X-Frame-Options: [39mSAMEORIGIN[0m
2024-06-08T17:44:34.712269767+08:00 - WARN - 🚀 [1;39mRocket has launched from [4mhttp://127.0.0.1:8000[0m
2024-06-08T17:44:34.712375932+08:00 - WARN - Rocket is executing inside of a custom runtime.
2024-06-08T17:44:34.712398241+08:00 - INFO - Rocket's runtime is enabled via `#[rocket::main]` or `#[launch]`.
2024-06-08T17:44:34.712411483+08:00 - INFO - Forced shutdown is disabled. Runtime settings may be suboptimal.
2024-06-08T17:44:41.551516377+08:00 - WARN - Received shutdown signal, shutting down...
2024-06-08T17:44:41.551620377+08:00 - WARN - Received SIGINT. Requesting shutdown.
2024-06-08T17:44:41.551668211+08:00 - INFO - Waiting for tasks to finish...
2024-06-08T17:44:41.551733441+08:00 - INFO - Shutdown requested. Waiting for pending I/O...
2024-06-08T17:44:41.551840251+08:00 - INFO - Graceful shutdown completed successfully.
