2024-06-15T18:06:08.483570519+08:00 - INFO - Database migrations executed successfully
2024-06-15T18:06:08.483756850+08:00 - INFO - Found warehouse: "CEWlCIUrCz31kJTrz+N0W6DrwmzHU2Rhl6ZusemoG2gscCzJPkWoQ73+MipXtL3RTvym3LGYKmgECIEoBTQpxw=="
2024-06-15T18:06:08.483944036+08:00 - INFO - Local peer id: PeerId("12D3KooWCoqKFwVYFYE48VxrWumQL2oypVKfDELYHEya6ZdEDZRg")
2024-06-15T18:06:08.492775426+08:00 - WARN - Warning: BOOTSTRAP_PEER_ID environment variable is not set
2024-06-15T18:06:08.492856911+08:00 - WARN - Warning: BOOTSTRAP_ADDR environment variable is not set
2024-06-15T18:06:08.492886785+08:00 - WARN - Warning: LISTENING_ADDR environment variable is not set, using default value:/ip4/0.0.0.0/tcp/12345
2024-06-15T18:06:08.492934805+08:00 - WARN - BOOTSTRAP_ADDR environment variable is not set,run as bootstrap node
2024-06-15T18:06:08.493387137+08:00 - INFO - creating instance on iface 10.0.0.101
2024-06-15T18:06:08.501262790+08:00 - INFO - 🔧 Configured for [4mdebug[0m.
2024-06-15T18:06:08.501301208+08:00 - INFO - address: [1;39m127.0.0.1[0m
2024-06-15T18:06:08.501329572+08:00 - INFO - port: [1;39m0[0m
2024-06-15T18:06:08.501358631+08:00 - INFO - workers: [1;39m8[0m
2024-06-15T18:06:08.501394293+08:00 - INFO - max blocking threads: [1;39m512[0m
2024-06-15T18:06:08.501426336+08:00 - INFO - ident: [1;39mRocket[0m
2024-06-15T18:06:08.501454907+08:00 - INFO - IP header: [1;39mX-Real-IP[0m
2024-06-15T18:06:08.501486075+08:00 - INFO - limits: [1;39mbytes = 8KiB, data-form = 2MiB, file = 1MiB, form = 32KiB, json = 1MiB, msgpack = 1MiB, string = 8KiB[0m
2024-06-15T18:06:08.501517089+08:00 - INFO - temp dir: [1;39m/tmp[0m
2024-06-15T18:06:08.501546364+08:00 - INFO - http/2: [1;39mtrue[0m
2024-06-15T18:06:08.501574675+08:00 - INFO - keep-alive: [1;39m5[0m[1;39ms[0m
2024-06-15T18:06:08.501602497+08:00 - INFO - tls: [1;39mdisabled[0m
2024-06-15T18:06:08.501631916+08:00 - INFO - shutdown: [1;39mctrlc = true, force = true, signals = [SIGTERM], grace = 2s, mercy = 3s[0m
2024-06-15T18:06:08.501660976+08:00 - INFO - log level: [1;39mnormal[0m
2024-06-15T18:06:08.501687709+08:00 - INFO - cli colors: [1;39mtrue[0m
2024-06-15T18:06:08.501795563+08:00 - INFO - 📬 [35mRoutes[0m:
2024-06-15T18:06:08.501877029+08:00 - INFO - [36m([0m[39mindex[0m[36m)[0m [32mGET[0m [34m/[0m
2024-06-15T18:06:08.501920490+08:00 - INFO - [36m([0m[39mlogin[0m[36m)[0m [32mPOST[0m [4;34m/api[0m[34m/login[0m
2024-06-15T18:06:08.501967854+08:00 - INFO - [36m([0m[39mcreate_product[0m[36m)[0m [32mPOST[0m [4;34m/api[0m[34m/products[0m [33mapplication/json[0m
2024-06-15T18:06:08.502010735+08:00 - INFO - [36m([0m[39mget_products[0m[36m)[0m [32mGET[0m [4;34m/api[0m[34m/products?<start>&<end>&<categories_name>[0m
2024-06-15T18:06:08.502050692+08:00 - INFO - [36m([0m[39mprotected_route[0m[36m)[0m [32mGET[0m [4;34m/api[0m[34m/protected[0m
2024-06-15T18:06:08.502088075+08:00 - INFO - [36m([0m[39mget_warehouses[0m[36m)[0m [32mGET[0m [4;34m/api[0m[34m/warehouses[0m
2024-06-15T18:06:08.502126746+08:00 - INFO - [36m([0m[39mcreate_warehouse[0m[36m)[0m [32mPOST[0m [4;34m/api[0m[34m/warehouses[0m [33mapplication/json[0m
2024-06-15T18:06:08.502185676+08:00 - INFO - [36m([0m[39mcreate_category[0m[36m)[0m [32mPOST[0m [4;34m/api[0m[34m/categories[0m [33mapplication/json[0m
2024-06-15T18:06:08.502251633+08:00 - INFO - 📡 [35mFairings[0m:
2024-06-15T18:06:08.502288398+08:00 - INFO - [1;39mShield[0m ([1;34mliftoff, response, singleton[0m)
2024-06-15T18:06:08.502309019+08:00 - INFO - [1;39mAdmin Initialization[0m ([1;34mignite[0m)
2024-06-15T18:06:08.502322569+08:00 - INFO - [1;39m'sqlite_db' Database Pool[0m ([1;34mignite[0m)
2024-06-15T18:06:08.502510173+08:00 - INFO - 🛡️ [35mShield[0m:
2024-06-15T18:06:08.502531910+08:00 - INFO - X-Content-Type-Options: [39mnosniff[0m
2024-06-15T18:06:08.502546654+08:00 - INFO - X-Frame-Options: [39mSAMEORIGIN[0m
2024-06-15T18:06:08.502557441+08:00 - INFO - Permissions-Policy: [39minterest-cohort=()[0m
2024-06-15T18:06:08.502593283+08:00 - WARN - 🚀 [1;39mRocket has launched from [4mhttp://127.0.0.1:41399[0m
2024-06-15T18:06:08.502691768+08:00 - WARN - Rocket is executing inside of a custom runtime.
2024-06-15T18:06:08.502720556+08:00 - INFO - Rocket's runtime is enabled via `#[rocket::main]` or `#[launch]`.
2024-06-15T18:06:08.502738594+08:00 - INFO - Forced shutdown is disabled. Runtime settings may be suboptimal.
2024-06-15T18:06:17.273967553+08:00 - WARN - Received SIGINT. Requesting shutdown.
2024-06-15T18:06:17.274038974+08:00 - WARN - Received shutdown signal, shutting down...
2024-06-15T18:06:17.274078732+08:00 - INFO - Shutdown requested. Waiting for pending I/O...
2024-06-15T18:06:17.274117218+08:00 - INFO - Waiting for tasks to finish...
2024-06-15T18:06:17.274139014+08:00 - INFO - Graceful shutdown completed successfully.
