2024-06-16T00:05:35.266268955+08:00 - INFO - Database migrations executed successfully
2024-06-16T00:05:35.266426395+08:00 - INFO - Found warehouse: "9M5zxJECOyCWxTl+u68Cq9Sqs2OmPApG+08CwVue1isvmO50OS39Y/VEBd94sJoLNmrf/5LoGXRnwiRI4NeGHA=="
2024-06-16T00:05:35.266603281+08:00 - INFO - Local peer id: PeerId("12D3KooWD2Aapi8KSuBgzRmpGSVom9Zq9GzgjqXiYexmozjtGa2w")
2024-06-16T00:05:35.275095101+08:00 - WARN - Warning: BOOTSTRAP_PEER_ID environment variable is not set
2024-06-16T00:05:35.275159018+08:00 - WARN - Warning: BOOTSTRAP_ADDR environment variable is not set
2024-06-16T00:05:35.275174144+08:00 - WARN - Warning: LISTENING_ADDR environment variable is not set, using default value:/ip4/0.0.0.0/tcp/12345
2024-06-16T00:05:35.275220860+08:00 - WARN - BOOTSTRAP_ADDR environment variable is not set,run as bootstrap node
2024-06-16T00:05:35.275681987+08:00 - INFO - creating instance on iface 10.0.0.101
2024-06-16T00:05:35.283816438+08:00 - INFO - 🔧 Configured for [4mdebug[0m.
2024-06-16T00:05:35.283866580+08:00 - INFO - address: [1;39m127.0.0.1[0m
2024-06-16T00:05:35.283882249+08:00 - INFO - port: [1;39m0[0m
2024-06-16T00:05:35.283900338+08:00 - INFO - workers: [1;39m8[0m
2024-06-16T00:05:35.283926420+08:00 - INFO - max blocking threads: [1;39m512[0m
2024-06-16T00:05:35.283944117+08:00 - INFO - ident: [1;39mRocket[0m
2024-06-16T00:05:35.283956394+08:00 - INFO - IP header: [1;39mX-Real-IP[0m
2024-06-16T00:05:35.283976520+08:00 - INFO - limits: [1;39mbytes = 8KiB, data-form = 2MiB, file = 1MiB, form = 32KiB, json = 1MiB, msgpack = 1MiB, string = 8KiB[0m
2024-06-16T00:05:35.284009780+08:00 - INFO - temp dir: [1;39m/tmp[0m
2024-06-16T00:05:35.284033581+08:00 - INFO - http/2: [1;39mtrue[0m
2024-06-16T00:05:35.284049483+08:00 - INFO - keep-alive: [1;39m5[0m[1;39ms[0m
2024-06-16T00:05:35.284063996+08:00 - INFO - tls: [1;39mdisabled[0m
2024-06-16T00:05:35.284081751+08:00 - INFO - shutdown: [1;39mctrlc = true, force = true, signals = [SIGTERM], grace = 2s, mercy = 3s[0m
2024-06-16T00:05:35.284094592+08:00 - INFO - log level: [1;39mnormal[0m
2024-06-16T00:05:35.284111426+08:00 - INFO - cli colors: [1;39mtrue[0m
2024-06-16T00:05:35.284224689+08:00 - INFO - 📬 [35mRoutes[0m:
2024-06-16T00:05:35.284306532+08:00 - INFO - [36m([0m[39mindex[0m[36m)[0m [32mGET[0m [34m/[0m
2024-06-16T00:05:35.284336429+08:00 - INFO - [36m([0m[39mlogin[0m[36m)[0m [32mPOST[0m [4;34m/api[0m[34m/login[0m
2024-06-16T00:05:35.284356826+08:00 - INFO - [36m([0m[39moptions_login[0m[36m)[0m [32mOPTIONS[0m [4;34m/api[0m[34m/login[0m
2024-06-16T00:05:35.284384482+08:00 - INFO - [36m([0m[39msignup[0m[36m)[0m [32mPOST[0m [4;34m/api[0m[34m/signup[0m
2024-06-16T00:05:35.284407423+08:00 - INFO - [36m([0m[39mcreate_product[0m[36m)[0m [32mPOST[0m [4;34m/api[0m[34m/products[0m [33mapplication/json[0m
2024-06-16T00:05:35.284436227+08:00 - INFO - [36m([0m[39mget_products[0m[36m)[0m [32mGET[0m [4;34m/api[0m[34m/products?<start>&<end>&<categories_name>[0m
2024-06-16T00:05:35.284459758+08:00 - INFO - [36m([0m[39mprotected_route[0m[36m)[0m [32mGET[0m [4;34m/api[0m[34m/protected[0m
2024-06-16T00:05:35.284483003+08:00 - INFO - [36m([0m[39mget_warehouses[0m[36m)[0m [32mGET[0m [4;34m/api[0m[34m/warehouses[0m
2024-06-16T00:05:35.284506934+08:00 - INFO - [36m([0m[39mcreate_warehouse[0m[36m)[0m [32mPOST[0m [4;34m/api[0m[34m/warehouses[0m [33mapplication/json[0m
2024-06-16T00:05:35.284532551+08:00 - INFO - [36m([0m[39mcreate_category[0m[36m)[0m [32mPOST[0m [4;34m/api[0m[34m/categories[0m [33mapplication/json[0m
2024-06-16T00:05:35.284554854+08:00 - INFO - [32mGET[0m [4;34m/cors[0m[34m/<status>[0m
2024-06-16T00:05:35.284586085+08:00 - INFO - 📡 [35mFairings[0m:
2024-06-16T00:05:35.284604920+08:00 - INFO - [1;39mCORS[0m ([1;34mignite, request, response[0m)
2024-06-16T00:05:35.284620953+08:00 - INFO - [1;39m'sqlite_db' Database Pool[0m ([1;34mignite[0m)
2024-06-16T00:05:35.284636969+08:00 - INFO - [1;39mAdmin Initialization[0m ([1;34mignite[0m)
2024-06-16T00:05:35.284666757+08:00 - INFO - [1;39mShield[0m ([1;34mliftoff, response, singleton[0m)
2024-06-16T00:05:35.284859643+08:00 - INFO - 🛡️ [35mShield[0m:
2024-06-16T00:05:35.284883285+08:00 - INFO - X-Frame-Options: [39mSAMEORIGIN[0m
2024-06-16T00:05:35.284896701+08:00 - INFO - Permissions-Policy: [39minterest-cohort=()[0m
2024-06-16T00:05:35.284923803+08:00 - INFO - X-Content-Type-Options: [39mnosniff[0m
2024-06-16T00:05:35.284957345+08:00 - WARN - 🚀 [1;39mRocket has launched from [4mhttp://127.0.0.1:45003[0m
2024-06-16T00:05:35.285045300+08:00 - WARN - Rocket is executing inside of a custom runtime.
2024-06-16T00:05:35.285073138+08:00 - INFO - Rocket's runtime is enabled via `#[rocket::main]` or `#[launch]`.
2024-06-16T00:05:35.285092316+08:00 - INFO - Forced shutdown is disabled. Runtime settings may be suboptimal.
2024-06-16T00:05:39.856373014+08:00 - WARN - Received SIGINT. Requesting shutdown.
2024-06-16T00:05:39.856449673+08:00 - WARN - Received shutdown signal, shutting down...
2024-06-16T00:05:39.856488984+08:00 - INFO - Shutdown requested. Waiting for pending I/O...
2024-06-16T00:05:39.856522486+08:00 - INFO - Waiting for tasks to finish...
2024-06-16T00:05:39.856562186+08:00 - INFO - Graceful shutdown completed successfully.
