2024-06-09T03:09:17.226737729+08:00 - INFO - Database migrations executed successfully
2024-06-09T03:09:17.226899462+08:00 - INFO - Found warehouse: "o7qF4zfqNZC+pJyKkdyjT6jOJn6Zr7jD3FQp9JXfvw5b9/vB5DyZcYTnQ0XFCL0qWv6UZchbiqFxykyG4XMpwg=="
2024-06-09T03:09:17.227111651+08:00 - INFO - Local peer id: PeerId("12D3KooWG1Nb1HFP5h4szmHwzCJHXeQiSjaBrUpSFTdmkWYGfXVs")
2024-06-09T03:09:17.229455250+08:00 - WARN - Warning: BOOTSTRAP_PEER_ID environment variable is not set
2024-06-09T03:09:17.229536137+08:00 - WARN - Warning: BOOTSTRAP_ADDR environment variable is not set
2024-06-09T03:09:17.229563473+08:00 - INFO - Find LISTENING_ADDR "/ip4/0.0.0.0/tcp/12333"
2024-06-09T03:09:17.229621657+08:00 - WARN - BOOTSTRAP_ADDR environment variable is not set,run as bootstrap node
2024-06-09T03:09:17.229919648+08:00 - INFO - creating instance on iface 10.0.0.101
2024-06-09T03:09:17.237610179+08:00 - INFO - 🔧 Configured for [4mdebug[0m.
2024-06-09T03:09:17.237668209+08:00 - INFO - address: [1;39m127.0.0.1[0m
2024-06-09T03:09:17.237703412+08:00 - INFO - port: [1;39m0[0m
2024-06-09T03:09:17.237738428+08:00 - INFO - workers: [1;39m8[0m
2024-06-09T03:09:17.237776123+08:00 - INFO - max blocking threads: [1;39m512[0m
2024-06-09T03:09:17.237808915+08:00 - INFO - ident: [1;39mRocket[0m
2024-06-09T03:09:17.237845113+08:00 - INFO - IP header: [1;39mX-Real-IP[0m
2024-06-09T03:09:17.237892721+08:00 - INFO - limits: [1;39mbytes = 8KiB, data-form = 2MiB, file = 1MiB, form = 32KiB, json = 1MiB, msgpack = 1MiB, string = 8KiB[0m
2024-06-09T03:09:17.237933059+08:00 - INFO - temp dir: [1;39m/tmp[0m
2024-06-09T03:09:17.237987030+08:00 - INFO - http/2: [1;39mtrue[0m
2024-06-09T03:09:17.238049157+08:00 - INFO - keep-alive: [1;39m5[0m[1;39ms[0m
2024-06-09T03:09:17.238089171+08:00 - INFO - tls: [1;39mdisabled[0m
2024-06-09T03:09:17.238120965+08:00 - INFO - shutdown: [1;39mctrlc = true, force = true, signals = [SIGTERM], grace = 2s, mercy = 3s[0m
2024-06-09T03:09:17.238151021+08:00 - INFO - log level: [1;39mnormal[0m
2024-06-09T03:09:17.238177029+08:00 - INFO - cli colors: [1;39mtrue[0m
2024-06-09T03:09:17.238351061+08:00 - INFO - 📬 [35mRoutes[0m:
2024-06-09T03:09:17.238438054+08:00 - INFO - [36m([0m[39mindex[0m[36m)[0m [32mGET[0m [34m/[0m
2024-06-09T03:09:17.238489166+08:00 - INFO - [36m([0m[39mget_warehouses[0m[36m)[0m [32mGET[0m [4;34m/api[0m[34m/warehouses[0m
2024-06-09T03:09:17.238539499+08:00 - INFO - [36m([0m[39mcreate_warehouse[0m[36m)[0m [32mPOST[0m [4;34m/api[0m[34m/warehouses[0m [33mapplication/json[0m
2024-06-09T03:09:17.238609797+08:00 - INFO - 📡 [35mFairings[0m:
2024-06-09T03:09:17.238651262+08:00 - INFO - [1;39mAdmin Initialization[0m ([1;34mignite[0m)
2024-06-09T03:09:17.238692987+08:00 - INFO - [1;39mShield[0m ([1;34mliftoff, response, singleton[0m)
2024-06-09T03:09:17.238730313+08:00 - INFO - [1;39m'sqlite_db' Database Pool[0m ([1;34mignite[0m)
2024-06-09T03:09:17.238927333+08:00 - INFO - 🛡️ [35mShield[0m:
2024-06-09T03:09:17.238965285+08:00 - INFO - X-Frame-Options: [39mSAMEORIGIN[0m
2024-06-09T03:09:17.239030268+08:00 - INFO - X-Content-Type-Options: [39mnosniff[0m
2024-06-09T03:09:17.239064955+08:00 - INFO - Permissions-Policy: [39minterest-cohort=()[0m
2024-06-09T03:09:17.239114353+08:00 - WARN - 🚀 [1;39mRocket has launched from [4mhttp://127.0.0.1:34047[0m
2024-06-09T03:09:17.239242280+08:00 - WARN - Rocket is executing inside of a custom runtime.
2024-06-09T03:09:17.239289246+08:00 - INFO - Rocket's runtime is enabled via `#[rocket::main]` or `#[launch]`.
2024-06-09T03:09:17.239315003+08:00 - INFO - Forced shutdown is disabled. Runtime settings may be suboptimal.
2024-06-09T03:09:42.287238868+08:00 - WARN - Received shutdown signal, shutting down...
2024-06-09T03:09:42.287333081+08:00 - WARN - Received SIGINT. Requesting shutdown.
2024-06-09T03:09:42.287378677+08:00 - INFO - Waiting for tasks to finish...
2024-06-09T03:09:42.287456379+08:00 - INFO - Shutdown requested. Waiting for pending I/O...
2024-06-09T03:09:42.287556943+08:00 - INFO - Graceful shutdown completed successfully.
