2024-06-08T17:21:23.638208221+08:00 - INFO - Local peer id: PeerId("12D3KooWDmw1QvYdVLi4sY9NLcMmptngRdczSKAs99ALS6qHaPuD")
2024-06-08T17:21:23.640715555+08:00 - WARN - Warning: BOOTSTRAP_PEER_ID environment variable is not set
2024-06-08T17:21:23.640780803+08:00 - WARN - Warning: BOOTSTRAP_ADDR environment variable is not set
2024-06-08T17:21:23.640796599+08:00 - WARN - Warning: LISTENING_ADDR environment variable is not set, using default value:/ip4/0.0.0.0/tcp/12345
2024-06-08T17:21:23.640843268+08:00 - WARN - BOOTSTRAP_ADDR未设置,作为初始节点
2024-06-08T17:21:23.641222954+08:00 - INFO - creating instance on iface 10.0.0.101
2024-06-08T17:21:23.649816044+08:00 - INFO - All pending migrations were run successfully: []
2024-06-08T17:21:23.650403809+08:00 - INFO - 🔧 Configured for [4mdebug[0m.
2024-06-08T17:21:23.650438061+08:00 - INFO - address: [1;39m127.0.0.1[0m
2024-06-08T17:21:23.650457050+08:00 - INFO - port: [1;39m8000[0m
2024-06-08T17:21:23.650472718+08:00 - INFO - workers: [1;39m8[0m
2024-06-08T17:21:23.650488747+08:00 - INFO - max blocking threads: [1;39m512[0m
2024-06-08T17:21:23.650503230+08:00 - INFO - ident: [1;39mRocket[0m
2024-06-08T17:21:23.650521033+08:00 - INFO - IP header: [1;39mX-Real-IP[0m
2024-06-08T17:21:23.650539747+08:00 - INFO - limits: [1;39mbytes = 8KiB, data-form = 2MiB, file = 1MiB, form = 32KiB, json = 1MiB, msgpack = 1MiB, string = 8KiB[0m
2024-06-08T17:21:23.650558974+08:00 - INFO - temp dir: [1;39m/tmp[0m
2024-06-08T17:21:23.650578152+08:00 - INFO - http/2: [1;39mtrue[0m
2024-06-08T17:21:23.650594593+08:00 - INFO - keep-alive: [1;39m5[0m[1;39ms[0m
2024-06-08T17:21:23.650620591+08:00 - INFO - tls: [1;39mdisabled[0m
2024-06-08T17:21:23.650646144+08:00 - INFO - shutdown: [1;39mctrlc = true, force = true, signals = [SIGTERM], grace = 2s, mercy = 3s[0m
2024-06-08T17:21:23.650672275+08:00 - INFO - log level: [1;39mnormal[0m
2024-06-08T17:21:23.650699461+08:00 - INFO - cli colors: [1;39mtrue[0m
2024-06-08T17:21:23.650826452+08:00 - INFO - 📬 [35mRoutes[0m:
2024-06-08T17:21:23.650900505+08:00 - INFO - [36m([0m[39mindex[0m[36m)[0m [32mGET[0m [34m/[0m
2024-06-08T17:21:23.650932498+08:00 - INFO - [36m([0m[39mget_warehouses[0m[36m)[0m [32mGET[0m [4;34m/api[0m[34m/warehouses[0m
2024-06-08T17:21:23.650995067+08:00 - INFO - [36m([0m[39mcreate_warehouse[0m[36m)[0m [32mPOST[0m [4;34m/api[0m[34m/warehouses[0m [33mapplication/json[0m
2024-06-08T17:21:23.651060243+08:00 - INFO - 📡 [35mFairings[0m:
2024-06-08T17:21:23.651100905+08:00 - INFO - [1;39m'sqlite_db' Database Pool[0m ([1;34mignite[0m)
2024-06-08T17:21:23.651136249+08:00 - INFO - [1;39mAdmin Initialization[0m ([1;34mignite[0m)
2024-06-08T17:21:23.651166761+08:00 - INFO - [1;39mShield[0m ([1;34mliftoff, response, singleton[0m)
2024-06-08T17:21:23.651193448+08:00 - INFO - [1;39mDatabase Migrations[0m ([1;34mignite[0m)
2024-06-08T17:21:23.651389177+08:00 - INFO - 🛡️ [35mShield[0m:
2024-06-08T17:21:23.651423745+08:00 - INFO - Permissions-Policy: [39minterest-cohort=()[0m
2024-06-08T17:21:23.651443285+08:00 - INFO - X-Content-Type-Options: [39mnosniff[0m
2024-06-08T17:21:23.651477158+08:00 - INFO - X-Frame-Options: [39mSAMEORIGIN[0m
2024-06-08T17:21:23.651514390+08:00 - WARN - 🚀 [1;39mRocket has launched from [4mhttp://127.0.0.1:8000[0m
2024-06-08T17:21:23.651635269+08:00 - WARN - Rocket is executing inside of a custom runtime.
2024-06-08T17:21:23.651662102+08:00 - INFO - Rocket's runtime is enabled via `#[rocket::main]` or `#[launch]`.
2024-06-08T17:21:23.651676677+08:00 - INFO - Forced shutdown is disabled. Runtime settings may be suboptimal.
2024-06-08T17:21:44.764893718+08:00 - WARN - Received SIGINT. Requesting shutdown.
2024-06-08T17:21:44.764949021+08:00 - WARN - Received shutdown signal, shutting down...
2024-06-08T17:21:44.765005560+08:00 - INFO - Waiting for tasks to finish...
2024-06-08T17:21:44.765064377+08:00 - INFO - Shutdown requested. Waiting for pending I/O...
2024-06-08T17:21:44.765148484+08:00 - INFO - Graceful shutdown completed successfully.
