2024-06-09T20:31:07.998025058+08:00 - INFO - Database migrations executed successfully
2024-06-09T20:31:07.998188463+08:00 - INFO - Found warehouse: "o7qF4zfqNZC+pJyKkdyjT6jOJn6Zr7jD3FQp9JXfvw5b9/vB5DyZcYTnQ0XFCL0qWv6UZchbiqFxykyG4XMpwg=="
2024-06-09T20:31:07.998345296+08:00 - INFO - Local peer id: PeerId("12D3KooWG1Nb1HFP5h4szmHwzCJHXeQiSjaBrUpSFTdmkWYGfXVs")
2024-06-09T20:31:08.006912373+08:00 - WARN - Warning: BOOTSTRAP_PEER_ID environment variable is not set
2024-06-09T20:31:08.006994324+08:00 - WARN - Warning: BOOTSTRAP_ADDR environment variable is not set
2024-06-09T20:31:08.007014423+08:00 - INFO - Find LISTENING_ADDR "/ip4/0.0.0.0/tcp/12333"
2024-06-09T20:31:08.007083268+08:00 - WARN - BOOTSTRAP_ADDR environment variable is not set,run as bootstrap node
2024-06-09T20:31:08.007449675+08:00 - INFO - creating instance on iface 10.0.0.101
2024-06-09T20:31:08.015664059+08:00 - INFO - 🔧 Configured for [4mdebug[0m.
2024-06-09T20:31:08.015712170+08:00 - INFO - address: [1;39m127.0.0.1[0m
2024-06-09T20:31:08.015727385+08:00 - INFO - port: [1;39m0[0m
2024-06-09T20:31:08.015745479+08:00 - INFO - workers: [1;39m8[0m
2024-06-09T20:31:08.015759107+08:00 - INFO - max blocking threads: [1;39m512[0m
2024-06-09T20:31:08.015775609+08:00 - INFO - ident: [1;39mRocket[0m
2024-06-09T20:31:08.015794357+08:00 - INFO - IP header: [1;39mX-Real-IP[0m
2024-06-09T20:31:08.015815950+08:00 - INFO - limits: [1;39mbytes = 8KiB, data-form = 2MiB, file = 1MiB, form = 32KiB, json = 1MiB, msgpack = 1MiB, string = 8KiB[0m
2024-06-09T20:31:08.015836850+08:00 - INFO - temp dir: [1;39m/tmp[0m
2024-06-09T20:31:08.015853954+08:00 - INFO - http/2: [1;39mtrue[0m
2024-06-09T20:31:08.015870716+08:00 - INFO - keep-alive: [1;39m5[0m[1;39ms[0m
2024-06-09T20:31:08.015885860+08:00 - INFO - tls: [1;39mdisabled[0m
2024-06-09T20:31:08.015903090+08:00 - INFO - shutdown: [1;39mctrlc = true, force = true, signals = [SIGTERM], grace = 2s, mercy = 3s[0m
2024-06-09T20:31:08.015921377+08:00 - INFO - log level: [1;39mnormal[0m
2024-06-09T20:31:08.015937454+08:00 - INFO - cli colors: [1;39mtrue[0m
2024-06-09T20:31:08.016072125+08:00 - INFO - 📬 [35mRoutes[0m:
2024-06-09T20:31:08.016136889+08:00 - INFO - [36m([0m[39mindex[0m[36m)[0m [32mGET[0m [34m/[0m
2024-06-09T20:31:08.016177667+08:00 - INFO - [36m([0m[39mget_warehouses[0m[36m)[0m [32mGET[0m [4;34m/api[0m[34m/warehouses[0m
2024-06-09T20:31:08.016209870+08:00 - INFO - [36m([0m[39mcreate_warehouse[0m[36m)[0m [32mPOST[0m [4;34m/api[0m[34m/warehouses[0m [33mapplication/json[0m
2024-06-09T20:31:08.016245719+08:00 - INFO - 📡 [35mFairings[0m:
2024-06-09T20:31:08.016269400+08:00 - INFO - [1;39m'sqlite_db' Database Pool[0m ([1;34mignite[0m)
2024-06-09T20:31:08.016285545+08:00 - INFO - [1;39mShield[0m ([1;34mliftoff, response, singleton[0m)
2024-06-09T20:31:08.016304693+08:00 - INFO - [1;39mAdmin Initialization[0m ([1;34mignite[0m)
2024-06-09T20:31:08.016474143+08:00 - INFO - 🛡️ [35mShield[0m:
2024-06-09T20:31:08.016501202+08:00 - INFO - Permissions-Policy: [39minterest-cohort=()[0m
2024-06-09T20:31:08.016517599+08:00 - INFO - X-Content-Type-Options: [39mnosniff[0m
2024-06-09T20:31:08.016530949+08:00 - INFO - X-Frame-Options: [39mSAMEORIGIN[0m
2024-06-09T20:31:08.016555755+08:00 - WARN - 🚀 [1;39mRocket has launched from [4mhttp://127.0.0.1:34285[0m
2024-06-09T20:31:08.016670352+08:00 - WARN - Rocket is executing inside of a custom runtime.
2024-06-09T20:31:08.016713818+08:00 - INFO - Rocket's runtime is enabled via `#[rocket::main]` or `#[launch]`.
2024-06-09T20:31:08.016744469+08:00 - INFO - Forced shutdown is disabled. Runtime settings may be suboptimal.
2024-06-09T20:31:08.079419234+08:00 - INFO - discovered: 12D3KooWJ3PBp8zeqL4AgVFGoNw8xMsvKJR1mzJxsQJ88CXjdo8R /ip4/10.0.0.101/tcp/12345
2024-06-09T20:31:08.079527899+08:00 - INFO - discovered: 12D3KooWJ3PBp8zeqL4AgVFGoNw8xMsvKJR1mzJxsQJ88CXjdo8R /ip4/127.0.0.1/tcp/12345
2024-06-09T20:31:08.079620358+08:00 - INFO - Discovered peer via mDNS: PeerId("12D3KooWJ3PBp8zeqL4AgVFGoNw8xMsvKJR1mzJxsQJ88CXjdo8R")
2024-06-09T20:31:08.084357891+08:00 - INFO - Connected to peer: PeerId("12D3KooWJ3PBp8zeqL4AgVFGoNw8xMsvKJR1mzJxsQJ88CXjdo8R")
2024-06-09T20:31:08.085105053+08:00 - INFO - Ping: Event { peer: PeerId("12D3KooWJ3PBp8zeqL4AgVFGoNw8xMsvKJR1mzJxsQJ88CXjdo8R"), result: Ok(Pong) }
2024-06-09T20:31:08.085607235+08:00 - INFO - Ping: Event { peer: PeerId("12D3KooWJ3PBp8zeqL4AgVFGoNw8xMsvKJR1mzJxsQJ88CXjdo8R"), result: Ok(Ping { rtt: 295.421µs }) }
2024-06-09T20:31:15.176219339+08:00 - INFO - floodsub publish: "111"
2024-06-09T20:31:17.150675631+08:00 - INFO - floodsub publish: "1111111111111111"
2024-06-09T20:31:17.928921351+08:00 - INFO - floodsub publish: "1"
2024-06-09T20:31:18.945445610+08:00 - INFO - floodsub publish: "111"
2024-06-09T20:31:20.204559792+08:00 - INFO - floodsub publish: "111111111111"
2024-06-09T20:31:21.435813206+08:00 - INFO - floodsub publish: "1111"
2024-06-09T20:31:21.756134116+08:00 - INFO - floodsub publish: ""
2024-06-09T20:31:23.009795189+08:00 - INFO - floodsub publish: "111"
2024-06-09T20:31:23.085669901+08:00 - INFO - Ping: Event { peer: PeerId("12D3KooWJ3PBp8zeqL4AgVFGoNw8xMsvKJR1mzJxsQJ88CXjdo8R"), result: Ok(Pong) }
2024-06-09T20:31:23.085920552+08:00 - INFO - Ping: Event { peer: PeerId("12D3KooWJ3PBp8zeqL4AgVFGoNw8xMsvKJR1mzJxsQJ88CXjdo8R"), result: Ok(Ping { rtt: 194.151µs }) }
2024-06-09T20:31:24.157351291+08:00 - INFO - floodsub publish: "1"
2024-06-09T20:31:38.086108807+08:00 - INFO - Ping: Event { peer: PeerId("12D3KooWJ3PBp8zeqL4AgVFGoNw8xMsvKJR1mzJxsQJ88CXjdo8R"), result: Ok(Pong) }
2024-06-09T20:31:38.086331789+08:00 - INFO - Ping: Event { peer: PeerId("12D3KooWJ3PBp8zeqL4AgVFGoNw8xMsvKJR1mzJxsQJ88CXjdo8R"), result: Ok(Ping { rtt: 248.699µs }) }
2024-06-09T20:31:53.086728588+08:00 - INFO - Ping: Event { peer: PeerId("12D3KooWJ3PBp8zeqL4AgVFGoNw8xMsvKJR1mzJxsQJ88CXjdo8R"), result: Ok(Pong) }
2024-06-09T20:31:53.086840181+08:00 - INFO - Ping: Event { peer: PeerId("12D3KooWJ3PBp8zeqL4AgVFGoNw8xMsvKJR1mzJxsQJ88CXjdo8R"), result: Ok(Ping { rtt: 236.194µs }) }
2024-06-09T20:32:08.087213907+08:00 - INFO - Ping: Event { peer: PeerId("12D3KooWJ3PBp8zeqL4AgVFGoNw8xMsvKJR1mzJxsQJ88CXjdo8R"), result: Ok(Pong) }
2024-06-09T20:32:08.087316961+08:00 - INFO - Ping: Event { peer: PeerId("12D3KooWJ3PBp8zeqL4AgVFGoNw8xMsvKJR1mzJxsQJ88CXjdo8R"), result: Ok(Ping { rtt: 262.765µs }) }
2024-06-09T20:32:23.087685674+08:00 - INFO - Ping: Event { peer: PeerId("12D3KooWJ3PBp8zeqL4AgVFGoNw8xMsvKJR1mzJxsQJ88CXjdo8R"), result: Ok(Pong) }
2024-06-09T20:32:23.087801911+08:00 - INFO - Ping: Event { peer: PeerId("12D3KooWJ3PBp8zeqL4AgVFGoNw8xMsvKJR1mzJxsQJ88CXjdo8R"), result: Ok(Ping { rtt: 258.011µs }) }
2024-06-09T20:32:38.088227297+08:00 - INFO - Ping: Event { peer: PeerId("12D3KooWJ3PBp8zeqL4AgVFGoNw8xMsvKJR1mzJxsQJ88CXjdo8R"), result: Ok(Pong) }
2024-06-09T20:32:38.088406070+08:00 - INFO - Ping: Event { peer: PeerId("12D3KooWJ3PBp8zeqL4AgVFGoNw8xMsvKJR1mzJxsQJ88CXjdo8R"), result: Ok(Ping { rtt: 342.263µs }) }
2024-06-09T20:32:53.088648915+08:00 - INFO - Ping: Event { peer: PeerId("12D3KooWJ3PBp8zeqL4AgVFGoNw8xMsvKJR1mzJxsQJ88CXjdo8R"), result: Ok(Pong) }
2024-06-09T20:32:53.088808854+08:00 - INFO - Ping: Event { peer: PeerId("12D3KooWJ3PBp8zeqL4AgVFGoNw8xMsvKJR1mzJxsQJ88CXjdo8R"), result: Ok(Ping { rtt: 234.298µs }) }
2024-06-09T20:33:08.089081685+08:00 - INFO - Ping: Event { peer: PeerId("12D3KooWJ3PBp8zeqL4AgVFGoNw8xMsvKJR1mzJxsQJ88CXjdo8R"), result: Ok(Pong) }
2024-06-09T20:33:08.089205397+08:00 - INFO - Ping: Event { peer: PeerId("12D3KooWJ3PBp8zeqL4AgVFGoNw8xMsvKJR1mzJxsQJ88CXjdo8R"), result: Ok(Ping { rtt: 347.181µs }) }
2024-06-09T20:33:23.089586226+08:00 - INFO - Ping: Event { peer: PeerId("12D3KooWJ3PBp8zeqL4AgVFGoNw8xMsvKJR1mzJxsQJ88CXjdo8R"), result: Ok(Pong) }
2024-06-09T20:33:23.089711970+08:00 - INFO - Ping: Event { peer: PeerId("12D3KooWJ3PBp8zeqL4AgVFGoNw8xMsvKJR1mzJxsQJ88CXjdo8R"), result: Ok(Ping { rtt: 328.475µs }) }
2024-06-09T20:33:38.090050663+08:00 - INFO - Ping: Event { peer: PeerId("12D3KooWJ3PBp8zeqL4AgVFGoNw8xMsvKJR1mzJxsQJ88CXjdo8R"), result: Ok(Pong) }
2024-06-09T20:33:38.090263609+08:00 - INFO - Ping: Event { peer: PeerId("12D3KooWJ3PBp8zeqL4AgVFGoNw8xMsvKJR1mzJxsQJ88CXjdo8R"), result: Ok(Ping { rtt: 311.024µs }) }
2024-06-09T20:33:53.090464478+08:00 - INFO - Ping: Event { peer: PeerId("12D3KooWJ3PBp8zeqL4AgVFGoNw8xMsvKJR1mzJxsQJ88CXjdo8R"), result: Ok(Pong) }
2024-06-09T20:33:53.090748742+08:00 - INFO - Ping: Event { peer: PeerId("12D3KooWJ3PBp8zeqL4AgVFGoNw8xMsvKJR1mzJxsQJ88CXjdo8R"), result: Ok(Ping { rtt: 337.635µs }) }
2024-06-09T20:34:08.090964174+08:00 - INFO - Ping: Event { peer: PeerId("12D3KooWJ3PBp8zeqL4AgVFGoNw8xMsvKJR1mzJxsQJ88CXjdo8R"), result: Ok(Pong) }
2024-06-09T20:34:08.091242579+08:00 - INFO - Ping: Event { peer: PeerId("12D3KooWJ3PBp8zeqL4AgVFGoNw8xMsvKJR1mzJxsQJ88CXjdo8R"), result: Ok(Ping { rtt: 291.209µs }) }
2024-06-09T20:34:23.091673106+08:00 - INFO - Ping: Event { peer: PeerId("12D3KooWJ3PBp8zeqL4AgVFGoNw8xMsvKJR1mzJxsQJ88CXjdo8R"), result: Ok(Pong) }
2024-06-09T20:34:23.091789833+08:00 - INFO - Ping: Event { peer: PeerId("12D3KooWJ3PBp8zeqL4AgVFGoNw8xMsvKJR1mzJxsQJ88CXjdo8R"), result: Ok(Ping { rtt: 264.436µs }) }
2024-06-09T20:34:38.092559657+08:00 - INFO - Ping: Event { peer: PeerId("12D3KooWJ3PBp8zeqL4AgVFGoNw8xMsvKJR1mzJxsQJ88CXjdo8R"), result: Ok(Pong) }
2024-06-09T20:34:38.092795445+08:00 - INFO - Ping: Event { peer: PeerId("12D3KooWJ3PBp8zeqL4AgVFGoNw8xMsvKJR1mzJxsQJ88CXjdo8R"), result: Ok(Ping { rtt: 529.904µs }) }
2024-06-09T20:34:53.092939447+08:00 - INFO - Ping: Event { peer: PeerId("12D3KooWJ3PBp8zeqL4AgVFGoNw8xMsvKJR1mzJxsQJ88CXjdo8R"), result: Ok(Pong) }
2024-06-09T20:34:53.093193718+08:00 - INFO - Ping: Event { peer: PeerId("12D3KooWJ3PBp8zeqL4AgVFGoNw8xMsvKJR1mzJxsQJ88CXjdo8R"), result: Ok(Ping { rtt: 332.113µs }) }
2024-06-09T20:35:08.093406093+08:00 - INFO - Ping: Event { peer: PeerId("12D3KooWJ3PBp8zeqL4AgVFGoNw8xMsvKJR1mzJxsQJ88CXjdo8R"), result: Ok(Pong) }
2024-06-09T20:35:08.094107958+08:00 - INFO - Ping: Event { peer: PeerId("12D3KooWJ3PBp8zeqL4AgVFGoNw8xMsvKJR1mzJxsQJ88CXjdo8R"), result: Ok(Ping { rtt: 649.629µs }) }
2024-06-09T20:35:23.093944105+08:00 - INFO - Ping: Event { peer: PeerId("12D3KooWJ3PBp8zeqL4AgVFGoNw8xMsvKJR1mzJxsQJ88CXjdo8R"), result: Ok(Pong) }
2024-06-09T20:35:23.094484818+08:00 - INFO - Ping: Event { peer: PeerId("12D3KooWJ3PBp8zeqL4AgVFGoNw8xMsvKJR1mzJxsQJ88CXjdo8R"), result: Ok(Ping { rtt: 272.072µs }) }
2024-06-09T20:35:38.094374989+08:00 - INFO - Ping: Event { peer: PeerId("12D3KooWJ3PBp8zeqL4AgVFGoNw8xMsvKJR1mzJxsQJ88CXjdo8R"), result: Ok(Pong) }
2024-06-09T20:35:38.094921683+08:00 - INFO - Ping: Event { peer: PeerId("12D3KooWJ3PBp8zeqL4AgVFGoNw8xMsvKJR1mzJxsQJ88CXjdo8R"), result: Ok(Ping { rtt: 275.325µs }) }
2024-06-09T20:35:53.094740098+08:00 - INFO - Ping: Event { peer: PeerId("12D3KooWJ3PBp8zeqL4AgVFGoNw8xMsvKJR1mzJxsQJ88CXjdo8R"), result: Ok(Pong) }
2024-06-09T20:35:53.095346776+08:00 - INFO - Ping: Event { peer: PeerId("12D3KooWJ3PBp8zeqL4AgVFGoNw8xMsvKJR1mzJxsQJ88CXjdo8R"), result: Ok(Ping { rtt: 230.544µs }) }
2024-06-09T20:36:08.095210497+08:00 - INFO - Ping: Event { peer: PeerId("12D3KooWJ3PBp8zeqL4AgVFGoNw8xMsvKJR1mzJxsQJ88CXjdo8R"), result: Ok(Pong) }
2024-06-09T20:36:08.095715685+08:00 - INFO - Ping: Event { peer: PeerId("12D3KooWJ3PBp8zeqL4AgVFGoNw8xMsvKJR1mzJxsQJ88CXjdo8R"), result: Ok(Ping { rtt: 254.425µs }) }
2024-06-09T20:36:23.095650415+08:00 - INFO - Ping: Event { peer: PeerId("12D3KooWJ3PBp8zeqL4AgVFGoNw8xMsvKJR1mzJxsQJ88CXjdo8R"), result: Ok(Pong) }
2024-06-09T20:36:23.096211344+08:00 - INFO - Ping: Event { peer: PeerId("12D3KooWJ3PBp8zeqL4AgVFGoNw8xMsvKJR1mzJxsQJ88CXjdo8R"), result: Ok(Ping { rtt: 288.122µs }) }
2024-06-09T20:36:38.096449256+08:00 - INFO - Ping: Event { peer: PeerId("12D3KooWJ3PBp8zeqL4AgVFGoNw8xMsvKJR1mzJxsQJ88CXjdo8R"), result: Ok(Pong) }
2024-06-09T20:36:38.096749602+08:00 - INFO - Ping: Event { peer: PeerId("12D3KooWJ3PBp8zeqL4AgVFGoNw8xMsvKJR1mzJxsQJ88CXjdo8R"), result: Ok(Ping { rtt: 333.084µs }) }
2024-06-09T20:36:44.174735903+08:00 - WARN - Received shutdown signal, shutting down...
2024-06-09T20:36:44.174820143+08:00 - WARN - Received SIGINT. Requesting shutdown.
2024-06-09T20:36:44.174862540+08:00 - INFO - Waiting for tasks to finish...
2024-06-09T20:36:44.174936744+08:00 - INFO - Shutdown requested. Waiting for pending I/O...
2024-06-09T20:36:44.175067243+08:00 - INFO - Graceful shutdown completed successfully.
