2024-06-15T18:54:55.892034184+08:00 - INFO - Database migrations executed successfully
2024-06-15T18:54:55.892208981+08:00 - INFO - Found warehouse: "CEWlCIUrCz31kJTrz+N0W6DrwmzHU2Rhl6ZusemoG2gscCzJPkWoQ73+MipXtL3RTvym3LGYKmgECIEoBTQpxw=="
2024-06-15T18:54:55.892390928+08:00 - INFO - Local peer id: PeerId("12D3KooWCoqKFwVYFYE48VxrWumQL2oypVKfDELYHEya6ZdEDZRg")
2024-06-15T18:54:55.901232680+08:00 - WARN - Warning: BOOTSTRAP_PEER_ID environment variable is not set
2024-06-15T18:54:55.901306348+08:00 - WARN - Warning: BOOTSTRAP_ADDR environment variable is not set
2024-06-15T18:54:55.901321818+08:00 - WARN - Warning: LISTENING_ADDR environment variable is not set, using default value:/ip4/0.0.0.0/tcp/12345
2024-06-15T18:54:55.901367621+08:00 - WARN - BOOTSTRAP_ADDR environment variable is not set,run as bootstrap node
2024-06-15T18:54:55.901765438+08:00 - INFO - creating instance on iface 10.0.0.101
2024-06-15T18:54:55.909940085+08:00 - INFO - 🔧 Configured for [4mdebug[0m.
2024-06-15T18:54:55.909985883+08:00 - INFO - address: [1;39m127.0.0.1[0m
2024-06-15T18:54:55.910002009+08:00 - INFO - port: [1;39m0[0m
2024-06-15T18:54:55.910017801+08:00 - INFO - workers: [1;39m8[0m
2024-06-15T18:54:55.910034065+08:00 - INFO - max blocking threads: [1;39m512[0m
2024-06-15T18:54:55.910047373+08:00 - INFO - ident: [1;39mRocket[0m
2024-06-15T18:54:55.910062043+08:00 - INFO - IP header: [1;39mX-Real-IP[0m
2024-06-15T18:54:55.910079357+08:00 - INFO - limits: [1;39mbytes = 8KiB, data-form = 2MiB, file = 1MiB, form = 32KiB, json = 1MiB, msgpack = 1MiB, string = 8KiB[0m
2024-06-15T18:54:55.910100041+08:00 - INFO - temp dir: [1;39m/tmp[0m
2024-06-15T18:54:55.910113710+08:00 - INFO - http/2: [1;39mtrue[0m
2024-06-15T18:54:55.910128473+08:00 - INFO - keep-alive: [1;39m5[0m[1;39ms[0m
2024-06-15T18:54:55.910140543+08:00 - INFO - tls: [1;39mdisabled[0m
2024-06-15T18:54:55.910159260+08:00 - INFO - shutdown: [1;39mctrlc = true, force = true, signals = [SIGTERM], grace = 2s, mercy = 3s[0m
2024-06-15T18:54:55.910194738+08:00 - INFO - log level: [1;39mnormal[0m
2024-06-15T18:54:55.910212014+08:00 - INFO - cli colors: [1;39mtrue[0m
2024-06-15T18:54:55.910309706+08:00 - INFO - 📬 [35mRoutes[0m:
2024-06-15T18:54:55.910395610+08:00 - INFO - [36m([0m[39mindex[0m[36m)[0m [32mGET[0m [34m/[0m
2024-06-15T18:54:55.910425043+08:00 - INFO - [36m([0m[39mlogin[0m[36m)[0m [32mPOST[0m [4;34m/api[0m[34m/login[0m
2024-06-15T18:54:55.910467992+08:00 - INFO - [36m([0m[39mcreate_product[0m[36m)[0m [32mPOST[0m [4;34m/api[0m[34m/products[0m [33mapplication/json[0m
2024-06-15T18:54:55.910507626+08:00 - INFO - [36m([0m[39mget_products[0m[36m)[0m [32mGET[0m [4;34m/api[0m[34m/products?<start>&<end>&<categories_name>[0m
2024-06-15T18:54:55.910559871+08:00 - INFO - [36m([0m[39mprotected_route[0m[36m)[0m [32mGET[0m [4;34m/api[0m[34m/protected[0m
2024-06-15T18:54:55.910605838+08:00 - INFO - [36m([0m[39mget_warehouses[0m[36m)[0m [32mGET[0m [4;34m/api[0m[34m/warehouses[0m
2024-06-15T18:54:55.910644552+08:00 - INFO - [36m([0m[39mcreate_warehouse[0m[36m)[0m [32mPOST[0m [4;34m/api[0m[34m/warehouses[0m [33mapplication/json[0m
2024-06-15T18:54:55.910676283+08:00 - INFO - [36m([0m[39mcreate_category[0m[36m)[0m [32mPOST[0m [4;34m/api[0m[34m/categories[0m [33mapplication/json[0m
2024-06-15T18:54:55.910728326+08:00 - INFO - 📡 [35mFairings[0m:
2024-06-15T18:54:55.910757150+08:00 - INFO - [1;39mAdmin Initialization[0m ([1;34mignite[0m)
2024-06-15T18:54:55.910784656+08:00 - INFO - [1;39m'sqlite_db' Database Pool[0m ([1;34mignite[0m)
2024-06-15T18:54:55.910812447+08:00 - INFO - [1;39mShield[0m ([1;34mliftoff, response, singleton[0m)
2024-06-15T18:54:55.911026193+08:00 - INFO - 🛡️ [35mShield[0m:
2024-06-15T18:54:55.911058491+08:00 - INFO - X-Content-Type-Options: [39mnosniff[0m
2024-06-15T18:54:55.911077124+08:00 - INFO - X-Frame-Options: [39mSAMEORIGIN[0m
2024-06-15T18:54:55.911090812+08:00 - INFO - Permissions-Policy: [39minterest-cohort=()[0m
2024-06-15T18:54:55.911131295+08:00 - WARN - 🚀 [1;39mRocket has launched from [4mhttp://127.0.0.1:46095[0m
2024-06-15T18:54:55.911305413+08:00 - WARN - Rocket is executing inside of a custom runtime.
2024-06-15T18:54:55.911385781+08:00 - INFO - Rocket's runtime is enabled via `#[rocket::main]` or `#[launch]`.
2024-06-15T18:54:55.911418492+08:00 - INFO - Forced shutdown is disabled. Runtime settings may be suboptimal.
2024-06-15T18:55:33.941688904+08:00 - INFO - [32mOPTIONS[0m [34m/api/login[0m:
2024-06-15T18:55:33.941753952+08:00 - ERROR - No matching routes for [32mOPTIONS[0m [34m/api/login[0m.
2024-06-15T18:55:33.941778078+08:00 - WARN - No [1;34m404[0m catcher registered. Using Rocket default.
2024-06-15T18:55:33.941887250+08:00 - INFO - [32mResponse succeeded.[0m
2024-06-15T18:55:55.139757064+08:00 - INFO - [32mOPTIONS[0m [34m/api/login[0m:
2024-06-15T18:55:55.139817866+08:00 - ERROR - No matching routes for [32mOPTIONS[0m [34m/api/login[0m.
2024-06-15T18:55:55.139847386+08:00 - WARN - No [1;34m404[0m catcher registered. Using Rocket default.
2024-06-15T18:55:55.139968486+08:00 - INFO - [32mResponse succeeded.[0m
2024-06-15T19:00:54.804847761+08:00 - WARN - Received shutdown signal, shutting down...
2024-06-15T19:00:54.804895105+08:00 - INFO - Waiting for tasks to finish...
2024-06-15T19:00:54.804938674+08:00 - WARN - Received SIGINT. Requesting shutdown.
2024-06-15T19:00:54.804997948+08:00 - INFO - Shutdown requested. Waiting for pending I/O...
