2024-06-09T20:11:08.830235616+08:00 - INFO - Database migrations executed successfully
2024-06-09T20:11:08.830382993+08:00 - INFO - Found warehouse: "o7qF4zfqNZC+pJyKkdyjT6jOJn6Zr7jD3FQp9JXfvw5b9/vB5DyZcYTnQ0XFCL0qWv6UZchbiqFxykyG4XMpwg=="
2024-06-09T20:11:08.830538284+08:00 - INFO - Local peer id: PeerId("12D3KooWG1Nb1HFP5h4szmHwzCJHXeQiSjaBrUpSFTdmkWYGfXVs")
2024-06-09T20:11:08.839411072+08:00 - WARN - Warning: BOOTSTRAP_PEER_ID environment variable is not set
2024-06-09T20:11:08.839474850+08:00 - WARN - Warning: BOOTSTRAP_ADDR environment variable is not set
2024-06-09T20:11:08.839492305+08:00 - INFO - Find LISTENING_ADDR "/ip4/0.0.0.0/tcp/12333"
2024-06-09T20:11:08.839527958+08:00 - WARN - BOOTSTRAP_ADDR environment variable is not set,run as bootstrap node
2024-06-09T20:11:08.839895730+08:00 - INFO - creating instance on iface 10.0.0.101
2024-06-09T20:11:08.847759022+08:00 - INFO - 🔧 Configured for [4mdebug[0m.
2024-06-09T20:11:08.847832470+08:00 - INFO - address: [1;39m127.0.0.1[0m
2024-06-09T20:11:08.847853723+08:00 - INFO - port: [1;39m0[0m
2024-06-09T20:11:08.847874444+08:00 - INFO - workers: [1;39m8[0m
2024-06-09T20:11:08.847890565+08:00 - INFO - max blocking threads: [1;39m512[0m
2024-06-09T20:11:08.847907184+08:00 - INFO - ident: [1;39mRocket[0m
2024-06-09T20:11:08.847924211+08:00 - INFO - IP header: [1;39mX-Real-IP[0m
2024-06-09T20:11:08.847945886+08:00 - INFO - limits: [1;39mbytes = 8KiB, data-form = 2MiB, file = 1MiB, form = 32KiB, json = 1MiB, msgpack = 1MiB, string = 8KiB[0m
2024-06-09T20:11:08.847997562+08:00 - INFO - temp dir: [1;39m/tmp[0m
2024-06-09T20:11:08.848024717+08:00 - INFO - http/2: [1;39mtrue[0m
2024-06-09T20:11:08.848045714+08:00 - INFO - keep-alive: [1;39m5[0m[1;39ms[0m
2024-06-09T20:11:08.848061532+08:00 - INFO - tls: [1;39mdisabled[0m
2024-06-09T20:11:08.848080759+08:00 - INFO - shutdown: [1;39mctrlc = true, force = true, signals = [SIGTERM], grace = 2s, mercy = 3s[0m
2024-06-09T20:11:08.848098829+08:00 - INFO - log level: [1;39mnormal[0m
2024-06-09T20:11:08.848115022+08:00 - INFO - cli colors: [1;39mtrue[0m
2024-06-09T20:11:08.848217477+08:00 - INFO - 📬 [35mRoutes[0m:
2024-06-09T20:11:08.848294191+08:00 - INFO - [36m([0m[39mindex[0m[36m)[0m [32mGET[0m [34m/[0m
2024-06-09T20:11:08.848324664+08:00 - INFO - [36m([0m[39mget_warehouses[0m[36m)[0m [32mGET[0m [4;34m/api[0m[34m/warehouses[0m
2024-06-09T20:11:08.848354191+08:00 - INFO - [36m([0m[39mcreate_warehouse[0m[36m)[0m [32mPOST[0m [4;34m/api[0m[34m/warehouses[0m [33mapplication/json[0m
2024-06-09T20:11:08.848389708+08:00 - INFO - 📡 [35mFairings[0m:
2024-06-09T20:11:08.848412260+08:00 - INFO - [1;39mAdmin Initialization[0m ([1;34mignite[0m)
2024-06-09T20:11:08.848432733+08:00 - INFO - [1;39m'sqlite_db' Database Pool[0m ([1;34mignite[0m)
2024-06-09T20:11:08.848451555+08:00 - INFO - [1;39mShield[0m ([1;34mliftoff, response, singleton[0m)
2024-06-09T20:11:08.848612567+08:00 - INFO - 🛡️ [35mShield[0m:
2024-06-09T20:11:08.848639734+08:00 - INFO - X-Content-Type-Options: [39mnosniff[0m
2024-06-09T20:11:08.848656678+08:00 - INFO - Permissions-Policy: [39minterest-cohort=()[0m
2024-06-09T20:11:08.848668879+08:00 - INFO - X-Frame-Options: [39mSAMEORIGIN[0m
2024-06-09T20:11:08.848698630+08:00 - WARN - 🚀 [1;39mRocket has launched from [4mhttp://127.0.0.1:46849[0m
2024-06-09T20:11:08.848797877+08:00 - WARN - Rocket is executing inside of a custom runtime.
2024-06-09T20:11:08.848824421+08:00 - INFO - Rocket's runtime is enabled via `#[rocket::main]` or `#[launch]`.
2024-06-09T20:11:08.848841701+08:00 - INFO - Forced shutdown is disabled. Runtime settings may be suboptimal.
2024-06-09T20:11:11.460300718+08:00 - INFO - floodsub publish: ""
2024-06-09T20:11:37.459886808+08:00 - INFO - floodsub publish: ""
2024-06-09T20:11:51.606305264+08:00 - WARN - Received shutdown signal, shutting down...
2024-06-09T20:11:51.606400974+08:00 - WARN - Received SIGINT. Requesting shutdown.
2024-06-09T20:11:51.606468080+08:00 - INFO - Waiting for tasks to finish...
2024-06-09T20:11:51.606503120+08:00 - INFO - Shutdown requested. Waiting for pending I/O...
2024-06-09T20:11:51.606581432+08:00 - INFO - Graceful shutdown completed successfully.
