2024-06-08T17:07:42.558331102+08:00 - INFO - Local peer id: PeerId("12D3KooWATBL5dfK9gajGCksZ52y41xcHL5kZkzWD795nwBgPQsk")
2024-06-08T17:07:42.560693565+08:00 - WARN - Warning: BOOTSTRAP_PEER_ID environment variable is not set, using radmon value
2024-06-08T17:07:42.560753316+08:00 - WARN - Warning: BOOTSTRAP_ADDR environment variable is not set,using default value:/ip4/127.0.0.1/tcp/8080
2024-06-08T17:07:42.560772016+08:00 - WARN - Warning: LISTENING_ADDR environment variable is not set, using default value:/ip4/0.0.0.0/tcp/12345
2024-06-08T17:07:42.561154970+08:00 - INFO - creating instance on iface 10.0.0.101
2024-06-08T17:07:42.568562016+08:00 - INFO - All pending migrations were run successfully: []
2024-06-08T17:07:42.569081659+08:00 - INFO - 🔧 Configured for [4mdebug[0m.
2024-06-08T17:07:42.569121354+08:00 - INFO - address: [1;39m127.0.0.1[0m
2024-06-08T17:07:42.569138492+08:00 - INFO - port: [1;39m8000[0m
2024-06-08T17:07:42.569157472+08:00 - INFO - workers: [1;39m8[0m
2024-06-08T17:07:42.569172140+08:00 - INFO - max blocking threads: [1;39m512[0m
2024-06-08T17:07:42.569188682+08:00 - INFO - ident: [1;39mRocket[0m
2024-06-08T17:07:42.569207155+08:00 - INFO - IP header: [1;39mX-Real-IP[0m
2024-06-08T17:07:42.569227149+08:00 - INFO - limits: [1;39mbytes = 8KiB, data-form = 2MiB, file = 1MiB, form = 32KiB, json = 1MiB, msgpack = 1MiB, string = 8KiB[0m
2024-06-08T17:07:42.569244794+08:00 - INFO - temp dir: [1;39m/tmp[0m
2024-06-08T17:07:42.569261469+08:00 - INFO - http/2: [1;39mtrue[0m
2024-06-08T17:07:42.569278952+08:00 - INFO - keep-alive: [1;39m5[0m[1;39ms[0m
2024-06-08T17:07:42.569295308+08:00 - INFO - tls: [1;39mdisabled[0m
2024-06-08T17:07:42.569315035+08:00 - INFO - shutdown: [1;39mctrlc = true, force = true, signals = [SIGTERM], grace = 2s, mercy = 3s[0m
2024-06-08T17:07:42.569332950+08:00 - INFO - log level: [1;39mnormal[0m
2024-06-08T17:07:42.569348885+08:00 - INFO - cli colors: [1;39mtrue[0m
2024-06-08T17:07:42.569445499+08:00 - INFO - 📬 [35mRoutes[0m:
2024-06-08T17:07:42.569509546+08:00 - INFO - [36m([0m[39mindex[0m[36m)[0m [32mGET[0m [34m/[0m
2024-06-08T17:07:42.569538446+08:00 - INFO - [36m([0m[39mget_warehouses[0m[36m)[0m [32mGET[0m [4;34m/api[0m[34m/warehouses[0m
2024-06-08T17:07:42.569567793+08:00 - INFO - [36m([0m[39mcreate_warehouse[0m[36m)[0m [32mPOST[0m [4;34m/api[0m[34m/warehouses[0m [33mapplication/json[0m
2024-06-08T17:07:42.569604276+08:00 - INFO - 📡 [35mFairings[0m:
2024-06-08T17:07:42.569627127+08:00 - INFO - [1;39m'sqlite_db' Database Pool[0m ([1;34mignite[0m)
2024-06-08T17:07:42.569645645+08:00 - INFO - [1;39mDatabase Migrations[0m ([1;34mignite[0m)
2024-06-08T17:07:42.569663287+08:00 - INFO - [1;39mAdmin Initialization[0m ([1;34mignite[0m)
2024-06-08T17:07:42.569681576+08:00 - INFO - [1;39mShield[0m ([1;34mliftoff, response, singleton[0m)
2024-06-08T17:07:42.569832605+08:00 - INFO - 🛡️ [35mShield[0m:
2024-06-08T17:07:42.569856046+08:00 - INFO - X-Frame-Options: [39mSAMEORIGIN[0m
2024-06-08T17:07:42.569870253+08:00 - INFO - X-Content-Type-Options: [39mnosniff[0m
2024-06-08T17:07:42.569881011+08:00 - INFO - Permissions-Policy: [39minterest-cohort=()[0m
2024-06-08T17:07:42.569911537+08:00 - WARN - 🚀 [1;39mRocket has launched from [4mhttp://127.0.0.1:8000[0m
2024-06-08T17:07:42.570023448+08:00 - WARN - Rocket is executing inside of a custom runtime.
2024-06-08T17:07:42.570051266+08:00 - INFO - Rocket's runtime is enabled via `#[rocket::main]` or `#[launch]`.
2024-06-08T17:07:42.570064975+08:00 - INFO - Forced shutdown is disabled. Runtime settings may be suboptimal.
2024-06-08T17:07:52.985327662+08:00 - WARN - Received shutdown signal, shutting down...
2024-06-08T17:07:52.985376523+08:00 - INFO - Waiting for tasks to finish...
2024-06-08T17:07:52.985505488+08:00 - WARN - Received SIGINT. Requesting shutdown.
