2024-06-06T20:19:24.834479326+08:00 - INFO - Local peer id: PeerId("12D3KooWKnQR9UkcptFFWMrhWkfRGkxwUdAATezJZBQCuArZtbXG")
2024-06-06T20:19:24.836839683+08:00 - ERROR - Warning: BOOTSTRAP_PEER_ID environment variable is not set, using radmon value
2024-06-06T20:19:24.836927530+08:00 - ERROR - Warning: BOOTSTRAP_ADDR environment variable is not set,using default value:/ip4/127.0.0.1/tcp/8080
2024-06-06T20:19:24.836948030+08:00 - ERROR - Warning: LISTENING_ADDR environment variable is not set, using default value:/ip4/0.0.0.0/tcp/12345
2024-06-06T20:19:24.837342670+08:00 - INFO - Discovered peer via Kademlia: PeerId("12D3KooW9pNAk8aiBuGVQtWRdbkLmo5qVL3e2h5UxbN2Nz9ttwiw")
2024-06-06T20:19:24.837506821+08:00 - INFO - creating instance on iface 10.0.0.101
2024-06-06T20:19:24.845490018+08:00 - INFO - All pending migrations were run successfully: []
2024-06-06T20:19:24.846068294+08:00 - INFO - 🔧 Configured for [4mdebug[0m.
2024-06-06T20:19:24.846102367+08:00 - INFO - address: [1;39m127.0.0.1[0m
2024-06-06T20:19:24.846124270+08:00 - INFO - port: [1;39m8000[0m
2024-06-06T20:19:24.846142168+08:00 - INFO - workers: [1;39m8[0m
2024-06-06T20:19:24.846156513+08:00 - INFO - max blocking threads: [1;39m512[0m
2024-06-06T20:19:24.846172944+08:00 - INFO - ident: [1;39mRocket[0m
2024-06-06T20:19:24.846188297+08:00 - INFO - IP header: [1;39mX-Real-IP[0m
2024-06-06T20:19:24.846211179+08:00 - INFO - limits: [1;39mbytes = 8KiB, data-form = 2MiB, file = 1MiB, form = 32KiB, json = 1MiB, msgpack = 1MiB, string = 8KiB[0m
2024-06-06T20:19:24.846228232+08:00 - INFO - temp dir: [1;39m/tmp[0m
2024-06-06T20:19:24.846247910+08:00 - INFO - http/2: [1;39mtrue[0m
2024-06-06T20:19:24.846266409+08:00 - INFO - keep-alive: [1;39m5[0m[1;39ms[0m
2024-06-06T20:19:24.846284417+08:00 - INFO - tls: [1;39mdisabled[0m
2024-06-06T20:19:24.846302864+08:00 - INFO - shutdown: [1;39mctrlc = true, force = true, signals = [SIGTERM], grace = 2s, mercy = 3s[0m
2024-06-06T20:19:24.846321706+08:00 - INFO - log level: [1;39mnormal[0m
2024-06-06T20:19:24.846335141+08:00 - INFO - cli colors: [1;39mtrue[0m
2024-06-06T20:19:24.846446932+08:00 - INFO - 📬 [35mRoutes[0m:
2024-06-06T20:19:24.846518969+08:00 - INFO - [36m([0m[39mindex[0m[36m)[0m [32mGET[0m [34m/[0m
2024-06-06T20:19:24.846549249+08:00 - INFO - [36m([0m[39mget_warehouses[0m[36m)[0m [32mGET[0m [4;34m/api[0m[34m/warehouses[0m
2024-06-06T20:19:24.846580075+08:00 - INFO - [36m([0m[39mcreate_warehouse[0m[36m)[0m [32mPOST[0m [4;34m/api[0m[34m/warehouses[0m [33mapplication/json[0m
2024-06-06T20:19:24.846613446+08:00 - INFO - 📡 [35mFairings[0m:
2024-06-06T20:19:24.846629426+08:00 - INFO - [1;39mShield[0m ([1;34mliftoff, response, singleton[0m)
2024-06-06T20:19:24.846649501+08:00 - INFO - [1;39m'sqlite_db' Database Pool[0m ([1;34mignite[0m)
2024-06-06T20:19:24.846662278+08:00 - INFO - [1;39mDatabase Migrations[0m ([1;34mignite[0m)
2024-06-06T20:19:24.846675481+08:00 - INFO - [1;39mAdmin Initialization[0m ([1;34mignite[0m)
2024-06-06T20:19:24.846819628+08:00 - INFO - 🛡️ [35mShield[0m:
2024-06-06T20:19:24.846846363+08:00 - INFO - X-Frame-Options: [39mSAMEORIGIN[0m
2024-06-06T20:19:24.846863538+08:00 - INFO - X-Content-Type-Options: [39mnosniff[0m
2024-06-06T20:19:24.846877003+08:00 - INFO - Permissions-Policy: [39minterest-cohort=()[0m
2024-06-06T20:19:24.846899670+08:00 - WARN - 🚀 [1;39mRocket has launched from [4mhttp://127.0.0.1:8000[0m
2024-06-06T20:19:24.846998866+08:00 - WARN - Rocket is executing inside of a custom runtime.
2024-06-06T20:19:24.847024302+08:00 - INFO - Rocket's runtime is enabled via `#[rocket::main]` or `#[launch]`.
2024-06-06T20:19:24.847046283+08:00 - INFO - Forced shutdown is disabled. Runtime settings may be suboptimal.
2024-06-06T20:19:42.118586157+08:00 - WARN - Received SIGINT. Requesting shutdown.
2024-06-06T20:19:42.118701728+08:00 - INFO - Shutdown requested. Waiting for pending I/O...
2024-06-06T20:19:42.118772859+08:00 - INFO - Graceful shutdown completed successfully.
2024-06-06T20:19:45.088912094+08:00 - WARN - Received SIGINT. Shutdown already in progress.
2024-06-06T20:19:46.081457091+08:00 - WARN - Received SIGINT. Shutdown already in progress.
2024-06-06T20:19:46.443079563+08:00 - WARN - Received SIGINT. Shutdown already in progress.
2024-06-06T20:19:46.581985577+08:00 - WARN - Received SIGINT. Shutdown already in progress.
