2024-06-09T20:08:07.075519949+08:00 - INFO - Database migrations executed successfully
2024-06-09T20:08:07.075684624+08:00 - INFO - Found warehouse: "o7qF4zfqNZC+pJyKkdyjT6jOJn6Zr7jD3FQp9JXfvw5b9/vB5DyZcYTnQ0XFCL0qWv6UZchbiqFxykyG4XMpwg=="
2024-06-09T20:08:07.075838276+08:00 - INFO - Local peer id: PeerId("12D3KooWG1Nb1HFP5h4szmHwzCJHXeQiSjaBrUpSFTdmkWYGfXVs")
2024-06-09T20:08:07.084590634+08:00 - WARN - Warning: BOOTSTRAP_PEER_ID environment variable is not set
2024-06-09T20:08:07.084666720+08:00 - WARN - Warning: BOOTSTRAP_ADDR environment variable is not set
2024-06-09T20:08:07.084686890+08:00 - INFO - Find LISTENING_ADDR "/ip4/0.0.0.0/tcp/12333"
2024-06-09T20:08:07.084728348+08:00 - WARN - BOOTSTRAP_ADDR environment variable is not set,run as bootstrap node
2024-06-09T20:08:07.085104633+08:00 - INFO - creating instance on iface 10.0.0.101
2024-06-09T20:08:07.094081499+08:00 - INFO - 🔧 Configured for [4mdebug[0m.
2024-06-09T20:08:07.094140533+08:00 - INFO - address: [1;39m127.0.0.1[0m
2024-06-09T20:08:07.094161050+08:00 - INFO - port: [1;39m0[0m
2024-06-09T20:08:07.094179493+08:00 - INFO - workers: [1;39m8[0m
2024-06-09T20:08:07.094194275+08:00 - INFO - max blocking threads: [1;39m512[0m
2024-06-09T20:08:07.094211853+08:00 - INFO - ident: [1;39mRocket[0m
2024-06-09T20:08:07.094230376+08:00 - INFO - IP header: [1;39mX-Real-IP[0m
2024-06-09T20:08:07.094265161+08:00 - INFO - limits: [1;39mbytes = 8KiB, data-form = 2MiB, file = 1MiB, form = 32KiB, json = 1MiB, msgpack = 1MiB, string = 8KiB[0m
2024-06-09T20:08:07.094309472+08:00 - INFO - temp dir: [1;39m/tmp[0m
2024-06-09T20:08:07.094343870+08:00 - INFO - http/2: [1;39mtrue[0m
2024-06-09T20:08:07.094366620+08:00 - INFO - keep-alive: [1;39m5[0m[1;39ms[0m
2024-06-09T20:08:07.094382508+08:00 - INFO - tls: [1;39mdisabled[0m
2024-06-09T20:08:07.094401522+08:00 - INFO - shutdown: [1;39mctrlc = true, force = true, signals = [SIGTERM], grace = 2s, mercy = 3s[0m
2024-06-09T20:08:07.094417931+08:00 - INFO - log level: [1;39mnormal[0m
2024-06-09T20:08:07.094433989+08:00 - INFO - cli colors: [1;39mtrue[0m
2024-06-09T20:08:07.094536293+08:00 - INFO - 📬 [35mRoutes[0m:
2024-06-09T20:08:07.094600298+08:00 - INFO - [36m([0m[39mindex[0m[36m)[0m [32mGET[0m [34m/[0m
2024-06-09T20:08:07.094626946+08:00 - INFO - [36m([0m[39mget_warehouses[0m[36m)[0m [32mGET[0m [4;34m/api[0m[34m/warehouses[0m
2024-06-09T20:08:07.094655894+08:00 - INFO - [36m([0m[39mcreate_warehouse[0m[36m)[0m [32mPOST[0m [4;34m/api[0m[34m/warehouses[0m [33mapplication/json[0m
2024-06-09T20:08:07.094692202+08:00 - INFO - 📡 [35mFairings[0m:
2024-06-09T20:08:07.094713217+08:00 - INFO - [1;39mAdmin Initialization[0m ([1;34mignite[0m)
2024-06-09T20:08:07.094732897+08:00 - INFO - [1;39m'sqlite_db' Database Pool[0m ([1;34mignite[0m)
2024-06-09T20:08:07.094748247+08:00 - INFO - [1;39mShield[0m ([1;34mliftoff, response, singleton[0m)
2024-06-09T20:08:07.094922851+08:00 - INFO - 🛡️ [35mShield[0m:
2024-06-09T20:08:07.094947713+08:00 - INFO - X-Frame-Options: [39mSAMEORIGIN[0m
2024-06-09T20:08:07.094963653+08:00 - INFO - X-Content-Type-Options: [39mnosniff[0m
2024-06-09T20:08:07.094997483+08:00 - INFO - Permissions-Policy: [39minterest-cohort=()[0m
2024-06-09T20:08:07.095031834+08:00 - WARN - 🚀 [1;39mRocket has launched from [4mhttp://127.0.0.1:35213[0m
2024-06-09T20:08:07.095127435+08:00 - WARN - Rocket is executing inside of a custom runtime.
2024-06-09T20:08:07.095152637+08:00 - INFO - Rocket's runtime is enabled via `#[rocket::main]` or `#[launch]`.
2024-06-09T20:08:07.095171557+08:00 - INFO - Forced shutdown is disabled. Runtime settings may be suboptimal.
2024-06-09T20:08:09.355361665+08:00 - INFO - discovered: 12D3KooWJ3PBp8zeqL4AgVFGoNw8xMsvKJR1mzJxsQJ88CXjdo8R /ip4/10.0.0.101/tcp/12345
2024-06-09T20:08:09.355452535+08:00 - INFO - discovered: 12D3KooWJ3PBp8zeqL4AgVFGoNw8xMsvKJR1mzJxsQJ88CXjdo8R /ip4/127.0.0.1/tcp/12345
2024-06-09T20:08:09.355515142+08:00 - INFO - Discovered peer via mDNS: PeerId("12D3KooWJ3PBp8zeqL4AgVFGoNw8xMsvKJR1mzJxsQJ88CXjdo8R")
2024-06-09T20:08:09.360656017+08:00 - INFO - Connected to peer: PeerId("12D3KooWJ3PBp8zeqL4AgVFGoNw8xMsvKJR1mzJxsQJ88CXjdo8R")
2024-06-09T20:08:09.361396650+08:00 - INFO - Ping: Event { peer: PeerId("12D3KooWJ3PBp8zeqL4AgVFGoNw8xMsvKJR1mzJxsQJ88CXjdo8R"), result: Ok(Pong) }
2024-06-09T20:08:09.363182003+08:00 - INFO - Ping: Event { peer: PeerId("12D3KooWJ3PBp8zeqL4AgVFGoNw8xMsvKJR1mzJxsQJ88CXjdo8R"), result: Ok(Ping { rtt: 1.538673ms }) }
2024-06-09T20:08:10.260957805+08:00 - INFO - floodsub publish: "111"
2024-06-09T20:08:13.069018191+08:00 - INFO - floodsub publish: "1111111"
2024-06-09T20:08:13.985278180+08:00 - INFO - floodsub publish: "11"
2024-06-09T20:08:14.880568544+08:00 - INFO - floodsub publish: "111"
2024-06-09T20:08:15.649080910+08:00 - INFO - floodsub publish: "1"
2024-06-09T20:08:16.927147224+08:00 - INFO - floodsub publish: ""
2024-06-09T20:08:17.133154723+08:00 - INFO - floodsub publish: ""
2024-06-09T20:08:17.726710973+08:00 - INFO - floodsub publish: ""
2024-06-09T20:08:17.980057502+08:00 - INFO - floodsub publish: ""
2024-06-09T20:08:18.434097387+08:00 - INFO - floodsub publish: ""
2024-06-09T20:08:18.615141617+08:00 - INFO - floodsub publish: ""
2024-06-09T20:08:18.796044057+08:00 - INFO - floodsub publish: ""
2024-06-09T20:08:24.361890808+08:00 - INFO - Ping: Event { peer: PeerId("12D3KooWJ3PBp8zeqL4AgVFGoNw8xMsvKJR1mzJxsQJ88CXjdo8R"), result: Ok(Pong) }
2024-06-09T20:08:24.363633880+08:00 - INFO - Ping: Event { peer: PeerId("12D3KooWJ3PBp8zeqL4AgVFGoNw8xMsvKJR1mzJxsQJ88CXjdo8R"), result: Ok(Ping { rtt: 273.715µs }) }
2024-06-09T20:08:30.278678538+08:00 - INFO - floodsub publish: "11111"
2024-06-09T20:08:32.100966338+08:00 - INFO - floodsub publish: "1111"
2024-06-09T20:08:32.712195116+08:00 - INFO - floodsub publish: "1"
2024-06-09T20:08:32.908140844+08:00 - INFO - floodsub publish: ""
2024-06-09T20:08:39.362869014+08:00 - INFO - Ping: Event { peer: PeerId("12D3KooWJ3PBp8zeqL4AgVFGoNw8xMsvKJR1mzJxsQJ88CXjdo8R"), result: Ok(Pong) }
2024-06-09T20:08:39.364085339+08:00 - INFO - Ping: Event { peer: PeerId("12D3KooWJ3PBp8zeqL4AgVFGoNw8xMsvKJR1mzJxsQJ88CXjdo8R"), result: Ok(Ping { rtt: 310.337µs }) }
2024-06-09T20:08:54.363238128+08:00 - INFO - Ping: Event { peer: PeerId("12D3KooWJ3PBp8zeqL4AgVFGoNw8xMsvKJR1mzJxsQJ88CXjdo8R"), result: Ok(Pong) }
2024-06-09T20:08:54.364535719+08:00 - INFO - Ping: Event { peer: PeerId("12D3KooWJ3PBp8zeqL4AgVFGoNw8xMsvKJR1mzJxsQJ88CXjdo8R"), result: Ok(Ping { rtt: 239.691µs }) }
2024-06-09T20:09:09.363935499+08:00 - INFO - Ping: Event { peer: PeerId("12D3KooWJ3PBp8zeqL4AgVFGoNw8xMsvKJR1mzJxsQJ88CXjdo8R"), result: Ok(Pong) }
2024-06-09T20:09:09.365005591+08:00 - INFO - Ping: Event { peer: PeerId("12D3KooWJ3PBp8zeqL4AgVFGoNw8xMsvKJR1mzJxsQJ88CXjdo8R"), result: Ok(Ping { rtt: 303.495µs }) }
2024-06-09T20:09:24.364230957+08:00 - INFO - Ping: Event { peer: PeerId("12D3KooWJ3PBp8zeqL4AgVFGoNw8xMsvKJR1mzJxsQJ88CXjdo8R"), result: Ok(Pong) }
2024-06-09T20:09:24.365380759+08:00 - INFO - Ping: Event { peer: PeerId("12D3KooWJ3PBp8zeqL4AgVFGoNw8xMsvKJR1mzJxsQJ88CXjdo8R"), result: Ok(Ping { rtt: 233.337µs }) }
2024-06-09T20:09:39.364670346+08:00 - INFO - Ping: Event { peer: PeerId("12D3KooWJ3PBp8zeqL4AgVFGoNw8xMsvKJR1mzJxsQJ88CXjdo8R"), result: Ok(Pong) }
2024-06-09T20:09:39.365766111+08:00 - INFO - Ping: Event { peer: PeerId("12D3KooWJ3PBp8zeqL4AgVFGoNw8xMsvKJR1mzJxsQJ88CXjdo8R"), result: Ok(Ping { rtt: 255.328µs }) }
2024-06-09T20:09:54.365114512+08:00 - INFO - Ping: Event { peer: PeerId("12D3KooWJ3PBp8zeqL4AgVFGoNw8xMsvKJR1mzJxsQJ88CXjdo8R"), result: Ok(Pong) }
2024-06-09T20:09:54.366265086+08:00 - INFO - Ping: Event { peer: PeerId("12D3KooWJ3PBp8zeqL4AgVFGoNw8xMsvKJR1mzJxsQJ88CXjdo8R"), result: Ok(Ping { rtt: 279.134µs }) }
2024-06-09T20:10:09.366029993+08:00 - INFO - Ping: Event { peer: PeerId("12D3KooWJ3PBp8zeqL4AgVFGoNw8xMsvKJR1mzJxsQJ88CXjdo8R"), result: Ok(Pong) }
2024-06-09T20:10:09.366744770+08:00 - INFO - Ping: Event { peer: PeerId("12D3KooWJ3PBp8zeqL4AgVFGoNw8xMsvKJR1mzJxsQJ88CXjdo8R"), result: Ok(Ping { rtt: 216.613µs }) }
2024-06-09T20:10:24.366158969+08:00 - INFO - Ping: Event { peer: PeerId("12D3KooWJ3PBp8zeqL4AgVFGoNw8xMsvKJR1mzJxsQJ88CXjdo8R"), result: Ok(Pong) }
2024-06-09T20:10:24.366921778+08:00 - INFO - Ping: Event { peer: PeerId("12D3KooWJ3PBp8zeqL4AgVFGoNw8xMsvKJR1mzJxsQJ88CXjdo8R"), result: Ok(Ping { rtt: 256.191µs }) }
2024-06-09T20:10:34.493912665+08:00 - INFO - Connection to peer PeerId("12D3KooWJ3PBp8zeqL4AgVFGoNw8xMsvKJR1mzJxsQJ88CXjdo8R") closed with error: IO(Custom { kind: Other, error: A(YamuxError(Closed)) })
2024-06-09T20:10:34.494067849+08:00 - INFO - expired: 12D3KooWJ3PBp8zeqL4AgVFGoNw8xMsvKJR1mzJxsQJ88CXjdo8R /ip4/10.0.0.101/tcp/12345
2024-06-09T20:10:34.494141934+08:00 - INFO - expired: 12D3KooWJ3PBp8zeqL4AgVFGoNw8xMsvKJR1mzJxsQJ88CXjdo8R /ip4/127.0.0.1/tcp/12345
2024-06-09T20:10:34.494209627+08:00 - INFO - Expired peer via mDNS: PeerId("12D3KooWJ3PBp8zeqL4AgVFGoNw8xMsvKJR1mzJxsQJ88CXjdo8R")
2024-06-09T20:10:34.494270591+08:00 - INFO - Expired peer via mDNS: PeerId("12D3KooWJ3PBp8zeqL4AgVFGoNw8xMsvKJR1mzJxsQJ88CXjdo8R")
2024-06-09T20:10:56.627175547+08:00 - INFO - discovered: 12D3KooWJ3PBp8zeqL4AgVFGoNw8xMsvKJR1mzJxsQJ88CXjdo8R /ip4/10.0.0.101/tcp/12345
2024-06-09T20:10:56.627301916+08:00 - INFO - discovered: 12D3KooWJ3PBp8zeqL4AgVFGoNw8xMsvKJR1mzJxsQJ88CXjdo8R /ip4/127.0.0.1/tcp/12345
2024-06-09T20:10:57.698885293+08:00 - INFO - Connected to peer: PeerId("12D3KooWJ3PBp8zeqL4AgVFGoNw8xMsvKJR1mzJxsQJ88CXjdo8R")
2024-06-09T20:10:57.699417923+08:00 - INFO - Ping: Event { peer: PeerId("12D3KooWJ3PBp8zeqL4AgVFGoNw8xMsvKJR1mzJxsQJ88CXjdo8R"), result: Ok(Pong) }
2024-06-09T20:10:57.699934459+08:00 - INFO - Ping: Event { peer: PeerId("12D3KooWJ3PBp8zeqL4AgVFGoNw8xMsvKJR1mzJxsQJ88CXjdo8R"), result: Ok(Ping { rtt: 250.008µs }) }
2024-06-09T20:10:58.933341342+08:00 - WARN - Received shutdown signal, shutting down...
2024-06-09T20:10:58.933492092+08:00 - WARN - Received SIGINT. Requesting shutdown.
2024-06-09T20:10:58.933553083+08:00 - INFO - Waiting for tasks to finish...
2024-06-09T20:10:58.933636896+08:00 - INFO - Shutdown requested. Waiting for pending I/O...
2024-06-09T20:10:58.933767178+08:00 - INFO - Graceful shutdown completed successfully.
