2024-06-15T20:19:05.153005233+08:00 - INFO - Database migrations executed successfully
2024-06-15T20:19:05.153189891+08:00 - INFO - Found warehouse: "9M5zxJECOyCWxTl+u68Cq9Sqs2OmPApG+08CwVue1isvmO50OS39Y/VEBd94sJoLNmrf/5LoGXRnwiRI4NeGHA=="
2024-06-15T20:19:05.153367931+08:00 - INFO - Local peer id: PeerId("12D3KooWD2Aapi8KSuBgzRmpGSVom9Zq9GzgjqXiYexmozjtGa2w")
2024-06-15T20:19:05.161933718+08:00 - WARN - Warning: BOOTSTRAP_PEER_ID environment variable is not set
2024-06-15T20:19:05.161999303+08:00 - WARN - Warning: BOOTSTRAP_ADDR environment variable is not set
2024-06-15T20:19:05.162015667+08:00 - WARN - Warning: LISTENING_ADDR environment variable is not set, using default value:/ip4/0.0.0.0/tcp/12345
2024-06-15T20:19:05.162054399+08:00 - WARN - BOOTSTRAP_ADDR environment variable is not set,run as bootstrap node
2024-06-15T20:19:05.162498066+08:00 - INFO - creating instance on iface 10.0.0.101
2024-06-15T20:19:05.171925731+08:00 - INFO - 🔧 Configured for [4mdebug[0m.
2024-06-15T20:19:05.171975085+08:00 - INFO - address: [1;39m127.0.0.1[0m
2024-06-15T20:19:05.171991270+08:00 - INFO - port: [1;39m0[0m
2024-06-15T20:19:05.172004782+08:00 - INFO - workers: [1;39m8[0m
2024-06-15T20:19:05.172019288+08:00 - INFO - max blocking threads: [1;39m512[0m
2024-06-15T20:19:05.172034130+08:00 - INFO - ident: [1;39mRocket[0m
2024-06-15T20:19:05.172045807+08:00 - INFO - IP header: [1;39mX-Real-IP[0m
2024-06-15T20:19:05.172067678+08:00 - INFO - limits: [1;39mbytes = 8KiB, data-form = 2MiB, file = 1MiB, form = 32KiB, json = 1MiB, msgpack = 1MiB, string = 8KiB[0m
2024-06-15T20:19:05.172088457+08:00 - INFO - temp dir: [1;39m/tmp[0m
2024-06-15T20:19:05.172104074+08:00 - INFO - http/2: [1;39mtrue[0m
2024-06-15T20:19:05.172116666+08:00 - INFO - keep-alive: [1;39m5[0m[1;39ms[0m
2024-06-15T20:19:05.172133100+08:00 - INFO - tls: [1;39mdisabled[0m
2024-06-15T20:19:05.172151030+08:00 - INFO - shutdown: [1;39mctrlc = true, force = true, signals = [SIGTERM], grace = 2s, mercy = 3s[0m
2024-06-15T20:19:05.172180320+08:00 - INFO - log level: [1;39mnormal[0m
2024-06-15T20:19:05.172200210+08:00 - INFO - cli colors: [1;39mtrue[0m
2024-06-15T20:19:05.172302914+08:00 - INFO - 📬 [35mRoutes[0m:
2024-06-15T20:19:05.172381674+08:00 - INFO - [36m([0m[39mindex[0m[36m)[0m [32mGET[0m [34m/[0m
2024-06-15T20:19:05.172412215+08:00 - INFO - [36m([0m[39mlogin[0m[36m)[0m [32mPOST[0m [4;34m/api[0m[34m/login[0m
2024-06-15T20:19:05.172438804+08:00 - INFO - [36m([0m[39moptions_login[0m[36m)[0m [32mOPTIONS[0m [4;34m/api[0m[34m/login[0m
2024-06-15T20:19:05.172467414+08:00 - INFO - [36m([0m[39mcreate_product[0m[36m)[0m [32mPOST[0m [4;34m/api[0m[34m/products[0m [33mapplication/json[0m
2024-06-15T20:19:05.172494885+08:00 - INFO - [36m([0m[39mget_products[0m[36m)[0m [32mGET[0m [4;34m/api[0m[34m/products?<start>&<end>&<categories_name>[0m
2024-06-15T20:19:05.172519832+08:00 - INFO - [36m([0m[39mprotected_route[0m[36m)[0m [32mGET[0m [4;34m/api[0m[34m/protected[0m
2024-06-15T20:19:05.172543695+08:00 - INFO - [36m([0m[39mget_warehouses[0m[36m)[0m [32mGET[0m [4;34m/api[0m[34m/warehouses[0m
2024-06-15T20:19:05.172569947+08:00 - INFO - [36m([0m[39mcreate_warehouse[0m[36m)[0m [32mPOST[0m [4;34m/api[0m[34m/warehouses[0m [33mapplication/json[0m
2024-06-15T20:19:05.172595278+08:00 - INFO - [36m([0m[39mcreate_category[0m[36m)[0m [32mPOST[0m [4;34m/api[0m[34m/categories[0m [33mapplication/json[0m
2024-06-15T20:19:05.172618278+08:00 - INFO - [32mGET[0m [4;34m/cors[0m[34m/<status>[0m
2024-06-15T20:19:05.172664630+08:00 - INFO - 📡 [35mFairings[0m:
2024-06-15T20:19:05.172696654+08:00 - INFO - [1;39mAdmin Initialization[0m ([1;34mignite[0m)
2024-06-15T20:19:05.172718527+08:00 - INFO - [1;39m'sqlite_db' Database Pool[0m ([1;34mignite[0m)
2024-06-15T20:19:05.172739172+08:00 - INFO - [1;39mCORS[0m ([1;34mignite, request, response[0m)
2024-06-15T20:19:05.172754451+08:00 - INFO - [1;39mShield[0m ([1;34mliftoff, response, singleton[0m)
2024-06-15T20:19:05.172938479+08:00 - INFO - 🛡️ [35mShield[0m:
2024-06-15T20:19:05.172960845+08:00 - INFO - Permissions-Policy: [39minterest-cohort=()[0m
2024-06-15T20:19:05.172976377+08:00 - INFO - X-Content-Type-Options: [39mnosniff[0m
2024-06-15T20:19:05.172988883+08:00 - INFO - X-Frame-Options: [39mSAMEORIGIN[0m
2024-06-15T20:19:05.173020230+08:00 - WARN - 🚀 [1;39mRocket has launched from [4mhttp://127.0.0.1:34255[0m
2024-06-15T20:19:05.173119048+08:00 - WARN - Rocket is executing inside of a custom runtime.
2024-06-15T20:19:05.173143726+08:00 - INFO - Rocket's runtime is enabled via `#[rocket::main]` or `#[launch]`.
2024-06-15T20:19:05.173162057+08:00 - INFO - Forced shutdown is disabled. Runtime settings may be suboptimal.
2024-06-15T20:19:43.925850405+08:00 - INFO - [32mOPTIONS[0m [34m/api/login[0m:
2024-06-15T20:19:43.925969689+08:00 - INFO - Matched: [36m([0m[39moptions_login[0m[36m)[0m [32mOPTIONS[0m [4;34m/api[0m[34m/login[0m
2024-06-15T20:19:43.926037055+08:00 - INFO - [1;39mOutcome: [0m[32mSuccess[0m([39m200 OK[0m)
2024-06-15T20:19:43.926311558+08:00 - INFO - [32mResponse succeeded.[0m
2024-06-15T20:19:43.938675479+08:00 - INFO - [32mPOST[0m [34m/api/login[0m [33mapplication/json[0m:
2024-06-15T20:19:43.938741636+08:00 - INFO - Matched: [36m([0m[39mlogin[0m[36m)[0m [32mPOST[0m [4;34m/api[0m[34m/login[0m
2024-06-15T20:19:43.939415347+08:00 - INFO - [1;39mOutcome: [0m[32mSuccess[0m([39m200 OK[0m)
2024-06-15T20:19:43.939585690+08:00 - INFO - [32mResponse succeeded.[0m
2024-06-15T20:54:09.426728753+08:00 - INFO - [32mOPTIONS[0m [34m/api/login[0m:
2024-06-15T20:54:09.426828664+08:00 - INFO - Matched: [36m([0m[39moptions_login[0m[36m)[0m [32mOPTIONS[0m [4;34m/api[0m[34m/login[0m
2024-06-15T20:54:09.426874554+08:00 - INFO - [1;39mOutcome: [0m[32mSuccess[0m([39m200 OK[0m)
2024-06-15T20:54:09.427106469+08:00 - INFO - [32mResponse succeeded.[0m
2024-06-15T20:54:09.432029269+08:00 - INFO - [32mPOST[0m [34m/api/login[0m [33mapplication/json[0m:
2024-06-15T20:54:09.432091198+08:00 - INFO - Matched: [36m([0m[39mlogin[0m[36m)[0m [32mPOST[0m [4;34m/api[0m[34m/login[0m
2024-06-15T20:54:09.432655977+08:00 - INFO - [1;39mOutcome: [0m[32mSuccess[0m([39m200 OK[0m)
2024-06-15T20:54:09.432838701+08:00 - INFO - [32mResponse succeeded.[0m
2024-06-15T20:58:34.259745589+08:00 - INFO - [32mOPTIONS[0m [34m/api/login[0m:
2024-06-15T20:58:34.259854752+08:00 - INFO - Matched: [36m([0m[39moptions_login[0m[36m)[0m [32mOPTIONS[0m [4;34m/api[0m[34m/login[0m
2024-06-15T20:58:34.259902428+08:00 - INFO - [1;39mOutcome: [0m[32mSuccess[0m([39m200 OK[0m)
2024-06-15T20:58:34.260134655+08:00 - INFO - [32mResponse succeeded.[0m
2024-06-15T20:58:34.320785154+08:00 - INFO - [32mPOST[0m [34m/api/login[0m [33mapplication/json[0m:
2024-06-15T20:58:34.320890191+08:00 - INFO - Matched: [36m([0m[39mlogin[0m[36m)[0m [32mPOST[0m [4;34m/api[0m[34m/login[0m
2024-06-15T20:58:34.321562570+08:00 - INFO - [1;39mOutcome: [0m[32mSuccess[0m([39m200 OK[0m)
2024-06-15T20:58:34.321811917+08:00 - INFO - [32mResponse succeeded.[0m
2024-06-15T22:43:11.223127434+08:00 - WARN - Received shutdown signal, shutting down...
2024-06-15T22:43:11.223269034+08:00 - WARN - Received SIGINT. Requesting shutdown.
2024-06-15T22:43:11.223323096+08:00 - INFO - Waiting for tasks to finish...
2024-06-15T22:43:11.223437872+08:00 - INFO - Shutdown requested. Waiting for pending I/O...
