2024-06-14T15:07:27.325747307+08:00 - INFO - Database migrations executed successfully
2024-06-14T15:07:27.325857771+08:00 - ERROR - Failed to get warehouse local key: Record not found
2024-06-14T15:07:27.326143865+08:00 - INFO - Generated and inserted new key "CEWlCIUrCz31kJTrz+N0W6DrwmzHU2Rhl6ZusemoG2gscCzJPkWoQ73+MipXtL3RTvym3LGYKmgECIEoBTQpxw==" for warehouse ThisWarehouse
2024-06-14T15:07:27.329742929+08:00 - INFO - Local peer id: PeerId("12D3KooWCoqKFwVYFYE48VxrWumQL2oypVKfDELYHEya6ZdEDZRg")
2024-06-14T15:07:27.338368843+08:00 - WARN - Warning: BOOTSTRAP_PEER_ID environment variable is not set
2024-06-14T15:07:27.338440563+08:00 - WARN - Warning: BOOTSTRAP_ADDR environment variable is not set
2024-06-14T15:07:27.338455353+08:00 - WARN - Warning: LISTENING_ADDR environment variable is not set, using default value:/ip4/0.0.0.0/tcp/12345
2024-06-14T15:07:27.338501766+08:00 - WARN - BOOTSTRAP_ADDR environment variable is not set,run as bootstrap node
2024-06-14T15:07:27.338892213+08:00 - INFO - creating instance on iface 10.0.0.101
2024-06-14T15:07:27.340677099+08:00 - ERROR - database is locked
2024-06-14T15:07:27.340792847+08:00 - ERROR - database is locked
2024-06-14T15:07:27.340843933+08:00 - ERROR - database is locked
2024-06-14T15:07:27.340881360+08:00 - ERROR - database is locked
2024-06-14T15:07:27.340994125+08:00 - ERROR - database is locked
2024-06-14T15:07:27.341017051+08:00 - ERROR - database is locked
2024-06-14T15:07:27.341118783+08:00 - ERROR - database is locked
2024-06-14T15:07:27.341144492+08:00 - ERROR - database is locked
2024-06-14T15:07:27.341267724+08:00 - ERROR - database is locked
2024-06-14T15:07:27.341291110+08:00 - ERROR - database is locked
2024-06-14T15:07:27.341394229+08:00 - ERROR - database is locked
2024-06-14T15:07:27.341431560+08:00 - ERROR - database is locked
2024-06-14T15:07:27.341504022+08:00 - ERROR - database is locked
2024-06-14T15:07:27.341548651+08:00 - ERROR - database is locked
2024-06-14T15:07:27.341619563+08:00 - ERROR - database is locked
2024-06-14T15:07:27.341665303+08:00 - ERROR - database is locked
2024-06-14T15:07:27.341739478+08:00 - ERROR - database is locked
2024-06-14T15:07:27.341767742+08:00 - ERROR - database is locked
2024-06-14T15:07:27.341855796+08:00 - ERROR - database is locked
2024-06-14T15:07:27.341871795+08:00 - ERROR - database is locked
2024-06-14T15:07:27.341962312+08:00 - ERROR - database is locked
2024-06-14T15:07:27.341997477+08:00 - ERROR - database is locked
2024-06-14T15:07:27.342087665+08:00 - ERROR - database is locked
2024-06-14T15:07:27.342111337+08:00 - ERROR - database is locked
2024-06-14T15:07:27.342225461+08:00 - ERROR - database is locked
2024-06-14T15:07:27.342240831+08:00 - ERROR - database is locked
2024-06-14T15:07:27.342334893+08:00 - ERROR - database is locked
2024-06-14T15:07:27.342372923+08:00 - ERROR - database is locked
2024-06-14T15:07:27.342448907+08:00 - ERROR - database is locked
2024-06-14T15:07:27.342491618+08:00 - ERROR - database is locked
2024-06-14T15:07:27.342541335+08:00 - ERROR - database is locked
2024-06-14T15:07:27.747508806+08:00 - INFO - 默认管理员已创建，用户名: admin, 密码: kJod8EIuSVks
2024-06-14T15:07:27.750835383+08:00 - INFO - 🔧 Configured for [4mdebug[0m.
2024-06-14T15:07:27.750872525+08:00 - INFO - address: [1;39m127.0.0.1[0m
2024-06-14T15:07:27.750886960+08:00 - INFO - port: [1;39m0[0m
2024-06-14T15:07:27.750902558+08:00 - INFO - workers: [1;39m8[0m
2024-06-14T15:07:27.750916906+08:00 - INFO - max blocking threads: [1;39m512[0m
2024-06-14T15:07:27.750932845+08:00 - INFO - ident: [1;39mRocket[0m
2024-06-14T15:07:27.750948976+08:00 - INFO - IP header: [1;39mX-Real-IP[0m
2024-06-14T15:07:27.750971682+08:00 - INFO - limits: [1;39mbytes = 8KiB, data-form = 2MiB, file = 1MiB, form = 32KiB, json = 1MiB, msgpack = 1MiB, string = 8KiB[0m
2024-06-14T15:07:27.750991738+08:00 - INFO - temp dir: [1;39m/tmp[0m
2024-06-14T15:07:27.751012183+08:00 - INFO - http/2: [1;39mtrue[0m
2024-06-14T15:07:27.751028489+08:00 - INFO - keep-alive: [1;39m5[0m[1;39ms[0m
2024-06-14T15:07:27.751046259+08:00 - INFO - tls: [1;39mdisabled[0m
2024-06-14T15:07:27.751067429+08:00 - INFO - shutdown: [1;39mctrlc = true, force = true, signals = [SIGTERM], grace = 2s, mercy = 3s[0m
2024-06-14T15:07:27.751083893+08:00 - INFO - log level: [1;39mnormal[0m
2024-06-14T15:07:27.751099915+08:00 - INFO - cli colors: [1;39mtrue[0m
2024-06-14T15:07:27.751237368+08:00 - INFO - 📬 [35mRoutes[0m:
2024-06-14T15:07:27.751319488+08:00 - INFO - [36m([0m[39mindex[0m[36m)[0m [32mGET[0m [34m/[0m
2024-06-14T15:07:27.751357961+08:00 - INFO - [36m([0m[39mcreate_product[0m[36m)[0m [32mPOST[0m [4;34m/api[0m[34m/products[0m [33mapplication/json[0m
2024-06-14T15:07:27.751385737+08:00 - INFO - [36m([0m[39mget_products[0m[36m)[0m [32mGET[0m [4;34m/api[0m[34m/products?<start>&<end>&<categories_name>[0m
2024-06-14T15:07:27.751431348+08:00 - INFO - [36m([0m[39mget_warehouses[0m[36m)[0m [32mGET[0m [4;34m/api[0m[34m/warehouses[0m
2024-06-14T15:07:27.751467150+08:00 - INFO - [36m([0m[39mcreate_warehouse[0m[36m)[0m [32mPOST[0m [4;34m/api[0m[34m/warehouses[0m [33mapplication/json[0m
2024-06-14T15:07:27.751486728+08:00 - INFO - [36m([0m[39mcreate_category[0m[36m)[0m [32mPOST[0m [4;34m/api[0m[34m/categories[0m [33mapplication/json[0m
2024-06-14T15:07:27.751530704+08:00 - INFO - 📡 [35mFairings[0m:
2024-06-14T15:07:27.751547074+08:00 - INFO - [1;39mAdmin Initialization[0m ([1;34mignite[0m)
2024-06-14T15:07:27.751562146+08:00 - INFO - [1;39m'sqlite_db' Database Pool[0m ([1;34mignite[0m)
2024-06-14T15:07:27.751580737+08:00 - INFO - [1;39mShield[0m ([1;34mliftoff, response, singleton[0m)
2024-06-14T15:07:27.751725311+08:00 - INFO - 🛡️ [35mShield[0m:
2024-06-14T15:07:27.751759423+08:00 - INFO - Permissions-Policy: [39minterest-cohort=()[0m
2024-06-14T15:07:27.751769913+08:00 - INFO - X-Content-Type-Options: [39mnosniff[0m
2024-06-14T15:07:27.751778648+08:00 - INFO - X-Frame-Options: [39mSAMEORIGIN[0m
2024-06-14T15:07:27.751809978+08:00 - WARN - 🚀 [1;39mRocket has launched from [4mhttp://127.0.0.1:37537[0m
2024-06-14T15:07:27.751883231+08:00 - WARN - Rocket is executing inside of a custom runtime.
2024-06-14T15:07:27.751907544+08:00 - INFO - Rocket's runtime is enabled via `#[rocket::main]` or `#[launch]`.
2024-06-14T15:07:27.751919377+08:00 - INFO - Forced shutdown is disabled. Runtime settings may be suboptimal.
2024-06-14T15:07:50.218354485+08:00 - WARN - Received shutdown signal, shutting down...
2024-06-14T15:07:50.218456379+08:00 - WARN - Received SIGINT. Requesting shutdown.
2024-06-14T15:07:50.218505336+08:00 - INFO - Waiting for tasks to finish...
2024-06-14T15:07:50.218558809+08:00 - INFO - Shutdown requested. Waiting for pending I/O...
2024-06-14T15:07:50.218723078+08:00 - INFO - Graceful shutdown completed successfully.
