2024-06-15T19:26:30.306552755+08:00 - INFO - Database migrations executed successfully
2024-06-15T19:26:30.306705941+08:00 - INFO - Found warehouse: "CEWlCIUrCz31kJTrz+N0W6DrwmzHU2Rhl6ZusemoG2gscCzJPkWoQ73+MipXtL3RTvym3LGYKmgECIEoBTQpxw=="
2024-06-15T19:26:30.306877211+08:00 - INFO - Local peer id: PeerId("12D3KooWCoqKFwVYFYE48VxrWumQL2oypVKfDELYHEya6ZdEDZRg")
2024-06-15T19:26:30.315387687+08:00 - WARN - Warning: BOOTSTRAP_PEER_ID environment variable is not set
2024-06-15T19:26:30.315464310+08:00 - WARN - Warning: BOOTSTRAP_ADDR environment variable is not set
2024-06-15T19:26:30.315481698+08:00 - WARN - Warning: LISTENING_ADDR environment variable is not set, using default value:/ip4/0.0.0.0/tcp/12345
2024-06-15T19:26:30.315527491+08:00 - WARN - BOOTSTRAP_ADDR environment variable is not set,run as bootstrap node
2024-06-15T19:26:30.315895976+08:00 - INFO - creating instance on iface 10.0.0.101
2024-06-15T19:26:30.324078819+08:00 - INFO - 🔧 Configured for [4mdebug[0m.
2024-06-15T19:26:30.324129790+08:00 - INFO - address: [1;39m127.0.0.1[0m
2024-06-15T19:26:30.324146236+08:00 - INFO - port: [1;39m0[0m
2024-06-15T19:26:30.324187867+08:00 - INFO - workers: [1;39m8[0m
2024-06-15T19:26:30.324210737+08:00 - INFO - max blocking threads: [1;39m512[0m
2024-06-15T19:26:30.324228583+08:00 - INFO - ident: [1;39mRocket[0m
2024-06-15T19:26:30.324243203+08:00 - INFO - IP header: [1;39mX-Real-IP[0m
2024-06-15T19:26:30.324262079+08:00 - INFO - limits: [1;39mbytes = 8KiB, data-form = 2MiB, file = 1MiB, form = 32KiB, json = 1MiB, msgpack = 1MiB, string = 8KiB[0m
2024-06-15T19:26:30.324282714+08:00 - INFO - temp dir: [1;39m/tmp[0m
2024-06-15T19:26:30.324302482+08:00 - INFO - http/2: [1;39mtrue[0m
2024-06-15T19:26:30.324316382+08:00 - INFO - keep-alive: [1;39m5[0m[1;39ms[0m
2024-06-15T19:26:30.324336617+08:00 - INFO - tls: [1;39mdisabled[0m
2024-06-15T19:26:30.324356311+08:00 - INFO - shutdown: [1;39mctrlc = true, force = true, signals = [SIGTERM], grace = 2s, mercy = 3s[0m
2024-06-15T19:26:30.324371994+08:00 - INFO - log level: [1;39mnormal[0m
2024-06-15T19:26:30.324390108+08:00 - INFO - cli colors: [1;39mtrue[0m
2024-06-15T19:26:30.324490797+08:00 - INFO - 📬 [35mRoutes[0m:
2024-06-15T19:26:30.324572021+08:00 - INFO - [36m([0m[39mindex[0m[36m)[0m [32mGET[0m [34m/[0m
2024-06-15T19:26:30.324602644+08:00 - INFO - [36m([0m[39mlogin[0m[36m)[0m [32mPOST[0m [4;34m/api[0m[34m/login[0m
2024-06-15T19:26:30.324626266+08:00 - INFO - [36m([0m[39moptions_login[0m[36m)[0m [32mOPTIONS[0m [4;34m/api[0m[34m/login[0m
2024-06-15T19:26:30.324653300+08:00 - INFO - [36m([0m[39mcreate_product[0m[36m)[0m [32mPOST[0m [4;34m/api[0m[34m/products[0m [33mapplication/json[0m
2024-06-15T19:26:30.324680333+08:00 - INFO - [36m([0m[39mget_products[0m[36m)[0m [32mGET[0m [4;34m/api[0m[34m/products?<start>&<end>&<categories_name>[0m
2024-06-15T19:26:30.324705064+08:00 - INFO - [36m([0m[39mprotected_route[0m[36m)[0m [32mGET[0m [4;34m/api[0m[34m/protected[0m
2024-06-15T19:26:30.324729688+08:00 - INFO - [36m([0m[39mget_warehouses[0m[36m)[0m [32mGET[0m [4;34m/api[0m[34m/warehouses[0m
2024-06-15T19:26:30.324755768+08:00 - INFO - [36m([0m[39mcreate_warehouse[0m[36m)[0m [32mPOST[0m [4;34m/api[0m[34m/warehouses[0m [33mapplication/json[0m
2024-06-15T19:26:30.324783226+08:00 - INFO - [36m([0m[39mcreate_category[0m[36m)[0m [32mPOST[0m [4;34m/api[0m[34m/categories[0m [33mapplication/json[0m
2024-06-15T19:26:30.324806005+08:00 - INFO - [32mGET[0m [4;34m/cors[0m[34m/<status>[0m
2024-06-15T19:26:30.324837671+08:00 - INFO - 📡 [35mFairings[0m:
2024-06-15T19:26:30.324859983+08:00 - INFO - [1;39mShield[0m ([1;34mliftoff, response, singleton[0m)
2024-06-15T19:26:30.324876188+08:00 - INFO - [1;39m'sqlite_db' Database Pool[0m ([1;34mignite[0m)
2024-06-15T19:26:30.324896707+08:00 - INFO - [1;39mAdmin Initialization[0m ([1;34mignite[0m)
2024-06-15T19:26:30.324913697+08:00 - INFO - [1;39mCORS[0m ([1;34mignite, request, response[0m)
2024-06-15T19:26:30.325088590+08:00 - INFO - 🛡️ [35mShield[0m:
2024-06-15T19:26:30.325112027+08:00 - INFO - Permissions-Policy: [39minterest-cohort=()[0m
2024-06-15T19:26:30.325128015+08:00 - INFO - X-Content-Type-Options: [39mnosniff[0m
2024-06-15T19:26:30.325143816+08:00 - INFO - X-Frame-Options: [39mSAMEORIGIN[0m
2024-06-15T19:26:30.325198548+08:00 - WARN - 🚀 [1;39mRocket has launched from [4mhttp://127.0.0.1:46003[0m
2024-06-15T19:26:30.325313420+08:00 - WARN - Rocket is executing inside of a custom runtime.
2024-06-15T19:26:30.325350073+08:00 - INFO - Rocket's runtime is enabled via `#[rocket::main]` or `#[launch]`.
2024-06-15T19:26:30.325367286+08:00 - INFO - Forced shutdown is disabled. Runtime settings may be suboptimal.
2024-06-15T19:32:42.433052519+08:00 - WARN - Received shutdown signal, shutting down...
2024-06-15T19:32:42.433218881+08:00 - WARN - Received SIGINT. Requesting shutdown.
2024-06-15T19:32:42.433354763+08:00 - INFO - Waiting for tasks to finish...
2024-06-15T19:32:42.433392023+08:00 - INFO - Shutdown requested. Waiting for pending I/O...
2024-06-15T19:32:42.433505945+08:00 - INFO - Graceful shutdown completed successfully.
