2024-06-09T20:11:55.779580322+08:00 - INFO - Database migrations executed successfully
2024-06-09T20:11:55.779783206+08:00 - INFO - Found warehouse: "o7qF4zfqNZC+pJyKkdyjT6jOJn6Zr7jD3FQp9JXfvw5b9/vB5DyZcYTnQ0XFCL0qWv6UZchbiqFxykyG4XMpwg=="
2024-06-09T20:11:55.780005471+08:00 - INFO - Local peer id: PeerId("12D3KooWG1Nb1HFP5h4szmHwzCJHXeQiSjaBrUpSFTdmkWYGfXVs")
2024-06-09T20:11:55.790756426+08:00 - WARN - Warning: BOOTSTRAP_PEER_ID environment variable is not set
2024-06-09T20:11:55.790851065+08:00 - WARN - Warning: BOOTSTRAP_ADDR environment variable is not set
2024-06-09T20:11:55.790884363+08:00 - INFO - Find LISTENING_ADDR "/ip4/0.0.0.0/tcp/12333"
2024-06-09T20:11:55.790947028+08:00 - WARN - BOOTSTRAP_ADDR environment variable is not set,run as bootstrap node
2024-06-09T20:11:55.791316970+08:00 - INFO - creating instance on iface 10.0.0.101
2024-06-09T20:11:55.800722784+08:00 - INFO - 🔧 Configured for [4mdebug[0m.
2024-06-09T20:11:55.800773020+08:00 - INFO - address: [1;39m127.0.0.1[0m
2024-06-09T20:11:55.800792638+08:00 - INFO - port: [1;39m0[0m
2024-06-09T20:11:55.800812964+08:00 - INFO - workers: [1;39m8[0m
2024-06-09T20:11:55.800830958+08:00 - INFO - max blocking threads: [1;39m512[0m
2024-06-09T20:11:55.800852124+08:00 - INFO - ident: [1;39mRocket[0m
2024-06-09T20:11:55.800866924+08:00 - INFO - IP header: [1;39mX-Real-IP[0m
2024-06-09T20:11:55.800892637+08:00 - INFO - limits: [1;39mbytes = 8KiB, data-form = 2MiB, file = 1MiB, form = 32KiB, json = 1MiB, msgpack = 1MiB, string = 8KiB[0m
2024-06-09T20:11:55.800917312+08:00 - INFO - temp dir: [1;39m/tmp[0m
2024-06-09T20:11:55.800934817+08:00 - INFO - http/2: [1;39mtrue[0m
2024-06-09T20:11:55.800955175+08:00 - INFO - keep-alive: [1;39m5[0m[1;39ms[0m
2024-06-09T20:11:55.800995571+08:00 - INFO - tls: [1;39mdisabled[0m
2024-06-09T20:11:55.801021758+08:00 - INFO - shutdown: [1;39mctrlc = true, force = true, signals = [SIGTERM], grace = 2s, mercy = 3s[0m
2024-06-09T20:11:55.801041947+08:00 - INFO - log level: [1;39mnormal[0m
2024-06-09T20:11:55.801059336+08:00 - INFO - cli colors: [1;39mtrue[0m
2024-06-09T20:11:55.801176297+08:00 - INFO - 📬 [35mRoutes[0m:
2024-06-09T20:11:55.801248839+08:00 - INFO - [36m([0m[39mindex[0m[36m)[0m [32mGET[0m [34m/[0m
2024-06-09T20:11:55.801277935+08:00 - INFO - [36m([0m[39mget_warehouses[0m[36m)[0m [32mGET[0m [4;34m/api[0m[34m/warehouses[0m
2024-06-09T20:11:55.801306128+08:00 - INFO - [36m([0m[39mcreate_warehouse[0m[36m)[0m [32mPOST[0m [4;34m/api[0m[34m/warehouses[0m [33mapplication/json[0m
2024-06-09T20:11:55.801343456+08:00 - INFO - 📡 [35mFairings[0m:
2024-06-09T20:11:55.801369071+08:00 - INFO - [1;39mShield[0m ([1;34mliftoff, response, singleton[0m)
2024-06-09T20:11:55.801388347+08:00 - INFO - [1;39m'sqlite_db' Database Pool[0m ([1;34mignite[0m)
2024-06-09T20:11:55.801409363+08:00 - INFO - [1;39mAdmin Initialization[0m ([1;34mignite[0m)
2024-06-09T20:11:55.801564872+08:00 - INFO - 🛡️ [35mShield[0m:
2024-06-09T20:11:55.801592525+08:00 - INFO - X-Content-Type-Options: [39mnosniff[0m
2024-06-09T20:11:55.801607911+08:00 - INFO - X-Frame-Options: [39mSAMEORIGIN[0m
2024-06-09T20:11:55.801624543+08:00 - INFO - Permissions-Policy: [39minterest-cohort=()[0m
2024-06-09T20:11:55.801666641+08:00 - WARN - 🚀 [1;39mRocket has launched from [4mhttp://127.0.0.1:46253[0m
2024-06-09T20:11:55.801812071+08:00 - WARN - Rocket is executing inside of a custom runtime.
2024-06-09T20:11:55.801852018+08:00 - INFO - Rocket's runtime is enabled via `#[rocket::main]` or `#[launch]`.
2024-06-09T20:11:55.801891875+08:00 - INFO - Forced shutdown is disabled. Runtime settings may be suboptimal.
2024-06-09T20:13:24.418386351+08:00 - INFO - floodsub publish: "111111111111111"
2024-06-09T20:13:25.581068163+08:00 - INFO - floodsub publish: "11111111"
2024-06-09T20:13:27.174796901+08:00 - INFO - floodsub publish: "1111111111111"
2024-06-09T20:13:27.816521711+08:00 - INFO - floodsub publish: "1"
2024-06-09T20:13:28.253950561+08:00 - INFO - floodsub publish: ""
2024-06-09T20:13:28.472305738+08:00 - INFO - floodsub publish: ""
2024-06-09T20:13:28.645828672+08:00 - INFO - floodsub publish: ""
2024-06-09T20:13:31.078790236+08:00 - WARN - Received shutdown signal, shutting down...
2024-06-09T20:13:31.078909495+08:00 - WARN - Received SIGINT. Requesting shutdown.
2024-06-09T20:13:31.078961510+08:00 - INFO - Waiting for tasks to finish...
2024-06-09T20:13:31.079051968+08:00 - INFO - Shutdown requested. Waiting for pending I/O...
2024-06-09T20:13:31.079140549+08:00 - INFO - Graceful shutdown completed successfully.
