2024-06-16T01:18:34.852695656+08:00 - INFO - Database migrations executed successfully
2024-06-16T01:18:34.852858502+08:00 - INFO - Found warehouse: "9M5zxJECOyCWxTl+u68Cq9Sqs2OmPApG+08CwVue1isvmO50OS39Y/VEBd94sJoLNmrf/5LoGXRnwiRI4NeGHA=="
2024-06-16T01:18:34.853064687+08:00 - INFO - Local peer id: PeerId("12D3KooWD2Aapi8KSuBgzRmpGSVom9Zq9GzgjqXiYexmozjtGa2w")
2024-06-16T01:18:34.862048332+08:00 - WARN - Warning: BOOTSTRAP_PEER_ID environment variable is not set
2024-06-16T01:18:34.862125659+08:00 - WARN - Warning: BOOTSTRAP_ADDR environment variable is not set
2024-06-16T01:18:34.862152721+08:00 - WARN - Warning: LISTENING_ADDR environment variable is not set, using default value:/ip4/0.0.0.0/tcp/12345
2024-06-16T01:18:34.862194323+08:00 - WARN - BOOTSTRAP_ADDR environment variable is not set,run as bootstrap node
2024-06-16T01:18:34.862722387+08:00 - INFO - creating instance on iface 10.0.0.101
2024-06-16T01:18:34.871880582+08:00 - INFO - 🔧 Configured for [4mdebug[0m.
2024-06-16T01:18:34.871927546+08:00 - INFO - address: [1;39m127.0.0.1[0m
2024-06-16T01:18:34.871945650+08:00 - INFO - port: [1;39m0[0m
2024-06-16T01:18:34.871958722+08:00 - INFO - workers: [1;39m8[0m
2024-06-16T01:18:34.871972939+08:00 - INFO - max blocking threads: [1;39m512[0m
2024-06-16T01:18:34.871990961+08:00 - INFO - ident: [1;39mRocket[0m
2024-06-16T01:18:34.872007326+08:00 - INFO - IP header: [1;39mX-Real-IP[0m
2024-06-16T01:18:34.872025651+08:00 - INFO - limits: [1;39mbytes = 8KiB, data-form = 2MiB, file = 1MiB, form = 32KiB, json = 1MiB, msgpack = 1MiB, string = 8KiB[0m
2024-06-16T01:18:34.872048711+08:00 - INFO - temp dir: [1;39m/tmp[0m
2024-06-16T01:18:34.872065865+08:00 - INFO - http/2: [1;39mtrue[0m
2024-06-16T01:18:34.872087990+08:00 - INFO - keep-alive: [1;39m5[0m[1;39ms[0m
2024-06-16T01:18:34.872103357+08:00 - INFO - tls: [1;39mdisabled[0m
2024-06-16T01:18:34.872128549+08:00 - INFO - shutdown: [1;39mctrlc = true, force = true, signals = [SIGTERM], grace = 2s, mercy = 3s[0m
2024-06-16T01:18:34.872142021+08:00 - INFO - log level: [1;39mnormal[0m
2024-06-16T01:18:34.872159538+08:00 - INFO - cli colors: [1;39mtrue[0m
2024-06-16T01:18:34.872302666+08:00 - INFO - 📬 [35mRoutes[0m:
2024-06-16T01:18:34.872410231+08:00 - INFO - [36m([0m[39mindex[0m[36m)[0m [32mGET[0m [34m/[0m
2024-06-16T01:18:34.872448717+08:00 - INFO - [36m([0m[39mlogin[0m[36m)[0m [32mPOST[0m [4;34m/api[0m[34m/login[0m
2024-06-16T01:18:34.872468829+08:00 - INFO - [36m([0m[39moptions_login[0m[36m)[0m [32mOPTIONS[0m [4;34m/api[0m[34m/login[0m
2024-06-16T01:18:34.872502463+08:00 - INFO - [36m([0m[39msignup[0m[36m)[0m [32mPOST[0m [4;34m/api[0m[34m/signup[0m
2024-06-16T01:18:34.872526761+08:00 - INFO - [36m([0m[39moptions_signup[0m[36m)[0m [32mOPTIONS[0m [4;34m/api[0m[34m/signup[0m
2024-06-16T01:18:34.872555680+08:00 - INFO - [36m([0m[39mcreate_product[0m[36m)[0m [32mPOST[0m [4;34m/api[0m[34m/products[0m [33mapplication/json[0m
2024-06-16T01:18:34.872586115+08:00 - INFO - [36m([0m[39mget_products[0m[36m)[0m [32mGET[0m [4;34m/api[0m[34m/products?<start>&<end>&<categories_name>[0m
2024-06-16T01:18:34.872610137+08:00 - INFO - [36m([0m[39mprotected_route[0m[36m)[0m [32mGET[0m [4;34m/api[0m[34m/protected[0m
2024-06-16T01:18:34.872635985+08:00 - INFO - [36m([0m[39mget_warehouses[0m[36m)[0m [32mGET[0m [4;34m/api[0m[34m/warehouses[0m
2024-06-16T01:18:34.872661481+08:00 - INFO - [36m([0m[39mcreate_warehouse[0m[36m)[0m [32mPOST[0m [4;34m/api[0m[34m/warehouses[0m [33mapplication/json[0m
2024-06-16T01:18:34.872706936+08:00 - INFO - [36m([0m[39mcreate_category[0m[36m)[0m [32mPOST[0m [4;34m/api[0m[34m/categories[0m [33mapplication/json[0m
2024-06-16T01:18:34.872796692+08:00 - INFO - [32mGET[0m [4;34m/cors[0m[34m/<status>[0m
2024-06-16T01:18:34.872844273+08:00 - INFO - 📡 [35mFairings[0m:
2024-06-16T01:18:34.872867518+08:00 - INFO - [1;39m'sqlite_db' Database Pool[0m ([1;34mignite[0m)
2024-06-16T01:18:34.872887755+08:00 - INFO - [1;39mCORS[0m ([1;34mignite, request, response[0m)
2024-06-16T01:18:34.872909662+08:00 - INFO - [1;39mShield[0m ([1;34mliftoff, response, singleton[0m)
2024-06-16T01:18:34.872935438+08:00 - INFO - [1;39mAdmin Initialization[0m ([1;34mignite[0m)
2024-06-16T01:18:34.873137226+08:00 - INFO - 🛡️ [35mShield[0m:
2024-06-16T01:18:34.873167960+08:00 - INFO - X-Frame-Options: [39mSAMEORIGIN[0m
2024-06-16T01:18:34.873182972+08:00 - INFO - Permissions-Policy: [39minterest-cohort=()[0m
2024-06-16T01:18:34.873197318+08:00 - INFO - X-Content-Type-Options: [39mnosniff[0m
2024-06-16T01:18:34.873219192+08:00 - WARN - 🚀 [1;39mRocket has launched from [4mhttp://127.0.0.1:43301[0m
2024-06-16T01:18:34.873373890+08:00 - WARN - Rocket is executing inside of a custom runtime.
2024-06-16T01:18:34.873416809+08:00 - INFO - Rocket's runtime is enabled via `#[rocket::main]` or `#[launch]`.
2024-06-16T01:18:34.873432977+08:00 - INFO - Forced shutdown is disabled. Runtime settings may be suboptimal.
2024-06-16T01:18:38.134907746+08:00 - WARN - Received SIGINT. Requesting shutdown.
2024-06-16T01:18:38.134983755+08:00 - WARN - Received shutdown signal, shutting down...
2024-06-16T01:18:38.135008799+08:00 - INFO - Waiting for tasks to finish...
2024-06-16T01:18:38.135077809+08:00 - INFO - Shutdown requested. Waiting for pending I/O...
2024-06-16T01:18:38.135188180+08:00 - INFO - Graceful shutdown completed successfully.
