2024-06-07T18:44:27.387582889+08:00 - INFO - Local peer id: PeerId("12D3KooWEoSRBh5BGdw91VMYac2MmEmT4mPeCdbDVj1TQs7aQyh1")
2024-06-07T18:44:27.389939863+08:00 - ERROR - Warning: BOOTSTRAP_PEER_ID environment variable is not set, using radmon value
2024-06-07T18:44:27.390016027+08:00 - ERROR - Warning: BOOTSTRAP_ADDR environment variable is not set,using default value:/ip4/127.0.0.1/tcp/8080
2024-06-07T18:44:27.390046887+08:00 - ERROR - Warning: LISTENING_ADDR environment variable is not set, using default value:/ip4/0.0.0.0/tcp/12345
2024-06-07T18:44:27.390453981+08:00 - INFO - Discovered peer via Kademlia: PeerId("12D3KooW9pNAk8aiBuGVQtWRdbkLmo5qVL3e2h5UxbN2Nz9ttwiw")
2024-06-07T18:44:27.390577447+08:00 - INFO - creating instance on iface 10.0.0.101
2024-06-07T18:44:27.397996002+08:00 - INFO - All pending migrations were run successfully: []
2024-06-07T18:44:27.398550475+08:00 - INFO - 🔧 Configured for [4mdebug[0m.
2024-06-07T18:44:27.398585444+08:00 - INFO - address: [1;39m127.0.0.1[0m
2024-06-07T18:44:27.398602098+08:00 - INFO - port: [1;39m8000[0m
2024-06-07T18:44:27.398620962+08:00 - INFO - workers: [1;39m8[0m
2024-06-07T18:44:27.398643248+08:00 - INFO - max blocking threads: [1;39m512[0m
2024-06-07T18:44:27.398670538+08:00 - INFO - ident: [1;39mRocket[0m
2024-06-07T18:44:27.398688702+08:00 - INFO - IP header: [1;39mX-Real-IP[0m
2024-06-07T18:44:27.398709550+08:00 - INFO - limits: [1;39mbytes = 8KiB, data-form = 2MiB, file = 1MiB, form = 32KiB, json = 1MiB, msgpack = 1MiB, string = 8KiB[0m
2024-06-07T18:44:27.398728676+08:00 - INFO - temp dir: [1;39m/tmp[0m
2024-06-07T18:44:27.398743581+08:00 - INFO - http/2: [1;39mtrue[0m
2024-06-07T18:44:27.398761999+08:00 - INFO - keep-alive: [1;39m5[0m[1;39ms[0m
2024-06-07T18:44:27.398777976+08:00 - INFO - tls: [1;39mdisabled[0m
2024-06-07T18:44:27.398795345+08:00 - INFO - shutdown: [1;39mctrlc = true, force = true, signals = [SIGTERM], grace = 2s, mercy = 3s[0m
2024-06-07T18:44:27.398815174+08:00 - INFO - log level: [1;39mnormal[0m
2024-06-07T18:44:27.398828611+08:00 - INFO - cli colors: [1;39mtrue[0m
2024-06-07T18:44:27.398920134+08:00 - INFO - 📬 [35mRoutes[0m:
2024-06-07T18:44:27.398990051+08:00 - INFO - [36m([0m[39mindex[0m[36m)[0m [32mGET[0m [34m/[0m
2024-06-07T18:44:27.399026278+08:00 - INFO - [36m([0m[39mget_warehouses[0m[36m)[0m [32mGET[0m [4;34m/api[0m[34m/warehouses[0m
2024-06-07T18:44:27.399054095+08:00 - INFO - [36m([0m[39mcreate_warehouse[0m[36m)[0m [32mPOST[0m [4;34m/api[0m[34m/warehouses[0m [33mapplication/json[0m
2024-06-07T18:44:27.399090019+08:00 - INFO - 📡 [35mFairings[0m:
2024-06-07T18:44:27.399121744+08:00 - INFO - [1;39m'sqlite_db' Database Pool[0m ([1;34mignite[0m)
2024-06-07T18:44:27.399142055+08:00 - INFO - [1;39mAdmin Initialization[0m ([1;34mignite[0m)
2024-06-07T18:44:27.399162861+08:00 - INFO - [1;39mShield[0m ([1;34mliftoff, response, singleton[0m)
2024-06-07T18:44:27.399177118+08:00 - INFO - [1;39mDatabase Migrations[0m ([1;34mignite[0m)
2024-06-07T18:44:27.399316746+08:00 - INFO - 🛡️ [35mShield[0m:
2024-06-07T18:44:27.399338034+08:00 - INFO - X-Content-Type-Options: [39mnosniff[0m
2024-06-07T18:44:27.399351191+08:00 - INFO - Permissions-Policy: [39minterest-cohort=()[0m
2024-06-07T18:44:27.399363693+08:00 - INFO - X-Frame-Options: [39mSAMEORIGIN[0m
2024-06-07T18:44:27.399387133+08:00 - WARN - 🚀 [1;39mRocket has launched from [4mhttp://127.0.0.1:8000[0m
2024-06-07T18:44:27.399466164+08:00 - WARN - Rocket is executing inside of a custom runtime.
2024-06-07T18:44:27.399489011+08:00 - INFO - Rocket's runtime is enabled via `#[rocket::main]` or `#[launch]`.
2024-06-07T18:44:27.399502989+08:00 - INFO - Forced shutdown is disabled. Runtime settings may be suboptimal.
2024-06-07T18:44:35.324495293+08:00 - WARN - Received SIGINT. Requesting shutdown.
2024-06-07T18:44:35.324655559+08:00 - INFO - Shutdown requested. Waiting for pending I/O...
2024-06-07T18:44:35.324744158+08:00 - INFO - Graceful shutdown completed successfully.
