2024-06-16T02:35:03.586271104+08:00 - INFO - Database migrations executed successfully
2024-06-16T02:35:03.586446280+08:00 - INFO - Found warehouse: "hzzKxV6j0bMuwOssBtFulh31LQa6E3cyzwlhRvLWJorw5xAcREh7stVysP5Bn9Jhq9PZVjJS2JYQ/DZbyVuVnQ=="
2024-06-16T02:35:03.586622568+08:00 - INFO - Local peer id: PeerId("12D3KooWS2kNPFhxzG3rN9k8xQjkYQNkMHcsgk2VMVDqcyzL5YZJ")
2024-06-16T02:35:03.595308530+08:00 - WARN - Warning: BOOTSTRAP_PEER_ID environment variable is not set
2024-06-16T02:35:03.595376591+08:00 - WARN - Warning: BOOTSTRAP_ADDR environment variable is not set
2024-06-16T02:35:03.595392171+08:00 - WARN - Warning: LISTENING_ADDR environment variable is not set, using default value:/ip4/0.0.0.0/tcp/12345
2024-06-16T02:35:03.595439277+08:00 - WARN - BOOTSTRAP_ADDR environment variable is not set,run as bootstrap node
2024-06-16T02:35:03.595886310+08:00 - INFO - creating instance on iface 10.0.0.101
2024-06-16T02:35:03.605300024+08:00 - INFO - 🔧 Configured for [4mdebug[0m.
2024-06-16T02:35:03.605357699+08:00 - INFO - address: [1;39m127.0.0.1[0m
2024-06-16T02:35:03.605379368+08:00 - INFO - port: [1;39m0[0m
2024-06-16T02:35:03.605397065+08:00 - INFO - workers: [1;39m8[0m
2024-06-16T02:35:03.605413912+08:00 - INFO - max blocking threads: [1;39m512[0m
2024-06-16T02:35:03.605433851+08:00 - INFO - ident: [1;39mRocket[0m
2024-06-16T02:35:03.605448409+08:00 - INFO - IP header: [1;39mX-Real-IP[0m
2024-06-16T02:35:03.605468348+08:00 - INFO - limits: [1;39mbytes = 8KiB, data-form = 2MiB, file = 1MiB, form = 32KiB, json = 1MiB, msgpack = 1MiB, string = 8KiB[0m
2024-06-16T02:35:03.605494679+08:00 - INFO - temp dir: [1;39m/tmp[0m
2024-06-16T02:35:03.605513639+08:00 - INFO - http/2: [1;39mtrue[0m
2024-06-16T02:35:03.605528587+08:00 - INFO - keep-alive: [1;39m5[0m[1;39ms[0m
2024-06-16T02:35:03.605548365+08:00 - INFO - tls: [1;39mdisabled[0m
2024-06-16T02:35:03.605569341+08:00 - INFO - shutdown: [1;39mctrlc = true, force = true, signals = [SIGTERM], grace = 2s, mercy = 3s[0m
2024-06-16T02:35:03.605584822+08:00 - INFO - log level: [1;39mnormal[0m
2024-06-16T02:35:03.605601699+08:00 - INFO - cli colors: [1;39mtrue[0m
2024-06-16T02:35:03.605746503+08:00 - INFO - 📬 [35mRoutes[0m:
2024-06-16T02:35:03.605838161+08:00 - INFO - [36m([0m[39mindex[0m[36m)[0m [32mGET[0m [34m/[0m
2024-06-16T02:35:03.605874941+08:00 - INFO - [36m([0m[39mlogin[0m[36m)[0m [32mPOST[0m [4;34m/api[0m[34m/login[0m
2024-06-16T02:35:03.605910094+08:00 - INFO - [36m([0m[39moptions_login[0m[36m)[0m [32mOPTIONS[0m [4;34m/api[0m[34m/login[0m
2024-06-16T02:35:03.605942097+08:00 - INFO - [36m([0m[39msignup[0m[36m)[0m [32mPOST[0m [4;34m/api[0m[34m/signup[0m
2024-06-16T02:35:03.605964767+08:00 - INFO - [36m([0m[39moptions_signup[0m[36m)[0m [32mOPTIONS[0m [4;34m/api[0m[34m/signup[0m
2024-06-16T02:35:03.605992408+08:00 - INFO - [36m([0m[39mcreate_product[0m[36m)[0m [32mPOST[0m [4;34m/api[0m[34m/products[0m [33mapplication/json[0m
2024-06-16T02:35:03.606015346+08:00 - INFO - [36m([0m[39mget_products[0m[36m)[0m [32mGET[0m [4;34m/api[0m[34m/products?<start>&<end>&<categories_name>[0m
2024-06-16T02:35:03.606038403+08:00 - INFO - [36m([0m[39mprotected_route[0m[36m)[0m [32mGET[0m [4;34m/api[0m[34m/protected[0m
2024-06-16T02:35:03.606061282+08:00 - INFO - [36m([0m[39mget_warehouses[0m[36m)[0m [32mGET[0m [4;34m/api[0m[34m/warehouses[0m
2024-06-16T02:35:03.606083960+08:00 - INFO - [36m([0m[39mcreate_warehouse[0m[36m)[0m [32mPOST[0m [4;34m/api[0m[34m/warehouses[0m [33mapplication/json[0m
2024-06-16T02:35:03.606109860+08:00 - INFO - [36m([0m[39mcreate_category[0m[36m)[0m [32mPOST[0m [4;34m/api[0m[34m/categories[0m [33mapplication/json[0m
2024-06-16T02:35:03.606129737+08:00 - INFO - [32mGET[0m [4;34m/cors[0m[34m/<status>[0m
2024-06-16T02:35:03.606159275+08:00 - INFO - 📡 [35mFairings[0m:
2024-06-16T02:35:03.606179257+08:00 - INFO - [1;39mAdmin Initialization[0m ([1;34mignite[0m)
2024-06-16T02:35:03.606195644+08:00 - INFO - [1;39m'sqlite_db' Database Pool[0m ([1;34mignite[0m)
2024-06-16T02:35:03.606220767+08:00 - INFO - [1;39mCORS[0m ([1;34mignite, request, response[0m)
2024-06-16T02:35:03.606232556+08:00 - INFO - [1;39mShield[0m ([1;34mliftoff, response, singleton[0m)
2024-06-16T02:35:03.606398327+08:00 - INFO - 🛡️ [35mShield[0m:
2024-06-16T02:35:03.606432506+08:00 - INFO - X-Frame-Options: [39mSAMEORIGIN[0m
2024-06-16T02:35:03.606449279+08:00 - INFO - X-Content-Type-Options: [39mnosniff[0m
2024-06-16T02:35:03.606467206+08:00 - INFO - Permissions-Policy: [39minterest-cohort=()[0m
2024-06-16T02:35:03.606502977+08:00 - WARN - 🚀 [1;39mRocket has launched from [4mhttp://127.0.0.1:38043[0m
2024-06-16T02:35:03.606616124+08:00 - WARN - Rocket is executing inside of a custom runtime.
2024-06-16T02:35:03.606657144+08:00 - INFO - Rocket's runtime is enabled via `#[rocket::main]` or `#[launch]`.
2024-06-16T02:35:03.606692912+08:00 - INFO - Forced shutdown is disabled. Runtime settings may be suboptimal.
2024-06-16T02:35:36.562344801+08:00 - INFO - [32mPOST[0m [34m/api/login[0m [33mapplication/json[0m:
2024-06-16T02:35:36.562445370+08:00 - INFO - Matched: [36m([0m[39mlogin[0m[36m)[0m [32mPOST[0m [4;34m/api[0m[34m/login[0m
2024-06-16T02:35:36.563336917+08:00 - INFO - [1;39mOutcome: [0m[32mSuccess[0m([39m200 OK[0m)
2024-06-16T02:35:36.563645065+08:00 - INFO - [32mResponse succeeded.[0m
2024-06-16T02:35:53.711439009+08:00 - INFO - [32mPOST[0m [34m/api/signup[0m [33mapplication/json[0m:
2024-06-16T02:35:53.711528920+08:00 - INFO - Matched: [36m([0m[39msignup[0m[36m)[0m [32mPOST[0m [4;34m/api[0m[34m/signup[0m
2024-06-16T02:35:53.712300926+08:00 - INFO - [1;39mOutcome: [0m[32mSuccess[0m([39m200 OK[0m)
2024-06-16T02:35:53.712509844+08:00 - INFO - [32mResponse succeeded.[0m
2024-06-16T02:36:35.033601053+08:00 - INFO - [32mPOST[0m [34m/api/signup[0m [33mapplication/json[0m:
2024-06-16T02:36:35.033753315+08:00 - INFO - Matched: [36m([0m[39msignup[0m[36m)[0m [32mPOST[0m [4;34m/api[0m[34m/signup[0m
2024-06-16T02:36:35.034626219+08:00 - INFO - [1;39mOutcome: [0m[32mSuccess[0m([39m200 OK[0m)
2024-06-16T02:36:35.034866146+08:00 - INFO - [32mResponse succeeded.[0m
2024-06-16T03:15:57.443365024+08:00 - INFO - [32mPOST[0m [34m/api/signup[0m [33mapplication/json[0m:
2024-06-16T03:15:57.443492642+08:00 - INFO - Matched: [36m([0m[39msignup[0m[36m)[0m [32mPOST[0m [4;34m/api[0m[34m/signup[0m
2024-06-16T03:15:57.443916968+08:00 - WARN - Request guard `JwtToken` failed: ().
2024-06-16T03:15:57.443979282+08:00 - INFO - [1;39mOutcome: [0m[31mError[0m([39m401 Unauthorized[0m)
2024-06-16T03:15:57.444009971+08:00 - WARN - No [1;34m401[0m catcher registered. Using Rocket default.
2024-06-16T03:15:57.444198573+08:00 - INFO - [32mResponse succeeded.[0m
2024-06-16T03:16:09.689106385+08:00 - WARN - Received SIGINT. Requesting shutdown.
2024-06-16T03:16:09.689171464+08:00 - WARN - Received shutdown signal, shutting down...
2024-06-16T03:16:09.689219050+08:00 - INFO - Shutdown requested. Waiting for pending I/O...
2024-06-16T03:16:09.689247658+08:00 - INFO - Waiting for tasks to finish...
2024-06-16T03:16:09.689293471+08:00 - INFO - Graceful shutdown completed successfully.
