2024-06-09T02:43:17.977960693+08:00 - INFO - Database migrations executed successfully
2024-06-09T02:43:17.978104780+08:00 - ERROR - Failed to get warehouse local key: Record not found
2024-06-09T02:43:17.982298734+08:00 - INFO - Generated and inserted new key
2024-06-09T02:43:17.982354667+08:00 - INFO - Local peer id: PeerId("12D3KooWMYBFmAKzFxrByLH1YZZ6Ln6CVPmYNQ4LsBUi9pd2AXQ4")
2024-06-09T02:43:17.984608037+08:00 - WARN - Warning: BOOTSTRAP_PEER_ID environment variable is not set
2024-06-09T02:43:17.984668663+08:00 - WARN - Warning: BOOTSTRAP_ADDR environment variable is not set
2024-06-09T02:43:17.984708946+08:00 - WARN - BOOTSTRAP_ADDR environment variable is not set,run as bootstrap node
2024-06-09T02:43:17.985118195+08:00 - INFO - creating instance on iface 10.0.0.101
2024-06-09T02:43:17.986786687+08:00 - ERROR - database is locked
2024-06-09T02:43:17.986864131+08:00 - ERROR - database is locked
2024-06-09T02:43:17.986895565+08:00 - ERROR - database is locked
2024-06-09T02:43:17.987031508+08:00 - ERROR - database is locked
2024-06-09T02:43:17.987056190+08:00 - ERROR - database is locked
2024-06-09T02:43:17.987164337+08:00 - ERROR - database is locked
2024-06-09T02:43:17.987201002+08:00 - ERROR - database is locked
2024-06-09T02:43:17.987261178+08:00 - ERROR - database is locked
2024-06-09T02:43:17.987341055+08:00 - ERROR - database is locked
2024-06-09T02:43:17.987360380+08:00 - ERROR - database is locked
2024-06-09T02:43:17.987470447+08:00 - ERROR - database is locked
2024-06-09T02:43:17.987499035+08:00 - ERROR - database is locked
2024-06-09T02:43:17.987578241+08:00 - ERROR - database is locked
2024-06-09T02:43:17.987668518+08:00 - ERROR - database is locked
2024-06-09T02:43:17.987686554+08:00 - ERROR - database is locked
2024-06-09T02:43:17.987817869+08:00 - ERROR - database is locked
2024-06-09T02:43:17.987841557+08:00 - ERROR - database is locked
2024-06-09T02:43:17.987927170+08:00 - ERROR - database is locked
2024-06-09T02:43:17.988063979+08:00 - ERROR - database is locked
2024-06-09T02:43:17.988098640+08:00 - ERROR - database is locked
2024-06-09T02:43:17.988157018+08:00 - ERROR - database is locked
2024-06-09T02:43:17.988238205+08:00 - ERROR - database is locked
2024-06-09T02:43:17.988255564+08:00 - ERROR - database is locked
2024-06-09T02:43:17.988372042+08:00 - ERROR - database is locked
2024-06-09T02:43:17.988404440+08:00 - ERROR - database is locked
2024-06-09T02:43:17.988474679+08:00 - ERROR - database is locked
2024-06-09T02:43:17.988529091+08:00 - ERROR - database is locked
2024-06-09T02:43:17.988572061+08:00 - ERROR - database is locked
2024-06-09T02:43:17.988679957+08:00 - ERROR - database is locked
2024-06-09T02:43:17.988711525+08:00 - ERROR - database is locked
2024-06-09T02:43:17.988783743+08:00 - ERROR - database is locked
2024-06-09T02:43:18.393914741+08:00 - INFO - 默认管理员已创建，用户名: admin, 密码: nqBwbcee0ifO
2024-06-09T02:43:18.397384903+08:00 - INFO - 🔧 Configured for [4mdebug[0m.
2024-06-09T02:43:18.397431131+08:00 - INFO - address: [1;39m127.0.0.1[0m
2024-06-09T02:43:18.397458452+08:00 - INFO - port: [1;39m0[0m
2024-06-09T02:43:18.397489961+08:00 - INFO - workers: [1;39m8[0m
2024-06-09T02:43:18.397516559+08:00 - INFO - max blocking threads: [1;39m512[0m
2024-06-09T02:43:18.397546431+08:00 - INFO - ident: [1;39mRocket[0m
2024-06-09T02:43:18.397584168+08:00 - INFO - IP header: [1;39mX-Real-IP[0m
2024-06-09T02:43:18.397614069+08:00 - INFO - limits: [1;39mbytes = 8KiB, data-form = 2MiB, file = 1MiB, form = 32KiB, json = 1MiB, msgpack = 1MiB, string = 8KiB[0m
2024-06-09T02:43:18.397634919+08:00 - INFO - temp dir: [1;39m/tmp[0m
2024-06-09T02:43:18.397648957+08:00 - INFO - http/2: [1;39mtrue[0m
2024-06-09T02:43:18.397666932+08:00 - INFO - keep-alive: [1;39m5[0m[1;39ms[0m
2024-06-09T02:43:18.397682046+08:00 - INFO - tls: [1;39mdisabled[0m
2024-06-09T02:43:18.397701447+08:00 - INFO - shutdown: [1;39mctrlc = true, force = true, signals = [SIGTERM], grace = 2s, mercy = 3s[0m
2024-06-09T02:43:18.397716909+08:00 - INFO - log level: [1;39mnormal[0m
2024-06-09T02:43:18.397739231+08:00 - INFO - cli colors: [1;39mtrue[0m
2024-06-09T02:43:18.397837258+08:00 - INFO - 📬 [35mRoutes[0m:
2024-06-09T02:43:18.397900253+08:00 - INFO - [36m([0m[39mindex[0m[36m)[0m [32mGET[0m [34m/[0m
2024-06-09T02:43:18.397930781+08:00 - INFO - [36m([0m[39mget_warehouses[0m[36m)[0m [32mGET[0m [4;34m/api[0m[34m/warehouses[0m
2024-06-09T02:43:18.397987691+08:00 - INFO - [36m([0m[39mcreate_warehouse[0m[36m)[0m [32mPOST[0m [4;34m/api[0m[34m/warehouses[0m [33mapplication/json[0m
2024-06-09T02:43:18.398048043+08:00 - INFO - 📡 [35mFairings[0m:
2024-06-09T02:43:18.398081112+08:00 - INFO - [1;39m'sqlite_db' Database Pool[0m ([1;34mignite[0m)
2024-06-09T02:43:18.398110168+08:00 - INFO - [1;39mAdmin Initialization[0m ([1;34mignite[0m)
2024-06-09T02:43:18.398135966+08:00 - INFO - [1;39mShield[0m ([1;34mliftoff, response, singleton[0m)
2024-06-09T02:43:18.398318060+08:00 - INFO - 🛡️ [35mShield[0m:
2024-06-09T02:43:18.398352262+08:00 - INFO - X-Content-Type-Options: [39mnosniff[0m
2024-06-09T02:43:18.398377368+08:00 - INFO - X-Frame-Options: [39mSAMEORIGIN[0m
2024-06-09T02:43:18.398393967+08:00 - INFO - Permissions-Policy: [39minterest-cohort=()[0m
2024-06-09T02:43:18.398425278+08:00 - WARN - 🚀 [1;39mRocket has launched from [4mhttp://127.0.0.1:43499[0m
2024-06-09T02:43:18.398500646+08:00 - WARN - Rocket is executing inside of a custom runtime.
2024-06-09T02:43:18.398524931+08:00 - INFO - Rocket's runtime is enabled via `#[rocket::main]` or `#[launch]`.
2024-06-09T02:43:18.398536509+08:00 - INFO - Forced shutdown is disabled. Runtime settings may be suboptimal.
2024-06-09T02:43:33.494596237+08:00 - WARN - Received SIGINT. Requesting shutdown.
2024-06-09T02:43:33.494676362+08:00 - WARN - Received shutdown signal, shutting down...
2024-06-09T02:43:33.494709853+08:00 - INFO - Shutdown requested. Waiting for pending I/O...
2024-06-09T02:43:33.494733842+08:00 - INFO - Waiting for tasks to finish...
2024-06-09T02:43:33.494772926+08:00 - INFO - Graceful shutdown completed successfully.
