2024-06-16T04:02:07.835421917+08:00 - INFO - Database migrations executed successfully
2024-06-16T04:02:07.835588716+08:00 - INFO - Found warehouse: "hzzKxV6j0bMuwOssBtFulh31LQa6E3cyzwlhRvLWJorw5xAcREh7stVysP5Bn9Jhq9PZVjJS2JYQ/DZbyVuVnQ=="
2024-06-16T04:02:07.835809533+08:00 - INFO - Local peer id: PeerId("12D3KooWS2kNPFhxzG3rN9k8xQjkYQNkMHcsgk2VMVDqcyzL5YZJ")
2024-06-16T04:02:07.844584755+08:00 - WARN - Warning: BOOTSTRAP_PEER_ID environment variable is not set
2024-06-16T04:02:07.844672093+08:00 - WARN - Warning: BOOTSTRAP_ADDR environment variable is not set
2024-06-16T04:02:07.844719338+08:00 - WARN - Warning: LISTENING_ADDR environment variable is not set, using default value:/ip4/0.0.0.0/tcp/12345
2024-06-16T04:02:07.844765208+08:00 - WARN - BOOTSTRAP_ADDR environment variable is not set,run as bootstrap node
2024-06-16T04:02:07.845198617+08:00 - INFO - creating instance on iface 10.0.0.101
2024-06-16T04:02:07.853791318+08:00 - INFO - 🔧 Configured for [4mdebug[0m.
2024-06-16T04:02:07.853839714+08:00 - INFO - address: [1;39m127.0.0.1[0m
2024-06-16T04:02:07.853860424+08:00 - INFO - port: [1;39m0[0m
2024-06-16T04:02:07.853876478+08:00 - INFO - workers: [1;39m8[0m
2024-06-16T04:02:07.853892520+08:00 - INFO - max blocking threads: [1;39m512[0m
2024-06-16T04:02:07.853911752+08:00 - INFO - ident: [1;39mRocket[0m
2024-06-16T04:02:07.853930723+08:00 - INFO - IP header: [1;39mX-Real-IP[0m
2024-06-16T04:02:07.853951066+08:00 - INFO - limits: [1;39mbytes = 8KiB, data-form = 2MiB, file = 1MiB, form = 32KiB, json = 1MiB, msgpack = 1MiB, string = 8KiB[0m
2024-06-16T04:02:07.853971862+08:00 - INFO - temp dir: [1;39m/tmp[0m
2024-06-16T04:02:07.853988162+08:00 - INFO - http/2: [1;39mtrue[0m
2024-06-16T04:02:07.854005430+08:00 - INFO - keep-alive: [1;39m5[0m[1;39ms[0m
2024-06-16T04:02:07.854022052+08:00 - INFO - tls: [1;39mdisabled[0m
2024-06-16T04:02:07.854042772+08:00 - INFO - shutdown: [1;39mctrlc = true, force = true, signals = [SIGTERM], grace = 2s, mercy = 3s[0m
2024-06-16T04:02:07.854061878+08:00 - INFO - log level: [1;39mnormal[0m
2024-06-16T04:02:07.854079082+08:00 - INFO - cli colors: [1;39mtrue[0m
2024-06-16T04:02:07.854177714+08:00 - INFO - 📬 [35mRoutes[0m:
2024-06-16T04:02:07.854268871+08:00 - INFO - [36m([0m[39mindex[0m[36m)[0m [32mGET[0m [34m/[0m
2024-06-16T04:02:07.854311193+08:00 - INFO - [36m([0m[39mlogin[0m[36m)[0m [32mPOST[0m [4;34m/api[0m[34m/login[0m
2024-06-16T04:02:07.854339578+08:00 - INFO - [36m([0m[39moptions_login[0m[36m)[0m [32mOPTIONS[0m [4;34m/api[0m[34m/login[0m
2024-06-16T04:02:07.854364331+08:00 - INFO - [36m([0m[39msignup[0m[36m)[0m [32mPOST[0m [4;34m/api[0m[34m/signup[0m
2024-06-16T04:02:07.854390957+08:00 - INFO - [36m([0m[39moptions_signup[0m[36m)[0m [32mOPTIONS[0m [4;34m/api[0m[34m/signup[0m
2024-06-16T04:02:07.854420156+08:00 - INFO - [36m([0m[39mcreate_product[0m[36m)[0m [32mPOST[0m [4;34m/api[0m[34m/products[0m [33mapplication/json[0m
2024-06-16T04:02:07.854450301+08:00 - INFO - [36m([0m[39mget_products[0m[36m)[0m [32mGET[0m [4;34m/api[0m[34m/products?<start>&<end>&<categories_name>[0m
2024-06-16T04:02:07.854475252+08:00 - INFO - [36m([0m[39mprotected_route[0m[36m)[0m [32mGET[0m [4;34m/api[0m[34m/protected[0m
2024-06-16T04:02:07.854505848+08:00 - INFO - [36m([0m[39mget_warehouses[0m[36m)[0m [32mGET[0m [4;34m/api[0m[34m/warehouses[0m
2024-06-16T04:02:07.854531055+08:00 - INFO - [36m([0m[39mcreate_warehouse[0m[36m)[0m [32mPOST[0m [4;34m/api[0m[34m/warehouses[0m [33mapplication/json[0m
2024-06-16T04:02:07.854561442+08:00 - INFO - [36m([0m[39mcreate_category[0m[36m)[0m [32mPOST[0m [4;34m/api[0m[34m/categories[0m [33mapplication/json[0m
2024-06-16T04:02:07.854582864+08:00 - INFO - [32mGET[0m [4;34m/cors[0m[34m/<status>[0m
2024-06-16T04:02:07.854614559+08:00 - INFO - 📡 [35mFairings[0m:
2024-06-16T04:02:07.854636274+08:00 - INFO - [1;39mAdmin Initialization[0m ([1;34mignite[0m)
2024-06-16T04:02:07.854653320+08:00 - INFO - [1;39m'sqlite_db' Database Pool[0m ([1;34mignite[0m)
2024-06-16T04:02:07.854698117+08:00 - INFO - [1;39mCORS[0m ([1;34mignite, request, response[0m)
2024-06-16T04:02:07.854735459+08:00 - INFO - [1;39mShield[0m ([1;34mliftoff, response, singleton[0m)
2024-06-16T04:02:07.854915131+08:00 - INFO - 🛡️ [35mShield[0m:
2024-06-16T04:02:07.854939365+08:00 - INFO - X-Content-Type-Options: [39mnosniff[0m
2024-06-16T04:02:07.854960612+08:00 - INFO - X-Frame-Options: [39mSAMEORIGIN[0m
2024-06-16T04:02:07.854973142+08:00 - INFO - Permissions-Policy: [39minterest-cohort=()[0m
2024-06-16T04:02:07.855007824+08:00 - WARN - 🚀 [1;39mRocket has launched from [4mhttp://127.0.0.1:43149[0m
2024-06-16T04:02:07.855116235+08:00 - WARN - Rocket is executing inside of a custom runtime.
2024-06-16T04:02:07.855143555+08:00 - INFO - Rocket's runtime is enabled via `#[rocket::main]` or `#[launch]`.
2024-06-16T04:02:07.855163846+08:00 - INFO - Forced shutdown is disabled. Runtime settings may be suboptimal.
2024-06-16T04:02:29.673270995+08:00 - INFO - [32mPOST[0m [34m/api/signup[0m [33mapplication/json[0m:
2024-06-16T04:02:29.673380523+08:00 - INFO - Matched: [36m([0m[39msignup[0m[36m)[0m [32mPOST[0m [4;34m/api[0m[34m/signup[0m
2024-06-16T04:02:29.673736860+08:00 - WARN - Request guard `JwtToken` failed: ().
2024-06-16T04:02:29.673816622+08:00 - INFO - [1;39mOutcome: [0m[31mError[0m([39m401 Unauthorized[0m)
2024-06-16T04:02:29.673867733+08:00 - WARN - No [1;34m401[0m catcher registered. Using Rocket default.
2024-06-16T04:02:29.674084480+08:00 - INFO - [32mResponse succeeded.[0m
2024-06-16T04:03:02.747159388+08:00 - INFO - [32mPOST[0m [34m/api/login[0m [33mapplication/json[0m:
2024-06-16T04:03:02.747249615+08:00 - INFO - Matched: [36m([0m[39mlogin[0m[36m)[0m [32mPOST[0m [4;34m/api[0m[34m/login[0m
2024-06-16T04:03:02.747962254+08:00 - INFO - [1;39mOutcome: [0m[32mSuccess[0m([39m200 OK[0m)
2024-06-16T04:03:02.748138084+08:00 - INFO - [32mResponse succeeded.[0m
2024-06-16T04:03:14.646667283+08:00 - INFO - [32mPOST[0m [34m/api/signup[0m [33mapplication/json[0m:
2024-06-16T04:03:14.646806691+08:00 - INFO - Matched: [36m([0m[39msignup[0m[36m)[0m [32mPOST[0m [4;34m/api[0m[34m/signup[0m
2024-06-16T04:03:14.647557601+08:00 - INFO - [1;39mOutcome: [0m[32mSuccess[0m([39m200 OK[0m)
2024-06-16T04:03:14.647756271+08:00 - INFO - [32mResponse succeeded.[0m
2024-06-16T04:08:31.605499109+08:00 - WARN - Received shutdown signal, shutting down...
2024-06-16T04:08:31.605605674+08:00 - WARN - Received SIGINT. Requesting shutdown.
2024-06-16T04:08:31.605652435+08:00 - INFO - Waiting for tasks to finish...
2024-06-16T04:08:31.605704227+08:00 - INFO - Shutdown requested. Waiting for pending I/O...
2024-06-16T04:08:31.605802321+08:00 - INFO - Graceful shutdown completed successfully.
