2024-06-16T00:48:43.149306065+08:00 - INFO - Database migrations executed successfully
2024-06-16T00:48:43.149479967+08:00 - INFO - Found warehouse: "9M5zxJECOyCWxTl+u68Cq9Sqs2OmPApG+08CwVue1isvmO50OS39Y/VEBd94sJoLNmrf/5LoGXRnwiRI4NeGHA=="
2024-06-16T00:48:43.149649795+08:00 - INFO - Local peer id: PeerId("12D3KooWD2Aapi8KSuBgzRmpGSVom9Zq9GzgjqXiYexmozjtGa2w")
2024-06-16T00:48:43.158555914+08:00 - WARN - Warning: BOOTSTRAP_PEER_ID environment variable is not set
2024-06-16T00:48:43.158634933+08:00 - WARN - Warning: BOOTSTRAP_ADDR environment variable is not set
2024-06-16T00:48:43.158654081+08:00 - WARN - Warning: LISTENING_ADDR environment variable is not set, using default value:/ip4/0.0.0.0/tcp/12345
2024-06-16T00:48:43.158718649+08:00 - WARN - BOOTSTRAP_ADDR environment variable is not set,run as bootstrap node
2024-06-16T00:48:43.159202091+08:00 - INFO - creating instance on iface 10.0.0.101
2024-06-16T00:48:43.170844540+08:00 - INFO - 🔧 Configured for [4mdebug[0m.
2024-06-16T00:48:43.170915442+08:00 - INFO - address: [1;39m127.0.0.1[0m
2024-06-16T00:48:43.170940490+08:00 - INFO - port: [1;39m0[0m
2024-06-16T00:48:43.170966876+08:00 - INFO - workers: [1;39m8[0m
2024-06-16T00:48:43.170995789+08:00 - INFO - max blocking threads: [1;39m512[0m
2024-06-16T00:48:43.171021247+08:00 - INFO - ident: [1;39mRocket[0m
2024-06-16T00:48:43.171047981+08:00 - INFO - IP header: [1;39mX-Real-IP[0m
2024-06-16T00:48:43.171080949+08:00 - INFO - limits: [1;39mbytes = 8KiB, data-form = 2MiB, file = 1MiB, form = 32KiB, json = 1MiB, msgpack = 1MiB, string = 8KiB[0m
2024-06-16T00:48:43.171121671+08:00 - INFO - temp dir: [1;39m/tmp[0m
2024-06-16T00:48:43.171140728+08:00 - INFO - http/2: [1;39mtrue[0m
2024-06-16T00:48:43.171167781+08:00 - INFO - keep-alive: [1;39m5[0m[1;39ms[0m
2024-06-16T00:48:43.171203315+08:00 - INFO - tls: [1;39mdisabled[0m
2024-06-16T00:48:43.171222714+08:00 - INFO - shutdown: [1;39mctrlc = true, force = true, signals = [SIGTERM], grace = 2s, mercy = 3s[0m
2024-06-16T00:48:43.171250747+08:00 - INFO - log level: [1;39mnormal[0m
2024-06-16T00:48:43.171271446+08:00 - INFO - cli colors: [1;39mtrue[0m
2024-06-16T00:48:43.171414275+08:00 - INFO - 📬 [35mRoutes[0m:
2024-06-16T00:48:43.171552093+08:00 - INFO - [36m([0m[39mindex[0m[36m)[0m [32mGET[0m [34m/[0m
2024-06-16T00:48:43.171609793+08:00 - INFO - [36m([0m[39mlogin[0m[36m)[0m [32mPOST[0m [4;34m/api[0m[34m/login[0m
2024-06-16T00:48:43.171642869+08:00 - INFO - [36m([0m[39moptions_login[0m[36m)[0m [32mOPTIONS[0m [4;34m/api[0m[34m/login[0m
2024-06-16T00:48:43.171690784+08:00 - INFO - [36m([0m[39msignup[0m[36m)[0m [32mPOST[0m [4;34m/api[0m[34m/signup[0m
2024-06-16T00:48:43.171795212+08:00 - INFO - [36m([0m[39mcreate_product[0m[36m)[0m [32mPOST[0m [4;34m/api[0m[34m/products[0m [33mapplication/json[0m
2024-06-16T00:48:43.171840896+08:00 - INFO - [36m([0m[39mget_products[0m[36m)[0m [32mGET[0m [4;34m/api[0m[34m/products?<start>&<end>&<categories_name>[0m
2024-06-16T00:48:43.171874145+08:00 - INFO - [36m([0m[39mprotected_route[0m[36m)[0m [32mGET[0m [4;34m/api[0m[34m/protected[0m
2024-06-16T00:48:43.171895512+08:00 - INFO - [36m([0m[39mget_warehouses[0m[36m)[0m [32mGET[0m [4;34m/api[0m[34m/warehouses[0m
2024-06-16T00:48:43.171920919+08:00 - INFO - [36m([0m[39mcreate_warehouse[0m[36m)[0m [32mPOST[0m [4;34m/api[0m[34m/warehouses[0m [33mapplication/json[0m
2024-06-16T00:48:43.171944920+08:00 - INFO - [36m([0m[39mcreate_category[0m[36m)[0m [32mPOST[0m [4;34m/api[0m[34m/categories[0m [33mapplication/json[0m
2024-06-16T00:48:43.171972547+08:00 - INFO - [32mGET[0m [4;34m/cors[0m[34m/<status>[0m
2024-06-16T00:48:43.172003670+08:00 - INFO - 📡 [35mFairings[0m:
2024-06-16T00:48:43.172038733+08:00 - INFO - [1;39m'sqlite_db' Database Pool[0m ([1;34mignite[0m)
2024-06-16T00:48:43.172073463+08:00 - INFO - [1;39mAdmin Initialization[0m ([1;34mignite[0m)
2024-06-16T00:48:43.172109313+08:00 - INFO - [1;39mCORS[0m ([1;34mignite, request, response[0m)
2024-06-16T00:48:43.172186862+08:00 - INFO - [1;39mShield[0m ([1;34mliftoff, response, singleton[0m)
2024-06-16T00:48:43.172483255+08:00 - INFO - 🛡️ [35mShield[0m:
2024-06-16T00:48:43.172524276+08:00 - INFO - X-Frame-Options: [39mSAMEORIGIN[0m
2024-06-16T00:48:43.172553127+08:00 - INFO - X-Content-Type-Options: [39mnosniff[0m
2024-06-16T00:48:43.172582364+08:00 - INFO - Permissions-Policy: [39minterest-cohort=()[0m
2024-06-16T00:48:43.172624101+08:00 - WARN - 🚀 [1;39mRocket has launched from [4mhttp://127.0.0.1:37245[0m
2024-06-16T00:48:43.172865093+08:00 - WARN - Rocket is executing inside of a custom runtime.
2024-06-16T00:48:43.172928562+08:00 - INFO - Rocket's runtime is enabled via `#[rocket::main]` or `#[launch]`.
2024-06-16T00:48:43.172952790+08:00 - INFO - Forced shutdown is disabled. Runtime settings may be suboptimal.
2024-06-16T00:49:43.300058786+08:00 - INFO - [32mOPTIONS[0m [34m/api/signup[0m:
2024-06-16T00:49:43.300156889+08:00 - ERROR - No matching routes for [32mOPTIONS[0m [34m/api/signup[0m.
2024-06-16T00:49:43.300191806+08:00 - WARN - No [1;34m404[0m catcher registered. Using Rocket default.
2024-06-16T00:49:43.300383703+08:00 - INFO - CORS Fairing: Turned missing route [32mOPTIONS[0m [34m/api/signup[0m into an OPTIONS pre-flight request
2024-06-16T00:49:43.300516213+08:00 - INFO - [32mResponse succeeded.[0m
2024-06-16T00:49:43.338032715+08:00 - INFO - [32mPOST[0m [34m/api/signup[0m [33mapplication/json[0m:
2024-06-16T00:49:43.338121752+08:00 - INFO - Matched: [36m([0m[39msignup[0m[36m)[0m [32mPOST[0m [4;34m/api[0m[34m/signup[0m
2024-06-16T00:49:43.338420862+08:00 - WARN - Request guard `JwtToken` failed: ().
2024-06-16T00:49:43.338485347+08:00 - INFO - [1;39mOutcome: [0m[31mError[0m([39m401 Unauthorized[0m)
2024-06-16T00:49:43.338513831+08:00 - WARN - No [1;34m401[0m catcher registered. Using Rocket default.
2024-06-16T00:49:43.338752069+08:00 - INFO - [32mResponse succeeded.[0m
2024-06-16T00:52:25.173957815+08:00 - INFO - [32mOPTIONS[0m [34m/api/login[0m:
2024-06-16T00:52:25.174065038+08:00 - INFO - Matched: [36m([0m[39moptions_login[0m[36m)[0m [32mOPTIONS[0m [4;34m/api[0m[34m/login[0m
2024-06-16T00:52:25.174108097+08:00 - INFO - [1;39mOutcome: [0m[32mSuccess[0m([39m200 OK[0m)
2024-06-16T00:52:25.174326030+08:00 - INFO - [32mResponse succeeded.[0m
2024-06-16T00:52:25.178796812+08:00 - INFO - [32mPOST[0m [34m/api/login[0m [33mapplication/json[0m:
2024-06-16T00:52:25.178898252+08:00 - INFO - Matched: [36m([0m[39mlogin[0m[36m)[0m [32mPOST[0m [4;34m/api[0m[34m/login[0m
2024-06-16T00:52:25.179534385+08:00 - INFO - [1;39mOutcome: [0m[32mSuccess[0m([39m200 OK[0m)
2024-06-16T00:52:25.179710631+08:00 - INFO - [32mResponse succeeded.[0m
2024-06-16T00:52:34.637350883+08:00 - INFO - [32mOPTIONS[0m [34m/api/signup[0m:
2024-06-16T00:52:34.637496009+08:00 - ERROR - No matching routes for [32mOPTIONS[0m [34m/api/signup[0m.
2024-06-16T00:52:34.637552217+08:00 - WARN - No [1;34m404[0m catcher registered. Using Rocket default.
2024-06-16T00:52:34.637756528+08:00 - INFO - CORS Fairing: Turned missing route [32mOPTIONS[0m [34m/api/signup[0m into an OPTIONS pre-flight request
2024-06-16T00:52:34.637884788+08:00 - INFO - [32mResponse succeeded.[0m
2024-06-16T00:52:34.642325826+08:00 - INFO - [32mPOST[0m [34m/api/signup[0m [33mapplication/json[0m:
2024-06-16T00:52:34.642420536+08:00 - INFO - Matched: [36m([0m[39msignup[0m[36m)[0m [32mPOST[0m [4;34m/api[0m[34m/signup[0m
2024-06-16T00:52:34.642605333+08:00 - WARN - Request guard `JwtToken` failed: ().
2024-06-16T00:52:34.642692409+08:00 - INFO - [1;39mOutcome: [0m[31mError[0m([39m401 Unauthorized[0m)
2024-06-16T00:52:34.642751914+08:00 - WARN - No [1;34m401[0m catcher registered. Using Rocket default.
2024-06-16T00:52:34.642978392+08:00 - INFO - [32mResponse succeeded.[0m
2024-06-16T00:54:47.870708471+08:00 - WARN - Received SIGINT. Requesting shutdown.
2024-06-16T00:54:47.870784120+08:00 - WARN - Received shutdown signal, shutting down...
2024-06-16T00:54:47.870985293+08:00 - INFO - Shutdown requested. Waiting for pending I/O...
2024-06-16T00:54:47.871035127+08:00 - INFO - Waiting for tasks to finish...
