2024-11-24T05:12:36.847780700+08:00 - INFO - Database migrations executed successfully
2024-11-24T05:12:36.851895400+08:00 - INFO - Found warehouse: Some("6/xh5a6lKRH3rDzPhyO9VIukTJ0IuhADe/3eODMxbf8MztWSe4OYi8pwgizdjo0Di3MgMKEXDbOXPw5aK43LgA==")
2024-11-24T05:12:36.852304100+08:00 - INFO - Local peer id: PeerId("12D3KooWAgMzAhJ6CmCw8R6JNC9mAwqKJyYroZp7Ra2q198VozUF")
2024-11-24T05:12:36.899543300+08:00 - WARN - Warning: BOOTSTRAP_PEER_ID environment variable is not set
2024-11-24T05:12:36.899768700+08:00 - WARN - Warning: BOOTSTRAP_ADDR environment variable is not set
2024-11-24T05:12:36.901131700+08:00 - WARN - Warning: LISTENING_ADDR environment variable is not set, using default value:/ip4/0.0.0.0/tcp/12345
2024-11-24T05:12:36.901318100+08:00 - WARN - BOOTSTRAP_ADDR environment variable is not set,run as bootstrap node
2024-11-24T05:12:36.913976200+08:00 - INFO - creating instance on iface 10.10.10.2
2024-11-24T05:12:36.914802800+08:00 - INFO - creating instance on iface 198.18.0.1
2024-11-24T05:12:36.915162800+08:00 - INFO - creating instance on iface 10.1.0.168
2024-11-24T05:12:36.924443800+08:00 - INFO - Configured for [4mdebug[0m.
2024-11-24T05:12:36.924659900+08:00 - INFO - address: [1;39m127.0.0.1[0m
2024-11-24T05:12:36.924800500+08:00 - INFO - port: [1;39m0[0m
2024-11-24T05:12:36.924971100+08:00 - INFO - workers: [1;39m20[0m
2024-11-24T05:12:36.925433700+08:00 - INFO - max blocking threads: [1;39m512[0m
2024-11-24T05:12:36.925826100+08:00 - INFO - ident: [1;39mRocket[0m
2024-11-24T05:12:36.925939100+08:00 - INFO - Found warehouse: Some("6/xh5a6lKRH3rDzPhyO9VIukTJ0IuhADe/3eODMxbf8MztWSe4OYi8pwgizdjo0Di3MgMKEXDbOXPw5aK43LgA==")
2024-11-24T05:12:36.926098700+08:00 - INFO - IP header: [1;39mX-Real-IP[0m
2024-11-24T05:12:36.926275700+08:00 - INFO - limits: [1;39mbytes = 8KiB, data-form = 2MiB, file = 1MiB, form = 32KiB, json = 1MiB, msgpack = 1MiB, string = 8KiB[0m
2024-11-24T05:12:36.926383300+08:00 - INFO - temp dir: [1;39mC:\Users\kevin\AppData\Local\Temp\[0m
2024-11-24T05:12:36.926469300+08:00 - INFO - Sent discovery broadcast
2024-11-24T05:12:36.926637900+08:00 - INFO - http/2: [1;39mtrue[0m
2024-11-24T05:12:36.926731200+08:00 - INFO - keep-alive: [1;39m5[0m[1;39ms[0m
2024-11-24T05:12:36.926807600+08:00 - INFO - tls: [1;39mdisabled[0m
2024-11-24T05:12:36.926921700+08:00 - INFO - shutdown: [1;39mctrlc = true, force = true, grace = 2s, mercy = 3s[0m
2024-11-24T05:12:36.927055700+08:00 - INFO - log level: [1;39mnormal[0m
2024-11-24T05:12:36.927169200+08:00 - INFO - cli colors: [1;39mtrue[0m
2024-11-24T05:12:36.927414+08:00 - INFO - [35mFairings[0m:
2024-11-24T05:12:36.927550900+08:00 - INFO - [1;39m'sqlite_db' Database Pool[0m ([1;34mignite[0m)
2024-11-24T05:12:36.927648+08:00 - INFO - [1;39mShield[0m ([1;34mliftoff, response, singleton[0m)
2024-11-24T05:12:36.927754500+08:00 - INFO - [1;39mAdmin Initialization[0m ([1;34mignite[0m)
2024-11-24T05:12:36.928249100+08:00 - INFO - [35mShield[0m:
2024-11-24T05:12:36.928837500+08:00 - INFO - X-Frame-Options: [39mSAMEORIGIN[0m
2024-11-24T05:12:36.928942300+08:00 - INFO - Permissions-Policy: [39minterest-cohort=()[0m
2024-11-24T05:12:36.929058900+08:00 - INFO - X-Content-Type-Options: [39mnosniff[0m
2024-11-24T05:12:36.929178700+08:00 - WARN - [1;39mRocket has launched from [4mhttp://127.0.0.1:8756[0m
2024-11-24T05:12:36.929531600+08:00 - WARN - Rocket is executing inside of a custom runtime.
2024-11-24T05:12:36.929700200+08:00 - INFO - Rocket's runtime is enabled via `#[rocket::main]` or `#[launch]`.
2024-11-24T05:12:36.929797700+08:00 - INFO - Forced shutdown is disabled. Runtime settings may be suboptimal.
2024-11-24T05:12:46.913575400+08:00 - INFO - Sending periodic debug message...
2024-11-24T05:12:46.914021+08:00 - INFO - Successfully sent periodic message
2024-11-24T05:12:46.914232200+08:00 - INFO - Processing message for topic: Topic("example_topic")
2024-11-24T05:12:46.914885600+08:00 - INFO - Found warehouse: Some("6/xh5a6lKRH3rDzPhyO9VIukTJ0IuhADe/3eODMxbf8MztWSe4OYi8pwgizdjo0Di3MgMKEXDbOXPw5aK43LgA==")
2024-11-24T05:12:46.915448200+08:00 - INFO - Message sent through swarm
2024-11-24T05:12:46.916334600+08:00 - INFO - Found warehouse: Some("6/xh5a6lKRH3rDzPhyO9VIukTJ0IuhADe/3eODMxbf8MztWSe4OYi8pwgizdjo0Di3MgMKEXDbOXPw5aK43LgA==")
2024-11-24T05:12:46.916513900+08:00 - INFO - Sent discovery broadcast
2024-11-24T05:12:48.018038300+08:00 - WARN - Received shutdown signal, shutting down...
2024-11-24T05:12:48.018171100+08:00 - WARN - Received SIGINT. Requesting shutdown.
2024-11-24T05:12:48.018341100+08:00 - INFO - Shutting down debug message sender...
2024-11-24T05:12:48.018527300+08:00 - INFO - Waiting for tasks to finish...
2024-11-24T05:12:48.018781700+08:00 - INFO - Shutdown requested. Waiting for pending I/O...
2024-11-24T05:12:48.019021100+08:00 - INFO - Shutting down swarm...
2024-11-24T05:12:48.019107300+08:00 - INFO - Graceful shutdown completed successfully.
