2024-06-14T14:12:00.377127430+08:00 - INFO - Database migrations executed successfully
2024-06-14T14:12:00.377563153+08:00 - INFO - Found warehouse: "o7qF4zfqNZC+pJyKkdyjT6jOJn6Zr7jD3FQp9JXfvw5b9/vB5DyZcYTnQ0XFCL0qWv6UZchbiqFxykyG4XMpwg=="
2024-06-14T14:12:00.377757100+08:00 - INFO - Local peer id: PeerId("12D3KooWG1Nb1HFP5h4szmHwzCJHXeQiSjaBrUpSFTdmkWYGfXVs")
2024-06-14T14:12:00.386400932+08:00 - WARN - Warning: BOOTSTRAP_PEER_ID environment variable is not set
2024-06-14T14:12:00.386491357+08:00 - WARN - Warning: BOOTSTRAP_ADDR environment variable is not set
2024-06-14T14:12:00.386526478+08:00 - WARN - Warning: LISTENING_ADDR environment variable is not set, using default value:/ip4/0.0.0.0/tcp/12345
2024-06-14T14:12:00.386589566+08:00 - WARN - BOOTSTRAP_ADDR environment variable is not set,run as bootstrap node
2024-06-14T14:12:00.387005652+08:00 - INFO - creating instance on iface 10.0.0.101
2024-06-14T14:12:00.396319601+08:00 - INFO - 🔧 Configured for [4mdebug[0m.
2024-06-14T14:12:00.396371481+08:00 - INFO - address: [1;39m127.0.0.1[0m
2024-06-14T14:12:00.396389098+08:00 - INFO - port: [1;39m0[0m
2024-06-14T14:12:00.396403759+08:00 - INFO - workers: [1;39m8[0m
2024-06-14T14:12:00.396419556+08:00 - INFO - max blocking threads: [1;39m512[0m
2024-06-14T14:12:00.396436309+08:00 - INFO - ident: [1;39mRocket[0m
2024-06-14T14:12:00.396456564+08:00 - INFO - IP header: [1;39mX-Real-IP[0m
2024-06-14T14:12:00.396474486+08:00 - INFO - limits: [1;39mbytes = 8KiB, data-form = 2MiB, file = 1MiB, form = 32KiB, json = 1MiB, msgpack = 1MiB, string = 8KiB[0m
2024-06-14T14:12:00.396498675+08:00 - INFO - temp dir: [1;39m/tmp[0m
2024-06-14T14:12:00.396515168+08:00 - INFO - http/2: [1;39mtrue[0m
2024-06-14T14:12:00.396532734+08:00 - INFO - keep-alive: [1;39m5[0m[1;39ms[0m
2024-06-14T14:12:00.396545750+08:00 - INFO - tls: [1;39mdisabled[0m
2024-06-14T14:12:00.396567291+08:00 - INFO - shutdown: [1;39mctrlc = true, force = true, signals = [SIGTERM], grace = 2s, mercy = 3s[0m
2024-06-14T14:12:00.396580914+08:00 - INFO - log level: [1;39mnormal[0m
2024-06-14T14:12:00.396598913+08:00 - INFO - cli colors: [1;39mtrue[0m
2024-06-14T14:12:00.396699595+08:00 - INFO - 📬 [35mRoutes[0m:
2024-06-14T14:12:00.396762482+08:00 - INFO - [36m([0m[39mindex[0m[36m)[0m [32mGET[0m [34m/[0m
2024-06-14T14:12:00.396798750+08:00 - INFO - [36m([0m[39mcreate_product[0m[36m)[0m [32mPOST[0m [4;34m/api[0m[34m/products[0m [33mapplication/json[0m
2024-06-14T14:12:00.396826630+08:00 - INFO - [36m([0m[39mget_warehouses[0m[36m)[0m [32mGET[0m [4;34m/api[0m[34m/warehouses[0m
2024-06-14T14:12:00.396857310+08:00 - INFO - [36m([0m[39mcreate_warehouse[0m[36m)[0m [32mPOST[0m [4;34m/api[0m[34m/warehouses[0m [33mapplication/json[0m
2024-06-14T14:12:00.396884365+08:00 - INFO - [36m([0m[39mcreate_category[0m[36m)[0m [32mPOST[0m [4;34m/api[0m[34m/categories[0m [33mapplication/json[0m
2024-06-14T14:12:00.396916666+08:00 - INFO - 📡 [35mFairings[0m:
2024-06-14T14:12:00.396927163+08:00 - INFO - [1;39mAdmin Initialization[0m ([1;34mignite[0m)
2024-06-14T14:12:00.396948286+08:00 - INFO - [1;39m'sqlite_db' Database Pool[0m ([1;34mignite[0m)
2024-06-14T14:12:00.396962884+08:00 - INFO - [1;39mShield[0m ([1;34mliftoff, response, singleton[0m)
2024-06-14T14:12:00.397115794+08:00 - INFO - 🛡️ [35mShield[0m:
2024-06-14T14:12:00.397143183+08:00 - INFO - X-Frame-Options: [39mSAMEORIGIN[0m
2024-06-14T14:12:00.397156077+08:00 - INFO - X-Content-Type-Options: [39mnosniff[0m
2024-06-14T14:12:00.397181724+08:00 - INFO - Permissions-Policy: [39minterest-cohort=()[0m
2024-06-14T14:12:00.397208554+08:00 - WARN - 🚀 [1;39mRocket has launched from [4mhttp://127.0.0.1:33079[0m
2024-06-14T14:12:00.397318070+08:00 - WARN - Rocket is executing inside of a custom runtime.
2024-06-14T14:12:00.397366596+08:00 - INFO - Rocket's runtime is enabled via `#[rocket::main]` or `#[launch]`.
2024-06-14T14:12:00.397396566+08:00 - INFO - Forced shutdown is disabled. Runtime settings may be suboptimal.
2024-06-14T14:12:30.731565972+08:00 - WARN - Received shutdown signal, shutting down...
2024-06-14T14:12:30.731679191+08:00 - WARN - Received SIGINT. Requesting shutdown.
2024-06-14T14:12:30.731717177+08:00 - INFO - Waiting for tasks to finish...
2024-06-14T14:12:30.731778680+08:00 - INFO - Shutdown requested. Waiting for pending I/O...
2024-06-14T14:12:30.731862162+08:00 - INFO - Graceful shutdown completed successfully.
