2024-06-15T19:32:49.760078408+08:00 - INFO - Database migrations executed successfully
2024-06-15T19:32:49.760245915+08:00 - INFO - Found warehouse: "CEWlCIUrCz31kJTrz+N0W6DrwmzHU2Rhl6ZusemoG2gscCzJPkWoQ73+MipXtL3RTvym3LGYKmgECIEoBTQpxw=="
2024-06-15T19:32:49.760428443+08:00 - INFO - Local peer id: PeerId("12D3KooWCoqKFwVYFYE48VxrWumQL2oypVKfDELYHEya6ZdEDZRg")
2024-06-15T19:32:49.769019076+08:00 - WARN - Warning: BOOTSTRAP_PEER_ID environment variable is not set
2024-06-15T19:32:49.769086930+08:00 - WARN - Warning: BOOTSTRAP_ADDR environment variable is not set
2024-06-15T19:32:49.769102654+08:00 - WARN - Warning: LISTENING_ADDR environment variable is not set, using default value:/ip4/0.0.0.0/tcp/12345
2024-06-15T19:32:49.769145477+08:00 - WARN - BOOTSTRAP_ADDR environment variable is not set,run as bootstrap node
2024-06-15T19:32:49.769597830+08:00 - INFO - creating instance on iface 10.0.0.101
2024-06-15T19:32:49.777510892+08:00 - INFO - 🔧 Configured for [4mdebug[0m.
2024-06-15T19:32:49.777553894+08:00 - INFO - address: [1;39m127.0.0.1[0m
2024-06-15T19:32:49.777571799+08:00 - INFO - port: [1;39m0[0m
2024-06-15T19:32:49.777588750+08:00 - INFO - workers: [1;39m8[0m
2024-06-15T19:32:49.777604786+08:00 - INFO - max blocking threads: [1;39m512[0m
2024-06-15T19:32:49.777622036+08:00 - INFO - ident: [1;39mRocket[0m
2024-06-15T19:32:49.777639802+08:00 - INFO - IP header: [1;39mX-Real-IP[0m
2024-06-15T19:32:49.777660501+08:00 - INFO - limits: [1;39mbytes = 8KiB, data-form = 2MiB, file = 1MiB, form = 32KiB, json = 1MiB, msgpack = 1MiB, string = 8KiB[0m
2024-06-15T19:32:49.777682921+08:00 - INFO - temp dir: [1;39m/tmp[0m
2024-06-15T19:32:49.777695666+08:00 - INFO - http/2: [1;39mtrue[0m
2024-06-15T19:32:49.777713164+08:00 - INFO - keep-alive: [1;39m5[0m[1;39ms[0m
2024-06-15T19:32:49.777732114+08:00 - INFO - tls: [1;39mdisabled[0m
2024-06-15T19:32:49.777748050+08:00 - INFO - shutdown: [1;39mctrlc = true, force = true, signals = [SIGTERM], grace = 2s, mercy = 3s[0m
2024-06-15T19:32:49.777768143+08:00 - INFO - log level: [1;39mnormal[0m
2024-06-15T19:32:49.777781753+08:00 - INFO - cli colors: [1;39mtrue[0m
2024-06-15T19:32:49.777887789+08:00 - INFO - 📬 [35mRoutes[0m:
2024-06-15T19:32:49.777967163+08:00 - INFO - [36m([0m[39mindex[0m[36m)[0m [32mGET[0m [34m/[0m
2024-06-15T19:32:49.778011740+08:00 - INFO - [36m([0m[39mlogin[0m[36m)[0m [32mPOST[0m [4;34m/api[0m[34m/login[0m
2024-06-15T19:32:49.778035431+08:00 - INFO - [36m([0m[39moptions_login[0m[36m)[0m [32mOPTIONS[0m [4;34m/api[0m[34m/login[0m
2024-06-15T19:32:49.778068588+08:00 - INFO - [36m([0m[39mcreate_product[0m[36m)[0m [32mPOST[0m [4;34m/api[0m[34m/products[0m [33mapplication/json[0m
2024-06-15T19:32:49.778090201+08:00 - INFO - [36m([0m[39mget_products[0m[36m)[0m [32mGET[0m [4;34m/api[0m[34m/products?<start>&<end>&<categories_name>[0m
2024-06-15T19:32:49.778121706+08:00 - INFO - [36m([0m[39mprotected_route[0m[36m)[0m [32mGET[0m [4;34m/api[0m[34m/protected[0m
2024-06-15T19:32:49.778148331+08:00 - INFO - [36m([0m[39mget_warehouses[0m[36m)[0m [32mGET[0m [4;34m/api[0m[34m/warehouses[0m
2024-06-15T19:32:49.778186248+08:00 - INFO - [36m([0m[39mcreate_warehouse[0m[36m)[0m [32mPOST[0m [4;34m/api[0m[34m/warehouses[0m [33mapplication/json[0m
2024-06-15T19:32:49.778217909+08:00 - INFO - [36m([0m[39mcreate_category[0m[36m)[0m [32mPOST[0m [4;34m/api[0m[34m/categories[0m [33mapplication/json[0m
2024-06-15T19:32:49.778250481+08:00 - INFO - [32mGET[0m [4;34m/cors[0m[34m/<status>[0m
2024-06-15T19:32:49.778280575+08:00 - INFO - 📡 [35mFairings[0m:
2024-06-15T19:32:49.778306292+08:00 - INFO - [1;39mAdmin Initialization[0m ([1;34mignite[0m)
2024-06-15T19:32:49.778321428+08:00 - INFO - [1;39m'sqlite_db' Database Pool[0m ([1;34mignite[0m)
2024-06-15T19:32:49.778341392+08:00 - INFO - [1;39mShield[0m ([1;34mliftoff, response, singleton[0m)
2024-06-15T19:32:49.778365123+08:00 - INFO - [1;39mCORS[0m ([1;34mignite, request, response[0m)
2024-06-15T19:32:49.778582845+08:00 - INFO - 🛡️ [35mShield[0m:
2024-06-15T19:32:49.778607910+08:00 - INFO - X-Content-Type-Options: [39mnosniff[0m
2024-06-15T19:32:49.778624887+08:00 - INFO - Permissions-Policy: [39minterest-cohort=()[0m
2024-06-15T19:32:49.778641891+08:00 - INFO - X-Frame-Options: [39mSAMEORIGIN[0m
2024-06-15T19:32:49.778678772+08:00 - WARN - 🚀 [1;39mRocket has launched from [4mhttp://127.0.0.1:46317[0m
2024-06-15T19:32:49.778774026+08:00 - WARN - Rocket is executing inside of a custom runtime.
2024-06-15T19:32:49.778807431+08:00 - INFO - Rocket's runtime is enabled via `#[rocket::main]` or `#[launch]`.
2024-06-15T19:32:49.778828797+08:00 - INFO - Forced shutdown is disabled. Runtime settings may be suboptimal.
2024-06-15T19:33:29.957475380+08:00 - INFO - [32mOPTIONS[0m [34m/api/login[0m:
2024-06-15T19:33:29.957614245+08:00 - INFO - Matched: [36m([0m[39moptions_login[0m[36m)[0m [32mOPTIONS[0m [4;34m/api[0m[34m/login[0m
2024-06-15T19:33:29.957684091+08:00 - INFO - [1;39mOutcome: [0m[32mSuccess[0m([39m200 OK[0m)
2024-06-15T19:33:29.957924789+08:00 - INFO - [32mResponse succeeded.[0m
2024-06-15T19:33:29.961769130+08:00 - INFO - [32mPOST[0m [34m/api/login[0m [33mapplication/json[0m:
2024-06-15T19:33:29.961839202+08:00 - INFO - Matched: [36m([0m[39mlogin[0m[36m)[0m [32mPOST[0m [4;34m/api[0m[34m/login[0m
2024-06-15T19:33:29.962393971+08:00 - INFO - [1;39mOutcome: [0m[31mError[0m([39m401 Unauthorized[0m)
2024-06-15T19:33:29.962440807+08:00 - WARN - No [1;34m401[0m catcher registered. Using Rocket default.
2024-06-15T19:33:29.962636573+08:00 - INFO - [32mResponse succeeded.[0m
2024-06-15T19:33:42.441526700+08:00 - INFO - floodsub Topic("dev") publish: ""
2024-06-15T19:33:52.627945084+08:00 - WARN - Received SIGINT. Requesting shutdown.
2024-06-15T19:33:52.628000553+08:00 - WARN - Received shutdown signal, shutting down...
2024-06-15T19:33:52.628020494+08:00 - INFO - Shutdown requested. Waiting for pending I/O...
2024-06-15T19:33:52.628034137+08:00 - INFO - Waiting for tasks to finish...
2024-06-15T19:33:52.628232594+08:00 - INFO - Graceful shutdown completed successfully.
