2024-06-09T19:59:18.124395788+08:00 - INFO - Database migrations executed successfully
2024-06-09T19:59:18.124549961+08:00 - INFO - Found warehouse: "o7qF4zfqNZC+pJyKkdyjT6jOJn6Zr7jD3FQp9JXfvw5b9/vB5DyZcYTnQ0XFCL0qWv6UZchbiqFxykyG4XMpwg=="
2024-06-09T19:59:18.124716417+08:00 - INFO - Local peer id: PeerId("12D3KooWG1Nb1HFP5h4szmHwzCJHXeQiSjaBrUpSFTdmkWYGfXVs")
2024-06-09T19:59:18.133793402+08:00 - WARN - Warning: BOOTSTRAP_PEER_ID environment variable is not set
2024-06-09T19:59:18.133876807+08:00 - WARN - Warning: BOOTSTRAP_ADDR environment variable is not set
2024-06-09T19:59:18.133891071+08:00 - INFO - Find LISTENING_ADDR "/ip4/0.0.0.0/tcp/12333"
2024-06-09T19:59:18.133938483+08:00 - WARN - BOOTSTRAP_ADDR environment variable is not set,run as bootstrap node
2024-06-09T19:59:18.134454577+08:00 - INFO - creating instance on iface 10.0.0.101
2024-06-09T19:59:18.142807332+08:00 - INFO - 🔧 Configured for [4mdebug[0m.
2024-06-09T19:59:18.142859198+08:00 - INFO - address: [1;39m127.0.0.1[0m
2024-06-09T19:59:18.142883128+08:00 - INFO - port: [1;39m0[0m
2024-06-09T19:59:18.142901818+08:00 - INFO - workers: [1;39m8[0m
2024-06-09T19:59:18.142921972+08:00 - INFO - max blocking threads: [1;39m512[0m
2024-06-09T19:59:18.142943167+08:00 - INFO - ident: [1;39mRocket[0m
2024-06-09T19:59:18.142964323+08:00 - INFO - IP header: [1;39mX-Real-IP[0m
2024-06-09T19:59:18.143013197+08:00 - INFO - limits: [1;39mbytes = 8KiB, data-form = 2MiB, file = 1MiB, form = 32KiB, json = 1MiB, msgpack = 1MiB, string = 8KiB[0m
2024-06-09T19:59:18.143041975+08:00 - INFO - temp dir: [1;39m/tmp[0m
2024-06-09T19:59:18.143058612+08:00 - INFO - http/2: [1;39mtrue[0m
2024-06-09T19:59:18.143080250+08:00 - INFO - keep-alive: [1;39m5[0m[1;39ms[0m
2024-06-09T19:59:18.143101516+08:00 - INFO - tls: [1;39mdisabled[0m
2024-06-09T19:59:18.143122498+08:00 - INFO - shutdown: [1;39mctrlc = true, force = true, signals = [SIGTERM], grace = 2s, mercy = 3s[0m
2024-06-09T19:59:18.143147546+08:00 - INFO - log level: [1;39mnormal[0m
2024-06-09T19:59:18.143163831+08:00 - INFO - cli colors: [1;39mtrue[0m
2024-06-09T19:59:18.143295365+08:00 - INFO - 📬 [35mRoutes[0m:
2024-06-09T19:59:18.143378702+08:00 - INFO - [36m([0m[39mindex[0m[36m)[0m [32mGET[0m [34m/[0m
2024-06-09T19:59:18.143413762+08:00 - INFO - [36m([0m[39mget_warehouses[0m[36m)[0m [32mGET[0m [4;34m/api[0m[34m/warehouses[0m
2024-06-09T19:59:18.143442990+08:00 - INFO - [36m([0m[39mcreate_warehouse[0m[36m)[0m [32mPOST[0m [4;34m/api[0m[34m/warehouses[0m [33mapplication/json[0m
2024-06-09T19:59:18.143483335+08:00 - INFO - 📡 [35mFairings[0m:
2024-06-09T19:59:18.143515909+08:00 - INFO - [1;39m'sqlite_db' Database Pool[0m ([1;34mignite[0m)
2024-06-09T19:59:18.143536738+08:00 - INFO - [1;39mShield[0m ([1;34mliftoff, response, singleton[0m)
2024-06-09T19:59:18.143557626+08:00 - INFO - [1;39mAdmin Initialization[0m ([1;34mignite[0m)
2024-06-09T19:59:18.143732149+08:00 - INFO - 🛡️ [35mShield[0m:
2024-06-09T19:59:18.143765878+08:00 - INFO - Permissions-Policy: [39minterest-cohort=()[0m
2024-06-09T19:59:18.143778862+08:00 - INFO - X-Content-Type-Options: [39mnosniff[0m
2024-06-09T19:59:18.143796050+08:00 - INFO - X-Frame-Options: [39mSAMEORIGIN[0m
2024-06-09T19:59:18.143818489+08:00 - WARN - 🚀 [1;39mRocket has launched from [4mhttp://127.0.0.1:41145[0m
2024-06-09T19:59:18.143917637+08:00 - WARN - Rocket is executing inside of a custom runtime.
2024-06-09T19:59:18.143943027+08:00 - INFO - Rocket's runtime is enabled via `#[rocket::main]` or `#[launch]`.
2024-06-09T19:59:18.143961261+08:00 - INFO - Forced shutdown is disabled. Runtime settings may be suboptimal.
2024-06-09T19:59:45.481270155+08:00 - INFO - discovered: 12D3KooWJ3PBp8zeqL4AgVFGoNw8xMsvKJR1mzJxsQJ88CXjdo8R /ip4/10.0.0.101/tcp/12345
2024-06-09T19:59:45.481353711+08:00 - INFO - discovered: 12D3KooWJ3PBp8zeqL4AgVFGoNw8xMsvKJR1mzJxsQJ88CXjdo8R /ip4/127.0.0.1/tcp/12345
2024-06-09T19:59:45.481416927+08:00 - INFO - Discovered peer via mDNS: PeerId("12D3KooWJ3PBp8zeqL4AgVFGoNw8xMsvKJR1mzJxsQJ88CXjdo8R")
2024-06-09T19:59:45.484984949+08:00 - INFO - Connected to peer: PeerId("12D3KooWJ3PBp8zeqL4AgVFGoNw8xMsvKJR1mzJxsQJ88CXjdo8R")
2024-06-09T19:59:45.485554798+08:00 - INFO - Ping: Event { peer: PeerId("12D3KooWJ3PBp8zeqL4AgVFGoNw8xMsvKJR1mzJxsQJ88CXjdo8R"), result: Ok(Pong) }
2024-06-09T19:59:45.485965580+08:00 - INFO - Ping: Event { peer: PeerId("12D3KooWJ3PBp8zeqL4AgVFGoNw8xMsvKJR1mzJxsQJ88CXjdo8R"), result: Ok(Ping { rtt: 208.465µs }) }
2024-06-09T20:00:00.486197644+08:00 - INFO - Ping: Event { peer: PeerId("12D3KooWJ3PBp8zeqL4AgVFGoNw8xMsvKJR1mzJxsQJ88CXjdo8R"), result: Ok(Pong) }
2024-06-09T20:00:00.486465041+08:00 - INFO - Ping: Event { peer: PeerId("12D3KooWJ3PBp8zeqL4AgVFGoNw8xMsvKJR1mzJxsQJ88CXjdo8R"), result: Ok(Ping { rtt: 304.426µs }) }
2024-06-09T20:00:15.487033269+08:00 - INFO - Ping: Event { peer: PeerId("12D3KooWJ3PBp8zeqL4AgVFGoNw8xMsvKJR1mzJxsQJ88CXjdo8R"), result: Ok(Pong) }
2024-06-09T20:00:15.487146302+08:00 - INFO - Ping: Event { peer: PeerId("12D3KooWJ3PBp8zeqL4AgVFGoNw8xMsvKJR1mzJxsQJ88CXjdo8R"), result: Ok(Ping { rtt: 284.933µs }) }
2024-06-09T20:00:30.487384854+08:00 - INFO - Ping: Event { peer: PeerId("12D3KooWJ3PBp8zeqL4AgVFGoNw8xMsvKJR1mzJxsQJ88CXjdo8R"), result: Ok(Pong) }
2024-06-09T20:00:30.487496452+08:00 - INFO - Ping: Event { peer: PeerId("12D3KooWJ3PBp8zeqL4AgVFGoNw8xMsvKJR1mzJxsQJ88CXjdo8R"), result: Ok(Ping { rtt: 367.522µs }) }
2024-06-09T20:00:45.487867678+08:00 - INFO - Ping: Event { peer: PeerId("12D3KooWJ3PBp8zeqL4AgVFGoNw8xMsvKJR1mzJxsQJ88CXjdo8R"), result: Ok(Pong) }
2024-06-09T20:00:45.487991102+08:00 - INFO - Ping: Event { peer: PeerId("12D3KooWJ3PBp8zeqL4AgVFGoNw8xMsvKJR1mzJxsQJ88CXjdo8R"), result: Ok(Ping { rtt: 319.668µs }) }
2024-06-09T20:01:00.488427952+08:00 - INFO - Ping: Event { peer: PeerId("12D3KooWJ3PBp8zeqL4AgVFGoNw8xMsvKJR1mzJxsQJ88CXjdo8R"), result: Ok(Pong) }
2024-06-09T20:01:00.488567708+08:00 - INFO - Ping: Event { peer: PeerId("12D3KooWJ3PBp8zeqL4AgVFGoNw8xMsvKJR1mzJxsQJ88CXjdo8R"), result: Ok(Ping { rtt: 325.37µs }) }
2024-06-09T20:01:15.489026622+08:00 - INFO - Ping: Event { peer: PeerId("12D3KooWJ3PBp8zeqL4AgVFGoNw8xMsvKJR1mzJxsQJ88CXjdo8R"), result: Ok(Pong) }
2024-06-09T20:01:15.489196232+08:00 - INFO - Ping: Event { peer: PeerId("12D3KooWJ3PBp8zeqL4AgVFGoNw8xMsvKJR1mzJxsQJ88CXjdo8R"), result: Ok(Ping { rtt: 303.72µs }) }
2024-06-09T20:01:30.489310126+08:00 - INFO - Ping: Event { peer: PeerId("12D3KooWJ3PBp8zeqL4AgVFGoNw8xMsvKJR1mzJxsQJ88CXjdo8R"), result: Ok(Pong) }
2024-06-09T20:01:30.489489119+08:00 - INFO - Ping: Event { peer: PeerId("12D3KooWJ3PBp8zeqL4AgVFGoNw8xMsvKJR1mzJxsQJ88CXjdo8R"), result: Ok(Ping { rtt: 322.97µs }) }
2024-06-09T20:01:45.489867137+08:00 - INFO - Ping: Event { peer: PeerId("12D3KooWJ3PBp8zeqL4AgVFGoNw8xMsvKJR1mzJxsQJ88CXjdo8R"), result: Ok(Pong) }
2024-06-09T20:01:45.490010939+08:00 - INFO - Ping: Event { peer: PeerId("12D3KooWJ3PBp8zeqL4AgVFGoNw8xMsvKJR1mzJxsQJ88CXjdo8R"), result: Ok(Ping { rtt: 294.304µs }) }
2024-06-09T20:02:00.490314969+08:00 - INFO - Ping: Event { peer: PeerId("12D3KooWJ3PBp8zeqL4AgVFGoNw8xMsvKJR1mzJxsQJ88CXjdo8R"), result: Ok(Pong) }
2024-06-09T20:02:00.490534402+08:00 - INFO - Ping: Event { peer: PeerId("12D3KooWJ3PBp8zeqL4AgVFGoNw8xMsvKJR1mzJxsQJ88CXjdo8R"), result: Ok(Ping { rtt: 347.645µs }) }
2024-06-09T20:02:15.491144582+08:00 - INFO - Ping: Event { peer: PeerId("12D3KooWJ3PBp8zeqL4AgVFGoNw8xMsvKJR1mzJxsQJ88CXjdo8R"), result: Ok(Pong) }
2024-06-09T20:02:15.491316974+08:00 - INFO - Ping: Event { peer: PeerId("12D3KooWJ3PBp8zeqL4AgVFGoNw8xMsvKJR1mzJxsQJ88CXjdo8R"), result: Ok(Ping { rtt: 420.16µs }) }
2024-06-09T20:02:30.491660491+08:00 - INFO - Ping: Event { peer: PeerId("12D3KooWJ3PBp8zeqL4AgVFGoNw8xMsvKJR1mzJxsQJ88CXjdo8R"), result: Ok(Pong) }
2024-06-09T20:02:30.491757676+08:00 - INFO - Ping: Event { peer: PeerId("12D3KooWJ3PBp8zeqL4AgVFGoNw8xMsvKJR1mzJxsQJ88CXjdo8R"), result: Ok(Ping { rtt: 293.69µs }) }
2024-06-09T20:02:45.492069521+08:00 - INFO - Ping: Event { peer: PeerId("12D3KooWJ3PBp8zeqL4AgVFGoNw8xMsvKJR1mzJxsQJ88CXjdo8R"), result: Ok(Pong) }
2024-06-09T20:02:45.492276581+08:00 - INFO - Ping: Event { peer: PeerId("12D3KooWJ3PBp8zeqL4AgVFGoNw8xMsvKJR1mzJxsQJ88CXjdo8R"), result: Ok(Ping { rtt: 401.775µs }) }
2024-06-09T20:03:00.492564284+08:00 - INFO - Ping: Event { peer: PeerId("12D3KooWJ3PBp8zeqL4AgVFGoNw8xMsvKJR1mzJxsQJ88CXjdo8R"), result: Ok(Pong) }
2024-06-09T20:03:00.492670150+08:00 - INFO - Ping: Event { peer: PeerId("12D3KooWJ3PBp8zeqL4AgVFGoNw8xMsvKJR1mzJxsQJ88CXjdo8R"), result: Ok(Ping { rtt: 268.914µs }) }
2024-06-09T20:03:15.493156867+08:00 - INFO - Ping: Event { peer: PeerId("12D3KooWJ3PBp8zeqL4AgVFGoNw8xMsvKJR1mzJxsQJ88CXjdo8R"), result: Ok(Pong) }
2024-06-09T20:03:15.493294017+08:00 - INFO - Ping: Event { peer: PeerId("12D3KooWJ3PBp8zeqL4AgVFGoNw8xMsvKJR1mzJxsQJ88CXjdo8R"), result: Ok(Ping { rtt: 378.149µs }) }
2024-06-09T20:03:30.493495878+08:00 - INFO - Ping: Event { peer: PeerId("12D3KooWJ3PBp8zeqL4AgVFGoNw8xMsvKJR1mzJxsQJ88CXjdo8R"), result: Ok(Pong) }
2024-06-09T20:03:30.493775938+08:00 - INFO - Ping: Event { peer: PeerId("12D3KooWJ3PBp8zeqL4AgVFGoNw8xMsvKJR1mzJxsQJ88CXjdo8R"), result: Ok(Ping { rtt: 249.117µs }) }
2024-06-09T20:03:45.494007632+08:00 - INFO - Ping: Event { peer: PeerId("12D3KooWJ3PBp8zeqL4AgVFGoNw8xMsvKJR1mzJxsQJ88CXjdo8R"), result: Ok(Pong) }
2024-06-09T20:03:45.494203948+08:00 - INFO - Ping: Event { peer: PeerId("12D3KooWJ3PBp8zeqL4AgVFGoNw8xMsvKJR1mzJxsQJ88CXjdo8R"), result: Ok(Ping { rtt: 265.153µs }) }
2024-06-09T20:04:00.494617744+08:00 - INFO - Ping: Event { peer: PeerId("12D3KooWJ3PBp8zeqL4AgVFGoNw8xMsvKJR1mzJxsQJ88CXjdo8R"), result: Ok(Pong) }
2024-06-09T20:04:00.494778194+08:00 - INFO - Ping: Event { peer: PeerId("12D3KooWJ3PBp8zeqL4AgVFGoNw8xMsvKJR1mzJxsQJ88CXjdo8R"), result: Ok(Ping { rtt: 373.863µs }) }
2024-06-09T20:04:15.495107300+08:00 - INFO - Ping: Event { peer: PeerId("12D3KooWJ3PBp8zeqL4AgVFGoNw8xMsvKJR1mzJxsQJ88CXjdo8R"), result: Ok(Pong) }
2024-06-09T20:04:15.495368590+08:00 - INFO - Ping: Event { peer: PeerId("12D3KooWJ3PBp8zeqL4AgVFGoNw8xMsvKJR1mzJxsQJ88CXjdo8R"), result: Ok(Ping { rtt: 310.31µs }) }
2024-06-09T20:04:30.495667990+08:00 - INFO - Ping: Event { peer: PeerId("12D3KooWJ3PBp8zeqL4AgVFGoNw8xMsvKJR1mzJxsQJ88CXjdo8R"), result: Ok(Pong) }
2024-06-09T20:04:30.495860437+08:00 - INFO - Ping: Event { peer: PeerId("12D3KooWJ3PBp8zeqL4AgVFGoNw8xMsvKJR1mzJxsQJ88CXjdo8R"), result: Ok(Ping { rtt: 290.194µs }) }
2024-06-09T20:04:45.496146187+08:00 - INFO - Ping: Event { peer: PeerId("12D3KooWJ3PBp8zeqL4AgVFGoNw8xMsvKJR1mzJxsQJ88CXjdo8R"), result: Ok(Pong) }
2024-06-09T20:04:45.496418899+08:00 - INFO - Ping: Event { peer: PeerId("12D3KooWJ3PBp8zeqL4AgVFGoNw8xMsvKJR1mzJxsQJ88CXjdo8R"), result: Ok(Ping { rtt: 292.545µs }) }
2024-06-09T20:05:00.496670524+08:00 - INFO - Ping: Event { peer: PeerId("12D3KooWJ3PBp8zeqL4AgVFGoNw8xMsvKJR1mzJxsQJ88CXjdo8R"), result: Ok(Pong) }
2024-06-09T20:05:00.496993019+08:00 - INFO - Ping: Event { peer: PeerId("12D3KooWJ3PBp8zeqL4AgVFGoNw8xMsvKJR1mzJxsQJ88CXjdo8R"), result: Ok(Ping { rtt: 272.535µs }) }
2024-06-09T20:05:15.497191829+08:00 - INFO - Ping: Event { peer: PeerId("12D3KooWJ3PBp8zeqL4AgVFGoNw8xMsvKJR1mzJxsQJ88CXjdo8R"), result: Ok(Pong) }
2024-06-09T20:05:15.497448849+08:00 - INFO - Ping: Event { peer: PeerId("12D3KooWJ3PBp8zeqL4AgVFGoNw8xMsvKJR1mzJxsQJ88CXjdo8R"), result: Ok(Ping { rtt: 258.567µs }) }
2024-06-09T20:05:30.497746073+08:00 - INFO - Ping: Event { peer: PeerId("12D3KooWJ3PBp8zeqL4AgVFGoNw8xMsvKJR1mzJxsQJ88CXjdo8R"), result: Ok(Pong) }
2024-06-09T20:05:30.498107706+08:00 - INFO - Ping: Event { peer: PeerId("12D3KooWJ3PBp8zeqL4AgVFGoNw8xMsvKJR1mzJxsQJ88CXjdo8R"), result: Ok(Ping { rtt: 340.565µs }) }
2024-06-09T20:05:41.045009566+08:00 - WARN - Received SIGINT. Requesting shutdown.
2024-06-09T20:05:41.045182459+08:00 - WARN - Received shutdown signal, shutting down...
2024-06-09T20:05:41.045232407+08:00 - INFO - Waiting for tasks to finish...
2024-06-09T20:05:41.045263422+08:00 - INFO - Shutdown requested. Waiting for pending I/O...
2024-06-09T20:05:41.045346457+08:00 - INFO - Graceful shutdown completed successfully.
