2024-06-16T00:59:42.007313250+08:00 - INFO - Database migrations executed successfully
2024-06-16T00:59:42.007496667+08:00 - INFO - Found warehouse: "9M5zxJECOyCWxTl+u68Cq9Sqs2OmPApG+08CwVue1isvmO50OS39Y/VEBd94sJoLNmrf/5LoGXRnwiRI4NeGHA=="
2024-06-16T00:59:42.007705134+08:00 - INFO - Local peer id: PeerId("12D3KooWD2Aapi8KSuBgzRmpGSVom9Zq9GzgjqXiYexmozjtGa2w")
2024-06-16T00:59:42.016759749+08:00 - WARN - Warning: BOOTSTRAP_PEER_ID environment variable is not set
2024-06-16T00:59:42.016827850+08:00 - WARN - Warning: BOOTSTRAP_ADDR environment variable is not set
2024-06-16T00:59:42.016843561+08:00 - WARN - Warning: LISTENING_ADDR environment variable is not set, using default value:/ip4/0.0.0.0/tcp/12345
2024-06-16T00:59:42.016890220+08:00 - WARN - BOOTSTRAP_ADDR environment variable is not set,run as bootstrap node
2024-06-16T00:59:42.017378879+08:00 - INFO - creating instance on iface 10.0.0.101
2024-06-16T00:59:42.025764921+08:00 - INFO - 🔧 Configured for [4mdebug[0m.
2024-06-16T00:59:42.025822270+08:00 - INFO - address: [1;39m127.0.0.1[0m
2024-06-16T00:59:42.025837988+08:00 - INFO - port: [1;39m0[0m
2024-06-16T00:59:42.025855935+08:00 - INFO - workers: [1;39m8[0m
2024-06-16T00:59:42.025869743+08:00 - INFO - max blocking threads: [1;39m512[0m
2024-06-16T00:59:42.025888864+08:00 - INFO - ident: [1;39mRocket[0m
2024-06-16T00:59:42.025906233+08:00 - INFO - IP header: [1;39mX-Real-IP[0m
2024-06-16T00:59:42.025924301+08:00 - INFO - limits: [1;39mbytes = 8KiB, data-form = 2MiB, file = 1MiB, form = 32KiB, json = 1MiB, msgpack = 1MiB, string = 8KiB[0m
2024-06-16T00:59:42.025943409+08:00 - INFO - temp dir: [1;39m/tmp[0m
2024-06-16T00:59:42.025958668+08:00 - INFO - http/2: [1;39mtrue[0m
2024-06-16T00:59:42.025972845+08:00 - INFO - keep-alive: [1;39m5[0m[1;39ms[0m
2024-06-16T00:59:42.025989983+08:00 - INFO - tls: [1;39mdisabled[0m
2024-06-16T00:59:42.026010284+08:00 - INFO - shutdown: [1;39mctrlc = true, force = true, signals = [SIGTERM], grace = 2s, mercy = 3s[0m
2024-06-16T00:59:42.026025327+08:00 - INFO - log level: [1;39mnormal[0m
2024-06-16T00:59:42.026045843+08:00 - INFO - cli colors: [1;39mtrue[0m
2024-06-16T00:59:42.026163914+08:00 - INFO - 📬 [35mRoutes[0m:
2024-06-16T00:59:42.026250195+08:00 - INFO - [36m([0m[39mindex[0m[36m)[0m [32mGET[0m [34m/[0m
2024-06-16T00:59:42.026283596+08:00 - INFO - [36m([0m[39mlogin[0m[36m)[0m [32mPOST[0m [4;34m/api[0m[34m/login[0m
2024-06-16T00:59:42.026312275+08:00 - INFO - [36m([0m[39moptions_login[0m[36m)[0m [32mOPTIONS[0m [4;34m/api[0m[34m/login[0m
2024-06-16T00:59:42.026337775+08:00 - INFO - [36m([0m[39msignup[0m[36m)[0m [32mPOST[0m [4;34m/api[0m[34m/signup[0m
2024-06-16T00:59:42.026361624+08:00 - INFO - [36m([0m[39moptions_signup[0m[36m)[0m [32mOPTIONS[0m [4;34m/api[0m[34m/signup[0m
2024-06-16T00:59:42.026391271+08:00 - INFO - [36m([0m[39mcreate_product[0m[36m)[0m [32mPOST[0m [4;34m/api[0m[34m/products[0m [33mapplication/json[0m
2024-06-16T00:59:42.026417009+08:00 - INFO - [36m([0m[39mget_products[0m[36m)[0m [32mGET[0m [4;34m/api[0m[34m/products?<start>&<end>&<categories_name>[0m
2024-06-16T00:59:42.026440462+08:00 - INFO - [36m([0m[39mprotected_route[0m[36m)[0m [32mGET[0m [4;34m/api[0m[34m/protected[0m
2024-06-16T00:59:42.026469818+08:00 - INFO - [36m([0m[39mget_warehouses[0m[36m)[0m [32mGET[0m [4;34m/api[0m[34m/warehouses[0m
2024-06-16T00:59:42.026494068+08:00 - INFO - [36m([0m[39mcreate_warehouse[0m[36m)[0m [32mPOST[0m [4;34m/api[0m[34m/warehouses[0m [33mapplication/json[0m
2024-06-16T00:59:42.026525386+08:00 - INFO - [36m([0m[39mcreate_category[0m[36m)[0m [32mPOST[0m [4;34m/api[0m[34m/categories[0m [33mapplication/json[0m
2024-06-16T00:59:42.026552597+08:00 - INFO - [32mGET[0m [4;34m/cors[0m[34m/<status>[0m
2024-06-16T00:59:42.026594571+08:00 - INFO - 📡 [35mFairings[0m:
2024-06-16T00:59:42.026622098+08:00 - INFO - [1;39mCORS[0m ([1;34mignite, request, response[0m)
2024-06-16T00:59:42.026643283+08:00 - INFO - [1;39m'sqlite_db' Database Pool[0m ([1;34mignite[0m)
2024-06-16T00:59:42.026673712+08:00 - INFO - [1;39mAdmin Initialization[0m ([1;34mignite[0m)
2024-06-16T00:59:42.026713281+08:00 - INFO - [1;39mShield[0m ([1;34mliftoff, response, singleton[0m)
2024-06-16T00:59:42.026900652+08:00 - INFO - 🛡️ [35mShield[0m:
2024-06-16T00:59:42.026929754+08:00 - INFO - Permissions-Policy: [39minterest-cohort=()[0m
2024-06-16T00:59:42.026943685+08:00 - INFO - X-Content-Type-Options: [39mnosniff[0m
2024-06-16T00:59:42.026959177+08:00 - INFO - X-Frame-Options: [39mSAMEORIGIN[0m
2024-06-16T00:59:42.026999694+08:00 - WARN - 🚀 [1;39mRocket has launched from [4mhttp://127.0.0.1:35303[0m
2024-06-16T00:59:42.027182084+08:00 - WARN - Rocket is executing inside of a custom runtime.
2024-06-16T00:59:42.027221284+08:00 - INFO - Rocket's runtime is enabled via `#[rocket::main]` or `#[launch]`.
2024-06-16T00:59:42.027252580+08:00 - INFO - Forced shutdown is disabled. Runtime settings may be suboptimal.
2024-06-16T01:00:39.261495056+08:00 - INFO - [32mOPTIONS[0m [34m/api/login[0m:
2024-06-16T01:00:39.261642581+08:00 - INFO - Matched: [36m([0m[39moptions_login[0m[36m)[0m [32mOPTIONS[0m [4;34m/api[0m[34m/login[0m
2024-06-16T01:00:39.261749333+08:00 - INFO - [1;39mOutcome: [0m[32mSuccess[0m([39m200 OK[0m)
2024-06-16T01:00:39.262073538+08:00 - INFO - [32mResponse succeeded.[0m
2024-06-16T01:00:39.338600006+08:00 - INFO - [32mPOST[0m [34m/api/login[0m [33mapplication/json[0m:
2024-06-16T01:00:39.338712142+08:00 - INFO - Matched: [36m([0m[39mlogin[0m[36m)[0m [32mPOST[0m [4;34m/api[0m[34m/login[0m
2024-06-16T01:00:39.339528495+08:00 - INFO - [1;39mOutcome: [0m[32mSuccess[0m([39m200 OK[0m)
2024-06-16T01:00:39.339741644+08:00 - INFO - [32mResponse succeeded.[0m
2024-06-16T01:00:52.180074662+08:00 - INFO - [32mOPTIONS[0m [34m/api/signup[0m:
2024-06-16T01:00:52.180176625+08:00 - INFO - Matched: [36m([0m[39moptions_signup[0m[36m)[0m [32mOPTIONS[0m [4;34m/api[0m[34m/signup[0m
2024-06-16T01:00:52.180235199+08:00 - INFO - [1;39mOutcome: [0m[32mSuccess[0m([39m200 OK[0m)
2024-06-16T01:00:52.180446762+08:00 - INFO - [32mResponse succeeded.[0m
2024-06-16T01:00:52.185776319+08:00 - INFO - [32mPOST[0m [34m/api/signup[0m [33mapplication/json[0m:
2024-06-16T01:00:52.185855315+08:00 - INFO - Matched: [36m([0m[39msignup[0m[36m)[0m [32mPOST[0m [4;34m/api[0m[34m/signup[0m
2024-06-16T01:00:52.186127475+08:00 - WARN - Request guard `JwtToken` failed: ().
2024-06-16T01:00:52.186193658+08:00 - INFO - [1;39mOutcome: [0m[31mError[0m([39m401 Unauthorized[0m)
2024-06-16T01:00:52.186233441+08:00 - WARN - No [1;34m401[0m catcher registered. Using Rocket default.
2024-06-16T01:00:52.186460458+08:00 - INFO - [32mResponse succeeded.[0m
2024-06-16T01:15:59.408761973+08:00 - WARN - Received shutdown signal, shutting down...
2024-06-16T01:15:59.408845715+08:00 - WARN - Received SIGINT. Requesting shutdown.
2024-06-16T01:15:59.408882870+08:00 - INFO - Waiting for tasks to finish...
2024-06-16T01:15:59.408924335+08:00 - INFO - Shutdown requested. Waiting for pending I/O...
