2024-06-09T19:56:42.990959261+08:00 - INFO - Database migrations executed successfully
2024-06-09T19:56:42.991122675+08:00 - INFO - Found warehouse: "o7qF4zfqNZC+pJyKkdyjT6jOJn6Zr7jD3FQp9JXfvw5b9/vB5DyZcYTnQ0XFCL0qWv6UZchbiqFxykyG4XMpwg=="
2024-06-09T19:56:42.991294936+08:00 - INFO - Local peer id: PeerId("12D3KooWG1Nb1HFP5h4szmHwzCJHXeQiSjaBrUpSFTdmkWYGfXVs")
2024-06-09T19:56:42.999878729+08:00 - WARN - Warning: BOOTSTRAP_PEER_ID environment variable is not set
2024-06-09T19:56:42.999951930+08:00 - WARN - Warning: BOOTSTRAP_ADDR environment variable is not set
2024-06-09T19:56:42.999967708+08:00 - WARN - Warning: LISTENING_ADDR environment variable is not set, using default value:/ip4/0.0.0.0/tcp/12345
2024-06-09T19:56:43.000080706+08:00 - WARN - BOOTSTRAP_ADDR environment variable is not set,run as bootstrap node
2024-06-09T19:56:43.000449693+08:00 - INFO - creating instance on iface 10.0.0.101
2024-06-09T19:56:43.008469500+08:00 - INFO - 🔧 Configured for [4mdebug[0m.
2024-06-09T19:56:43.008507528+08:00 - INFO - address: [1;39m127.0.0.1[0m
2024-06-09T19:56:43.008525958+08:00 - INFO - port: [1;39m0[0m
2024-06-09T19:56:43.008539820+08:00 - INFO - workers: [1;39m8[0m
2024-06-09T19:56:43.008554911+08:00 - INFO - max blocking threads: [1;39m512[0m
2024-06-09T19:56:43.008572862+08:00 - INFO - ident: [1;39mRocket[0m
2024-06-09T19:56:43.008588219+08:00 - INFO - IP header: [1;39mX-Real-IP[0m
2024-06-09T19:56:43.008608960+08:00 - INFO - limits: [1;39mbytes = 8KiB, data-form = 2MiB, file = 1MiB, form = 32KiB, json = 1MiB, msgpack = 1MiB, string = 8KiB[0m
2024-06-09T19:56:43.008628529+08:00 - INFO - temp dir: [1;39m/tmp[0m
2024-06-09T19:56:43.008641763+08:00 - INFO - http/2: [1;39mtrue[0m
2024-06-09T19:56:43.008660417+08:00 - INFO - keep-alive: [1;39m5[0m[1;39ms[0m
2024-06-09T19:56:43.008674892+08:00 - INFO - tls: [1;39mdisabled[0m
2024-06-09T19:56:43.008692756+08:00 - INFO - shutdown: [1;39mctrlc = true, force = true, signals = [SIGTERM], grace = 2s, mercy = 3s[0m
2024-06-09T19:56:43.008706096+08:00 - INFO - log level: [1;39mnormal[0m
2024-06-09T19:56:43.008725270+08:00 - INFO - cli colors: [1;39mtrue[0m
2024-06-09T19:56:43.008821156+08:00 - INFO - 📬 [35mRoutes[0m:
2024-06-09T19:56:43.008871991+08:00 - INFO - [36m([0m[39mindex[0m[36m)[0m [32mGET[0m [34m/[0m
2024-06-09T19:56:43.008899248+08:00 - INFO - [36m([0m[39mget_warehouses[0m[36m)[0m [32mGET[0m [4;34m/api[0m[34m/warehouses[0m
2024-06-09T19:56:43.008926768+08:00 - INFO - [36m([0m[39mcreate_warehouse[0m[36m)[0m [32mPOST[0m [4;34m/api[0m[34m/warehouses[0m [33mapplication/json[0m
2024-06-09T19:56:43.008983699+08:00 - INFO - 📡 [35mFairings[0m:
2024-06-09T19:56:43.009006757+08:00 - INFO - [1;39m'sqlite_db' Database Pool[0m ([1;34mignite[0m)
2024-06-09T19:56:43.009021132+08:00 - INFO - [1;39mAdmin Initialization[0m ([1;34mignite[0m)
2024-06-09T19:56:43.009040505+08:00 - INFO - [1;39mShield[0m ([1;34mliftoff, response, singleton[0m)
2024-06-09T19:56:43.009197617+08:00 - INFO - 🛡️ [35mShield[0m:
2024-06-09T19:56:43.009216967+08:00 - INFO - Permissions-Policy: [39minterest-cohort=()[0m
2024-06-09T19:56:43.009233047+08:00 - INFO - X-Content-Type-Options: [39mnosniff[0m
2024-06-09T19:56:43.009245086+08:00 - INFO - X-Frame-Options: [39mSAMEORIGIN[0m
2024-06-09T19:56:43.009268503+08:00 - WARN - 🚀 [1;39mRocket has launched from [4mhttp://127.0.0.1:39139[0m
2024-06-09T19:56:43.009349845+08:00 - WARN - Rocket is executing inside of a custom runtime.
2024-06-09T19:56:43.009370326+08:00 - INFO - Rocket's runtime is enabled via `#[rocket::main]` or `#[launch]`.
2024-06-09T19:56:43.009389004+08:00 - INFO - Forced shutdown is disabled. Runtime settings may be suboptimal.
2024-06-09T19:58:51.699863122+08:00 - WARN - Received SIGINT. Requesting shutdown.
2024-06-09T19:58:51.699946106+08:00 - WARN - Received shutdown signal, shutting down...
2024-06-09T19:58:51.700000471+08:00 - INFO - Shutdown requested. Waiting for pending I/O...
2024-06-09T19:58:51.700047108+08:00 - INFO - Waiting for tasks to finish...
2024-06-09T19:58:51.700090053+08:00 - INFO - Graceful shutdown completed successfully.
