2024-06-16T06:55:17.728983156+08:00 - INFO - Database migrations executed successfully
2024-06-16T06:55:17.729106399+08:00 - ERROR - Failed to get warehouse local key: Record not found
2024-06-16T06:55:17.729367300+08:00 - INFO - Generated and inserted new key "6/xh5a6lKRH3rDzPhyO9VIukTJ0IuhADe/3eODMxbf8MztWSe4OYi8pwgizdjo0Di3MgMKEXDbOXPw5aK43LgA==" for warehouse ThisWarehouse
2024-06-16T06:55:17.733141757+08:00 - INFO - Local peer id: PeerId("12D3KooWAgMzAhJ6CmCw8R6JNC9mAwqKJyYroZp7Ra2q198VozUF")
2024-06-16T06:55:17.741549183+08:00 - WARN - Warning: BOOTSTRAP_PEER_ID environment variable is not set
2024-06-16T06:55:17.741624429+08:00 - WARN - Warning: BOOTSTRAP_ADDR environment variable is not set
2024-06-16T06:55:17.741639993+08:00 - WARN - Warning: LISTENING_ADDR environment variable is not set, using default value:/ip4/0.0.0.0/tcp/12345
2024-06-16T06:55:17.741683964+08:00 - WARN - BOOTSTRAP_ADDR environment variable is not set,run as bootstrap node
2024-06-16T06:55:17.742110766+08:00 - INFO - creating instance on iface 10.0.0.101
2024-06-16T06:55:17.744503636+08:00 - ERROR - database is locked
2024-06-16T06:55:17.744657118+08:00 - ERROR - database is locked
2024-06-16T06:55:17.744745818+08:00 - ERROR - database is locked
2024-06-16T06:55:17.744890345+08:00 - ERROR - database is locked
2024-06-16T06:55:17.745003667+08:00 - ERROR - database is locked
2024-06-16T06:55:17.745142289+08:00 - ERROR - database is locked
2024-06-16T06:55:17.745163625+08:00 - ERROR - database is locked
2024-06-16T06:55:17.745282890+08:00 - ERROR - database is locked
2024-06-16T06:55:17.745298556+08:00 - ERROR - database is locked
2024-06-16T06:55:17.745411902+08:00 - ERROR - database is locked
2024-06-16T06:55:17.745445431+08:00 - ERROR - database is locked
2024-06-16T06:55:17.745514546+08:00 - ERROR - database is locked
2024-06-16T06:55:17.745566109+08:00 - ERROR - database is locked
2024-06-16T06:55:17.745624374+08:00 - ERROR - database is locked
2024-06-16T06:55:17.745664549+08:00 - ERROR - database is locked
2024-06-16T06:55:17.745747283+08:00 - ERROR - database is locked
2024-06-16T06:55:17.745793727+08:00 - ERROR - database is locked
2024-06-16T06:55:17.745846135+08:00 - ERROR - database is locked
2024-06-16T06:55:17.745902877+08:00 - ERROR - database is locked
2024-06-16T06:55:17.745948866+08:00 - ERROR - database is locked
2024-06-16T06:55:17.746038425+08:00 - ERROR - database is locked
2024-06-16T06:55:17.746052822+08:00 - ERROR - database is locked
2024-06-16T06:55:17.746152553+08:00 - ERROR - database is locked
2024-06-16T06:55:17.746185787+08:00 - ERROR - database is locked
2024-06-16T06:55:17.746242042+08:00 - ERROR - database is locked
2024-06-16T06:55:17.746286972+08:00 - ERROR - database is locked
2024-06-16T06:55:17.746340503+08:00 - ERROR - database is locked
2024-06-16T06:55:17.746388023+08:00 - ERROR - database is locked
2024-06-16T06:55:17.746431199+08:00 - ERROR - database is locked
2024-06-16T06:55:17.746480220+08:00 - ERROR - database is locked
2024-06-16T06:55:17.746518573+08:00 - ERROR - database is locked
2024-06-16T06:55:18.153339245+08:00 - INFO - 默认管理员已创建，用户名: admin, 密码: 111
2024-06-16T06:55:18.157093224+08:00 - INFO - 🔧 Configured for [4mdebug[0m.
2024-06-16T06:55:18.157154032+08:00 - INFO - address: [1;39m127.0.0.1[0m
2024-06-16T06:55:18.157195802+08:00 - INFO - port: [1;39m0[0m
2024-06-16T06:55:18.157230986+08:00 - INFO - workers: [1;39m8[0m
2024-06-16T06:55:18.157270266+08:00 - INFO - max blocking threads: [1;39m512[0m
2024-06-16T06:55:18.157311394+08:00 - INFO - ident: [1;39mRocket[0m
2024-06-16T06:55:18.157349905+08:00 - INFO - IP header: [1;39mX-Real-IP[0m
2024-06-16T06:55:18.157387940+08:00 - INFO - limits: [1;39mbytes = 8KiB, data-form = 2MiB, file = 1MiB, form = 32KiB, json = 1MiB, msgpack = 1MiB, string = 8KiB[0m
2024-06-16T06:55:18.157419235+08:00 - INFO - temp dir: [1;39m/tmp[0m
2024-06-16T06:55:18.157453431+08:00 - INFO - http/2: [1;39mtrue[0m
2024-06-16T06:55:18.157486386+08:00 - INFO - keep-alive: [1;39m5[0m[1;39ms[0m
2024-06-16T06:55:18.157525860+08:00 - INFO - tls: [1;39mdisabled[0m
2024-06-16T06:55:18.157591305+08:00 - INFO - shutdown: [1;39mctrlc = true, force = true, signals = [SIGTERM], grace = 2s, mercy = 3s[0m
2024-06-16T06:55:18.157620133+08:00 - INFO - log level: [1;39mnormal[0m
2024-06-16T06:55:18.157650410+08:00 - INFO - cli colors: [1;39mtrue[0m
2024-06-16T06:55:18.157834247+08:00 - INFO - 📬 [35mRoutes[0m:
2024-06-16T06:55:18.157987708+08:00 - INFO - [36m([0m[39mindex[0m[36m)[0m [32mGET[0m [34m/[0m
2024-06-16T06:55:18.158039390+08:00 - INFO - [36m([0m[39mlogin[0m[36m)[0m [32mPOST[0m [4;34m/api[0m[34m/login[0m
2024-06-16T06:55:18.158076842+08:00 - INFO - [36m([0m[39moptions_login[0m[36m)[0m [32mOPTIONS[0m [4;34m/api[0m[34m/login[0m
2024-06-16T06:55:18.158116529+08:00 - INFO - [36m([0m[39msignup[0m[36m)[0m [32mPOST[0m [4;34m/api[0m[34m/signup[0m
2024-06-16T06:55:18.158147745+08:00 - INFO - [36m([0m[39moptions_signup[0m[36m)[0m [32mOPTIONS[0m [4;34m/api[0m[34m/signup[0m
2024-06-16T06:55:18.158198549+08:00 - INFO - [36m([0m[39mcreate_product[0m[36m)[0m [32mPOST[0m [4;34m/api[0m[34m/products[0m [33mapplication/json[0m
2024-06-16T06:55:18.158245672+08:00 - INFO - [36m([0m[39mget_products[0m[36m)[0m [32mGET[0m [4;34m/api[0m[34m/products?<start>&<end>&<categories_name>[0m
2024-06-16T06:55:18.158287957+08:00 - INFO - [36m([0m[39mprotected_route[0m[36m)[0m [32mGET[0m [4;34m/api[0m[34m/protected[0m
2024-06-16T06:55:18.158340934+08:00 - INFO - [36m([0m[39mget_warehouses[0m[36m)[0m [32mGET[0m [4;34m/api[0m[34m/warehouses[0m
2024-06-16T06:55:18.158387925+08:00 - INFO - [36m([0m[39mcreate_warehouse[0m[36m)[0m [32mPOST[0m [4;34m/api[0m[34m/warehouses[0m [33mapplication/json[0m
2024-06-16T06:55:18.158442420+08:00 - INFO - [36m([0m[39mcreate_category[0m[36m)[0m [32mPOST[0m [4;34m/api[0m[34m/categories[0m [33mapplication/json[0m
2024-06-16T06:55:18.158495889+08:00 - INFO - [32mGET[0m [4;34m/cors[0m[34m/<status>[0m
2024-06-16T06:55:18.158561040+08:00 - INFO - 📡 [35mFairings[0m:
2024-06-16T06:55:18.158606567+08:00 - INFO - [1;39m'sqlite_db' Database Pool[0m ([1;34mignite[0m)
2024-06-16T06:55:18.158651696+08:00 - INFO - [1;39mShield[0m ([1;34mliftoff, response, singleton[0m)
2024-06-16T06:55:18.158703808+08:00 - INFO - [1;39mAdmin Initialization[0m ([1;34mignite[0m)
2024-06-16T06:55:18.158735761+08:00 - INFO - [1;39mCORS[0m ([1;34mignite, request, response[0m)
2024-06-16T06:55:18.159034857+08:00 - INFO - 🛡️ [35mShield[0m:
2024-06-16T06:55:18.159069577+08:00 - INFO - Permissions-Policy: [39minterest-cohort=()[0m
2024-06-16T06:55:18.159085874+08:00 - INFO - X-Content-Type-Options: [39mnosniff[0m
2024-06-16T06:55:18.159139652+08:00 - INFO - X-Frame-Options: [39mSAMEORIGIN[0m
2024-06-16T06:55:18.159192788+08:00 - WARN - 🚀 [1;39mRocket has launched from [4mhttp://127.0.0.1:43939[0m
2024-06-16T06:55:18.159299102+08:00 - WARN - Rocket is executing inside of a custom runtime.
2024-06-16T06:55:18.159336640+08:00 - INFO - Rocket's runtime is enabled via `#[rocket::main]` or `#[launch]`.
2024-06-16T06:55:18.159364098+08:00 - INFO - Forced shutdown is disabled. Runtime settings may be suboptimal.
2024-06-16T06:55:37.979166401+08:00 - INFO - [32mGET[0m [34m/api/warehouses[0m:
2024-06-16T06:55:37.979309575+08:00 - INFO - Matched: [36m([0m[39mget_warehouses[0m[36m)[0m [32mGET[0m [4;34m/api[0m[34m/warehouses[0m
2024-06-16T06:55:37.979887925+08:00 - INFO - [1;39mOutcome: [0m[32mSuccess[0m([39m200 OK[0m)
2024-06-16T06:55:37.980021890+08:00 - INFO - [32mResponse succeeded.[0m
2024-06-16T06:55:37.983780466+08:00 - INFO - [32mGET[0m [34m/api/warehouses[0m:
2024-06-16T06:55:37.983860541+08:00 - INFO - Matched: [36m([0m[39mget_warehouses[0m[36m)[0m [32mGET[0m [4;34m/api[0m[34m/warehouses[0m
2024-06-16T06:55:37.984226970+08:00 - INFO - [1;39mOutcome: [0m[32mSuccess[0m([39m200 OK[0m)
2024-06-16T06:55:37.984362850+08:00 - INFO - [32mResponse succeeded.[0m
2024-06-16T06:56:36.170977370+08:00 - WARN - Received SIGINT. Requesting shutdown.
2024-06-16T06:56:36.171031077+08:00 - WARN - Received shutdown signal, shutting down...
2024-06-16T06:56:36.171057081+08:00 - INFO - Shutdown requested. Waiting for pending I/O...
2024-06-16T06:56:36.171080869+08:00 - INFO - Waiting for tasks to finish...
2024-06-16T06:56:36.171129799+08:00 - INFO - Graceful shutdown completed successfully.
