2024-06-09T02:47:19.993145227+08:00 - INFO - Database migrations executed successfully
2024-06-09T02:47:19.993252361+08:00 - ERROR - Failed to get warehouse local key: Record not found
2024-06-09T02:47:19.993498930+08:00 - INFO - Generated and inserted new key "MpHCXo8e0RfSru1kQQKoJawUgEUs9oYmktHPF+bT26o=" for warehouse ThisWarehouse
2024-06-09T02:47:19.996852245+08:00 - INFO - Local peer id: PeerId("12D3KooWDDmTrtZ7AUNDnq9hzyneUECuuP5NNzXvw6vtnMC25kM7")
2024-06-09T02:47:19.999035090+08:00 - WARN - Warning: BOOTSTRAP_PEER_ID environment variable is not set
2024-06-09T02:47:19.999093643+08:00 - WARN - Warning: BOOTSTRAP_ADDR environment variable is not set
2024-06-09T02:47:19.999141702+08:00 - WARN - BOOTSTRAP_ADDR environment variable is not set,run as bootstrap node
2024-06-09T02:47:19.999469757+08:00 - INFO - creating instance on iface 10.0.0.101
2024-06-09T02:47:20.001266873+08:00 - ERROR - database is locked
2024-06-09T02:47:20.001331808+08:00 - ERROR - database is locked
2024-06-09T02:47:20.001401696+08:00 - ERROR - database is locked
2024-06-09T02:47:20.001455932+08:00 - ERROR - database is locked
2024-06-09T02:47:20.001492928+08:00 - ERROR - database is locked
2024-06-09T02:47:20.001616976+08:00 - ERROR - database is locked
2024-06-09T02:47:20.001647780+08:00 - ERROR - database is locked
2024-06-09T02:47:20.001783974+08:00 - ERROR - database is locked
2024-06-09T02:47:20.001833576+08:00 - ERROR - database is locked
2024-06-09T02:47:20.001897509+08:00 - ERROR - database is locked
2024-06-09T02:47:20.002007105+08:00 - ERROR - database is locked
2024-06-09T02:47:20.002027488+08:00 - ERROR - database is locked
2024-06-09T02:47:20.002154817+08:00 - ERROR - database is locked
2024-06-09T02:47:20.002182167+08:00 - ERROR - database is locked
2024-06-09T02:47:20.002273958+08:00 - ERROR - database is locked
2024-06-09T02:47:20.002326658+08:00 - ERROR - database is locked
2024-06-09T02:47:20.002353973+08:00 - ERROR - database is locked
2024-06-09T02:47:20.002466876+08:00 - ERROR - database is locked
2024-06-09T02:47:20.002493585+08:00 - ERROR - database is locked
2024-06-09T02:47:20.002570546+08:00 - ERROR - database is locked
2024-06-09T02:47:20.002630270+08:00 - ERROR - database is locked
2024-06-09T02:47:20.002659721+08:00 - ERROR - database is locked
2024-06-09T02:47:20.002766933+08:00 - ERROR - database is locked
2024-06-09T02:47:20.002799608+08:00 - ERROR - database is locked
2024-06-09T02:47:20.002936270+08:00 - ERROR - database is locked
2024-06-09T02:47:20.002966759+08:00 - ERROR - database is locked
2024-06-09T02:47:20.003071460+08:00 - ERROR - database is locked
2024-06-09T02:47:20.003128608+08:00 - ERROR - database is locked
2024-06-09T02:47:20.003163605+08:00 - ERROR - database is locked
2024-06-09T02:47:20.003274692+08:00 - ERROR - database is locked
2024-06-09T02:47:20.003308361+08:00 - ERROR - database is locked
2024-06-09T02:47:20.408187128+08:00 - INFO - 默认管理员已创建，用户名: admin, 密码: 4f233cqAJZvr
2024-06-09T02:47:20.411171349+08:00 - INFO - 🔧 Configured for [4mdebug[0m.
2024-06-09T02:47:20.411205883+08:00 - INFO - address: [1;39m127.0.0.1[0m
2024-06-09T02:47:20.411224166+08:00 - INFO - port: [1;39m0[0m
2024-06-09T02:47:20.411241823+08:00 - INFO - workers: [1;39m8[0m
2024-06-09T02:47:20.411256752+08:00 - INFO - max blocking threads: [1;39m512[0m
2024-06-09T02:47:20.411274328+08:00 - INFO - ident: [1;39mRocket[0m
2024-06-09T02:47:20.411290503+08:00 - INFO - IP header: [1;39mX-Real-IP[0m
2024-06-09T02:47:20.411310058+08:00 - INFO - limits: [1;39mbytes = 8KiB, data-form = 2MiB, file = 1MiB, form = 32KiB, json = 1MiB, msgpack = 1MiB, string = 8KiB[0m
2024-06-09T02:47:20.411327442+08:00 - INFO - temp dir: [1;39m/tmp[0m
2024-06-09T02:47:20.411344563+08:00 - INFO - http/2: [1;39mtrue[0m
2024-06-09T02:47:20.411359971+08:00 - INFO - keep-alive: [1;39m5[0m[1;39ms[0m
2024-06-09T02:47:20.411374675+08:00 - INFO - tls: [1;39mdisabled[0m
2024-06-09T02:47:20.411390296+08:00 - INFO - shutdown: [1;39mctrlc = true, force = true, signals = [SIGTERM], grace = 2s, mercy = 3s[0m
2024-06-09T02:47:20.411416+08:00 - INFO - log level: [1;39mnormal[0m
2024-06-09T02:47:20.411430370+08:00 - INFO - cli colors: [1;39mtrue[0m
2024-06-09T02:47:20.411529672+08:00 - INFO - 📬 [35mRoutes[0m:
2024-06-09T02:47:20.411590120+08:00 - INFO - [36m([0m[39mindex[0m[36m)[0m [32mGET[0m [34m/[0m
2024-06-09T02:47:20.411618274+08:00 - INFO - [36m([0m[39mget_warehouses[0m[36m)[0m [32mGET[0m [4;34m/api[0m[34m/warehouses[0m
2024-06-09T02:47:20.411644499+08:00 - INFO - [36m([0m[39mcreate_warehouse[0m[36m)[0m [32mPOST[0m [4;34m/api[0m[34m/warehouses[0m [33mapplication/json[0m
2024-06-09T02:47:20.411678859+08:00 - INFO - 📡 [35mFairings[0m:
2024-06-09T02:47:20.411701026+08:00 - INFO - [1;39m'sqlite_db' Database Pool[0m ([1;34mignite[0m)
2024-06-09T02:47:20.411717063+08:00 - INFO - [1;39mAdmin Initialization[0m ([1;34mignite[0m)
2024-06-09T02:47:20.411735300+08:00 - INFO - [1;39mShield[0m ([1;34mliftoff, response, singleton[0m)
2024-06-09T02:47:20.411886960+08:00 - INFO - 🛡️ [35mShield[0m:
2024-06-09T02:47:20.411909261+08:00 - INFO - X-Content-Type-Options: [39mnosniff[0m
2024-06-09T02:47:20.411921752+08:00 - INFO - X-Frame-Options: [39mSAMEORIGIN[0m
2024-06-09T02:47:20.411932743+08:00 - INFO - Permissions-Policy: [39minterest-cohort=()[0m
2024-06-09T02:47:20.411957603+08:00 - WARN - 🚀 [1;39mRocket has launched from [4mhttp://127.0.0.1:44259[0m
2024-06-09T02:47:20.412038531+08:00 - WARN - Rocket is executing inside of a custom runtime.
2024-06-09T02:47:20.412062894+08:00 - INFO - Rocket's runtime is enabled via `#[rocket::main]` or `#[launch]`.
2024-06-09T02:47:20.412074732+08:00 - INFO - Forced shutdown is disabled. Runtime settings may be suboptimal.
2024-06-09T02:48:04.196508923+08:00 - WARN - Received SIGINT. Requesting shutdown.
2024-06-09T02:48:04.196575191+08:00 - WARN - Received shutdown signal, shutting down...
2024-06-09T02:48:04.196608457+08:00 - INFO - Waiting for tasks to finish...
2024-06-09T02:48:04.196668518+08:00 - INFO - Shutdown requested. Waiting for pending I/O...
2024-06-09T02:48:04.196795912+08:00 - INFO - Graceful shutdown completed successfully.
