2024-11-24T05:01:43.240008700+08:00 - INFO - Database migrations executed successfully
2024-11-24T05:01:43.241211500+08:00 - INFO - Found warehouse: Some("6/xh5a6lKRH3rDzPhyO9VIukTJ0IuhADe/3eODMxbf8MztWSe4OYi8pwgizdjo0Di3MgMKEXDbOXPw5aK43LgA==")
2024-11-24T05:01:43.245242500+08:00 - INFO - Local peer id: PeerId("12D3KooWAgMzAhJ6CmCw8R6JNC9mAwqKJyYroZp7Ra2q198VozUF")
2024-11-24T05:01:43.301292500+08:00 - WARN - Warning: BOOTSTRAP_PEER_ID environment variable is not set
2024-11-24T05:01:43.301530+08:00 - WARN - Warning: BOOTSTRAP_ADDR environment variable is not set
2024-11-24T05:01:43.303555300+08:00 - WARN - Warning: LISTENING_ADDR environment variable is not set, using default value:/ip4/0.0.0.0/tcp/12345
2024-11-24T05:01:43.304497900+08:00 - WARN - BOOTSTRAP_ADDR environment variable is not set,run as bootstrap node
2024-11-24T05:01:43.317689800+08:00 - ERROR - database is locked
2024-11-24T05:01:43.322262100+08:00 - INFO - creating instance on iface 10.10.10.2
2024-11-24T05:01:43.322653600+08:00 - INFO - creating instance on iface 198.18.0.1
2024-11-24T05:01:43.322918200+08:00 - INFO - creating instance on iface 10.1.0.168
2024-11-24T05:01:43.334644800+08:00 - INFO - Found warehouse: Some("6/xh5a6lKRH3rDzPhyO9VIukTJ0IuhADe/3eODMxbf8MztWSe4OYi8pwgizdjo0Di3MgMKEXDbOXPw5aK43LgA==")
2024-11-24T05:01:43.335386500+08:00 - INFO - Sent discovery broadcast
2024-11-24T05:01:43.734866400+08:00 - INFO - Configured for [4mdebug[0m.
2024-11-24T05:01:43.735144100+08:00 - INFO - address: [1;39m127.0.0.1[0m
2024-11-24T05:01:43.735300600+08:00 - INFO - port: [1;39m0[0m
2024-11-24T05:01:43.735443800+08:00 - INFO - workers: [1;39m20[0m
2024-11-24T05:01:43.735587100+08:00 - INFO - max blocking threads: [1;39m512[0m
2024-11-24T05:01:43.735998300+08:00 - INFO - ident: [1;39mRocket[0m
2024-11-24T05:01:43.736160500+08:00 - INFO - IP header: [1;39mX-Real-IP[0m
2024-11-24T05:01:43.736654+08:00 - INFO - limits: [1;39mbytes = 8KiB, data-form = 2MiB, file = 1MiB, form = 32KiB, json = 1MiB, msgpack = 1MiB, string = 8KiB[0m
2024-11-24T05:01:43.736771900+08:00 - INFO - temp dir: [1;39mC:\Users\kevin\AppData\Local\Temp\[0m
2024-11-24T05:01:43.736877200+08:00 - INFO - http/2: [1;39mtrue[0m
2024-11-24T05:01:43.736975800+08:00 - INFO - keep-alive: [1;39m5[0m[1;39ms[0m
2024-11-24T05:01:43.737081500+08:00 - INFO - tls: [1;39mdisabled[0m
2024-11-24T05:01:43.737217+08:00 - INFO - shutdown: [1;39mctrlc = true, force = true, grace = 2s, mercy = 3s[0m
2024-11-24T05:01:43.737382300+08:00 - INFO - log level: [1;39mnormal[0m
2024-11-24T05:01:43.737476700+08:00 - INFO - cli colors: [1;39mtrue[0m
2024-11-24T05:01:43.737636800+08:00 - INFO - [35mRoutes[0m:
2024-11-24T05:01:43.737733900+08:00 - INFO - [32mGET[0m [4;34m/cors[0m[34m/<status>[0m
2024-11-24T05:01:43.737845900+08:00 - INFO - [35mFairings[0m:
2024-11-24T05:01:43.737932600+08:00 - INFO - [1;39mShield[0m ([1;34mliftoff, response, singleton[0m)
2024-11-24T05:01:43.738028800+08:00 - INFO - [1;39mCORS[0m ([1;34mignite, request, response[0m)
2024-11-24T05:01:43.738105800+08:00 - INFO - [1;39m'sqlite_db' Database Pool[0m ([1;34mignite[0m)
2024-11-24T05:01:43.738171800+08:00 - INFO - [1;39mAdmin Initialization[0m ([1;34mignite[0m)
2024-11-24T05:01:43.738565+08:00 - INFO - [35mShield[0m:
2024-11-24T05:01:43.738650700+08:00 - INFO - X-Content-Type-Options: [39mnosniff[0m
2024-11-24T05:01:43.738725700+08:00 - INFO - X-Frame-Options: [39mSAMEORIGIN[0m
2024-11-24T05:01:43.738816400+08:00 - INFO - Permissions-Policy: [39minterest-cohort=()[0m
2024-11-24T05:01:43.740549800+08:00 - WARN - [1;39mRocket has launched from [4mhttp://127.0.0.1:8375[0m
2024-11-24T05:01:43.740879700+08:00 - WARN - Rocket is executing inside of a custom runtime.
2024-11-24T05:01:43.740981200+08:00 - INFO - Rocket's runtime is enabled via `#[rocket::main]` or `#[launch]`.
2024-11-24T05:01:43.741075+08:00 - INFO - Forced shutdown is disabled. Runtime settings may be suboptimal.
2024-11-24T05:01:51.375045700+08:00 - WARN - Received shutdown signal, shutting down...
2024-11-24T05:01:51.375182100+08:00 - WARN - Received SIGINT. Requesting shutdown.
2024-11-24T05:01:51.376399600+08:00 - INFO - Shutdown requested. Waiting for pending I/O...
2024-11-24T05:01:51.376530900+08:00 - INFO - Waiting for tasks to finish...
2024-11-24T05:01:51.376627100+08:00 - INFO - Shutting down debug message sender...
2024-11-24T05:01:51.376864200+08:00 - INFO - Shutting down swarm...
2024-11-24T05:01:51.377331900+08:00 - INFO - Graceful shutdown completed successfully.
