2024-06-16T04:08:39.301215196+08:00 - INFO - Database migrations executed successfully
2024-06-16T04:08:39.301391197+08:00 - INFO - Found warehouse: "hzzKxV6j0bMuwOssBtFulh31LQa6E3cyzwlhRvLWJorw5xAcREh7stVysP5Bn9Jhq9PZVjJS2JYQ/DZbyVuVnQ=="
2024-06-16T04:08:39.301569404+08:00 - INFO - Local peer id: PeerId("12D3KooWS2kNPFhxzG3rN9k8xQjkYQNkMHcsgk2VMVDqcyzL5YZJ")
2024-06-16T04:08:39.310267055+08:00 - WARN - Warning: BOOTSTRAP_PEER_ID environment variable is not set
2024-06-16T04:08:39.310341589+08:00 - WARN - Warning: BOOTSTRAP_ADDR environment variable is not set
2024-06-16T04:08:39.310358358+08:00 - WARN - Warning: LISTENING_ADDR environment variable is not set, using default value:/ip4/0.0.0.0/tcp/12345
2024-06-16T04:08:39.310401975+08:00 - WARN - BOOTSTRAP_ADDR environment variable is not set,run as bootstrap node
2024-06-16T04:08:39.310815448+08:00 - INFO - creating instance on iface 10.0.0.101
2024-06-16T04:08:39.319911954+08:00 - INFO - 🔧 Configured for [4mdebug[0m.
2024-06-16T04:08:39.319974283+08:00 - INFO - address: [1;39m127.0.0.1[0m
2024-06-16T04:08:39.320014773+08:00 - INFO - port: [1;39m0[0m
2024-06-16T04:08:39.320048823+08:00 - INFO - workers: [1;39m8[0m
2024-06-16T04:08:39.320094055+08:00 - INFO - max blocking threads: [1;39m512[0m
2024-06-16T04:08:39.320124582+08:00 - INFO - ident: [1;39mRocket[0m
2024-06-16T04:08:39.320160502+08:00 - INFO - IP header: [1;39mX-Real-IP[0m
2024-06-16T04:08:39.320197759+08:00 - INFO - limits: [1;39mbytes = 8KiB, data-form = 2MiB, file = 1MiB, form = 32KiB, json = 1MiB, msgpack = 1MiB, string = 8KiB[0m
2024-06-16T04:08:39.320236295+08:00 - INFO - temp dir: [1;39m/tmp[0m
2024-06-16T04:08:39.320275153+08:00 - INFO - http/2: [1;39mtrue[0m
2024-06-16T04:08:39.320315431+08:00 - INFO - keep-alive: [1;39m5[0m[1;39ms[0m
2024-06-16T04:08:39.320345978+08:00 - INFO - tls: [1;39mdisabled[0m
2024-06-16T04:08:39.320385452+08:00 - INFO - shutdown: [1;39mctrlc = true, force = true, signals = [SIGTERM], grace = 2s, mercy = 3s[0m
2024-06-16T04:08:39.320428082+08:00 - INFO - log level: [1;39mnormal[0m
2024-06-16T04:08:39.320460791+08:00 - INFO - cli colors: [1;39mtrue[0m
2024-06-16T04:08:39.320619395+08:00 - INFO - 📬 [35mRoutes[0m:
2024-06-16T04:08:39.320750521+08:00 - INFO - [36m([0m[39mindex[0m[36m)[0m [32mGET[0m [34m/[0m
2024-06-16T04:08:39.320805678+08:00 - INFO - [36m([0m[39mlogin[0m[36m)[0m [32mPOST[0m [4;34m/api[0m[34m/login[0m
2024-06-16T04:08:39.320857159+08:00 - INFO - [36m([0m[39moptions_login[0m[36m)[0m [32mOPTIONS[0m [4;34m/api[0m[34m/login[0m
2024-06-16T04:08:39.320901194+08:00 - INFO - [36m([0m[39msignup[0m[36m)[0m [32mPOST[0m [4;34m/api[0m[34m/signup[0m
2024-06-16T04:08:39.320951881+08:00 - INFO - [36m([0m[39moptions_signup[0m[36m)[0m [32mOPTIONS[0m [4;34m/api[0m[34m/signup[0m
2024-06-16T04:08:39.321016451+08:00 - INFO - [36m([0m[39mcreate_product[0m[36m)[0m [32mPOST[0m [4;34m/api[0m[34m/products[0m [33mapplication/json[0m
2024-06-16T04:08:39.321090603+08:00 - INFO - [36m([0m[39mget_products[0m[36m)[0m [32mGET[0m [4;34m/api[0m[34m/products?<start>&<end>&<categories_name>[0m
2024-06-16T04:08:39.321136367+08:00 - INFO - [36m([0m[39mprotected_route[0m[36m)[0m [32mGET[0m [4;34m/api[0m[34m/protected[0m
2024-06-16T04:08:39.321193291+08:00 - INFO - [36m([0m[39mget_warehouses[0m[36m)[0m [32mGET[0m [4;34m/api[0m[34m/warehouses[0m
2024-06-16T04:08:39.321236732+08:00 - INFO - [36m([0m[39mcreate_warehouse[0m[36m)[0m [32mPOST[0m [4;34m/api[0m[34m/warehouses[0m [33mapplication/json[0m
2024-06-16T04:08:39.321298746+08:00 - INFO - [36m([0m[39mcreate_category[0m[36m)[0m [32mPOST[0m [4;34m/api[0m[34m/categories[0m [33mapplication/json[0m
2024-06-16T04:08:39.321333882+08:00 - INFO - [32mGET[0m [4;34m/cors[0m[34m/<status>[0m
2024-06-16T04:08:39.321393373+08:00 - INFO - 📡 [35mFairings[0m:
2024-06-16T04:08:39.321436535+08:00 - INFO - [1;39mShield[0m ([1;34mliftoff, response, singleton[0m)
2024-06-16T04:08:39.321466378+08:00 - INFO - [1;39m'sqlite_db' Database Pool[0m ([1;34mignite[0m)
2024-06-16T04:08:39.321532151+08:00 - INFO - [1;39mAdmin Initialization[0m ([1;34mignite[0m)
2024-06-16T04:08:39.321572648+08:00 - INFO - [1;39mCORS[0m ([1;34mignite, request, response[0m)
2024-06-16T04:08:39.321811641+08:00 - INFO - 🛡️ [35mShield[0m:
2024-06-16T04:08:39.321858786+08:00 - INFO - Permissions-Policy: [39minterest-cohort=()[0m
2024-06-16T04:08:39.321888013+08:00 - INFO - X-Frame-Options: [39mSAMEORIGIN[0m
2024-06-16T04:08:39.321913056+08:00 - INFO - X-Content-Type-Options: [39mnosniff[0m
2024-06-16T04:08:39.321965800+08:00 - WARN - 🚀 [1;39mRocket has launched from [4mhttp://127.0.0.1:37911[0m
2024-06-16T04:08:39.322080136+08:00 - WARN - Rocket is executing inside of a custom runtime.
2024-06-16T04:08:39.322108847+08:00 - INFO - Rocket's runtime is enabled via `#[rocket::main]` or `#[launch]`.
2024-06-16T04:08:39.322129924+08:00 - INFO - Forced shutdown is disabled. Runtime settings may be suboptimal.
2024-06-16T04:09:06.754387117+08:00 - INFO - [32mPOST[0m [34m/api/login[0m [33mapplication/json[0m:
2024-06-16T04:09:06.754503108+08:00 - INFO - Matched: [36m([0m[39mlogin[0m[36m)[0m [32mPOST[0m [4;34m/api[0m[34m/login[0m
2024-06-16T04:09:06.755297973+08:00 - INFO - [1;39mOutcome: [0m[32mSuccess[0m([39m200 OK[0m)
2024-06-16T04:09:06.755494671+08:00 - INFO - [32mResponse succeeded.[0m
2024-06-16T04:09:15.750280920+08:00 - INFO - [32mPOST[0m [34m/api/signup[0m [33mapplication/json[0m:
2024-06-16T04:09:15.750374729+08:00 - INFO - Matched: [36m([0m[39msignup[0m[36m)[0m [32mPOST[0m [4;34m/api[0m[34m/signup[0m
2024-06-16T04:09:15.751176704+08:00 - INFO - [1;39mOutcome: [0m[32mSuccess[0m([39m200 OK[0m)
2024-06-16T04:09:15.751349155+08:00 - INFO - [32mResponse succeeded.[0m
2024-06-16T04:18:56.650714609+08:00 - WARN - Received SIGINT. Requesting shutdown.
2024-06-16T04:18:56.650782028+08:00 - WARN - Received shutdown signal, shutting down...
2024-06-16T04:18:56.650802296+08:00 - INFO - Shutdown requested. Waiting for pending I/O...
2024-06-16T04:18:56.650818347+08:00 - INFO - Waiting for tasks to finish...
2024-06-16T04:18:56.650879653+08:00 - INFO - Graceful shutdown completed successfully.
