2024-06-08T18:29:27.136674641+08:00 - INFO - Local peer id: PeerId("12D3KooWGacM2eGee3zGt2uyNRbVPvy7MAJamnKMSo1gkDoc4ctk")
2024-06-08T18:29:27.139132999+08:00 - WARN - Warning: BOOTSTRAP_PEER_ID environment variable is not set
2024-06-08T18:29:27.139196626+08:00 - WARN - Warning: BOOTSTRAP_ADDR environment variable is not set
2024-06-08T18:29:27.139247648+08:00 - WARN - BOOTSTRAP_ADDR environment variable is not set,run as bootstrap node
2024-06-08T18:29:27.139593657+08:00 - INFO - creating instance on iface 10.0.0.101
2024-06-08T18:29:27.148597447+08:00 - INFO - All pending migrations were run successfully: []
2024-06-08T18:29:27.149183212+08:00 - INFO - 🔧 Configured for [4mdebug[0m.
2024-06-08T18:29:27.149215340+08:00 - INFO - address: [1;39m127.0.0.1[0m
2024-06-08T18:29:27.149230851+08:00 - INFO - port: [1;39m0[0m
2024-06-08T18:29:27.149245229+08:00 - INFO - workers: [1;39m8[0m
2024-06-08T18:29:27.149259987+08:00 - INFO - max blocking threads: [1;39m512[0m
2024-06-08T18:29:27.149273474+08:00 - INFO - ident: [1;39mRocket[0m
2024-06-08T18:29:27.149289008+08:00 - INFO - IP header: [1;39mX-Real-IP[0m
2024-06-08T18:29:27.149303950+08:00 - INFO - limits: [1;39mbytes = 8KiB, data-form = 2MiB, file = 1MiB, form = 32KiB, json = 1MiB, msgpack = 1MiB, string = 8KiB[0m
2024-06-08T18:29:27.149321448+08:00 - INFO - temp dir: [1;39m/tmp[0m
2024-06-08T18:29:27.149336122+08:00 - INFO - http/2: [1;39mtrue[0m
2024-06-08T18:29:27.149352795+08:00 - INFO - keep-alive: [1;39m5[0m[1;39ms[0m
2024-06-08T18:29:27.149366106+08:00 - INFO - tls: [1;39mdisabled[0m
2024-06-08T18:29:27.149382619+08:00 - INFO - shutdown: [1;39mctrlc = true, force = true, signals = [SIGTERM], grace = 2s, mercy = 3s[0m
2024-06-08T18:29:27.149396613+08:00 - INFO - log level: [1;39mnormal[0m
2024-06-08T18:29:27.149410532+08:00 - INFO - cli colors: [1;39mtrue[0m
2024-06-08T18:29:27.149531062+08:00 - INFO - 📬 [35mRoutes[0m:
2024-06-08T18:29:27.149601925+08:00 - INFO - [36m([0m[39mindex[0m[36m)[0m [32mGET[0m [34m/[0m
2024-06-08T18:29:27.149629433+08:00 - INFO - [36m([0m[39mget_warehouses[0m[36m)[0m [32mGET[0m [4;34m/api[0m[34m/warehouses[0m
2024-06-08T18:29:27.149660425+08:00 - INFO - [36m([0m[39mcreate_warehouse[0m[36m)[0m [32mPOST[0m [4;34m/api[0m[34m/warehouses[0m [33mapplication/json[0m
2024-06-08T18:29:27.149699028+08:00 - INFO - 📡 [35mFairings[0m:
2024-06-08T18:29:27.149720571+08:00 - INFO - [1;39m'sqlite_db' Database Pool[0m ([1;34mignite[0m)
2024-06-08T18:29:27.149740349+08:00 - INFO - [1;39mAdmin Initialization[0m ([1;34mignite[0m)
2024-06-08T18:29:27.149755602+08:00 - INFO - [1;39mDatabase Migrations[0m ([1;34mignite[0m)
2024-06-08T18:29:27.149779545+08:00 - INFO - [1;39mShield[0m ([1;34mliftoff, response, singleton[0m)
2024-06-08T18:29:27.149928464+08:00 - INFO - 🛡️ [35mShield[0m:
2024-06-08T18:29:27.149951976+08:00 - INFO - X-Frame-Options: [39mSAMEORIGIN[0m
2024-06-08T18:29:27.149995124+08:00 - INFO - Permissions-Policy: [39minterest-cohort=()[0m
2024-06-08T18:29:27.150017572+08:00 - INFO - X-Content-Type-Options: [39mnosniff[0m
2024-06-08T18:29:27.150044293+08:00 - WARN - 🚀 [1;39mRocket has launched from [4mhttp://127.0.0.1:46793[0m
2024-06-08T18:29:27.150158296+08:00 - WARN - Rocket is executing inside of a custom runtime.
2024-06-08T18:29:27.150199295+08:00 - INFO - Rocket's runtime is enabled via `#[rocket::main]` or `#[launch]`.
2024-06-08T18:29:27.150227687+08:00 - INFO - Forced shutdown is disabled. Runtime settings may be suboptimal.
2024-06-08T18:29:55.556247987+08:00 - INFO - discovered: 12D3KooWCuk8tAgDNZEbNe3fRrxQquQNbiUEGHpNV2afoP51GpGH /ip4/10.0.0.101/tcp/12345
2024-06-08T18:29:55.556369388+08:00 - INFO - discovered: 12D3KooWCuk8tAgDNZEbNe3fRrxQquQNbiUEGHpNV2afoP51GpGH /ip4/127.0.0.1/tcp/12345
2024-06-08T18:29:55.556444711+08:00 - INFO - Discovered peer via mDNS: PeerId("12D3KooWCuk8tAgDNZEbNe3fRrxQquQNbiUEGHpNV2afoP51GpGH")
2024-06-08T18:29:55.556660943+08:00 - INFO - Discovered peer via mDNS: PeerId("12D3KooWCuk8tAgDNZEbNe3fRrxQquQNbiUEGHpNV2afoP51GpGH")
2024-06-08T18:29:55.559913280+08:00 - INFO - Connected to peer: PeerId("12D3KooWCuk8tAgDNZEbNe3fRrxQquQNbiUEGHpNV2afoP51GpGH")
2024-06-08T18:29:55.560232754+08:00 - INFO - Connected to peer: PeerId("12D3KooWCuk8tAgDNZEbNe3fRrxQquQNbiUEGHpNV2afoP51GpGH")
2024-06-08T18:29:55.561387356+08:00 - INFO - Connected to peer: PeerId("12D3KooWCuk8tAgDNZEbNe3fRrxQquQNbiUEGHpNV2afoP51GpGH")
2024-06-08T18:29:55.561557969+08:00 - INFO - Connected to peer: PeerId("12D3KooWCuk8tAgDNZEbNe3fRrxQquQNbiUEGHpNV2afoP51GpGH")
2024-06-08T18:29:55.561710301+08:00 - INFO - Ping: Event { peer: PeerId("12D3KooWCuk8tAgDNZEbNe3fRrxQquQNbiUEGHpNV2afoP51GpGH"), result: Ok(Pong) }
2024-06-08T18:29:55.561844953+08:00 - INFO - Ping: Event { peer: PeerId("12D3KooWCuk8tAgDNZEbNe3fRrxQquQNbiUEGHpNV2afoP51GpGH"), result: Ok(Ping { rtt: 303.992µs }) }
2024-06-08T18:29:55.561942343+08:00 - INFO - Ping: Event { peer: PeerId("12D3KooWCuk8tAgDNZEbNe3fRrxQquQNbiUEGHpNV2afoP51GpGH"), result: Ok(Pong) }
2024-06-08T18:29:55.562083753+08:00 - INFO - Ping: Event { peer: PeerId("12D3KooWCuk8tAgDNZEbNe3fRrxQquQNbiUEGHpNV2afoP51GpGH"), result: Ok(Ping { rtt: 418.235µs }) }
2024-06-08T18:29:55.562574489+08:00 - INFO - Ping: Event { peer: PeerId("12D3KooWCuk8tAgDNZEbNe3fRrxQquQNbiUEGHpNV2afoP51GpGH"), result: Ok(Pong) }
2024-06-08T18:29:55.562655389+08:00 - INFO - Ping: Event { peer: PeerId("12D3KooWCuk8tAgDNZEbNe3fRrxQquQNbiUEGHpNV2afoP51GpGH"), result: Ok(Ping { rtt: 322.404µs }) }
2024-06-08T18:29:55.562724575+08:00 - INFO - Ping: Event { peer: PeerId("12D3KooWCuk8tAgDNZEbNe3fRrxQquQNbiUEGHpNV2afoP51GpGH"), result: Ok(Pong) }
2024-06-08T18:29:55.563153883+08:00 - INFO - Ping: Event { peer: PeerId("12D3KooWCuk8tAgDNZEbNe3fRrxQquQNbiUEGHpNV2afoP51GpGH"), result: Ok(Ping { rtt: 258.921µs }) }
2024-06-08T18:30:10.562374619+08:00 - INFO - Ping: Event { peer: PeerId("12D3KooWCuk8tAgDNZEbNe3fRrxQquQNbiUEGHpNV2afoP51GpGH"), result: Ok(Pong) }
2024-06-08T18:30:10.562522450+08:00 - INFO - Ping: Event { peer: PeerId("12D3KooWCuk8tAgDNZEbNe3fRrxQquQNbiUEGHpNV2afoP51GpGH"), result: Ok(Pong) }
2024-06-08T18:30:10.562642351+08:00 - INFO - Ping: Event { peer: PeerId("12D3KooWCuk8tAgDNZEbNe3fRrxQquQNbiUEGHpNV2afoP51GpGH"), result: Ok(Ping { rtt: 208.95µs }) }
2024-06-08T18:30:10.562760792+08:00 - INFO - Ping: Event { peer: PeerId("12D3KooWCuk8tAgDNZEbNe3fRrxQquQNbiUEGHpNV2afoP51GpGH"), result: Ok(Ping { rtt: 332.468µs }) }
2024-06-08T18:30:10.562926499+08:00 - INFO - Ping: Event { peer: PeerId("12D3KooWCuk8tAgDNZEbNe3fRrxQquQNbiUEGHpNV2afoP51GpGH"), result: Ok(Pong) }
2024-06-08T18:30:10.563061656+08:00 - INFO - Ping: Event { peer: PeerId("12D3KooWCuk8tAgDNZEbNe3fRrxQquQNbiUEGHpNV2afoP51GpGH"), result: Ok(Pong) }
2024-06-08T18:30:10.563181099+08:00 - INFO - Ping: Event { peer: PeerId("12D3KooWCuk8tAgDNZEbNe3fRrxQquQNbiUEGHpNV2afoP51GpGH"), result: Ok(Ping { rtt: 249.511µs }) }
2024-06-08T18:30:10.563488313+08:00 - INFO - Ping: Event { peer: PeerId("12D3KooWCuk8tAgDNZEbNe3fRrxQquQNbiUEGHpNV2afoP51GpGH"), result: Ok(Ping { rtt: 236.234µs }) }
2024-06-08T18:30:25.563004361+08:00 - INFO - Ping: Event { peer: PeerId("12D3KooWCuk8tAgDNZEbNe3fRrxQquQNbiUEGHpNV2afoP51GpGH"), result: Ok(Pong) }
2024-06-08T18:30:25.563152550+08:00 - INFO - Ping: Event { peer: PeerId("12D3KooWCuk8tAgDNZEbNe3fRrxQquQNbiUEGHpNV2afoP51GpGH"), result: Ok(Pong) }
2024-06-08T18:30:25.563275128+08:00 - INFO - Ping: Event { peer: PeerId("12D3KooWCuk8tAgDNZEbNe3fRrxQquQNbiUEGHpNV2afoP51GpGH"), result: Ok(Ping { rtt: 369.37µs }) }
2024-06-08T18:30:25.563371412+08:00 - INFO - Ping: Event { peer: PeerId("12D3KooWCuk8tAgDNZEbNe3fRrxQquQNbiUEGHpNV2afoP51GpGH"), result: Ok(Ping { rtt: 434.583µs }) }
2024-06-08T18:30:25.563430426+08:00 - INFO - Ping: Event { peer: PeerId("12D3KooWCuk8tAgDNZEbNe3fRrxQquQNbiUEGHpNV2afoP51GpGH"), result: Ok(Pong) }
2024-06-08T18:30:25.563491558+08:00 - INFO - Ping: Event { peer: PeerId("12D3KooWCuk8tAgDNZEbNe3fRrxQquQNbiUEGHpNV2afoP51GpGH"), result: Ok(Ping { rtt: 280.096µs }) }
2024-06-08T18:30:25.563672852+08:00 - INFO - Ping: Event { peer: PeerId("12D3KooWCuk8tAgDNZEbNe3fRrxQquQNbiUEGHpNV2afoP51GpGH"), result: Ok(Pong) }
2024-06-08T18:30:25.563784344+08:00 - INFO - Ping: Event { peer: PeerId("12D3KooWCuk8tAgDNZEbNe3fRrxQquQNbiUEGHpNV2afoP51GpGH"), result: Ok(Ping { rtt: 249.753µs }) }
2024-06-08T18:30:40.563442977+08:00 - INFO - Ping: Event { peer: PeerId("12D3KooWCuk8tAgDNZEbNe3fRrxQquQNbiUEGHpNV2afoP51GpGH"), result: Ok(Pong) }
2024-06-08T18:30:40.563534099+08:00 - INFO - Ping: Event { peer: PeerId("12D3KooWCuk8tAgDNZEbNe3fRrxQquQNbiUEGHpNV2afoP51GpGH"), result: Ok(Pong) }
2024-06-08T18:30:40.563608280+08:00 - INFO - Ping: Event { peer: PeerId("12D3KooWCuk8tAgDNZEbNe3fRrxQquQNbiUEGHpNV2afoP51GpGH"), result: Ok(Ping { rtt: 299.203µs }) }
2024-06-08T18:30:40.563700321+08:00 - INFO - Ping: Event { peer: PeerId("12D3KooWCuk8tAgDNZEbNe3fRrxQquQNbiUEGHpNV2afoP51GpGH"), result: Ok(Ping { rtt: 391.798µs }) }
2024-06-08T18:30:40.563763544+08:00 - INFO - Ping: Event { peer: PeerId("12D3KooWCuk8tAgDNZEbNe3fRrxQquQNbiUEGHpNV2afoP51GpGH"), result: Ok(Pong) }
2024-06-08T18:30:40.564127774+08:00 - INFO - Ping: Event { peer: PeerId("12D3KooWCuk8tAgDNZEbNe3fRrxQquQNbiUEGHpNV2afoP51GpGH"), result: Ok(Ping { rtt: 305.422µs }) }
2024-06-08T18:30:40.564248510+08:00 - INFO - Ping: Event { peer: PeerId("12D3KooWCuk8tAgDNZEbNe3fRrxQquQNbiUEGHpNV2afoP51GpGH"), result: Ok(Pong) }
2024-06-08T18:30:40.564383385+08:00 - INFO - Ping: Event { peer: PeerId("12D3KooWCuk8tAgDNZEbNe3fRrxQquQNbiUEGHpNV2afoP51GpGH"), result: Ok(Ping { rtt: 202.751µs }) }
2024-06-08T18:30:55.564030875+08:00 - INFO - Ping: Event { peer: PeerId("12D3KooWCuk8tAgDNZEbNe3fRrxQquQNbiUEGHpNV2afoP51GpGH"), result: Ok(Pong) }
2024-06-08T18:30:55.564157751+08:00 - INFO - Ping: Event { peer: PeerId("12D3KooWCuk8tAgDNZEbNe3fRrxQquQNbiUEGHpNV2afoP51GpGH"), result: Ok(Pong) }
2024-06-08T18:30:55.564231598+08:00 - INFO - Ping: Event { peer: PeerId("12D3KooWCuk8tAgDNZEbNe3fRrxQquQNbiUEGHpNV2afoP51GpGH"), result: Ok(Pong) }
2024-06-08T18:30:55.564309530+08:00 - INFO - Ping: Event { peer: PeerId("12D3KooWCuk8tAgDNZEbNe3fRrxQquQNbiUEGHpNV2afoP51GpGH"), result: Ok(Ping { rtt: 353.255µs }) }
2024-06-08T18:30:55.564376382+08:00 - INFO - Ping: Event { peer: PeerId("12D3KooWCuk8tAgDNZEbNe3fRrxQquQNbiUEGHpNV2afoP51GpGH"), result: Ok(Ping { rtt: 608.086µs }) }
2024-06-08T18:30:55.564447597+08:00 - INFO - Ping: Event { peer: PeerId("12D3KooWCuk8tAgDNZEbNe3fRrxQquQNbiUEGHpNV2afoP51GpGH"), result: Ok(Pong) }
2024-06-08T18:30:55.564501614+08:00 - INFO - Ping: Event { peer: PeerId("12D3KooWCuk8tAgDNZEbNe3fRrxQquQNbiUEGHpNV2afoP51GpGH"), result: Ok(Ping { rtt: 215.511µs }) }
2024-06-08T18:30:55.564656046+08:00 - INFO - Ping: Event { peer: PeerId("12D3KooWCuk8tAgDNZEbNe3fRrxQquQNbiUEGHpNV2afoP51GpGH"), result: Ok(Ping { rtt: 406.069µs }) }
2024-06-08T18:31:10.564411291+08:00 - INFO - Ping: Event { peer: PeerId("12D3KooWCuk8tAgDNZEbNe3fRrxQquQNbiUEGHpNV2afoP51GpGH"), result: Ok(Pong) }
2024-06-08T18:31:10.564567109+08:00 - INFO - Ping: Event { peer: PeerId("12D3KooWCuk8tAgDNZEbNe3fRrxQquQNbiUEGHpNV2afoP51GpGH"), result: Ok(Pong) }
2024-06-08T18:31:10.564674083+08:00 - INFO - Ping: Event { peer: PeerId("12D3KooWCuk8tAgDNZEbNe3fRrxQquQNbiUEGHpNV2afoP51GpGH"), result: Ok(Pong) }
2024-06-08T18:31:10.564812323+08:00 - INFO - Ping: Event { peer: PeerId("12D3KooWCuk8tAgDNZEbNe3fRrxQquQNbiUEGHpNV2afoP51GpGH"), result: Ok(Ping { rtt: 240.709µs }) }
2024-06-08T18:31:10.565018359+08:00 - INFO - Ping: Event { peer: PeerId("12D3KooWCuk8tAgDNZEbNe3fRrxQquQNbiUEGHpNV2afoP51GpGH"), result: Ok(Ping { rtt: 334.707µs }) }
2024-06-08T18:31:10.565157468+08:00 - INFO - Ping: Event { peer: PeerId("12D3KooWCuk8tAgDNZEbNe3fRrxQquQNbiUEGHpNV2afoP51GpGH"), result: Ok(Ping { rtt: 357.524µs }) }
2024-06-08T18:31:10.565286309+08:00 - INFO - Ping: Event { peer: PeerId("12D3KooWCuk8tAgDNZEbNe3fRrxQquQNbiUEGHpNV2afoP51GpGH"), result: Ok(Pong) }
2024-06-08T18:31:10.565410168+08:00 - INFO - Ping: Event { peer: PeerId("12D3KooWCuk8tAgDNZEbNe3fRrxQquQNbiUEGHpNV2afoP51GpGH"), result: Ok(Ping { rtt: 197.988µs }) }
2024-06-08T18:31:25.565687872+08:00 - INFO - Ping: Event { peer: PeerId("12D3KooWCuk8tAgDNZEbNe3fRrxQquQNbiUEGHpNV2afoP51GpGH"), result: Ok(Pong) }
2024-06-08T18:31:25.565882224+08:00 - INFO - Ping: Event { peer: PeerId("12D3KooWCuk8tAgDNZEbNe3fRrxQquQNbiUEGHpNV2afoP51GpGH"), result: Ok(Pong) }
2024-06-08T18:31:25.566100767+08:00 - INFO - Ping: Event { peer: PeerId("12D3KooWCuk8tAgDNZEbNe3fRrxQquQNbiUEGHpNV2afoP51GpGH"), result: Ok(Pong) }
2024-06-08T18:31:25.566276797+08:00 - INFO - Ping: Event { peer: PeerId("12D3KooWCuk8tAgDNZEbNe3fRrxQquQNbiUEGHpNV2afoP51GpGH"), result: Ok(Pong) }
2024-06-08T18:31:25.566446974+08:00 - INFO - Ping: Event { peer: PeerId("12D3KooWCuk8tAgDNZEbNe3fRrxQquQNbiUEGHpNV2afoP51GpGH"), result: Ok(Ping { rtt: 441.765µs }) }
2024-06-08T18:31:25.566588166+08:00 - INFO - Ping: Event { peer: PeerId("12D3KooWCuk8tAgDNZEbNe3fRrxQquQNbiUEGHpNV2afoP51GpGH"), result: Ok(Ping { rtt: 485.445µs }) }
2024-06-08T18:31:25.566715260+08:00 - INFO - Ping: Event { peer: PeerId("12D3KooWCuk8tAgDNZEbNe3fRrxQquQNbiUEGHpNV2afoP51GpGH"), result: Ok(Ping { rtt: 460.212µs }) }
2024-06-08T18:31:25.566811873+08:00 - INFO - Ping: Event { peer: PeerId("12D3KooWCuk8tAgDNZEbNe3fRrxQquQNbiUEGHpNV2afoP51GpGH"), result: Ok(Ping { rtt: 486.41µs }) }
2024-06-08T18:31:40.566331684+08:00 - INFO - Ping: Event { peer: PeerId("12D3KooWCuk8tAgDNZEbNe3fRrxQquQNbiUEGHpNV2afoP51GpGH"), result: Ok(Pong) }
2024-06-08T18:31:40.566428720+08:00 - INFO - Ping: Event { peer: PeerId("12D3KooWCuk8tAgDNZEbNe3fRrxQquQNbiUEGHpNV2afoP51GpGH"), result: Ok(Pong) }
2024-06-08T18:31:40.566503248+08:00 - INFO - Ping: Event { peer: PeerId("12D3KooWCuk8tAgDNZEbNe3fRrxQquQNbiUEGHpNV2afoP51GpGH"), result: Ok(Pong) }
2024-06-08T18:31:40.566573649+08:00 - INFO - Ping: Event { peer: PeerId("12D3KooWCuk8tAgDNZEbNe3fRrxQquQNbiUEGHpNV2afoP51GpGH"), result: Ok(Pong) }
2024-06-08T18:31:40.566648968+08:00 - INFO - Ping: Event { peer: PeerId("12D3KooWCuk8tAgDNZEbNe3fRrxQquQNbiUEGHpNV2afoP51GpGH"), result: Ok(Ping { rtt: 305.798µs }) }
2024-06-08T18:31:40.566715172+08:00 - INFO - Ping: Event { peer: PeerId("12D3KooWCuk8tAgDNZEbNe3fRrxQquQNbiUEGHpNV2afoP51GpGH"), result: Ok(Ping { rtt: 294.131µs }) }
2024-06-08T18:31:40.566783806+08:00 - INFO - Ping: Event { peer: PeerId("12D3KooWCuk8tAgDNZEbNe3fRrxQquQNbiUEGHpNV2afoP51GpGH"), result: Ok(Ping { rtt: 261.514µs }) }
2024-06-08T18:31:40.566854110+08:00 - INFO - Ping: Event { peer: PeerId("12D3KooWCuk8tAgDNZEbNe3fRrxQquQNbiUEGHpNV2afoP51GpGH"), result: Ok(Ping { rtt: 314.061µs }) }
2024-06-08T18:31:55.567504238+08:00 - INFO - Ping: Event { peer: PeerId("12D3KooWCuk8tAgDNZEbNe3fRrxQquQNbiUEGHpNV2afoP51GpGH"), result: Ok(Pong) }
2024-06-08T18:31:55.567649126+08:00 - INFO - Ping: Event { peer: PeerId("12D3KooWCuk8tAgDNZEbNe3fRrxQquQNbiUEGHpNV2afoP51GpGH"), result: Ok(Pong) }
2024-06-08T18:31:55.567765994+08:00 - INFO - Ping: Event { peer: PeerId("12D3KooWCuk8tAgDNZEbNe3fRrxQquQNbiUEGHpNV2afoP51GpGH"), result: Ok(Pong) }
2024-06-08T18:31:55.567865353+08:00 - INFO - Ping: Event { peer: PeerId("12D3KooWCuk8tAgDNZEbNe3fRrxQquQNbiUEGHpNV2afoP51GpGH"), result: Ok(Pong) }
2024-06-08T18:31:55.567937339+08:00 - INFO - Ping: Event { peer: PeerId("12D3KooWCuk8tAgDNZEbNe3fRrxQquQNbiUEGHpNV2afoP51GpGH"), result: Ok(Ping { rtt: 452.543µs }) }
2024-06-08T18:31:55.568053913+08:00 - INFO - Ping: Event { peer: PeerId("12D3KooWCuk8tAgDNZEbNe3fRrxQquQNbiUEGHpNV2afoP51GpGH"), result: Ok(Ping { rtt: 513.458µs }) }
2024-06-08T18:31:55.568163872+08:00 - INFO - Ping: Event { peer: PeerId("12D3KooWCuk8tAgDNZEbNe3fRrxQquQNbiUEGHpNV2afoP51GpGH"), result: Ok(Ping { rtt: 425.469µs }) }
2024-06-08T18:31:55.568271745+08:00 - INFO - Ping: Event { peer: PeerId("12D3KooWCuk8tAgDNZEbNe3fRrxQquQNbiUEGHpNV2afoP51GpGH"), result: Ok(Ping { rtt: 516.369µs }) }
2024-06-08T18:32:10.568138557+08:00 - INFO - Ping: Event { peer: PeerId("12D3KooWCuk8tAgDNZEbNe3fRrxQquQNbiUEGHpNV2afoP51GpGH"), result: Ok(Pong) }
2024-06-08T18:32:10.568260939+08:00 - INFO - Ping: Event { peer: PeerId("12D3KooWCuk8tAgDNZEbNe3fRrxQquQNbiUEGHpNV2afoP51GpGH"), result: Ok(Pong) }
2024-06-08T18:32:10.568329789+08:00 - INFO - Ping: Event { peer: PeerId("12D3KooWCuk8tAgDNZEbNe3fRrxQquQNbiUEGHpNV2afoP51GpGH"), result: Ok(Pong) }
2024-06-08T18:32:10.568407395+08:00 - INFO - Ping: Event { peer: PeerId("12D3KooWCuk8tAgDNZEbNe3fRrxQquQNbiUEGHpNV2afoP51GpGH"), result: Ok(Pong) }
2024-06-08T18:32:10.568485822+08:00 - INFO - Ping: Event { peer: PeerId("12D3KooWCuk8tAgDNZEbNe3fRrxQquQNbiUEGHpNV2afoP51GpGH"), result: Ok(Ping { rtt: 255.693µs }) }
2024-06-08T18:32:10.568556849+08:00 - INFO - Ping: Event { peer: PeerId("12D3KooWCuk8tAgDNZEbNe3fRrxQquQNbiUEGHpNV2afoP51GpGH"), result: Ok(Ping { rtt: 312.379µs }) }
2024-06-08T18:32:10.568623939+08:00 - INFO - Ping: Event { peer: PeerId("12D3KooWCuk8tAgDNZEbNe3fRrxQquQNbiUEGHpNV2afoP51GpGH"), result: Ok(Ping { rtt: 661.244µs }) }
2024-06-08T18:32:10.568703663+08:00 - INFO - Ping: Event { peer: PeerId("12D3KooWCuk8tAgDNZEbNe3fRrxQquQNbiUEGHpNV2afoP51GpGH"), result: Ok(Ping { rtt: 683.314µs }) }
2024-06-08T18:32:25.568870710+08:00 - INFO - Ping: Event { peer: PeerId("12D3KooWCuk8tAgDNZEbNe3fRrxQquQNbiUEGHpNV2afoP51GpGH"), result: Ok(Pong) }
2024-06-08T18:32:25.569006575+08:00 - INFO - Ping: Event { peer: PeerId("12D3KooWCuk8tAgDNZEbNe3fRrxQquQNbiUEGHpNV2afoP51GpGH"), result: Ok(Pong) }
2024-06-08T18:32:25.569117893+08:00 - INFO - Ping: Event { peer: PeerId("12D3KooWCuk8tAgDNZEbNe3fRrxQquQNbiUEGHpNV2afoP51GpGH"), result: Ok(Pong) }
2024-06-08T18:32:25.569218450+08:00 - INFO - Ping: Event { peer: PeerId("12D3KooWCuk8tAgDNZEbNe3fRrxQquQNbiUEGHpNV2afoP51GpGH"), result: Ok(Pong) }
2024-06-08T18:32:25.569664861+08:00 - INFO - Ping: Event { peer: PeerId("12D3KooWCuk8tAgDNZEbNe3fRrxQquQNbiUEGHpNV2afoP51GpGH"), result: Ok(Ping { rtt: 1.022038ms }) }
2024-06-08T18:32:25.569800723+08:00 - INFO - Ping: Event { peer: PeerId("12D3KooWCuk8tAgDNZEbNe3fRrxQquQNbiUEGHpNV2afoP51GpGH"), result: Ok(Ping { rtt: 683.397µs }) }
2024-06-08T18:32:25.569917906+08:00 - INFO - Ping: Event { peer: PeerId("12D3KooWCuk8tAgDNZEbNe3fRrxQquQNbiUEGHpNV2afoP51GpGH"), result: Ok(Ping { rtt: 1.163137ms }) }
2024-06-08T18:32:25.570050337+08:00 - INFO - Ping: Event { peer: PeerId("12D3KooWCuk8tAgDNZEbNe3fRrxQquQNbiUEGHpNV2afoP51GpGH"), result: Ok(Ping { rtt: 995.577µs }) }
2024-06-08T18:32:40.569440556+08:00 - INFO - Ping: Event { peer: PeerId("12D3KooWCuk8tAgDNZEbNe3fRrxQquQNbiUEGHpNV2afoP51GpGH"), result: Ok(Pong) }
2024-06-08T18:32:40.569538066+08:00 - INFO - Ping: Event { peer: PeerId("12D3KooWCuk8tAgDNZEbNe3fRrxQquQNbiUEGHpNV2afoP51GpGH"), result: Ok(Pong) }
2024-06-08T18:32:40.569611828+08:00 - INFO - Ping: Event { peer: PeerId("12D3KooWCuk8tAgDNZEbNe3fRrxQquQNbiUEGHpNV2afoP51GpGH"), result: Ok(Pong) }
2024-06-08T18:32:40.569697308+08:00 - INFO - Ping: Event { peer: PeerId("12D3KooWCuk8tAgDNZEbNe3fRrxQquQNbiUEGHpNV2afoP51GpGH"), result: Ok(Pong) }
2024-06-08T18:32:40.570150580+08:00 - INFO - Ping: Event { peer: PeerId("12D3KooWCuk8tAgDNZEbNe3fRrxQquQNbiUEGHpNV2afoP51GpGH"), result: Ok(Ping { rtt: 316.48µs }) }
2024-06-08T18:32:40.570232501+08:00 - INFO - Ping: Event { peer: PeerId("12D3KooWCuk8tAgDNZEbNe3fRrxQquQNbiUEGHpNV2afoP51GpGH"), result: Ok(Ping { rtt: 286.795µs }) }
2024-06-08T18:32:40.570301423+08:00 - INFO - Ping: Event { peer: PeerId("12D3KooWCuk8tAgDNZEbNe3fRrxQquQNbiUEGHpNV2afoP51GpGH"), result: Ok(Ping { rtt: 426.269µs }) }
2024-06-08T18:32:40.570366961+08:00 - INFO - Ping: Event { peer: PeerId("12D3KooWCuk8tAgDNZEbNe3fRrxQquQNbiUEGHpNV2afoP51GpGH"), result: Ok(Ping { rtt: 341.772µs }) }
2024-06-08T18:32:55.570514489+08:00 - INFO - Ping: Event { peer: PeerId("12D3KooWCuk8tAgDNZEbNe3fRrxQquQNbiUEGHpNV2afoP51GpGH"), result: Ok(Pong) }
2024-06-08T18:32:55.570648334+08:00 - INFO - Ping: Event { peer: PeerId("12D3KooWCuk8tAgDNZEbNe3fRrxQquQNbiUEGHpNV2afoP51GpGH"), result: Ok(Pong) }
2024-06-08T18:32:55.570723842+08:00 - INFO - Ping: Event { peer: PeerId("12D3KooWCuk8tAgDNZEbNe3fRrxQquQNbiUEGHpNV2afoP51GpGH"), result: Ok(Pong) }
2024-06-08T18:32:55.570795968+08:00 - INFO - Ping: Event { peer: PeerId("12D3KooWCuk8tAgDNZEbNe3fRrxQquQNbiUEGHpNV2afoP51GpGH"), result: Ok(Pong) }
2024-06-08T18:32:55.570893375+08:00 - INFO - Ping: Event { peer: PeerId("12D3KooWCuk8tAgDNZEbNe3fRrxQquQNbiUEGHpNV2afoP51GpGH"), result: Ok(Ping { rtt: 401.554µs }) }
2024-06-08T18:32:55.571023751+08:00 - INFO - Ping: Event { peer: PeerId("12D3KooWCuk8tAgDNZEbNe3fRrxQquQNbiUEGHpNV2afoP51GpGH"), result: Ok(Ping { rtt: 446.936µs }) }
2024-06-08T18:32:55.571113202+08:00 - INFO - Ping: Event { peer: PeerId("12D3KooWCuk8tAgDNZEbNe3fRrxQquQNbiUEGHpNV2afoP51GpGH"), result: Ok(Ping { rtt: 451.421µs }) }
2024-06-08T18:32:55.571197720+08:00 - INFO - Ping: Event { peer: PeerId("12D3KooWCuk8tAgDNZEbNe3fRrxQquQNbiUEGHpNV2afoP51GpGH"), result: Ok(Ping { rtt: 473.782µs }) }
2024-06-08T18:33:10.571215017+08:00 - INFO - Ping: Event { peer: PeerId("12D3KooWCuk8tAgDNZEbNe3fRrxQquQNbiUEGHpNV2afoP51GpGH"), result: Ok(Pong) }
2024-06-08T18:33:10.571304585+08:00 - INFO - Ping: Event { peer: PeerId("12D3KooWCuk8tAgDNZEbNe3fRrxQquQNbiUEGHpNV2afoP51GpGH"), result: Ok(Pong) }
2024-06-08T18:33:10.571384622+08:00 - INFO - Ping: Event { peer: PeerId("12D3KooWCuk8tAgDNZEbNe3fRrxQquQNbiUEGHpNV2afoP51GpGH"), result: Ok(Pong) }
2024-06-08T18:33:10.571459593+08:00 - INFO - Ping: Event { peer: PeerId("12D3KooWCuk8tAgDNZEbNe3fRrxQquQNbiUEGHpNV2afoP51GpGH"), result: Ok(Pong) }
2024-06-08T18:33:10.571543511+08:00 - INFO - Ping: Event { peer: PeerId("12D3KooWCuk8tAgDNZEbNe3fRrxQquQNbiUEGHpNV2afoP51GpGH"), result: Ok(Ping { rtt: 317.09µs }) }
2024-06-08T18:33:10.571618030+08:00 - INFO - Ping: Event { peer: PeerId("12D3KooWCuk8tAgDNZEbNe3fRrxQquQNbiUEGHpNV2afoP51GpGH"), result: Ok(Ping { rtt: 291.79µs }) }
2024-06-08T18:33:10.571694357+08:00 - INFO - Ping: Event { peer: PeerId("12D3KooWCuk8tAgDNZEbNe3fRrxQquQNbiUEGHpNV2afoP51GpGH"), result: Ok(Ping { rtt: 286.709µs }) }
2024-06-08T18:33:10.571770765+08:00 - INFO - Ping: Event { peer: PeerId("12D3KooWCuk8tAgDNZEbNe3fRrxQquQNbiUEGHpNV2afoP51GpGH"), result: Ok(Ping { rtt: 507.102µs }) }
2024-06-08T18:33:25.571917481+08:00 - INFO - Ping: Event { peer: PeerId("12D3KooWCuk8tAgDNZEbNe3fRrxQquQNbiUEGHpNV2afoP51GpGH"), result: Ok(Pong) }
2024-06-08T18:33:25.572050452+08:00 - INFO - Ping: Event { peer: PeerId("12D3KooWCuk8tAgDNZEbNe3fRrxQquQNbiUEGHpNV2afoP51GpGH"), result: Ok(Pong) }
2024-06-08T18:33:25.572143659+08:00 - INFO - Ping: Event { peer: PeerId("12D3KooWCuk8tAgDNZEbNe3fRrxQquQNbiUEGHpNV2afoP51GpGH"), result: Ok(Pong) }
2024-06-08T18:33:25.572242175+08:00 - INFO - Ping: Event { peer: PeerId("12D3KooWCuk8tAgDNZEbNe3fRrxQquQNbiUEGHpNV2afoP51GpGH"), result: Ok(Pong) }
2024-06-08T18:33:25.572327424+08:00 - INFO - Ping: Event { peer: PeerId("12D3KooWCuk8tAgDNZEbNe3fRrxQquQNbiUEGHpNV2afoP51GpGH"), result: Ok(Ping { rtt: 393.652µs }) }
2024-06-08T18:33:25.572417948+08:00 - INFO - Ping: Event { peer: PeerId("12D3KooWCuk8tAgDNZEbNe3fRrxQquQNbiUEGHpNV2afoP51GpGH"), result: Ok(Ping { rtt: 363.53µs }) }
2024-06-08T18:33:25.572513776+08:00 - INFO - Ping: Event { peer: PeerId("12D3KooWCuk8tAgDNZEbNe3fRrxQquQNbiUEGHpNV2afoP51GpGH"), result: Ok(Ping { rtt: 377.874µs }) }
2024-06-08T18:33:25.572599062+08:00 - INFO - Ping: Event { peer: PeerId("12D3KooWCuk8tAgDNZEbNe3fRrxQquQNbiUEGHpNV2afoP51GpGH"), result: Ok(Ping { rtt: 324.188µs }) }
2024-06-08T18:33:40.572600883+08:00 - INFO - Ping: Event { peer: PeerId("12D3KooWCuk8tAgDNZEbNe3fRrxQquQNbiUEGHpNV2afoP51GpGH"), result: Ok(Pong) }
2024-06-08T18:33:40.572718864+08:00 - INFO - Ping: Event { peer: PeerId("12D3KooWCuk8tAgDNZEbNe3fRrxQquQNbiUEGHpNV2afoP51GpGH"), result: Ok(Pong) }
2024-06-08T18:33:40.572812750+08:00 - INFO - Ping: Event { peer: PeerId("12D3KooWCuk8tAgDNZEbNe3fRrxQquQNbiUEGHpNV2afoP51GpGH"), result: Ok(Pong) }
2024-06-08T18:33:40.572899869+08:00 - INFO - Ping: Event { peer: PeerId("12D3KooWCuk8tAgDNZEbNe3fRrxQquQNbiUEGHpNV2afoP51GpGH"), result: Ok(Pong) }
2024-06-08T18:33:40.573027912+08:00 - INFO - Ping: Event { peer: PeerId("12D3KooWCuk8tAgDNZEbNe3fRrxQquQNbiUEGHpNV2afoP51GpGH"), result: Ok(Ping { rtt: 274.563µs }) }
2024-06-08T18:33:40.573134075+08:00 - INFO - Ping: Event { peer: PeerId("12D3KooWCuk8tAgDNZEbNe3fRrxQquQNbiUEGHpNV2afoP51GpGH"), result: Ok(Ping { rtt: 369.649µs }) }
2024-06-08T18:33:40.573204097+08:00 - INFO - Ping: Event { peer: PeerId("12D3KooWCuk8tAgDNZEbNe3fRrxQquQNbiUEGHpNV2afoP51GpGH"), result: Ok(Ping { rtt: 297.529µs }) }
2024-06-08T18:33:40.573297822+08:00 - INFO - Ping: Event { peer: PeerId("12D3KooWCuk8tAgDNZEbNe3fRrxQquQNbiUEGHpNV2afoP51GpGH"), result: Ok(Ping { rtt: 370.518µs }) }
2024-06-08T18:33:55.573243260+08:00 - INFO - Ping: Event { peer: PeerId("12D3KooWCuk8tAgDNZEbNe3fRrxQquQNbiUEGHpNV2afoP51GpGH"), result: Ok(Pong) }
2024-06-08T18:33:55.573340540+08:00 - INFO - Ping: Event { peer: PeerId("12D3KooWCuk8tAgDNZEbNe3fRrxQquQNbiUEGHpNV2afoP51GpGH"), result: Ok(Pong) }
2024-06-08T18:33:55.573405381+08:00 - INFO - Ping: Event { peer: PeerId("12D3KooWCuk8tAgDNZEbNe3fRrxQquQNbiUEGHpNV2afoP51GpGH"), result: Ok(Pong) }
2024-06-08T18:33:55.573478281+08:00 - INFO - Ping: Event { peer: PeerId("12D3KooWCuk8tAgDNZEbNe3fRrxQquQNbiUEGHpNV2afoP51GpGH"), result: Ok(Pong) }
2024-06-08T18:33:55.573549892+08:00 - INFO - Ping: Event { peer: PeerId("12D3KooWCuk8tAgDNZEbNe3fRrxQquQNbiUEGHpNV2afoP51GpGH"), result: Ok(Ping { rtt: 397.707µs }) }
2024-06-08T18:33:55.573621278+08:00 - INFO - Ping: Event { peer: PeerId("12D3KooWCuk8tAgDNZEbNe3fRrxQquQNbiUEGHpNV2afoP51GpGH"), result: Ok(Ping { rtt: 430.544µs }) }
2024-06-08T18:33:55.573706968+08:00 - INFO - Ping: Event { peer: PeerId("12D3KooWCuk8tAgDNZEbNe3fRrxQquQNbiUEGHpNV2afoP51GpGH"), result: Ok(Ping { rtt: 410.703µs }) }
2024-06-08T18:33:55.573796417+08:00 - INFO - Ping: Event { peer: PeerId("12D3KooWCuk8tAgDNZEbNe3fRrxQquQNbiUEGHpNV2afoP51GpGH"), result: Ok(Ping { rtt: 353.291µs }) }
2024-06-08T18:34:10.573829240+08:00 - INFO - Ping: Event { peer: PeerId("12D3KooWCuk8tAgDNZEbNe3fRrxQquQNbiUEGHpNV2afoP51GpGH"), result: Ok(Pong) }
2024-06-08T18:34:10.573921497+08:00 - INFO - Ping: Event { peer: PeerId("12D3KooWCuk8tAgDNZEbNe3fRrxQquQNbiUEGHpNV2afoP51GpGH"), result: Ok(Pong) }
2024-06-08T18:34:10.574027157+08:00 - INFO - Ping: Event { peer: PeerId("12D3KooWCuk8tAgDNZEbNe3fRrxQquQNbiUEGHpNV2afoP51GpGH"), result: Ok(Pong) }
2024-06-08T18:34:10.574121631+08:00 - INFO - Ping: Event { peer: PeerId("12D3KooWCuk8tAgDNZEbNe3fRrxQquQNbiUEGHpNV2afoP51GpGH"), result: Ok(Ping { rtt: 226.611µs }) }
2024-06-08T18:34:10.574187828+08:00 - INFO - Ping: Event { peer: PeerId("12D3KooWCuk8tAgDNZEbNe3fRrxQquQNbiUEGHpNV2afoP51GpGH"), result: Ok(Pong) }
2024-06-08T18:34:10.574285472+08:00 - INFO - Ping: Event { peer: PeerId("12D3KooWCuk8tAgDNZEbNe3fRrxQquQNbiUEGHpNV2afoP51GpGH"), result: Ok(Ping { rtt: 231.875µs }) }
2024-06-08T18:34:10.574362807+08:00 - INFO - Ping: Event { peer: PeerId("12D3KooWCuk8tAgDNZEbNe3fRrxQquQNbiUEGHpNV2afoP51GpGH"), result: Ok(Ping { rtt: 260.769µs }) }
2024-06-08T18:34:10.574435206+08:00 - INFO - Ping: Event { peer: PeerId("12D3KooWCuk8tAgDNZEbNe3fRrxQquQNbiUEGHpNV2afoP51GpGH"), result: Ok(Ping { rtt: 285.527µs }) }
2024-06-08T18:34:25.574822886+08:00 - INFO - Ping: Event { peer: PeerId("12D3KooWCuk8tAgDNZEbNe3fRrxQquQNbiUEGHpNV2afoP51GpGH"), result: Ok(Pong) }
2024-06-08T18:34:25.574937784+08:00 - INFO - Ping: Event { peer: PeerId("12D3KooWCuk8tAgDNZEbNe3fRrxQquQNbiUEGHpNV2afoP51GpGH"), result: Ok(Pong) }
2024-06-08T18:34:25.575054226+08:00 - INFO - Ping: Event { peer: PeerId("12D3KooWCuk8tAgDNZEbNe3fRrxQquQNbiUEGHpNV2afoP51GpGH"), result: Ok(Pong) }
2024-06-08T18:34:25.575144348+08:00 - INFO - Ping: Event { peer: PeerId("12D3KooWCuk8tAgDNZEbNe3fRrxQquQNbiUEGHpNV2afoP51GpGH"), result: Ok(Pong) }
2024-06-08T18:34:25.575256017+08:00 - INFO - Ping: Event { peer: PeerId("12D3KooWCuk8tAgDNZEbNe3fRrxQquQNbiUEGHpNV2afoP51GpGH"), result: Ok(Ping { rtt: 676.749µs }) }
2024-06-08T18:34:25.575354743+08:00 - INFO - Ping: Event { peer: PeerId("12D3KooWCuk8tAgDNZEbNe3fRrxQquQNbiUEGHpNV2afoP51GpGH"), result: Ok(Ping { rtt: 498.588µs }) }
2024-06-08T18:34:25.575450130+08:00 - INFO - Ping: Event { peer: PeerId("12D3KooWCuk8tAgDNZEbNe3fRrxQquQNbiUEGHpNV2afoP51GpGH"), result: Ok(Ping { rtt: 564.667µs }) }
2024-06-08T18:34:25.575533709+08:00 - INFO - Ping: Event { peer: PeerId("12D3KooWCuk8tAgDNZEbNe3fRrxQquQNbiUEGHpNV2afoP51GpGH"), result: Ok(Ping { rtt: 666.532µs }) }
2024-06-08T18:34:40.575134004+08:00 - INFO - Ping: Event { peer: PeerId("12D3KooWCuk8tAgDNZEbNe3fRrxQquQNbiUEGHpNV2afoP51GpGH"), result: Ok(Pong) }
2024-06-08T18:34:40.575267831+08:00 - INFO - Ping: Event { peer: PeerId("12D3KooWCuk8tAgDNZEbNe3fRrxQquQNbiUEGHpNV2afoP51GpGH"), result: Ok(Pong) }
2024-06-08T18:34:40.575354174+08:00 - INFO - Ping: Event { peer: PeerId("12D3KooWCuk8tAgDNZEbNe3fRrxQquQNbiUEGHpNV2afoP51GpGH"), result: Ok(Pong) }
2024-06-08T18:34:40.575434495+08:00 - INFO - Ping: Event { peer: PeerId("12D3KooWCuk8tAgDNZEbNe3fRrxQquQNbiUEGHpNV2afoP51GpGH"), result: Ok(Pong) }
2024-06-08T18:34:40.575694314+08:00 - INFO - Ping: Event { peer: PeerId("12D3KooWCuk8tAgDNZEbNe3fRrxQquQNbiUEGHpNV2afoP51GpGH"), result: Ok(Ping { rtt: 379.555µs }) }
2024-06-08T18:34:40.575824973+08:00 - INFO - Ping: Event { peer: PeerId("12D3KooWCuk8tAgDNZEbNe3fRrxQquQNbiUEGHpNV2afoP51GpGH"), result: Ok(Ping { rtt: 403.635µs }) }
2024-06-08T18:34:40.575950163+08:00 - INFO - Ping: Event { peer: PeerId("12D3KooWCuk8tAgDNZEbNe3fRrxQquQNbiUEGHpNV2afoP51GpGH"), result: Ok(Ping { rtt: 377.021µs }) }
2024-06-08T18:34:40.576147537+08:00 - INFO - Ping: Event { peer: PeerId("12D3KooWCuk8tAgDNZEbNe3fRrxQquQNbiUEGHpNV2afoP51GpGH"), result: Ok(Ping { rtt: 381.37µs }) }
2024-06-08T18:34:55.576053222+08:00 - INFO - Ping: Event { peer: PeerId("12D3KooWCuk8tAgDNZEbNe3fRrxQquQNbiUEGHpNV2afoP51GpGH"), result: Ok(Pong) }
2024-06-08T18:34:55.576221343+08:00 - INFO - Ping: Event { peer: PeerId("12D3KooWCuk8tAgDNZEbNe3fRrxQquQNbiUEGHpNV2afoP51GpGH"), result: Ok(Pong) }
2024-06-08T18:34:55.576355688+08:00 - INFO - Ping: Event { peer: PeerId("12D3KooWCuk8tAgDNZEbNe3fRrxQquQNbiUEGHpNV2afoP51GpGH"), result: Ok(Pong) }
2024-06-08T18:34:55.576510028+08:00 - INFO - Ping: Event { peer: PeerId("12D3KooWCuk8tAgDNZEbNe3fRrxQquQNbiUEGHpNV2afoP51GpGH"), result: Ok(Pong) }
2024-06-08T18:34:55.576653817+08:00 - INFO - Ping: Event { peer: PeerId("12D3KooWCuk8tAgDNZEbNe3fRrxQquQNbiUEGHpNV2afoP51GpGH"), result: Ok(Ping { rtt: 313.289µs }) }
2024-06-08T18:34:55.576807132+08:00 - INFO - Ping: Event { peer: PeerId("12D3KooWCuk8tAgDNZEbNe3fRrxQquQNbiUEGHpNV2afoP51GpGH"), result: Ok(Ping { rtt: 366.281µs }) }
2024-06-08T18:34:55.576927745+08:00 - INFO - Ping: Event { peer: PeerId("12D3KooWCuk8tAgDNZEbNe3fRrxQquQNbiUEGHpNV2afoP51GpGH"), result: Ok(Ping { rtt: 383.103µs }) }
2024-06-08T18:34:55.577068591+08:00 - INFO - Ping: Event { peer: PeerId("12D3KooWCuk8tAgDNZEbNe3fRrxQquQNbiUEGHpNV2afoP51GpGH"), result: Ok(Ping { rtt: 401.698µs }) }
2024-06-08T18:35:10.576732635+08:00 - INFO - Ping: Event { peer: PeerId("12D3KooWCuk8tAgDNZEbNe3fRrxQquQNbiUEGHpNV2afoP51GpGH"), result: Ok(Pong) }
2024-06-08T18:35:10.576839341+08:00 - INFO - Ping: Event { peer: PeerId("12D3KooWCuk8tAgDNZEbNe3fRrxQquQNbiUEGHpNV2afoP51GpGH"), result: Ok(Pong) }
2024-06-08T18:35:10.576925375+08:00 - INFO - Ping: Event { peer: PeerId("12D3KooWCuk8tAgDNZEbNe3fRrxQquQNbiUEGHpNV2afoP51GpGH"), result: Ok(Pong) }
2024-06-08T18:35:10.577039240+08:00 - INFO - Ping: Event { peer: PeerId("12D3KooWCuk8tAgDNZEbNe3fRrxQquQNbiUEGHpNV2afoP51GpGH"), result: Ok(Pong) }
2024-06-08T18:35:10.577155379+08:00 - INFO - Ping: Event { peer: PeerId("12D3KooWCuk8tAgDNZEbNe3fRrxQquQNbiUEGHpNV2afoP51GpGH"), result: Ok(Ping { rtt: 303.989µs }) }
2024-06-08T18:35:10.577266983+08:00 - INFO - Ping: Event { peer: PeerId("12D3KooWCuk8tAgDNZEbNe3fRrxQquQNbiUEGHpNV2afoP51GpGH"), result: Ok(Ping { rtt: 280.214µs }) }
2024-06-08T18:35:10.577341062+08:00 - INFO - Ping: Event { peer: PeerId("12D3KooWCuk8tAgDNZEbNe3fRrxQquQNbiUEGHpNV2afoP51GpGH"), result: Ok(Ping { rtt: 407.311µs }) }
2024-06-08T18:35:10.577409669+08:00 - INFO - Ping: Event { peer: PeerId("12D3KooWCuk8tAgDNZEbNe3fRrxQquQNbiUEGHpNV2afoP51GpGH"), result: Ok(Ping { rtt: 393.032µs }) }
2024-06-08T18:35:25.577754728+08:00 - INFO - Ping: Event { peer: PeerId("12D3KooWCuk8tAgDNZEbNe3fRrxQquQNbiUEGHpNV2afoP51GpGH"), result: Ok(Pong) }
2024-06-08T18:35:25.577857888+08:00 - INFO - Ping: Event { peer: PeerId("12D3KooWCuk8tAgDNZEbNe3fRrxQquQNbiUEGHpNV2afoP51GpGH"), result: Ok(Pong) }
2024-06-08T18:35:25.577912836+08:00 - INFO - Ping: Event { peer: PeerId("12D3KooWCuk8tAgDNZEbNe3fRrxQquQNbiUEGHpNV2afoP51GpGH"), result: Ok(Pong) }
2024-06-08T18:35:25.578021114+08:00 - INFO - Ping: Event { peer: PeerId("12D3KooWCuk8tAgDNZEbNe3fRrxQquQNbiUEGHpNV2afoP51GpGH"), result: Ok(Pong) }
2024-06-08T18:35:25.578099359+08:00 - INFO - Ping: Event { peer: PeerId("12D3KooWCuk8tAgDNZEbNe3fRrxQquQNbiUEGHpNV2afoP51GpGH"), result: Ok(Ping { rtt: 477.947µs }) }
2024-06-08T18:35:25.578165302+08:00 - INFO - Ping: Event { peer: PeerId("12D3KooWCuk8tAgDNZEbNe3fRrxQquQNbiUEGHpNV2afoP51GpGH"), result: Ok(Ping { rtt: 483.923µs }) }
2024-06-08T18:35:25.578249783+08:00 - INFO - Ping: Event { peer: PeerId("12D3KooWCuk8tAgDNZEbNe3fRrxQquQNbiUEGHpNV2afoP51GpGH"), result: Ok(Ping { rtt: 608.235µs }) }
2024-06-08T18:35:25.578330717+08:00 - INFO - Ping: Event { peer: PeerId("12D3KooWCuk8tAgDNZEbNe3fRrxQquQNbiUEGHpNV2afoP51GpGH"), result: Ok(Ping { rtt: 636.032µs }) }
2024-06-08T18:35:40.578428041+08:00 - INFO - Ping: Event { peer: PeerId("12D3KooWCuk8tAgDNZEbNe3fRrxQquQNbiUEGHpNV2afoP51GpGH"), result: Ok(Pong) }
2024-06-08T18:35:40.578544013+08:00 - INFO - Ping: Event { peer: PeerId("12D3KooWCuk8tAgDNZEbNe3fRrxQquQNbiUEGHpNV2afoP51GpGH"), result: Ok(Pong) }
2024-06-08T18:35:40.578630340+08:00 - INFO - Ping: Event { peer: PeerId("12D3KooWCuk8tAgDNZEbNe3fRrxQquQNbiUEGHpNV2afoP51GpGH"), result: Ok(Pong) }
2024-06-08T18:35:40.578729795+08:00 - INFO - Ping: Event { peer: PeerId("12D3KooWCuk8tAgDNZEbNe3fRrxQquQNbiUEGHpNV2afoP51GpGH"), result: Ok(Pong) }
2024-06-08T18:35:40.578855369+08:00 - INFO - Ping: Event { peer: PeerId("12D3KooWCuk8tAgDNZEbNe3fRrxQquQNbiUEGHpNV2afoP51GpGH"), result: Ok(Ping { rtt: 211.98µs }) }
2024-06-08T18:35:40.578995552+08:00 - INFO - Ping: Event { peer: PeerId("12D3KooWCuk8tAgDNZEbNe3fRrxQquQNbiUEGHpNV2afoP51GpGH"), result: Ok(Ping { rtt: 288.746µs }) }
2024-06-08T18:35:40.579108054+08:00 - INFO - Ping: Event { peer: PeerId("12D3KooWCuk8tAgDNZEbNe3fRrxQquQNbiUEGHpNV2afoP51GpGH"), result: Ok(Ping { rtt: 154.379µs }) }
2024-06-08T18:35:40.579211875+08:00 - INFO - Ping: Event { peer: PeerId("12D3KooWCuk8tAgDNZEbNe3fRrxQquQNbiUEGHpNV2afoP51GpGH"), result: Ok(Ping { rtt: 181.34µs }) }
2024-06-08T18:35:55.579034520+08:00 - INFO - Ping: Event { peer: PeerId("12D3KooWCuk8tAgDNZEbNe3fRrxQquQNbiUEGHpNV2afoP51GpGH"), result: Ok(Pong) }
2024-06-08T18:35:55.579202862+08:00 - INFO - Ping: Event { peer: PeerId("12D3KooWCuk8tAgDNZEbNe3fRrxQquQNbiUEGHpNV2afoP51GpGH"), result: Ok(Pong) }
2024-06-08T18:35:55.579361797+08:00 - INFO - Ping: Event { peer: PeerId("12D3KooWCuk8tAgDNZEbNe3fRrxQquQNbiUEGHpNV2afoP51GpGH"), result: Ok(Pong) }
2024-06-08T18:35:55.579520741+08:00 - INFO - Ping: Event { peer: PeerId("12D3KooWCuk8tAgDNZEbNe3fRrxQquQNbiUEGHpNV2afoP51GpGH"), result: Ok(Pong) }
2024-06-08T18:35:55.579679744+08:00 - INFO - Ping: Event { peer: PeerId("12D3KooWCuk8tAgDNZEbNe3fRrxQquQNbiUEGHpNV2afoP51GpGH"), result: Ok(Ping { rtt: 461.488µs }) }
2024-06-08T18:35:55.579804485+08:00 - INFO - Ping: Event { peer: PeerId("12D3KooWCuk8tAgDNZEbNe3fRrxQquQNbiUEGHpNV2afoP51GpGH"), result: Ok(Ping { rtt: 418.126µs }) }
2024-06-08T18:35:55.579921915+08:00 - INFO - Ping: Event { peer: PeerId("12D3KooWCuk8tAgDNZEbNe3fRrxQquQNbiUEGHpNV2afoP51GpGH"), result: Ok(Ping { rtt: 434.558µs }) }
2024-06-08T18:35:55.580056348+08:00 - INFO - Ping: Event { peer: PeerId("12D3KooWCuk8tAgDNZEbNe3fRrxQquQNbiUEGHpNV2afoP51GpGH"), result: Ok(Ping { rtt: 402.94µs }) }
2024-06-08T18:36:10.579718479+08:00 - INFO - Ping: Event { peer: PeerId("12D3KooWCuk8tAgDNZEbNe3fRrxQquQNbiUEGHpNV2afoP51GpGH"), result: Ok(Pong) }
2024-06-08T18:36:10.579847296+08:00 - INFO - Ping: Event { peer: PeerId("12D3KooWCuk8tAgDNZEbNe3fRrxQquQNbiUEGHpNV2afoP51GpGH"), result: Ok(Pong) }
2024-06-08T18:36:10.579950810+08:00 - INFO - Ping: Event { peer: PeerId("12D3KooWCuk8tAgDNZEbNe3fRrxQquQNbiUEGHpNV2afoP51GpGH"), result: Ok(Pong) }
2024-06-08T18:36:10.580062901+08:00 - INFO - Ping: Event { peer: PeerId("12D3KooWCuk8tAgDNZEbNe3fRrxQquQNbiUEGHpNV2afoP51GpGH"), result: Ok(Pong) }
2024-06-08T18:36:10.580164338+08:00 - INFO - Ping: Event { peer: PeerId("12D3KooWCuk8tAgDNZEbNe3fRrxQquQNbiUEGHpNV2afoP51GpGH"), result: Ok(Ping { rtt: 372.958µs }) }
2024-06-08T18:36:10.580262255+08:00 - INFO - Ping: Event { peer: PeerId("12D3KooWCuk8tAgDNZEbNe3fRrxQquQNbiUEGHpNV2afoP51GpGH"), result: Ok(Ping { rtt: 351.046µs }) }
2024-06-08T18:36:10.580345513+08:00 - INFO - Ping: Event { peer: PeerId("12D3KooWCuk8tAgDNZEbNe3fRrxQquQNbiUEGHpNV2afoP51GpGH"), result: Ok(Ping { rtt: 396.204µs }) }
2024-06-08T18:36:10.580417129+08:00 - INFO - Ping: Event { peer: PeerId("12D3KooWCuk8tAgDNZEbNe3fRrxQquQNbiUEGHpNV2afoP51GpGH"), result: Ok(Ping { rtt: 525.623µs }) }
2024-06-08T18:36:25.580448149+08:00 - INFO - Ping: Event { peer: PeerId("12D3KooWCuk8tAgDNZEbNe3fRrxQquQNbiUEGHpNV2afoP51GpGH"), result: Ok(Pong) }
2024-06-08T18:36:25.580540362+08:00 - INFO - Ping: Event { peer: PeerId("12D3KooWCuk8tAgDNZEbNe3fRrxQquQNbiUEGHpNV2afoP51GpGH"), result: Ok(Pong) }
2024-06-08T18:36:25.580622143+08:00 - INFO - Ping: Event { peer: PeerId("12D3KooWCuk8tAgDNZEbNe3fRrxQquQNbiUEGHpNV2afoP51GpGH"), result: Ok(Pong) }
2024-06-08T18:36:25.580700801+08:00 - INFO - Ping: Event { peer: PeerId("12D3KooWCuk8tAgDNZEbNe3fRrxQquQNbiUEGHpNV2afoP51GpGH"), result: Ok(Pong) }
2024-06-08T18:36:25.580796063+08:00 - INFO - Ping: Event { peer: PeerId("12D3KooWCuk8tAgDNZEbNe3fRrxQquQNbiUEGHpNV2afoP51GpGH"), result: Ok(Ping { rtt: 317.983µs }) }
2024-06-08T18:36:25.580888658+08:00 - INFO - Ping: Event { peer: PeerId("12D3KooWCuk8tAgDNZEbNe3fRrxQquQNbiUEGHpNV2afoP51GpGH"), result: Ok(Ping { rtt: 605.114µs }) }
2024-06-08T18:36:25.580964480+08:00 - INFO - Ping: Event { peer: PeerId("12D3KooWCuk8tAgDNZEbNe3fRrxQquQNbiUEGHpNV2afoP51GpGH"), result: Ok(Ping { rtt: 602.954µs }) }
2024-06-08T18:36:25.581058136+08:00 - INFO - Ping: Event { peer: PeerId("12D3KooWCuk8tAgDNZEbNe3fRrxQquQNbiUEGHpNV2afoP51GpGH"), result: Ok(Ping { rtt: 594.884µs }) }
2024-06-08T18:36:40.580913191+08:00 - INFO - Ping: Event { peer: PeerId("12D3KooWCuk8tAgDNZEbNe3fRrxQquQNbiUEGHpNV2afoP51GpGH"), result: Ok(Pong) }
2024-06-08T18:36:40.581026415+08:00 - INFO - Ping: Event { peer: PeerId("12D3KooWCuk8tAgDNZEbNe3fRrxQquQNbiUEGHpNV2afoP51GpGH"), result: Ok(Pong) }
2024-06-08T18:36:40.581098532+08:00 - INFO - Ping: Event { peer: PeerId("12D3KooWCuk8tAgDNZEbNe3fRrxQquQNbiUEGHpNV2afoP51GpGH"), result: Ok(Pong) }
2024-06-08T18:36:40.581154646+08:00 - INFO - Ping: Event { peer: PeerId("12D3KooWCuk8tAgDNZEbNe3fRrxQquQNbiUEGHpNV2afoP51GpGH"), result: Ok(Pong) }
2024-06-08T18:36:40.581224727+08:00 - INFO - Ping: Event { peer: PeerId("12D3KooWCuk8tAgDNZEbNe3fRrxQquQNbiUEGHpNV2afoP51GpGH"), result: Ok(Ping { rtt: 222.631µs }) }
2024-06-08T18:36:40.581297510+08:00 - INFO - Ping: Event { peer: PeerId("12D3KooWCuk8tAgDNZEbNe3fRrxQquQNbiUEGHpNV2afoP51GpGH"), result: Ok(Ping { rtt: 350.973µs }) }
2024-06-08T18:36:40.581367086+08:00 - INFO - Ping: Event { peer: PeerId("12D3KooWCuk8tAgDNZEbNe3fRrxQquQNbiUEGHpNV2afoP51GpGH"), result: Ok(Ping { rtt: 321.259µs }) }
2024-06-08T18:36:40.581436976+08:00 - INFO - Ping: Event { peer: PeerId("12D3KooWCuk8tAgDNZEbNe3fRrxQquQNbiUEGHpNV2afoP51GpGH"), result: Ok(Ping { rtt: 347.301µs }) }
2024-06-08T18:36:55.581589025+08:00 - INFO - Ping: Event { peer: PeerId("12D3KooWCuk8tAgDNZEbNe3fRrxQquQNbiUEGHpNV2afoP51GpGH"), result: Ok(Pong) }
2024-06-08T18:36:55.581711607+08:00 - INFO - Ping: Event { peer: PeerId("12D3KooWCuk8tAgDNZEbNe3fRrxQquQNbiUEGHpNV2afoP51GpGH"), result: Ok(Pong) }
2024-06-08T18:36:55.581800289+08:00 - INFO - Ping: Event { peer: PeerId("12D3KooWCuk8tAgDNZEbNe3fRrxQquQNbiUEGHpNV2afoP51GpGH"), result: Ok(Pong) }
2024-06-08T18:36:55.581892776+08:00 - INFO - Ping: Event { peer: PeerId("12D3KooWCuk8tAgDNZEbNe3fRrxQquQNbiUEGHpNV2afoP51GpGH"), result: Ok(Pong) }
2024-06-08T18:36:55.581989728+08:00 - INFO - Ping: Event { peer: PeerId("12D3KooWCuk8tAgDNZEbNe3fRrxQquQNbiUEGHpNV2afoP51GpGH"), result: Ok(Ping { rtt: 281.819µs }) }
2024-06-08T18:36:55.582074008+08:00 - INFO - Ping: Event { peer: PeerId("12D3KooWCuk8tAgDNZEbNe3fRrxQquQNbiUEGHpNV2afoP51GpGH"), result: Ok(Ping { rtt: 251.917µs }) }
2024-06-08T18:36:55.582146546+08:00 - INFO - Ping: Event { peer: PeerId("12D3KooWCuk8tAgDNZEbNe3fRrxQquQNbiUEGHpNV2afoP51GpGH"), result: Ok(Ping { rtt: 407.815µs }) }
2024-06-08T18:36:55.582227504+08:00 - INFO - Ping: Event { peer: PeerId("12D3KooWCuk8tAgDNZEbNe3fRrxQquQNbiUEGHpNV2afoP51GpGH"), result: Ok(Ping { rtt: 372.105µs }) }
2024-06-08T18:37:10.582169681+08:00 - INFO - Ping: Event { peer: PeerId("12D3KooWCuk8tAgDNZEbNe3fRrxQquQNbiUEGHpNV2afoP51GpGH"), result: Ok(Pong) }
2024-06-08T18:37:10.582272952+08:00 - INFO - Ping: Event { peer: PeerId("12D3KooWCuk8tAgDNZEbNe3fRrxQquQNbiUEGHpNV2afoP51GpGH"), result: Ok(Pong) }
2024-06-08T18:37:10.582339971+08:00 - INFO - Ping: Event { peer: PeerId("12D3KooWCuk8tAgDNZEbNe3fRrxQquQNbiUEGHpNV2afoP51GpGH"), result: Ok(Pong) }
2024-06-08T18:37:10.582412735+08:00 - INFO - Ping: Event { peer: PeerId("12D3KooWCuk8tAgDNZEbNe3fRrxQquQNbiUEGHpNV2afoP51GpGH"), result: Ok(Pong) }
2024-06-08T18:37:10.582485290+08:00 - INFO - Ping: Event { peer: PeerId("12D3KooWCuk8tAgDNZEbNe3fRrxQquQNbiUEGHpNV2afoP51GpGH"), result: Ok(Ping { rtt: 214.643µs }) }
2024-06-08T18:37:10.582546336+08:00 - INFO - Ping: Event { peer: PeerId("12D3KooWCuk8tAgDNZEbNe3fRrxQquQNbiUEGHpNV2afoP51GpGH"), result: Ok(Ping { rtt: 568.49µs }) }
2024-06-08T18:37:10.582633296+08:00 - INFO - Ping: Event { peer: PeerId("12D3KooWCuk8tAgDNZEbNe3fRrxQquQNbiUEGHpNV2afoP51GpGH"), result: Ok(Ping { rtt: 579.301µs }) }
2024-06-08T18:37:10.582707495+08:00 - INFO - Ping: Event { peer: PeerId("12D3KooWCuk8tAgDNZEbNe3fRrxQquQNbiUEGHpNV2afoP51GpGH"), result: Ok(Ping { rtt: 560.967µs }) }
2024-06-08T18:37:25.582835374+08:00 - INFO - Ping: Event { peer: PeerId("12D3KooWCuk8tAgDNZEbNe3fRrxQquQNbiUEGHpNV2afoP51GpGH"), result: Ok(Pong) }
2024-06-08T18:37:25.582958797+08:00 - INFO - Ping: Event { peer: PeerId("12D3KooWCuk8tAgDNZEbNe3fRrxQquQNbiUEGHpNV2afoP51GpGH"), result: Ok(Pong) }
2024-06-08T18:37:25.583053950+08:00 - INFO - Ping: Event { peer: PeerId("12D3KooWCuk8tAgDNZEbNe3fRrxQquQNbiUEGHpNV2afoP51GpGH"), result: Ok(Pong) }
2024-06-08T18:37:25.583119166+08:00 - INFO - Ping: Event { peer: PeerId("12D3KooWCuk8tAgDNZEbNe3fRrxQquQNbiUEGHpNV2afoP51GpGH"), result: Ok(Pong) }
2024-06-08T18:37:25.583187846+08:00 - INFO - Ping: Event { peer: PeerId("12D3KooWCuk8tAgDNZEbNe3fRrxQquQNbiUEGHpNV2afoP51GpGH"), result: Ok(Ping { rtt: 347.27µs }) }
2024-06-08T18:37:25.583262185+08:00 - INFO - Ping: Event { peer: PeerId("12D3KooWCuk8tAgDNZEbNe3fRrxQquQNbiUEGHpNV2afoP51GpGH"), result: Ok(Ping { rtt: 261.789µs }) }
2024-06-08T18:37:25.583327880+08:00 - INFO - Ping: Event { peer: PeerId("12D3KooWCuk8tAgDNZEbNe3fRrxQquQNbiUEGHpNV2afoP51GpGH"), result: Ok(Ping { rtt: 277.298µs }) }
2024-06-08T18:37:25.583405689+08:00 - INFO - Ping: Event { peer: PeerId("12D3KooWCuk8tAgDNZEbNe3fRrxQquQNbiUEGHpNV2afoP51GpGH"), result: Ok(Ping { rtt: 488.006µs }) }
2024-06-08T18:37:40.583410021+08:00 - INFO - Ping: Event { peer: PeerId("12D3KooWCuk8tAgDNZEbNe3fRrxQquQNbiUEGHpNV2afoP51GpGH"), result: Ok(Pong) }
2024-06-08T18:37:40.583548483+08:00 - INFO - Ping: Event { peer: PeerId("12D3KooWCuk8tAgDNZEbNe3fRrxQquQNbiUEGHpNV2afoP51GpGH"), result: Ok(Pong) }
2024-06-08T18:37:40.583646428+08:00 - INFO - Ping: Event { peer: PeerId("12D3KooWCuk8tAgDNZEbNe3fRrxQquQNbiUEGHpNV2afoP51GpGH"), result: Ok(Pong) }
2024-06-08T18:37:40.583750831+08:00 - INFO - Ping: Event { peer: PeerId("12D3KooWCuk8tAgDNZEbNe3fRrxQquQNbiUEGHpNV2afoP51GpGH"), result: Ok(Pong) }
2024-06-08T18:37:40.583859823+08:00 - INFO - Ping: Event { peer: PeerId("12D3KooWCuk8tAgDNZEbNe3fRrxQquQNbiUEGHpNV2afoP51GpGH"), result: Ok(Ping { rtt: 323.216µs }) }
2024-06-08T18:37:40.583959634+08:00 - INFO - Ping: Event { peer: PeerId("12D3KooWCuk8tAgDNZEbNe3fRrxQquQNbiUEGHpNV2afoP51GpGH"), result: Ok(Ping { rtt: 316.248µs }) }
2024-06-08T18:37:40.584105265+08:00 - INFO - Ping: Event { peer: PeerId("12D3KooWCuk8tAgDNZEbNe3fRrxQquQNbiUEGHpNV2afoP51GpGH"), result: Ok(Ping { rtt: 517.85µs }) }
2024-06-08T18:37:40.584210128+08:00 - INFO - Ping: Event { peer: PeerId("12D3KooWCuk8tAgDNZEbNe3fRrxQquQNbiUEGHpNV2afoP51GpGH"), result: Ok(Ping { rtt: 259.728µs }) }
2024-06-08T18:37:55.584339913+08:00 - INFO - Ping: Event { peer: PeerId("12D3KooWCuk8tAgDNZEbNe3fRrxQquQNbiUEGHpNV2afoP51GpGH"), result: Ok(Pong) }
2024-06-08T18:37:55.584514811+08:00 - INFO - Ping: Event { peer: PeerId("12D3KooWCuk8tAgDNZEbNe3fRrxQquQNbiUEGHpNV2afoP51GpGH"), result: Ok(Pong) }
2024-06-08T18:37:55.584654094+08:00 - INFO - Ping: Event { peer: PeerId("12D3KooWCuk8tAgDNZEbNe3fRrxQquQNbiUEGHpNV2afoP51GpGH"), result: Ok(Pong) }
2024-06-08T18:37:55.584770124+08:00 - INFO - Ping: Event { peer: PeerId("12D3KooWCuk8tAgDNZEbNe3fRrxQquQNbiUEGHpNV2afoP51GpGH"), result: Ok(Pong) }
2024-06-08T18:37:55.584856528+08:00 - INFO - Ping: Event { peer: PeerId("12D3KooWCuk8tAgDNZEbNe3fRrxQquQNbiUEGHpNV2afoP51GpGH"), result: Ok(Ping { rtt: 517.255µs }) }
2024-06-08T18:37:55.584943506+08:00 - INFO - Ping: Event { peer: PeerId("12D3KooWCuk8tAgDNZEbNe3fRrxQquQNbiUEGHpNV2afoP51GpGH"), result: Ok(Ping { rtt: 397.659µs }) }
2024-06-08T18:37:55.585042658+08:00 - INFO - Ping: Event { peer: PeerId("12D3KooWCuk8tAgDNZEbNe3fRrxQquQNbiUEGHpNV2afoP51GpGH"), result: Ok(Ping { rtt: 405.854µs }) }
2024-06-08T18:37:55.585109601+08:00 - INFO - Ping: Event { peer: PeerId("12D3KooWCuk8tAgDNZEbNe3fRrxQquQNbiUEGHpNV2afoP51GpGH"), result: Ok(Ping { rtt: 492.95µs }) }
2024-06-08T18:38:10.584949501+08:00 - INFO - Ping: Event { peer: PeerId("12D3KooWCuk8tAgDNZEbNe3fRrxQquQNbiUEGHpNV2afoP51GpGH"), result: Ok(Pong) }
2024-06-08T18:38:10.585099106+08:00 - INFO - Ping: Event { peer: PeerId("12D3KooWCuk8tAgDNZEbNe3fRrxQquQNbiUEGHpNV2afoP51GpGH"), result: Ok(Pong) }
2024-06-08T18:38:10.585222556+08:00 - INFO - Ping: Event { peer: PeerId("12D3KooWCuk8tAgDNZEbNe3fRrxQquQNbiUEGHpNV2afoP51GpGH"), result: Ok(Pong) }
2024-06-08T18:38:10.585334523+08:00 - INFO - Ping: Event { peer: PeerId("12D3KooWCuk8tAgDNZEbNe3fRrxQquQNbiUEGHpNV2afoP51GpGH"), result: Ok(Pong) }
2024-06-08T18:38:10.585463353+08:00 - INFO - Ping: Event { peer: PeerId("12D3KooWCuk8tAgDNZEbNe3fRrxQquQNbiUEGHpNV2afoP51GpGH"), result: Ok(Ping { rtt: 263.83µs }) }
2024-06-08T18:38:10.585568033+08:00 - INFO - Ping: Event { peer: PeerId("12D3KooWCuk8tAgDNZEbNe3fRrxQquQNbiUEGHpNV2afoP51GpGH"), result: Ok(Ping { rtt: 244.41µs }) }
2024-06-08T18:38:10.585673440+08:00 - INFO - Ping: Event { peer: PeerId("12D3KooWCuk8tAgDNZEbNe3fRrxQquQNbiUEGHpNV2afoP51GpGH"), result: Ok(Ping { rtt: 520.446µs }) }
2024-06-08T18:38:10.585788584+08:00 - INFO - Ping: Event { peer: PeerId("12D3KooWCuk8tAgDNZEbNe3fRrxQquQNbiUEGHpNV2afoP51GpGH"), result: Ok(Ping { rtt: 554.626µs }) }
2024-06-08T18:38:25.585630715+08:00 - INFO - Ping: Event { peer: PeerId("12D3KooWCuk8tAgDNZEbNe3fRrxQquQNbiUEGHpNV2afoP51GpGH"), result: Ok(Pong) }
2024-06-08T18:38:25.585767291+08:00 - INFO - Ping: Event { peer: PeerId("12D3KooWCuk8tAgDNZEbNe3fRrxQquQNbiUEGHpNV2afoP51GpGH"), result: Ok(Pong) }
2024-06-08T18:38:25.585882698+08:00 - INFO - Ping: Event { peer: PeerId("12D3KooWCuk8tAgDNZEbNe3fRrxQquQNbiUEGHpNV2afoP51GpGH"), result: Ok(Pong) }
2024-06-08T18:38:25.586038830+08:00 - INFO - Ping: Event { peer: PeerId("12D3KooWCuk8tAgDNZEbNe3fRrxQquQNbiUEGHpNV2afoP51GpGH"), result: Ok(Pong) }
2024-06-08T18:38:25.586167706+08:00 - INFO - Ping: Event { peer: PeerId("12D3KooWCuk8tAgDNZEbNe3fRrxQquQNbiUEGHpNV2afoP51GpGH"), result: Ok(Ping { rtt: 469.04µs }) }
2024-06-08T18:38:25.586255227+08:00 - INFO - Ping: Event { peer: PeerId("12D3KooWCuk8tAgDNZEbNe3fRrxQquQNbiUEGHpNV2afoP51GpGH"), result: Ok(Ping { rtt: 443.303µs }) }
2024-06-08T18:38:25.586337323+08:00 - INFO - Ping: Event { peer: PeerId("12D3KooWCuk8tAgDNZEbNe3fRrxQquQNbiUEGHpNV2afoP51GpGH"), result: Ok(Ping { rtt: 332.652µs }) }
2024-06-08T18:38:25.586430466+08:00 - INFO - Ping: Event { peer: PeerId("12D3KooWCuk8tAgDNZEbNe3fRrxQquQNbiUEGHpNV2afoP51GpGH"), result: Ok(Ping { rtt: 384.635µs }) }
2024-06-08T18:38:40.586215899+08:00 - INFO - Ping: Event { peer: PeerId("12D3KooWCuk8tAgDNZEbNe3fRrxQquQNbiUEGHpNV2afoP51GpGH"), result: Ok(Pong) }
2024-06-08T18:38:40.586328138+08:00 - INFO - Ping: Event { peer: PeerId("12D3KooWCuk8tAgDNZEbNe3fRrxQquQNbiUEGHpNV2afoP51GpGH"), result: Ok(Pong) }
2024-06-08T18:38:40.586404960+08:00 - INFO - Ping: Event { peer: PeerId("12D3KooWCuk8tAgDNZEbNe3fRrxQquQNbiUEGHpNV2afoP51GpGH"), result: Ok(Pong) }
2024-06-08T18:38:40.586500898+08:00 - INFO - Ping: Event { peer: PeerId("12D3KooWCuk8tAgDNZEbNe3fRrxQquQNbiUEGHpNV2afoP51GpGH"), result: Ok(Pong) }
2024-06-08T18:38:40.586582852+08:00 - INFO - Ping: Event { peer: PeerId("12D3KooWCuk8tAgDNZEbNe3fRrxQquQNbiUEGHpNV2afoP51GpGH"), result: Ok(Ping { rtt: 481.393µs }) }
2024-06-08T18:38:40.586652619+08:00 - INFO - Ping: Event { peer: PeerId("12D3KooWCuk8tAgDNZEbNe3fRrxQquQNbiUEGHpNV2afoP51GpGH"), result: Ok(Ping { rtt: 456.612µs }) }
2024-06-08T18:38:40.586723971+08:00 - INFO - Ping: Event { peer: PeerId("12D3KooWCuk8tAgDNZEbNe3fRrxQquQNbiUEGHpNV2afoP51GpGH"), result: Ok(Ping { rtt: 531.995µs }) }
2024-06-08T18:38:40.586792716+08:00 - INFO - Ping: Event { peer: PeerId("12D3KooWCuk8tAgDNZEbNe3fRrxQquQNbiUEGHpNV2afoP51GpGH"), result: Ok(Ping { rtt: 476.476µs }) }
2024-06-08T18:38:55.587139317+08:00 - INFO - Ping: Event { peer: PeerId("12D3KooWCuk8tAgDNZEbNe3fRrxQquQNbiUEGHpNV2afoP51GpGH"), result: Ok(Pong) }
2024-06-08T18:38:55.587295140+08:00 - INFO - Ping: Event { peer: PeerId("12D3KooWCuk8tAgDNZEbNe3fRrxQquQNbiUEGHpNV2afoP51GpGH"), result: Ok(Pong) }
2024-06-08T18:38:55.587382663+08:00 - INFO - Ping: Event { peer: PeerId("12D3KooWCuk8tAgDNZEbNe3fRrxQquQNbiUEGHpNV2afoP51GpGH"), result: Ok(Pong) }
2024-06-08T18:38:55.587448940+08:00 - INFO - Ping: Event { peer: PeerId("12D3KooWCuk8tAgDNZEbNe3fRrxQquQNbiUEGHpNV2afoP51GpGH"), result: Ok(Pong) }
2024-06-08T18:38:55.587515196+08:00 - INFO - Ping: Event { peer: PeerId("12D3KooWCuk8tAgDNZEbNe3fRrxQquQNbiUEGHpNV2afoP51GpGH"), result: Ok(Ping { rtt: 474.642µs }) }
2024-06-08T18:38:55.587580843+08:00 - INFO - Ping: Event { peer: PeerId("12D3KooWCuk8tAgDNZEbNe3fRrxQquQNbiUEGHpNV2afoP51GpGH"), result: Ok(Ping { rtt: 432.394µs }) }
2024-06-08T18:38:55.587656777+08:00 - INFO - Ping: Event { peer: PeerId("12D3KooWCuk8tAgDNZEbNe3fRrxQquQNbiUEGHpNV2afoP51GpGH"), result: Ok(Ping { rtt: 332.624µs }) }
2024-06-08T18:38:55.587732771+08:00 - INFO - Ping: Event { peer: PeerId("12D3KooWCuk8tAgDNZEbNe3fRrxQquQNbiUEGHpNV2afoP51GpGH"), result: Ok(Ping { rtt: 385.411µs }) }
2024-06-08T18:38:57.744141554+08:00 - WARN - Received shutdown signal, shutting down...
2024-06-08T18:38:57.744223637+08:00 - WARN - Received SIGINT. Requesting shutdown.
2024-06-08T18:38:57.744280987+08:00 - INFO - Waiting for tasks to finish...
2024-06-08T18:38:57.744342566+08:00 - INFO - Shutdown requested. Waiting for pending I/O...
2024-06-08T18:38:57.744413378+08:00 - INFO - Graceful shutdown completed successfully.
