2024-06-16T01:42:14.255210897+08:00 - INFO - Database migrations executed successfully
2024-06-16T01:42:14.255393548+08:00 - INFO - Found warehouse: "+otQX+nM85IY0YQU7S0J9++YbwjMLbZRplxDw/+nwkuVIfunaJikjQbQl5E9Uo6m9cIGCGAGSafwChyEnPpAcQ=="
2024-06-16T01:42:14.255599334+08:00 - INFO - Local peer id: PeerId("12D3KooWKrWyF8dtadA6RCdR4KB9sqndcosNqtCrdFJQKWtdq464")
2024-06-16T01:42:14.264472135+08:00 - WARN - Warning: BOOTSTRAP_PEER_ID environment variable is not set
2024-06-16T01:42:14.264540674+08:00 - WARN - Warning: BOOTSTRAP_ADDR environment variable is not set
2024-06-16T01:42:14.264561424+08:00 - WARN - Warning: LISTENING_ADDR environment variable is not set, using default value:/ip4/0.0.0.0/tcp/12345
2024-06-16T01:42:14.264629313+08:00 - WARN - BOOTSTRAP_ADDR environment variable is not set,run as bootstrap node
2024-06-16T01:42:14.265103184+08:00 - INFO - creating instance on iface 10.0.0.101
2024-06-16T01:42:14.273883933+08:00 - INFO - 🔧 Configured for [4mdebug[0m.
2024-06-16T01:42:14.273938691+08:00 - INFO - address: [1;39m127.0.0.1[0m
2024-06-16T01:42:14.273958785+08:00 - INFO - port: [1;39m0[0m
2024-06-16T01:42:14.273978408+08:00 - INFO - workers: [1;39m8[0m
2024-06-16T01:42:14.274001112+08:00 - INFO - max blocking threads: [1;39m512[0m
2024-06-16T01:42:14.274025984+08:00 - INFO - ident: [1;39mRocket[0m
2024-06-16T01:42:14.274044868+08:00 - INFO - IP header: [1;39mX-Real-IP[0m
2024-06-16T01:42:14.274070195+08:00 - INFO - limits: [1;39mbytes = 8KiB, data-form = 2MiB, file = 1MiB, form = 32KiB, json = 1MiB, msgpack = 1MiB, string = 8KiB[0m
2024-06-16T01:42:14.274097539+08:00 - INFO - temp dir: [1;39m/tmp[0m
2024-06-16T01:42:14.274118499+08:00 - INFO - http/2: [1;39mtrue[0m
2024-06-16T01:42:14.274143972+08:00 - INFO - keep-alive: [1;39m5[0m[1;39ms[0m
2024-06-16T01:42:14.274166309+08:00 - INFO - tls: [1;39mdisabled[0m
2024-06-16T01:42:14.274188161+08:00 - INFO - shutdown: [1;39mctrlc = true, force = true, signals = [SIGTERM], grace = 2s, mercy = 3s[0m
2024-06-16T01:42:14.274210938+08:00 - INFO - log level: [1;39mnormal[0m
2024-06-16T01:42:14.274232636+08:00 - INFO - cli colors: [1;39mtrue[0m
2024-06-16T01:42:14.274363337+08:00 - INFO - 📬 [35mRoutes[0m:
2024-06-16T01:42:14.274458472+08:00 - INFO - [36m([0m[39mindex[0m[36m)[0m [32mGET[0m [34m/[0m
2024-06-16T01:42:14.274506712+08:00 - INFO - [36m([0m[39mlogin[0m[36m)[0m [32mPOST[0m [4;34m/api[0m[34m/login[0m
2024-06-16T01:42:14.274540587+08:00 - INFO - [36m([0m[39moptions_login[0m[36m)[0m [32mOPTIONS[0m [4;34m/api[0m[34m/login[0m
2024-06-16T01:42:14.274579095+08:00 - INFO - [36m([0m[39msignup[0m[36m)[0m [32mPOST[0m [4;34m/api[0m[34m/signup[0m
2024-06-16T01:42:14.274603860+08:00 - INFO - [36m([0m[39moptions_signup[0m[36m)[0m [32mOPTIONS[0m [4;34m/api[0m[34m/signup[0m
2024-06-16T01:42:14.274630032+08:00 - INFO - [36m([0m[39mcreate_product[0m[36m)[0m [32mPOST[0m [4;34m/api[0m[34m/products[0m [33mapplication/json[0m
2024-06-16T01:42:14.274661527+08:00 - INFO - [36m([0m[39mget_products[0m[36m)[0m [32mGET[0m [4;34m/api[0m[34m/products?<start>&<end>&<categories_name>[0m
2024-06-16T01:42:14.274705159+08:00 - INFO - [36m([0m[39mprotected_route[0m[36m)[0m [32mGET[0m [4;34m/api[0m[34m/protected[0m
2024-06-16T01:42:14.274740283+08:00 - INFO - [36m([0m[39mget_warehouses[0m[36m)[0m [32mGET[0m [4;34m/api[0m[34m/warehouses[0m
2024-06-16T01:42:14.274774477+08:00 - INFO - [36m([0m[39mcreate_warehouse[0m[36m)[0m [32mPOST[0m [4;34m/api[0m[34m/warehouses[0m [33mapplication/json[0m
2024-06-16T01:42:14.274802252+08:00 - INFO - [36m([0m[39mcreate_category[0m[36m)[0m [32mPOST[0m [4;34m/api[0m[34m/categories[0m [33mapplication/json[0m
2024-06-16T01:42:14.274823175+08:00 - INFO - [32mGET[0m [4;34m/cors[0m[34m/<status>[0m
2024-06-16T01:42:14.274849316+08:00 - INFO - 📡 [35mFairings[0m:
2024-06-16T01:42:14.274878651+08:00 - INFO - [1;39mAdmin Initialization[0m ([1;34mignite[0m)
2024-06-16T01:42:14.274890332+08:00 - INFO - [1;39m'sqlite_db' Database Pool[0m ([1;34mignite[0m)
2024-06-16T01:42:14.274926114+08:00 - INFO - [1;39mShield[0m ([1;34mliftoff, response, singleton[0m)
2024-06-16T01:42:14.274946474+08:00 - INFO - [1;39mCORS[0m ([1;34mignite, request, response[0m)
2024-06-16T01:42:14.275124259+08:00 - INFO - 🛡️ [35mShield[0m:
2024-06-16T01:42:14.275154616+08:00 - INFO - X-Content-Type-Options: [39mnosniff[0m
2024-06-16T01:42:14.275171687+08:00 - INFO - Permissions-Policy: [39minterest-cohort=()[0m
2024-06-16T01:42:14.275187444+08:00 - INFO - X-Frame-Options: [39mSAMEORIGIN[0m
2024-06-16T01:42:14.275224540+08:00 - WARN - 🚀 [1;39mRocket has launched from [4mhttp://127.0.0.1:39975[0m
2024-06-16T01:42:14.275319967+08:00 - WARN - Rocket is executing inside of a custom runtime.
2024-06-16T01:42:14.275355740+08:00 - INFO - Rocket's runtime is enabled via `#[rocket::main]` or `#[launch]`.
2024-06-16T01:42:14.275375837+08:00 - INFO - Forced shutdown is disabled. Runtime settings may be suboptimal.
2024-06-16T01:42:53.093833409+08:00 - INFO - [32mOPTIONS[0m [34m/api/login[0m:
2024-06-16T01:42:53.093968330+08:00 - INFO - Matched: [36m([0m[39moptions_login[0m[36m)[0m [32mOPTIONS[0m [4;34m/api[0m[34m/login[0m
2024-06-16T01:42:53.094047588+08:00 - INFO - [1;39mOutcome: [0m[32mSuccess[0m([39m200 OK[0m)
2024-06-16T01:42:53.094434968+08:00 - INFO - [32mResponse succeeded.[0m
2024-06-16T01:42:53.170089178+08:00 - INFO - [32mPOST[0m [34m/api/login[0m [33mapplication/json[0m:
2024-06-16T01:42:53.170181011+08:00 - INFO - Matched: [36m([0m[39mlogin[0m[36m)[0m [32mPOST[0m [4;34m/api[0m[34m/login[0m
2024-06-16T01:42:53.170880189+08:00 - INFO - [1;39mOutcome: [0m[32mSuccess[0m([39m200 OK[0m)
2024-06-16T01:42:53.171097428+08:00 - INFO - [32mResponse succeeded.[0m
2024-06-16T01:42:59.846311035+08:00 - INFO - [32mOPTIONS[0m [34m/api/signup[0m:
2024-06-16T01:42:59.846450201+08:00 - INFO - Matched: [36m([0m[39moptions_signup[0m[36m)[0m [32mOPTIONS[0m [4;34m/api[0m[34m/signup[0m
2024-06-16T01:42:59.846533924+08:00 - INFO - [1;39mOutcome: [0m[32mSuccess[0m([39m200 OK[0m)
2024-06-16T01:42:59.846824048+08:00 - INFO - [32mResponse succeeded.[0m
2024-06-16T01:42:59.851452752+08:00 - INFO - [32mPOST[0m [34m/api/signup[0m [33mapplication/json[0m:
2024-06-16T01:42:59.851534007+08:00 - INFO - Matched: [36m([0m[39msignup[0m[36m)[0m [32mPOST[0m [4;34m/api[0m[34m/signup[0m
2024-06-16T01:42:59.851795628+08:00 - INFO - Token: None
2024-06-16T01:42:59.851828585+08:00 - INFO - Token not found
2024-06-16T01:42:59.851858023+08:00 - WARN - Request guard `JwtToken` failed: ().
2024-06-16T01:42:59.851928263+08:00 - INFO - [1;39mOutcome: [0m[31mError[0m([39m401 Unauthorized[0m)
2024-06-16T01:42:59.851967481+08:00 - WARN - No [1;34m401[0m catcher registered. Using Rocket default.
2024-06-16T01:42:59.852156575+08:00 - INFO - [32mResponse succeeded.[0m
2024-06-16T01:48:31.897119293+08:00 - WARN - Received SIGINT. Requesting shutdown.
2024-06-16T01:48:31.897195045+08:00 - WARN - Received shutdown signal, shutting down...
2024-06-16T01:48:31.897227157+08:00 - INFO - Shutdown requested. Waiting for pending I/O...
2024-06-16T01:48:31.897247793+08:00 - INFO - Waiting for tasks to finish...
