2024-06-16T06:56:38.391386698+08:00 - INFO - Database migrations executed successfully
2024-06-16T06:56:38.391548456+08:00 - INFO - Found warehouse: Some("6/xh5a6lKRH3rDzPhyO9VIukTJ0IuhADe/3eODMxbf8MztWSe4OYi8pwgizdjo0Di3MgMKEXDbOXPw5aK43LgA==")
2024-06-16T06:56:38.391740962+08:00 - INFO - Local peer id: PeerId("12D3KooWAgMzAhJ6CmCw8R6JNC9mAwqKJyYroZp7Ra2q198VozUF")
2024-06-16T06:56:38.400220265+08:00 - WARN - Warning: BOOTSTRAP_PEER_ID environment variable is not set
2024-06-16T06:56:38.400287007+08:00 - WARN - Warning: BOOTSTRAP_ADDR environment variable is not set
2024-06-16T06:56:38.400302441+08:00 - WARN - Warning: LISTENING_ADDR environment variable is not set, using default value:/ip4/0.0.0.0/tcp/12345
2024-06-16T06:56:38.400349594+08:00 - WARN - BOOTSTRAP_ADDR environment variable is not set,run as bootstrap node
2024-06-16T06:56:38.400822557+08:00 - INFO - creating instance on iface 10.0.0.101
2024-06-16T06:56:38.409226170+08:00 - INFO - 🔧 Configured for [4mdebug[0m.
2024-06-16T06:56:38.409262221+08:00 - INFO - address: [1;39m127.0.0.1[0m
2024-06-16T06:56:38.409280023+08:00 - INFO - port: [1;39m0[0m
2024-06-16T06:56:38.409293610+08:00 - INFO - workers: [1;39m8[0m
2024-06-16T06:56:38.409309977+08:00 - INFO - max blocking threads: [1;39m512[0m
2024-06-16T06:56:38.409324868+08:00 - INFO - ident: [1;39mRocket[0m
2024-06-16T06:56:38.409340047+08:00 - INFO - IP header: [1;39mX-Real-IP[0m
2024-06-16T06:56:38.409356565+08:00 - INFO - limits: [1;39mbytes = 8KiB, data-form = 2MiB, file = 1MiB, form = 32KiB, json = 1MiB, msgpack = 1MiB, string = 8KiB[0m
2024-06-16T06:56:38.409379667+08:00 - INFO - temp dir: [1;39m/tmp[0m
2024-06-16T06:56:38.409395153+08:00 - INFO - http/2: [1;39mtrue[0m
2024-06-16T06:56:38.409420645+08:00 - INFO - keep-alive: [1;39m5[0m[1;39ms[0m
2024-06-16T06:56:38.409439629+08:00 - INFO - tls: [1;39mdisabled[0m
2024-06-16T06:56:38.409460846+08:00 - INFO - shutdown: [1;39mctrlc = true, force = true, signals = [SIGTERM], grace = 2s, mercy = 3s[0m
2024-06-16T06:56:38.409476384+08:00 - INFO - log level: [1;39mnormal[0m
2024-06-16T06:56:38.409490352+08:00 - INFO - cli colors: [1;39mtrue[0m
2024-06-16T06:56:38.409590598+08:00 - INFO - 📬 [35mRoutes[0m:
2024-06-16T06:56:38.409669295+08:00 - INFO - [36m([0m[39mindex[0m[36m)[0m [32mGET[0m [34m/[0m
2024-06-16T06:56:38.409726421+08:00 - INFO - [36m([0m[39mlogin[0m[36m)[0m [32mPOST[0m [4;34m/api[0m[34m/login[0m
2024-06-16T06:56:38.409752030+08:00 - INFO - [36m([0m[39moptions_login[0m[36m)[0m [32mOPTIONS[0m [4;34m/api[0m[34m/login[0m
2024-06-16T06:56:38.409775462+08:00 - INFO - [36m([0m[39msignup[0m[36m)[0m [32mPOST[0m [4;34m/api[0m[34m/signup[0m
2024-06-16T06:56:38.409802620+08:00 - INFO - [36m([0m[39moptions_signup[0m[36m)[0m [32mOPTIONS[0m [4;34m/api[0m[34m/signup[0m
2024-06-16T06:56:38.409827049+08:00 - INFO - [36m([0m[39mcreate_product[0m[36m)[0m [32mPOST[0m [4;34m/api[0m[34m/products[0m [33mapplication/json[0m
2024-06-16T06:56:38.409855308+08:00 - INFO - [36m([0m[39mget_products[0m[36m)[0m [32mGET[0m [4;34m/api[0m[34m/products?<start>&<end>&<categories_name>[0m
2024-06-16T06:56:38.409876090+08:00 - INFO - [36m([0m[39mprotected_route[0m[36m)[0m [32mGET[0m [4;34m/api[0m[34m/protected[0m
2024-06-16T06:56:38.409903532+08:00 - INFO - [36m([0m[39mget_warehouses[0m[36m)[0m [32mGET[0m [4;34m/api[0m[34m/warehouses[0m
2024-06-16T06:56:38.409927538+08:00 - INFO - [36m([0m[39mcreate_warehouse[0m[36m)[0m [32mPOST[0m [4;34m/api[0m[34m/warehouses[0m [33mapplication/json[0m
2024-06-16T06:56:38.409959860+08:00 - INFO - [36m([0m[39mcreate_category[0m[36m)[0m [32mPOST[0m [4;34m/api[0m[34m/categories[0m [33mapplication/json[0m
2024-06-16T06:56:38.409984354+08:00 - INFO - [32mGET[0m [4;34m/cors[0m[34m/<status>[0m
2024-06-16T06:56:38.410015890+08:00 - INFO - 📡 [35mFairings[0m:
2024-06-16T06:56:38.410034868+08:00 - INFO - [1;39m'sqlite_db' Database Pool[0m ([1;34mignite[0m)
2024-06-16T06:56:38.410053464+08:00 - INFO - [1;39mCORS[0m ([1;34mignite, request, response[0m)
2024-06-16T06:56:38.410082365+08:00 - INFO - [1;39mShield[0m ([1;34mliftoff, response, singleton[0m)
2024-06-16T06:56:38.410100870+08:00 - INFO - [1;39mAdmin Initialization[0m ([1;34mignite[0m)
2024-06-16T06:56:38.410264748+08:00 - INFO - 🛡️ [35mShield[0m:
2024-06-16T06:56:38.410289142+08:00 - INFO - Permissions-Policy: [39minterest-cohort=()[0m
2024-06-16T06:56:38.410303834+08:00 - INFO - X-Content-Type-Options: [39mnosniff[0m
2024-06-16T06:56:38.410311957+08:00 - INFO - X-Frame-Options: [39mSAMEORIGIN[0m
2024-06-16T06:56:38.410345768+08:00 - WARN - 🚀 [1;39mRocket has launched from [4mhttp://127.0.0.1:45523[0m
2024-06-16T06:56:38.410480019+08:00 - WARN - Rocket is executing inside of a custom runtime.
2024-06-16T06:56:38.410511433+08:00 - INFO - Rocket's runtime is enabled via `#[rocket::main]` or `#[launch]`.
2024-06-16T06:56:38.410535158+08:00 - INFO - Forced shutdown is disabled. Runtime settings may be suboptimal.
2024-06-16T07:18:33.720731743+08:00 - INFO - [32mGET[0m [34m/api/warehouses[0m:
2024-06-16T07:18:33.720875938+08:00 - INFO - Matched: [36m([0m[39mget_warehouses[0m[36m)[0m [32mGET[0m [4;34m/api[0m[34m/warehouses[0m
2024-06-16T07:18:33.721449344+08:00 - INFO - [1;39mOutcome: [0m[32mSuccess[0m([39m200 OK[0m)
2024-06-16T07:18:33.721597167+08:00 - INFO - [32mResponse succeeded.[0m
2024-06-16T07:18:33.726624447+08:00 - INFO - [32mGET[0m [34m/api/warehouses[0m:
2024-06-16T07:18:33.726743989+08:00 - INFO - Matched: [36m([0m[39mget_warehouses[0m[36m)[0m [32mGET[0m [4;34m/api[0m[34m/warehouses[0m
2024-06-16T07:18:33.727102206+08:00 - INFO - [1;39mOutcome: [0m[32mSuccess[0m([39m200 OK[0m)
2024-06-16T07:18:33.727227873+08:00 - INFO - [32mResponse succeeded.[0m
2024-06-16T08:41:44.562615247+08:00 - WARN - Received SIGINT. Requesting shutdown.
2024-06-16T08:41:44.562712992+08:00 - WARN - Received shutdown signal, shutting down...
2024-06-16T08:41:44.562747250+08:00 - INFO - Shutdown requested. Waiting for pending I/O...
2024-06-16T08:41:44.562772579+08:00 - INFO - Waiting for tasks to finish...
2024-06-16T08:41:44.562821399+08:00 - INFO - Graceful shutdown completed successfully.
