2024-06-07T20:34:14.165857490+08:00 - INFO - Local peer id: PeerId("12D3KooWMJ7vPUF1rwRjfRtNbp1njHtqk1uYsbjxkFVo3N99q11p")
2024-06-07T20:34:14.168225483+08:00 - ERROR - Warning: BOOTSTRAP_PEER_ID environment variable is not set, using radmon value
2024-06-07T20:34:14.168288754+08:00 - ERROR - Warning: BOOTSTRAP_ADDR environment variable is not set,using default value:/ip4/127.0.0.1/tcp/8080
2024-06-07T20:34:14.168336887+08:00 - ERROR - Warning: LISTENING_ADDR environment variable is not set, using default value:/ip4/0.0.0.0/tcp/12345
2024-06-07T20:34:14.168712559+08:00 - INFO - Discovered peer via Kademlia: PeerId("12D3KooW9pNAk8aiBuGVQtWRdbkLmo5qVL3e2h5UxbN2Nz9ttwiw")
2024-06-07T20:34:14.168857134+08:00 - INFO - creating instance on iface 10.0.0.101
2024-06-07T20:34:14.177226407+08:00 - INFO - All pending migrations were run successfully: []
2024-06-07T20:34:14.177834375+08:00 - INFO - 🔧 Configured for [4mdebug[0m.
2024-06-07T20:34:14.177863280+08:00 - INFO - address: [1;39m127.0.0.1[0m
2024-06-07T20:34:14.177880615+08:00 - INFO - port: [1;39m8000[0m
2024-06-07T20:34:14.177897149+08:00 - INFO - workers: [1;39m8[0m
2024-06-07T20:34:14.177916422+08:00 - INFO - max blocking threads: [1;39m512[0m
2024-06-07T20:34:14.177932197+08:00 - INFO - ident: [1;39mRocket[0m
2024-06-07T20:34:14.177948858+08:00 - INFO - IP header: [1;39mX-Real-IP[0m
2024-06-07T20:34:14.177988992+08:00 - INFO - limits: [1;39mbytes = 8KiB, data-form = 2MiB, file = 1MiB, form = 32KiB, json = 1MiB, msgpack = 1MiB, string = 8KiB[0m
2024-06-07T20:34:14.178020906+08:00 - INFO - temp dir: [1;39m/tmp[0m
2024-06-07T20:34:14.178039467+08:00 - INFO - http/2: [1;39mtrue[0m
2024-06-07T20:34:14.178056626+08:00 - INFO - keep-alive: [1;39m5[0m[1;39ms[0m
2024-06-07T20:34:14.178074671+08:00 - INFO - tls: [1;39mdisabled[0m
2024-06-07T20:34:14.178093869+08:00 - INFO - shutdown: [1;39mctrlc = true, force = true, signals = [SIGTERM], grace = 2s, mercy = 3s[0m
2024-06-07T20:34:14.178110710+08:00 - INFO - log level: [1;39mnormal[0m
2024-06-07T20:34:14.178126597+08:00 - INFO - cli colors: [1;39mtrue[0m
2024-06-07T20:34:14.178224794+08:00 - INFO - 📬 [35mRoutes[0m:
2024-06-07T20:34:14.178283521+08:00 - INFO - [36m([0m[39mindex[0m[36m)[0m [32mGET[0m [34m/[0m
2024-06-07T20:34:14.178315391+08:00 - INFO - [36m([0m[39mget_warehouses[0m[36m)[0m [32mGET[0m [4;34m/api[0m[34m/warehouses[0m
2024-06-07T20:34:14.178345157+08:00 - INFO - [36m([0m[39mcreate_warehouse[0m[36m)[0m [32mPOST[0m [4;34m/api[0m[34m/warehouses[0m [33mapplication/json[0m
2024-06-07T20:34:14.178377223+08:00 - INFO - 📡 [35mFairings[0m:
2024-06-07T20:34:14.178404962+08:00 - INFO - [1;39mShield[0m ([1;34mliftoff, response, singleton[0m)
2024-06-07T20:34:14.178417617+08:00 - INFO - [1;39mAdmin Initialization[0m ([1;34mignite[0m)
2024-06-07T20:34:14.178453862+08:00 - INFO - [1;39mDatabase Migrations[0m ([1;34mignite[0m)
2024-06-07T20:34:14.178467556+08:00 - INFO - [1;39m'sqlite_db' Database Pool[0m ([1;34mignite[0m)
2024-06-07T20:34:14.178602487+08:00 - INFO - 🛡️ [35mShield[0m:
2024-06-07T20:34:14.178632015+08:00 - INFO - X-Frame-Options: [39mSAMEORIGIN[0m
2024-06-07T20:34:14.178642511+08:00 - INFO - Permissions-Policy: [39minterest-cohort=()[0m
2024-06-07T20:34:14.178658991+08:00 - INFO - X-Content-Type-Options: [39mnosniff[0m
2024-06-07T20:34:14.178680283+08:00 - WARN - 🚀 [1;39mRocket has launched from [4mhttp://127.0.0.1:8000[0m
2024-06-07T20:34:14.178789629+08:00 - WARN - Rocket is executing inside of a custom runtime.
2024-06-07T20:34:14.178812516+08:00 - INFO - Rocket's runtime is enabled via `#[rocket::main]` or `#[launch]`.
2024-06-07T20:34:14.178827935+08:00 - INFO - Forced shutdown is disabled. Runtime settings may be suboptimal.
2024-06-07T20:34:17.103907562+08:00 - WARN - Received SIGINT. Requesting shutdown.
2024-06-07T20:34:17.103965653+08:00 - INFO - Received shutdown signal, shutting down...
2024-06-07T20:34:17.104025886+08:00 - INFO - Waiting for tasks to finish...
2024-06-07T20:34:17.104061494+08:00 - INFO - Shutdown requested. Waiting for pending I/O...
2024-06-07T20:34:17.104154629+08:00 - INFO - Graceful shutdown completed successfully.
