2024-06-16T01:16:06.169710743+08:00 - INFO - Database migrations executed successfully
2024-06-16T01:16:06.169878249+08:00 - INFO - Found warehouse: "9M5zxJECOyCWxTl+u68Cq9Sqs2OmPApG+08CwVue1isvmO50OS39Y/VEBd94sJoLNmrf/5LoGXRnwiRI4NeGHA=="
2024-06-16T01:16:06.170053671+08:00 - INFO - Local peer id: PeerId("12D3KooWD2Aapi8KSuBgzRmpGSVom9Zq9GzgjqXiYexmozjtGa2w")
2024-06-16T01:16:06.178921039+08:00 - WARN - Warning: BOOTSTRAP_PEER_ID environment variable is not set
2024-06-16T01:16:06.179004850+08:00 - WARN - Warning: BOOTSTRAP_ADDR environment variable is not set
2024-06-16T01:16:06.179020561+08:00 - WARN - Warning: LISTENING_ADDR environment variable is not set, using default value:/ip4/0.0.0.0/tcp/12345
2024-06-16T01:16:06.179067970+08:00 - WARN - BOOTSTRAP_ADDR environment variable is not set,run as bootstrap node
2024-06-16T01:16:06.179542867+08:00 - INFO - creating instance on iface 10.0.0.101
2024-06-16T01:16:06.189083380+08:00 - INFO - 🔧 Configured for [4mdebug[0m.
2024-06-16T01:16:06.189142930+08:00 - INFO - address: [1;39m127.0.0.1[0m
2024-06-16T01:16:06.189160739+08:00 - INFO - port: [1;39m0[0m
2024-06-16T01:16:06.189182278+08:00 - INFO - workers: [1;39m8[0m
2024-06-16T01:16:06.189200749+08:00 - INFO - max blocking threads: [1;39m512[0m
2024-06-16T01:16:06.189217394+08:00 - INFO - ident: [1;39mRocket[0m
2024-06-16T01:16:06.189237030+08:00 - INFO - IP header: [1;39mX-Real-IP[0m
2024-06-16T01:16:06.189260391+08:00 - INFO - limits: [1;39mbytes = 8KiB, data-form = 2MiB, file = 1MiB, form = 32KiB, json = 1MiB, msgpack = 1MiB, string = 8KiB[0m
2024-06-16T01:16:06.189282751+08:00 - INFO - temp dir: [1;39m/tmp[0m
2024-06-16T01:16:06.189299445+08:00 - INFO - http/2: [1;39mtrue[0m
2024-06-16T01:16:06.189321284+08:00 - INFO - keep-alive: [1;39m5[0m[1;39ms[0m
2024-06-16T01:16:06.189340969+08:00 - INFO - tls: [1;39mdisabled[0m
2024-06-16T01:16:06.189360092+08:00 - INFO - shutdown: [1;39mctrlc = true, force = true, signals = [SIGTERM], grace = 2s, mercy = 3s[0m
2024-06-16T01:16:06.189380244+08:00 - INFO - log level: [1;39mnormal[0m
2024-06-16T01:16:06.189397712+08:00 - INFO - cli colors: [1;39mtrue[0m
2024-06-16T01:16:06.189506235+08:00 - INFO - 📬 [35mRoutes[0m:
2024-06-16T01:16:06.189597211+08:00 - INFO - [36m([0m[39mindex[0m[36m)[0m [32mGET[0m [34m/[0m
2024-06-16T01:16:06.189628835+08:00 - INFO - [36m([0m[39mlogin[0m[36m)[0m [32mPOST[0m [4;34m/api[0m[34m/login[0m
2024-06-16T01:16:06.189656309+08:00 - INFO - [36m([0m[39moptions_login[0m[36m)[0m [32mOPTIONS[0m [4;34m/api[0m[34m/login[0m
2024-06-16T01:16:06.189699022+08:00 - INFO - [36m([0m[39msignup[0m[36m)[0m [32mPOST[0m [4;34m/api[0m[34m/signup[0m
2024-06-16T01:16:06.189725346+08:00 - INFO - [36m([0m[39moptions_signup[0m[36m)[0m [32mOPTIONS[0m [4;34m/api[0m[34m/signup[0m
2024-06-16T01:16:06.189764476+08:00 - INFO - [36m([0m[39mcreate_product[0m[36m)[0m [32mPOST[0m [4;34m/api[0m[34m/products[0m [33mapplication/json[0m
2024-06-16T01:16:06.189793162+08:00 - INFO - [36m([0m[39mget_products[0m[36m)[0m [32mGET[0m [4;34m/api[0m[34m/products?<start>&<end>&<categories_name>[0m
2024-06-16T01:16:06.189813562+08:00 - INFO - [36m([0m[39mprotected_route[0m[36m)[0m [32mGET[0m [4;34m/api[0m[34m/protected[0m
2024-06-16T01:16:06.189844972+08:00 - INFO - [36m([0m[39mget_warehouses[0m[36m)[0m [32mGET[0m [4;34m/api[0m[34m/warehouses[0m
2024-06-16T01:16:06.189873201+08:00 - INFO - [36m([0m[39mcreate_warehouse[0m[36m)[0m [32mPOST[0m [4;34m/api[0m[34m/warehouses[0m [33mapplication/json[0m
2024-06-16T01:16:06.189897803+08:00 - INFO - [36m([0m[39mcreate_category[0m[36m)[0m [32mPOST[0m [4;34m/api[0m[34m/categories[0m [33mapplication/json[0m
2024-06-16T01:16:06.189929942+08:00 - INFO - [32mGET[0m [4;34m/cors[0m[34m/<status>[0m
2024-06-16T01:16:06.189960660+08:00 - INFO - 📡 [35mFairings[0m:
2024-06-16T01:16:06.189987964+08:00 - INFO - [1;39m'sqlite_db' Database Pool[0m ([1;34mignite[0m)
2024-06-16T01:16:06.190005996+08:00 - INFO - [1;39mShield[0m ([1;34mliftoff, response, singleton[0m)
2024-06-16T01:16:06.190039003+08:00 - INFO - [1;39mAdmin Initialization[0m ([1;34mignite[0m)
2024-06-16T01:16:06.190059172+08:00 - INFO - [1;39mCORS[0m ([1;34mignite, request, response[0m)
2024-06-16T01:16:06.190264896+08:00 - INFO - 🛡️ [35mShield[0m:
2024-06-16T01:16:06.190293042+08:00 - INFO - X-Frame-Options: [39mSAMEORIGIN[0m
2024-06-16T01:16:06.190307211+08:00 - INFO - Permissions-Policy: [39minterest-cohort=()[0m
2024-06-16T01:16:06.190319950+08:00 - INFO - X-Content-Type-Options: [39mnosniff[0m
2024-06-16T01:16:06.190358195+08:00 - WARN - 🚀 [1;39mRocket has launched from [4mhttp://127.0.0.1:36831[0m
2024-06-16T01:16:06.190478598+08:00 - WARN - Rocket is executing inside of a custom runtime.
2024-06-16T01:16:06.190519956+08:00 - INFO - Rocket's runtime is enabled via `#[rocket::main]` or `#[launch]`.
2024-06-16T01:16:06.190533925+08:00 - INFO - Forced shutdown is disabled. Runtime settings may be suboptimal.
2024-06-16T01:17:06.494112141+08:00 - INFO - [32mOPTIONS[0m [34m/api/login[0m:
2024-06-16T01:17:06.494262212+08:00 - INFO - Matched: [36m([0m[39moptions_login[0m[36m)[0m [32mOPTIONS[0m [4;34m/api[0m[34m/login[0m
2024-06-16T01:17:06.494350879+08:00 - INFO - [1;39mOutcome: [0m[32mSuccess[0m([39m200 OK[0m)
2024-06-16T01:17:06.494593795+08:00 - INFO - [32mResponse succeeded.[0m
2024-06-16T01:17:06.564438644+08:00 - INFO - [32mPOST[0m [34m/api/login[0m [33mapplication/json[0m:
2024-06-16T01:17:06.564569044+08:00 - INFO - Matched: [36m([0m[39mlogin[0m[36m)[0m [32mPOST[0m [4;34m/api[0m[34m/login[0m
2024-06-16T01:17:06.565390987+08:00 - INFO - [1;39mOutcome: [0m[32mSuccess[0m([39m200 OK[0m)
2024-06-16T01:17:06.565621475+08:00 - INFO - [32mResponse succeeded.[0m
2024-06-16T01:17:14.676484465+08:00 - INFO - [32mOPTIONS[0m [34m/api/signup[0m:
2024-06-16T01:17:14.676592469+08:00 - INFO - Matched: [36m([0m[39moptions_signup[0m[36m)[0m [32mOPTIONS[0m [4;34m/api[0m[34m/signup[0m
2024-06-16T01:17:14.676633748+08:00 - INFO - [1;39mOutcome: [0m[32mSuccess[0m([39m200 OK[0m)
2024-06-16T01:17:14.676861764+08:00 - INFO - [32mResponse succeeded.[0m
2024-06-16T01:17:14.713717750+08:00 - INFO - [32mPOST[0m [34m/api/signup[0m [33mapplication/json[0m:
2024-06-16T01:17:14.713838248+08:00 - INFO - Matched: [36m([0m[39msignup[0m[36m)[0m [32mPOST[0m [4;34m/api[0m[34m/signup[0m
2024-06-16T01:17:14.714049428+08:00 - WARN - Request guard `JwtToken` failed: ().
2024-06-16T01:17:14.714116464+08:00 - INFO - [1;39mOutcome: [0m[31mError[0m([39m401 Unauthorized[0m)
2024-06-16T01:17:14.714141408+08:00 - WARN - No [1;34m401[0m catcher registered. Using Rocket default.
2024-06-16T01:17:14.714349110+08:00 - INFO - [32mResponse succeeded.[0m
2024-06-16T01:18:26.479339564+08:00 - INFO - floodsub Topic("dev") publish: "\u{1b}[A"
2024-06-16T01:18:27.525408996+08:00 - WARN - Received SIGINT. Requesting shutdown.
2024-06-16T01:18:27.525461294+08:00 - WARN - Received shutdown signal, shutting down...
2024-06-16T01:18:27.525495507+08:00 - INFO - Waiting for tasks to finish...
2024-06-16T01:18:27.525533306+08:00 - INFO - Shutdown requested. Waiting for pending I/O...
