2024-06-07T18:47:22.821050831+08:00 - INFO - Local peer id: PeerId("12D3KooWLvQjpoQLv9yH6cYuV4LnZhZK7ZoZUq1yfDemccd33iBa")
2024-06-07T18:47:22.823399897+08:00 - ERROR - Warning: BOOTSTRAP_PEER_ID environment variable is not set, using radmon value
2024-06-07T18:47:22.823460909+08:00 - ERROR - Warning: BOOTSTRAP_ADDR environment variable is not set,using default value:/ip4/127.0.0.1/tcp/8080
2024-06-07T18:47:22.823478499+08:00 - ERROR - Warning: LISTENING_ADDR environment variable is not set, using default value:/ip4/0.0.0.0/tcp/12345
2024-06-07T18:47:22.823879355+08:00 - INFO - Discovered peer via Kademlia: PeerId("12D3KooW9pNAk8aiBuGVQtWRdbkLmo5qVL3e2h5UxbN2Nz9ttwiw")
2024-06-07T18:47:22.824043293+08:00 - INFO - creating instance on iface 10.0.0.101
2024-06-07T18:47:22.831721393+08:00 - INFO - All pending migrations were run successfully: []
2024-06-07T18:47:22.832323433+08:00 - INFO - 🔧 Configured for [4mdebug[0m.
2024-06-07T18:47:22.832352867+08:00 - INFO - address: [1;39m127.0.0.1[0m
2024-06-07T18:47:22.832368218+08:00 - INFO - port: [1;39m8000[0m
2024-06-07T18:47:22.832383356+08:00 - INFO - workers: [1;39m8[0m
2024-06-07T18:47:22.832400203+08:00 - INFO - max blocking threads: [1;39m512[0m
2024-06-07T18:47:22.832413849+08:00 - INFO - ident: [1;39mRocket[0m
2024-06-07T18:47:22.832432038+08:00 - INFO - IP header: [1;39mX-Real-IP[0m
2024-06-07T18:47:22.832451651+08:00 - INFO - limits: [1;39mbytes = 8KiB, data-form = 2MiB, file = 1MiB, form = 32KiB, json = 1MiB, msgpack = 1MiB, string = 8KiB[0m
2024-06-07T18:47:22.832472279+08:00 - INFO - temp dir: [1;39m/tmp[0m
2024-06-07T18:47:22.832489075+08:00 - INFO - http/2: [1;39mtrue[0m
2024-06-07T18:47:22.832506620+08:00 - INFO - keep-alive: [1;39m5[0m[1;39ms[0m
2024-06-07T18:47:22.832521913+08:00 - INFO - tls: [1;39mdisabled[0m
2024-06-07T18:47:22.832538734+08:00 - INFO - shutdown: [1;39mctrlc = true, force = true, signals = [SIGTERM], grace = 2s, mercy = 3s[0m
2024-06-07T18:47:22.832554519+08:00 - INFO - log level: [1;39mnormal[0m
2024-06-07T18:47:22.832568820+08:00 - INFO - cli colors: [1;39mtrue[0m
2024-06-07T18:47:22.832655762+08:00 - INFO - 📬 [35mRoutes[0m:
2024-06-07T18:47:22.832710245+08:00 - INFO - [36m([0m[39mindex[0m[36m)[0m [32mGET[0m [34m/[0m
2024-06-07T18:47:22.832731153+08:00 - INFO - [36m([0m[39mget_warehouses[0m[36m)[0m [32mGET[0m [4;34m/api[0m[34m/warehouses[0m
2024-06-07T18:47:22.832753491+08:00 - INFO - [36m([0m[39mcreate_warehouse[0m[36m)[0m [32mPOST[0m [4;34m/api[0m[34m/warehouses[0m [33mapplication/json[0m
2024-06-07T18:47:22.832805935+08:00 - INFO - 📡 [35mFairings[0m:
2024-06-07T18:47:22.832824207+08:00 - INFO - [1;39mShield[0m ([1;34mliftoff, response, singleton[0m)
2024-06-07T18:47:22.832839528+08:00 - INFO - [1;39mAdmin Initialization[0m ([1;34mignite[0m)
2024-06-07T18:47:22.832853220+08:00 - INFO - [1;39mDatabase Migrations[0m ([1;34mignite[0m)
2024-06-07T18:47:22.832864623+08:00 - INFO - [1;39m'sqlite_db' Database Pool[0m ([1;34mignite[0m)
2024-06-07T18:47:22.833019528+08:00 - INFO - 🛡️ [35mShield[0m:
2024-06-07T18:47:22.833042036+08:00 - INFO - X-Frame-Options: [39mSAMEORIGIN[0m
2024-06-07T18:47:22.833055976+08:00 - INFO - Permissions-Policy: [39minterest-cohort=()[0m
2024-06-07T18:47:22.833069732+08:00 - INFO - X-Content-Type-Options: [39mnosniff[0m
2024-06-07T18:47:22.833093684+08:00 - WARN - 🚀 [1;39mRocket has launched from [4mhttp://127.0.0.1:8000[0m
2024-06-07T18:47:22.833193342+08:00 - WARN - Rocket is executing inside of a custom runtime.
2024-06-07T18:47:22.833215685+08:00 - INFO - Rocket's runtime is enabled via `#[rocket::main]` or `#[launch]`.
2024-06-07T18:47:22.833228785+08:00 - INFO - Forced shutdown is disabled. Runtime settings may be suboptimal.
2024-06-07T18:47:33.168247055+08:00 - WARN - Received SIGINT. Requesting shutdown.
2024-06-07T18:47:33.168317214+08:00 - INFO - Received shutdown signal, shutting down...
2024-06-07T18:47:33.168346065+08:00 - INFO - Waiting for tasks to finish...
2024-06-07T18:47:33.168373046+08:00 - INFO - Shutdown requested. Waiting for pending I/O...
2024-06-07T18:47:33.168482638+08:00 - INFO - Graceful shutdown completed successfully.
