2024-06-12T14:55:21.328488709+08:00 - INFO - Database migrations executed successfully
2024-06-12T14:55:21.328638450+08:00 - INFO - Found warehouse: "o7qF4zfqNZC+pJyKkdyjT6jOJn6Zr7jD3FQp9JXfvw5b9/vB5DyZcYTnQ0XFCL0qWv6UZchbiqFxykyG4XMpwg=="
2024-06-12T14:55:21.328849911+08:00 - INFO - Local peer id: PeerId("12D3KooWG1Nb1HFP5h4szmHwzCJHXeQiSjaBrUpSFTdmkWYGfXVs")
2024-06-12T14:55:21.337175018+08:00 - WARN - Warning: BOOTSTRAP_PEER_ID environment variable is not set
2024-06-12T14:55:21.337238317+08:00 - WARN - Warning: BOOTSTRAP_ADDR environment variable is not set
2024-06-12T14:55:21.337252848+08:00 - INFO - Find LISTENING_ADDR "/ip4/0.0.0.0/tcp/12333"
2024-06-12T14:55:21.337300384+08:00 - WARN - BOOTSTRAP_ADDR environment variable is not set,run as bootstrap node
2024-06-12T14:55:21.337773499+08:00 - INFO - creating instance on iface 10.0.0.101
2024-06-12T14:55:21.346928663+08:00 - INFO - 🔧 Configured for [4mdebug[0m.
2024-06-12T14:55:21.347006978+08:00 - INFO - address: [1;39m127.0.0.1[0m
2024-06-12T14:55:21.347049888+08:00 - INFO - port: [1;39m0[0m
2024-06-12T14:55:21.347099175+08:00 - INFO - workers: [1;39m8[0m
2024-06-12T14:55:21.347136141+08:00 - INFO - max blocking threads: [1;39m512[0m
2024-06-12T14:55:21.347177009+08:00 - INFO - ident: [1;39mRocket[0m
2024-06-12T14:55:21.347209948+08:00 - INFO - IP header: [1;39mX-Real-IP[0m
2024-06-12T14:55:21.347257694+08:00 - INFO - limits: [1;39mbytes = 8KiB, data-form = 2MiB, file = 1MiB, form = 32KiB, json = 1MiB, msgpack = 1MiB, string = 8KiB[0m
2024-06-12T14:55:21.347304711+08:00 - INFO - temp dir: [1;39m/tmp[0m
2024-06-12T14:55:21.347352953+08:00 - INFO - http/2: [1;39mtrue[0m
2024-06-12T14:55:21.347394209+08:00 - INFO - keep-alive: [1;39m5[0m[1;39ms[0m
2024-06-12T14:55:21.347429576+08:00 - INFO - tls: [1;39mdisabled[0m
2024-06-12T14:55:21.347469951+08:00 - INFO - shutdown: [1;39mctrlc = true, force = true, signals = [SIGTERM], grace = 2s, mercy = 3s[0m
2024-06-12T14:55:21.347505108+08:00 - INFO - log level: [1;39mnormal[0m
2024-06-12T14:55:21.347540204+08:00 - INFO - cli colors: [1;39mtrue[0m
2024-06-12T14:55:21.347721539+08:00 - INFO - 📬 [35mRoutes[0m:
2024-06-12T14:55:21.347852589+08:00 - INFO - [36m([0m[39mindex[0m[36m)[0m [32mGET[0m [34m/[0m
2024-06-12T14:55:21.347915844+08:00 - INFO - [36m([0m[39mget_warehouses[0m[36m)[0m [32mGET[0m [4;34m/api[0m[34m/warehouses[0m
2024-06-12T14:55:21.347975002+08:00 - INFO - [36m([0m[39mcreate_warehouse[0m[36m)[0m [32mPOST[0m [4;34m/api[0m[34m/warehouses[0m [33mapplication/json[0m
2024-06-12T14:55:21.348052087+08:00 - INFO - 📡 [35mFairings[0m:
2024-06-12T14:55:21.348101057+08:00 - INFO - [1;39mShield[0m ([1;34mliftoff, response, singleton[0m)
2024-06-12T14:55:21.348149404+08:00 - INFO - [1;39m'sqlite_db' Database Pool[0m ([1;34mignite[0m)
2024-06-12T14:55:21.348188173+08:00 - INFO - [1;39mAdmin Initialization[0m ([1;34mignite[0m)
2024-06-12T14:55:21.348367887+08:00 - INFO - 🛡️ [35mShield[0m:
2024-06-12T14:55:21.348407659+08:00 - INFO - X-Content-Type-Options: [39mnosniff[0m
2024-06-12T14:55:21.348443037+08:00 - INFO - X-Frame-Options: [39mSAMEORIGIN[0m
2024-06-12T14:55:21.348470107+08:00 - INFO - Permissions-Policy: [39minterest-cohort=()[0m
2024-06-12T14:55:21.348522841+08:00 - WARN - 🚀 [1;39mRocket has launched from [4mhttp://127.0.0.1:37613[0m
2024-06-12T14:55:21.348652170+08:00 - WARN - Rocket is executing inside of a custom runtime.
2024-06-12T14:55:21.348675289+08:00 - INFO - Rocket's runtime is enabled via `#[rocket::main]` or `#[launch]`.
2024-06-12T14:55:21.348693607+08:00 - INFO - Forced shutdown is disabled. Runtime settings may be suboptimal.
2024-06-12T14:55:33.767359442+08:00 - WARN - Received shutdown signal, shutting down...
2024-06-12T14:55:33.767482598+08:00 - WARN - Received SIGINT. Requesting shutdown.
2024-06-12T14:55:33.767514056+08:00 - INFO - Waiting for tasks to finish...
2024-06-12T14:55:33.767611307+08:00 - INFO - Shutdown requested. Waiting for pending I/O...
2024-06-12T14:55:33.767727636+08:00 - INFO - Graceful shutdown completed successfully.
