2024-06-09T01:56:50.458713256+08:00 - INFO - Successfully applied migration: 20240528061413
2024-06-09T01:56:50.458871640+08:00 - INFO - All pending migrations were run successfully: ["20240528061413"]
2024-06-09T01:56:50.459211689+08:00 - INFO - 默认管理员已创建，用户名: admin, 密码: ly10YA0b692J
2024-06-09T01:56:50.460591731+08:00 - INFO - 🔧 Configured for [4mdebug[0m.
2024-06-09T01:56:50.460624147+08:00 - INFO - address: [1;39m127.0.0.1[0m
2024-06-09T01:56:50.460641788+08:00 - INFO - port: [1;39m0[0m
2024-06-09T01:56:50.460658895+08:00 - INFO - workers: [1;39m8[0m
2024-06-09T01:56:50.460674398+08:00 - INFO - max blocking threads: [1;39m512[0m
2024-06-09T01:56:50.460693123+08:00 - INFO - ident: [1;39mRocket[0m
2024-06-09T01:56:50.460707393+08:00 - INFO - IP header: [1;39mX-Real-IP[0m
2024-06-09T01:56:50.460724314+08:00 - INFO - limits: [1;39mbytes = 8KiB, data-form = 2MiB, file = 1MiB, form = 32KiB, json = 1MiB, msgpack = 1MiB, string = 8KiB[0m
2024-06-09T01:56:50.460746187+08:00 - INFO - temp dir: [1;39m/tmp[0m
2024-06-09T01:56:50.460765635+08:00 - INFO - http/2: [1;39mtrue[0m
2024-06-09T01:56:50.460780049+08:00 - INFO - keep-alive: [1;39m5[0m[1;39ms[0m
2024-06-09T01:56:50.460799510+08:00 - INFO - tls: [1;39mdisabled[0m
2024-06-09T01:56:50.460815262+08:00 - INFO - shutdown: [1;39mctrlc = true, force = true, signals = [SIGTERM], grace = 2s, mercy = 3s[0m
2024-06-09T01:56:50.460834889+08:00 - INFO - log level: [1;39mnormal[0m
2024-06-09T01:56:50.460851536+08:00 - INFO - cli colors: [1;39mtrue[0m
2024-06-09T01:56:50.460946096+08:00 - INFO - 📬 [35mRoutes[0m:
2024-06-09T01:56:50.461025797+08:00 - INFO - [36m([0m[39mindex[0m[36m)[0m [32mGET[0m [34m/[0m
2024-06-09T01:56:50.461052901+08:00 - INFO - [36m([0m[39mget_warehouses[0m[36m)[0m [32mGET[0m [4;34m/api[0m[34m/warehouses[0m
2024-06-09T01:56:50.461087102+08:00 - INFO - [36m([0m[39mcreate_warehouse[0m[36m)[0m [32mPOST[0m [4;34m/api[0m[34m/warehouses[0m [33mapplication/json[0m
2024-06-09T01:56:50.461127435+08:00 - INFO - 📡 [35mFairings[0m:
2024-06-09T01:56:50.461151367+08:00 - INFO - [1;39mAdmin Initialization[0m ([1;34mignite[0m)
2024-06-09T01:56:50.461173617+08:00 - INFO - [1;39mShield[0m ([1;34mliftoff, response, singleton[0m)
2024-06-09T01:56:50.461188812+08:00 - INFO - [1;39m'sqlite_db' Database Pool[0m ([1;34mignite[0m)
2024-06-09T01:56:50.461204673+08:00 - INFO - [1;39mDatabase Migrations[0m ([1;34mignite[0m)
2024-06-09T01:56:50.461376985+08:00 - INFO - 🛡️ [35mShield[0m:
2024-06-09T01:56:50.461406499+08:00 - INFO - X-Frame-Options: [39mSAMEORIGIN[0m
2024-06-09T01:56:50.461417947+08:00 - INFO - Permissions-Policy: [39minterest-cohort=()[0m
2024-06-09T01:56:50.461435664+08:00 - INFO - X-Content-Type-Options: [39mnosniff[0m
2024-06-09T01:56:50.461453437+08:00 - WARN - 🚀 [1;39mRocket has launched from [4mhttp://127.0.0.1:43227[0m
2024-06-09T01:56:50.461526996+08:00 - WARN - Rocket is executing inside of a custom runtime.
2024-06-09T01:56:50.461552466+08:00 - INFO - Rocket's runtime is enabled via `#[rocket::main]` or `#[launch]`.
2024-06-09T01:56:50.461580870+08:00 - INFO - Forced shutdown is disabled. Runtime settings may be suboptimal.
2024-06-09T01:57:09.923556727+08:00 - WARN - Received SIGINT. Requesting shutdown.
2024-06-09T01:57:09.923679381+08:00 - INFO - Shutdown requested. Waiting for pending I/O...
2024-06-09T01:57:09.923763109+08:00 - INFO - Graceful shutdown completed successfully.
2024-06-09T01:57:09.924565929+08:00 - ERROR - Failed to get warehouse local key: Record not found
2024-06-09T01:57:09.926222807+08:00 - INFO - Local peer id: PeerId("12D3KooWQy9VpRNGgqfYSmv8oHjHRM4t31ivsKDv9u4ikmy3VEy9")
2024-06-09T01:57:09.928308918+08:00 - WARN - Warning: BOOTSTRAP_PEER_ID environment variable is not set
2024-06-09T01:57:09.928368265+08:00 - WARN - Warning: BOOTSTRAP_ADDR environment variable is not set
2024-06-09T01:57:09.928421073+08:00 - WARN - BOOTSTRAP_ADDR environment variable is not set,run as bootstrap node
2024-06-09T01:57:09.928605875+08:00 - INFO - creating instance on iface 10.0.0.101
