2024-06-16T03:16:18.736261752+08:00 - INFO - Database migrations executed successfully
2024-06-16T03:16:18.736430235+08:00 - INFO - Found warehouse: "hzzKxV6j0bMuwOssBtFulh31LQa6E3cyzwlhRvLWJorw5xAcREh7stVysP5Bn9Jhq9PZVjJS2JYQ/DZbyVuVnQ=="
2024-06-16T03:16:18.736614379+08:00 - INFO - Local peer id: PeerId("12D3KooWS2kNPFhxzG3rN9k8xQjkYQNkMHcsgk2VMVDqcyzL5YZJ")
2024-06-16T03:16:18.745647256+08:00 - WARN - Warning: BOOTSTRAP_PEER_ID environment variable is not set
2024-06-16T03:16:18.745746691+08:00 - WARN - Warning: BOOTSTRAP_ADDR environment variable is not set
2024-06-16T03:16:18.745767686+08:00 - WARN - Warning: LISTENING_ADDR environment variable is not set, using default value:/ip4/0.0.0.0/tcp/12345
2024-06-16T03:16:18.745811396+08:00 - WARN - BOOTSTRAP_ADDR environment variable is not set,run as bootstrap node
2024-06-16T03:16:18.746218781+08:00 - INFO - creating instance on iface 10.0.0.101
2024-06-16T03:16:18.754672171+08:00 - INFO - 🔧 Configured for [4mdebug[0m.
2024-06-16T03:16:18.754732593+08:00 - INFO - address: [1;39m127.0.0.1[0m
2024-06-16T03:16:18.754751572+08:00 - INFO - port: [1;39m0[0m
2024-06-16T03:16:18.754771595+08:00 - INFO - workers: [1;39m8[0m
2024-06-16T03:16:18.754788546+08:00 - INFO - max blocking threads: [1;39m512[0m
2024-06-16T03:16:18.754805758+08:00 - INFO - ident: [1;39mRocket[0m
2024-06-16T03:16:18.754822500+08:00 - INFO - IP header: [1;39mX-Real-IP[0m
2024-06-16T03:16:18.754844334+08:00 - INFO - limits: [1;39mbytes = 8KiB, data-form = 2MiB, file = 1MiB, form = 32KiB, json = 1MiB, msgpack = 1MiB, string = 8KiB[0m
2024-06-16T03:16:18.754864793+08:00 - INFO - temp dir: [1;39m/tmp[0m
2024-06-16T03:16:18.754880142+08:00 - INFO - http/2: [1;39mtrue[0m
2024-06-16T03:16:18.754900484+08:00 - INFO - keep-alive: [1;39m5[0m[1;39ms[0m
2024-06-16T03:16:18.754917604+08:00 - INFO - tls: [1;39mdisabled[0m
2024-06-16T03:16:18.754936712+08:00 - INFO - shutdown: [1;39mctrlc = true, force = true, signals = [SIGTERM], grace = 2s, mercy = 3s[0m
2024-06-16T03:16:18.754954691+08:00 - INFO - log level: [1;39mnormal[0m
2024-06-16T03:16:18.754971917+08:00 - INFO - cli colors: [1;39mtrue[0m
2024-06-16T03:16:18.755070388+08:00 - INFO - 📬 [35mRoutes[0m:
2024-06-16T03:16:18.755156847+08:00 - INFO - [36m([0m[39mindex[0m[36m)[0m [32mGET[0m [34m/[0m
2024-06-16T03:16:18.755186983+08:00 - INFO - [36m([0m[39mlogin[0m[36m)[0m [32mPOST[0m [4;34m/api[0m[34m/login[0m
2024-06-16T03:16:18.755213298+08:00 - INFO - [36m([0m[39moptions_login[0m[36m)[0m [32mOPTIONS[0m [4;34m/api[0m[34m/login[0m
2024-06-16T03:16:18.755247429+08:00 - INFO - [36m([0m[39msignup[0m[36m)[0m [32mPOST[0m [4;34m/api[0m[34m/signup[0m
2024-06-16T03:16:18.755273289+08:00 - INFO - [36m([0m[39moptions_signup[0m[36m)[0m [32mOPTIONS[0m [4;34m/api[0m[34m/signup[0m
2024-06-16T03:16:18.755302922+08:00 - INFO - [36m([0m[39mcreate_product[0m[36m)[0m [32mPOST[0m [4;34m/api[0m[34m/products[0m [33mapplication/json[0m
2024-06-16T03:16:18.755329646+08:00 - INFO - [36m([0m[39mget_products[0m[36m)[0m [32mGET[0m [4;34m/api[0m[34m/products?<start>&<end>&<categories_name>[0m
2024-06-16T03:16:18.755357841+08:00 - INFO - [36m([0m[39mprotected_route[0m[36m)[0m [32mGET[0m [4;34m/api[0m[34m/protected[0m
2024-06-16T03:16:18.755384426+08:00 - INFO - [36m([0m[39mget_warehouses[0m[36m)[0m [32mGET[0m [4;34m/api[0m[34m/warehouses[0m
2024-06-16T03:16:18.755411723+08:00 - INFO - [36m([0m[39mcreate_warehouse[0m[36m)[0m [32mPOST[0m [4;34m/api[0m[34m/warehouses[0m [33mapplication/json[0m
2024-06-16T03:16:18.755440437+08:00 - INFO - [36m([0m[39mcreate_category[0m[36m)[0m [32mPOST[0m [4;34m/api[0m[34m/categories[0m [33mapplication/json[0m
2024-06-16T03:16:18.755465429+08:00 - INFO - [32mGET[0m [4;34m/cors[0m[34m/<status>[0m
2024-06-16T03:16:18.755498613+08:00 - INFO - 📡 [35mFairings[0m:
2024-06-16T03:16:18.755522216+08:00 - INFO - [1;39mAdmin Initialization[0m ([1;34mignite[0m)
2024-06-16T03:16:18.755541163+08:00 - INFO - [1;39m'sqlite_db' Database Pool[0m ([1;34mignite[0m)
2024-06-16T03:16:18.755573213+08:00 - INFO - [1;39mShield[0m ([1;34mliftoff, response, singleton[0m)
2024-06-16T03:16:18.755593749+08:00 - INFO - [1;39mCORS[0m ([1;34mignite, request, response[0m)
2024-06-16T03:16:18.755805199+08:00 - INFO - 🛡️ [35mShield[0m:
2024-06-16T03:16:18.755835141+08:00 - INFO - Permissions-Policy: [39minterest-cohort=()[0m
2024-06-16T03:16:18.755849647+08:00 - INFO - X-Frame-Options: [39mSAMEORIGIN[0m
2024-06-16T03:16:18.755864474+08:00 - INFO - X-Content-Type-Options: [39mnosniff[0m
2024-06-16T03:16:18.755895126+08:00 - WARN - 🚀 [1;39mRocket has launched from [4mhttp://127.0.0.1:33329[0m
2024-06-16T03:16:18.756007614+08:00 - WARN - Rocket is executing inside of a custom runtime.
2024-06-16T03:16:18.756043753+08:00 - INFO - Rocket's runtime is enabled via `#[rocket::main]` or `#[launch]`.
2024-06-16T03:16:18.756076189+08:00 - INFO - Forced shutdown is disabled. Runtime settings may be suboptimal.
2024-06-16T03:17:05.914930875+08:00 - INFO - [32mPOST[0m [34m/api/login[0m [33mapplication/json[0m:
2024-06-16T03:17:05.915035349+08:00 - INFO - Matched: [36m([0m[39mlogin[0m[36m)[0m [32mPOST[0m [4;34m/api[0m[34m/login[0m
2024-06-16T03:17:05.915820106+08:00 - INFO - [1;39mOutcome: [0m[32mSuccess[0m([39m200 OK[0m)
2024-06-16T03:17:05.915999506+08:00 - INFO - [32mResponse succeeded.[0m
2024-06-16T03:17:21.605770421+08:00 - INFO - [32mPOST[0m [34m/api/signup[0m [33mapplication/json[0m:
2024-06-16T03:17:21.605864646+08:00 - INFO - Matched: [36m([0m[39msignup[0m[36m)[0m [32mPOST[0m [4;34m/api[0m[34m/signup[0m
2024-06-16T03:17:21.606691578+08:00 - INFO - [1;39mOutcome: [0m[32mSuccess[0m([39m200 OK[0m)
2024-06-16T03:17:21.606885011+08:00 - INFO - [32mResponse succeeded.[0m
2024-06-16T03:22:03.425722132+08:00 - WARN - Received shutdown signal, shutting down...
2024-06-16T03:22:03.425789042+08:00 - WARN - Received SIGINT. Requesting shutdown.
2024-06-16T03:22:03.425867996+08:00 - INFO - Waiting for tasks to finish...
2024-06-16T03:22:03.425902201+08:00 - INFO - Shutdown requested. Waiting for pending I/O...
2024-06-16T03:22:03.425989044+08:00 - INFO - Graceful shutdown completed successfully.
