2024-06-09T02:09:59.530461799+08:00 - ERROR - Failed to get warehouse local key: Record not found
2024-06-09T02:09:59.534253769+08:00 - INFO - Local peer id: PeerId("12D3KooWMsQECkDnpWTeeK2zCKVjCZ7fBsisvmNzVgq7a8RU594f")
2024-06-09T02:09:59.536716534+08:00 - WARN - Warning: BOOTSTRAP_PEER_ID environment variable is not set
2024-06-09T02:09:59.536777780+08:00 - WARN - Warning: BOOTSTRAP_ADDR environment variable is not set
2024-06-09T02:09:59.536837840+08:00 - WARN - BOOTSTRAP_ADDR environment variable is not set,run as bootstrap node
2024-06-09T02:09:59.537157188+08:00 - INFO - creating instance on iface 10.0.0.101
2024-06-09T02:09:59.538819015+08:00 - ERROR - database is locked
2024-06-09T02:09:59.538884418+08:00 - ERROR - database is locked
2024-06-09T02:09:59.538959863+08:00 - ERROR - database is locked
2024-06-09T02:09:59.539229725+08:00 - ERROR - database is locked
2024-06-09T02:09:59.539265081+08:00 - ERROR - database is locked
2024-06-09T02:09:59.539488059+08:00 - ERROR - database is locked
2024-06-09T02:09:59.539576491+08:00 - ERROR - database is locked
2024-06-09T02:09:59.539680290+08:00 - ERROR - database is locked
2024-06-09T02:09:59.539887405+08:00 - ERROR - database is locked
2024-06-09T02:09:59.539918132+08:00 - ERROR - database is locked
2024-06-09T02:09:59.540064092+08:00 - ERROR - database is locked
2024-06-09T02:09:59.540085175+08:00 - ERROR - database is locked
2024-06-09T02:09:59.540187938+08:00 - ERROR - database is locked
2024-06-09T02:09:59.540218441+08:00 - ERROR - database is locked
2024-06-09T02:09:59.540316632+08:00 - ERROR - database is locked
2024-06-09T02:09:59.540337936+08:00 - ERROR - database is locked
2024-06-09T02:09:59.540455358+08:00 - ERROR - database is locked
2024-06-09T02:09:59.540487040+08:00 - ERROR - database is locked
2024-06-09T02:09:59.540586780+08:00 - ERROR - database is locked
2024-06-09T02:09:59.540611702+08:00 - ERROR - database is locked
2024-06-09T02:09:59.540730843+08:00 - ERROR - database is locked
2024-06-09T02:09:59.540763638+08:00 - ERROR - database is locked
2024-06-09T02:09:59.540841444+08:00 - ERROR - database is locked
2024-06-09T02:09:59.540878656+08:00 - ERROR - database is locked
2024-06-09T02:09:59.540926368+08:00 - ERROR - database is locked
2024-06-09T02:09:59.541034330+08:00 - ERROR - database is locked
2024-06-09T02:09:59.541057079+08:00 - ERROR - database is locked
2024-06-09T02:09:59.541158500+08:00 - ERROR - database is locked
2024-06-09T02:09:59.541187349+08:00 - ERROR - database is locked
2024-06-09T02:09:59.541279785+08:00 - ERROR - database is locked
2024-06-09T02:09:59.541309636+08:00 - ERROR - database is locked
2024-06-09T02:09:59.945183912+08:00 - INFO - 默认管理员已创建，用户名: admin, 密码: g539lN0OAvlP
2024-06-09T02:09:59.948202410+08:00 - INFO - 🔧 Configured for [4mdebug[0m.
2024-06-09T02:09:59.948240056+08:00 - INFO - address: [1;39m127.0.0.1[0m
2024-06-09T02:09:59.948257720+08:00 - INFO - port: [1;39m0[0m
2024-06-09T02:09:59.948275247+08:00 - INFO - workers: [1;39m8[0m
2024-06-09T02:09:59.948293682+08:00 - INFO - max blocking threads: [1;39m512[0m
2024-06-09T02:09:59.948309647+08:00 - INFO - ident: [1;39mRocket[0m
2024-06-09T02:09:59.948326131+08:00 - INFO - IP header: [1;39mX-Real-IP[0m
2024-06-09T02:09:59.948345842+08:00 - INFO - limits: [1;39mbytes = 8KiB, data-form = 2MiB, file = 1MiB, form = 32KiB, json = 1MiB, msgpack = 1MiB, string = 8KiB[0m
2024-06-09T02:09:59.948366414+08:00 - INFO - temp dir: [1;39m/tmp[0m
2024-06-09T02:09:59.948384603+08:00 - INFO - http/2: [1;39mtrue[0m
2024-06-09T02:09:59.948401562+08:00 - INFO - keep-alive: [1;39m5[0m[1;39ms[0m
2024-06-09T02:09:59.948419362+08:00 - INFO - tls: [1;39mdisabled[0m
2024-06-09T02:09:59.948438635+08:00 - INFO - shutdown: [1;39mctrlc = true, force = true, signals = [SIGTERM], grace = 2s, mercy = 3s[0m
2024-06-09T02:09:59.948455+08:00 - INFO - log level: [1;39mnormal[0m
2024-06-09T02:09:59.948469505+08:00 - INFO - cli colors: [1;39mtrue[0m
2024-06-09T02:09:59.948568503+08:00 - INFO - 📬 [35mRoutes[0m:
2024-06-09T02:09:59.948634753+08:00 - INFO - [36m([0m[39mindex[0m[36m)[0m [32mGET[0m [34m/[0m
2024-06-09T02:09:59.948671349+08:00 - INFO - [36m([0m[39mget_warehouses[0m[36m)[0m [32mGET[0m [4;34m/api[0m[34m/warehouses[0m
2024-06-09T02:09:59.948700622+08:00 - INFO - [36m([0m[39mcreate_warehouse[0m[36m)[0m [32mPOST[0m [4;34m/api[0m[34m/warehouses[0m [33mapplication/json[0m
2024-06-09T02:09:59.948742440+08:00 - INFO - 📡 [35mFairings[0m:
2024-06-09T02:09:59.948762893+08:00 - INFO - [1;39m'sqlite_db' Database Pool[0m ([1;34mignite[0m)
2024-06-09T02:09:59.948778914+08:00 - INFO - [1;39mAdmin Initialization[0m ([1;34mignite[0m)
2024-06-09T02:09:59.948799653+08:00 - INFO - [1;39mShield[0m ([1;34mliftoff, response, singleton[0m)
2024-06-09T02:09:59.948961498+08:00 - INFO - 🛡️ [35mShield[0m:
2024-06-09T02:09:59.949008840+08:00 - INFO - X-Frame-Options: [39mSAMEORIGIN[0m
2024-06-09T02:09:59.949021690+08:00 - INFO - Permissions-Policy: [39minterest-cohort=()[0m
2024-06-09T02:09:59.949035613+08:00 - INFO - X-Content-Type-Options: [39mnosniff[0m
2024-06-09T02:09:59.949060073+08:00 - WARN - 🚀 [1;39mRocket has launched from [4mhttp://127.0.0.1:34701[0m
2024-06-09T02:09:59.949123945+08:00 - WARN - Rocket is executing inside of a custom runtime.
2024-06-09T02:09:59.949143395+08:00 - INFO - Rocket's runtime is enabled via `#[rocket::main]` or `#[launch]`.
2024-06-09T02:09:59.949156525+08:00 - INFO - Forced shutdown is disabled. Runtime settings may be suboptimal.
2024-06-09T02:10:31.330127218+08:00 - WARN - Received shutdown signal, shutting down...
2024-06-09T02:10:31.330224786+08:00 - WARN - Received SIGINT. Requesting shutdown.
2024-06-09T02:10:31.330250438+08:00 - INFO - Waiting for tasks to finish...
2024-06-09T02:10:31.330321732+08:00 - INFO - Shutdown requested. Waiting for pending I/O...
2024-06-09T02:10:31.330399570+08:00 - INFO - Graceful shutdown completed successfully.
