2024-06-09T03:41:56.697812139+08:00 - INFO - Database migrations executed successfully
2024-06-09T03:41:56.697945996+08:00 - INFO - Found warehouse: "o7qF4zfqNZC+pJyKkdyjT6jOJn6Zr7jD3FQp9JXfvw5b9/vB5DyZcYTnQ0XFCL0qWv6UZchbiqFxykyG4XMpwg=="
2024-06-09T03:41:56.698133708+08:00 - INFO - Local peer id: PeerId("12D3KooWG1Nb1HFP5h4szmHwzCJHXeQiSjaBrUpSFTdmkWYGfXVs")
2024-06-09T03:41:56.700510447+08:00 - WARN - Warning: BOOTSTRAP_PEER_ID environment variable is not set
2024-06-09T03:41:56.700573738+08:00 - WARN - Warning: BOOTSTRAP_ADDR environment variable is not set
2024-06-09T03:41:56.700592138+08:00 - INFO - Find LISTENING_ADDR "/ip4/0.0.0.0/tcp/12333"
2024-06-09T03:41:56.700638837+08:00 - WARN - BOOTSTRAP_ADDR environment variable is not set,run as bootstrap node
2024-06-09T03:41:56.700988444+08:00 - INFO - creating instance on iface 10.0.0.101
2024-06-09T03:41:56.708523436+08:00 - INFO - 🔧 Configured for [4mdebug[0m.
2024-06-09T03:41:56.708564964+08:00 - INFO - address: [1;39m127.0.0.1[0m
2024-06-09T03:41:56.708582650+08:00 - INFO - port: [1;39m0[0m
2024-06-09T03:41:56.708601887+08:00 - INFO - workers: [1;39m8[0m
2024-06-09T03:41:56.708617972+08:00 - INFO - max blocking threads: [1;39m512[0m
2024-06-09T03:41:56.708631325+08:00 - INFO - ident: [1;39mRocket[0m
2024-06-09T03:41:56.708650356+08:00 - INFO - IP header: [1;39mX-Real-IP[0m
2024-06-09T03:41:56.708666629+08:00 - INFO - limits: [1;39mbytes = 8KiB, data-form = 2MiB, file = 1MiB, form = 32KiB, json = 1MiB, msgpack = 1MiB, string = 8KiB[0m
2024-06-09T03:41:56.708688238+08:00 - INFO - temp dir: [1;39m/tmp[0m
2024-06-09T03:41:56.708703884+08:00 - INFO - http/2: [1;39mtrue[0m
2024-06-09T03:41:56.708723152+08:00 - INFO - keep-alive: [1;39m5[0m[1;39ms[0m
2024-06-09T03:41:56.708736444+08:00 - INFO - tls: [1;39mdisabled[0m
2024-06-09T03:41:56.708754966+08:00 - INFO - shutdown: [1;39mctrlc = true, force = true, signals = [SIGTERM], grace = 2s, mercy = 3s[0m
2024-06-09T03:41:56.708769793+08:00 - INFO - log level: [1;39mnormal[0m
2024-06-09T03:41:56.708787553+08:00 - INFO - cli colors: [1;39mtrue[0m
2024-06-09T03:41:56.708880499+08:00 - INFO - 📬 [35mRoutes[0m:
2024-06-09T03:41:56.708934218+08:00 - INFO - [36m([0m[39mindex[0m[36m)[0m [32mGET[0m [34m/[0m
2024-06-09T03:41:56.708960580+08:00 - INFO - [36m([0m[39mget_warehouses[0m[36m)[0m [32mGET[0m [4;34m/api[0m[34m/warehouses[0m
2024-06-09T03:41:56.709006512+08:00 - INFO - [36m([0m[39mcreate_warehouse[0m[36m)[0m [32mPOST[0m [4;34m/api[0m[34m/warehouses[0m [33mapplication/json[0m
2024-06-09T03:41:56.709046988+08:00 - INFO - 📡 [35mFairings[0m:
2024-06-09T03:41:56.709067271+08:00 - INFO - [1;39m'sqlite_db' Database Pool[0m ([1;34mignite[0m)
2024-06-09T03:41:56.709083964+08:00 - INFO - [1;39mAdmin Initialization[0m ([1;34mignite[0m)
2024-06-09T03:41:56.709102265+08:00 - INFO - [1;39mShield[0m ([1;34mliftoff, response, singleton[0m)
2024-06-09T03:41:56.709479356+08:00 - INFO - 🛡️ [35mShield[0m:
2024-06-09T03:41:56.709502138+08:00 - INFO - X-Frame-Options: [39mSAMEORIGIN[0m
2024-06-09T03:41:56.709516977+08:00 - INFO - X-Content-Type-Options: [39mnosniff[0m
2024-06-09T03:41:56.709531849+08:00 - INFO - Permissions-Policy: [39minterest-cohort=()[0m
2024-06-09T03:41:56.709556296+08:00 - WARN - 🚀 [1;39mRocket has launched from [4mhttp://127.0.0.1:43719[0m
2024-06-09T03:41:56.709650861+08:00 - WARN - Rocket is executing inside of a custom runtime.
2024-06-09T03:41:56.709677186+08:00 - INFO - Rocket's runtime is enabled via `#[rocket::main]` or `#[launch]`.
2024-06-09T03:41:56.709690258+08:00 - INFO - Forced shutdown is disabled. Runtime settings may be suboptimal.
