2024-06-16T01:36:28.599349233+08:00 - INFO - Database migrations executed successfully
2024-06-16T01:36:28.599525293+08:00 - INFO - Found warehouse: "+otQX+nM85IY0YQU7S0J9++YbwjMLbZRplxDw/+nwkuVIfunaJikjQbQl5E9Uo6m9cIGCGAGSafwChyEnPpAcQ=="
2024-06-16T01:36:28.599725642+08:00 - INFO - Local peer id: PeerId("12D3KooWKrWyF8dtadA6RCdR4KB9sqndcosNqtCrdFJQKWtdq464")
2024-06-16T01:36:28.608980318+08:00 - WARN - Warning: BOOTSTRAP_PEER_ID environment variable is not set
2024-06-16T01:36:28.609060419+08:00 - WARN - Warning: BOOTSTRAP_ADDR environment variable is not set
2024-06-16T01:36:28.609084015+08:00 - WARN - Warning: LISTENING_ADDR environment variable is not set, using default value:/ip4/0.0.0.0/tcp/12345
2024-06-16T01:36:28.609132786+08:00 - WARN - BOOTSTRAP_ADDR environment variable is not set,run as bootstrap node
2024-06-16T01:36:28.609574818+08:00 - INFO - creating instance on iface 10.0.0.101
2024-06-16T01:36:28.618848435+08:00 - INFO - 🔧 Configured for [4mdebug[0m.
2024-06-16T01:36:28.618899677+08:00 - INFO - address: [1;39m127.0.0.1[0m
2024-06-16T01:36:28.618915884+08:00 - INFO - port: [1;39m0[0m
2024-06-16T01:36:28.618935044+08:00 - INFO - workers: [1;39m8[0m
2024-06-16T01:36:28.618950637+08:00 - INFO - max blocking threads: [1;39m512[0m
2024-06-16T01:36:28.618968372+08:00 - INFO - ident: [1;39mRocket[0m
2024-06-16T01:36:28.618988073+08:00 - INFO - IP header: [1;39mX-Real-IP[0m
2024-06-16T01:36:28.619010739+08:00 - INFO - limits: [1;39mbytes = 8KiB, data-form = 2MiB, file = 1MiB, form = 32KiB, json = 1MiB, msgpack = 1MiB, string = 8KiB[0m
2024-06-16T01:36:28.619033286+08:00 - INFO - temp dir: [1;39m/tmp[0m
2024-06-16T01:36:28.619049066+08:00 - INFO - http/2: [1;39mtrue[0m
2024-06-16T01:36:28.619077629+08:00 - INFO - keep-alive: [1;39m5[0m[1;39ms[0m
2024-06-16T01:36:28.619106488+08:00 - INFO - tls: [1;39mdisabled[0m
2024-06-16T01:36:28.619130672+08:00 - INFO - shutdown: [1;39mctrlc = true, force = true, signals = [SIGTERM], grace = 2s, mercy = 3s[0m
2024-06-16T01:36:28.619149147+08:00 - INFO - log level: [1;39mnormal[0m
2024-06-16T01:36:28.619165710+08:00 - INFO - cli colors: [1;39mtrue[0m
2024-06-16T01:36:28.619266100+08:00 - INFO - 📬 [35mRoutes[0m:
2024-06-16T01:36:28.619354170+08:00 - INFO - [36m([0m[39mindex[0m[36m)[0m [32mGET[0m [34m/[0m
2024-06-16T01:36:28.619388913+08:00 - INFO - [36m([0m[39mlogin[0m[36m)[0m [32mPOST[0m [4;34m/api[0m[34m/login[0m
2024-06-16T01:36:28.619413977+08:00 - INFO - [36m([0m[39moptions_login[0m[36m)[0m [32mOPTIONS[0m [4;34m/api[0m[34m/login[0m
2024-06-16T01:36:28.619439790+08:00 - INFO - [36m([0m[39msignup[0m[36m)[0m [32mPOST[0m [4;34m/api[0m[34m/signup[0m
2024-06-16T01:36:28.619467066+08:00 - INFO - [36m([0m[39moptions_signup[0m[36m)[0m [32mOPTIONS[0m [4;34m/api[0m[34m/signup[0m
2024-06-16T01:36:28.619494818+08:00 - INFO - [36m([0m[39mcreate_product[0m[36m)[0m [32mPOST[0m [4;34m/api[0m[34m/products[0m [33mapplication/json[0m
2024-06-16T01:36:28.619528138+08:00 - INFO - [36m([0m[39mget_products[0m[36m)[0m [32mGET[0m [4;34m/api[0m[34m/products?<start>&<end>&<categories_name>[0m
2024-06-16T01:36:28.619554481+08:00 - INFO - [36m([0m[39mprotected_route[0m[36m)[0m [32mGET[0m [4;34m/api[0m[34m/protected[0m
2024-06-16T01:36:28.619581202+08:00 - INFO - [36m([0m[39mget_warehouses[0m[36m)[0m [32mGET[0m [4;34m/api[0m[34m/warehouses[0m
2024-06-16T01:36:28.619605824+08:00 - INFO - [36m([0m[39mcreate_warehouse[0m[36m)[0m [32mPOST[0m [4;34m/api[0m[34m/warehouses[0m [33mapplication/json[0m
2024-06-16T01:36:28.619637854+08:00 - INFO - [36m([0m[39mcreate_category[0m[36m)[0m [32mPOST[0m [4;34m/api[0m[34m/categories[0m [33mapplication/json[0m
2024-06-16T01:36:28.619663146+08:00 - INFO - [32mGET[0m [4;34m/cors[0m[34m/<status>[0m
2024-06-16T01:36:28.619717588+08:00 - INFO - 📡 [35mFairings[0m:
2024-06-16T01:36:28.619746976+08:00 - INFO - [1;39mAdmin Initialization[0m ([1;34mignite[0m)
2024-06-16T01:36:28.619760454+08:00 - INFO - [1;39m'sqlite_db' Database Pool[0m ([1;34mignite[0m)
2024-06-16T01:36:28.619801203+08:00 - INFO - [1;39mShield[0m ([1;34mliftoff, response, singleton[0m)
2024-06-16T01:36:28.619821986+08:00 - INFO - [1;39mCORS[0m ([1;34mignite, request, response[0m)
2024-06-16T01:36:28.620022124+08:00 - INFO - 🛡️ [35mShield[0m:
2024-06-16T01:36:28.620050018+08:00 - INFO - Permissions-Policy: [39minterest-cohort=()[0m
2024-06-16T01:36:28.620078992+08:00 - INFO - X-Content-Type-Options: [39mnosniff[0m
2024-06-16T01:36:28.620094441+08:00 - INFO - X-Frame-Options: [39mSAMEORIGIN[0m
2024-06-16T01:36:28.620152611+08:00 - WARN - 🚀 [1;39mRocket has launched from [4mhttp://127.0.0.1:33297[0m
2024-06-16T01:36:28.620325766+08:00 - WARN - Rocket is executing inside of a custom runtime.
2024-06-16T01:36:28.620381998+08:00 - INFO - Rocket's runtime is enabled via `#[rocket::main]` or `#[launch]`.
2024-06-16T01:36:28.620413913+08:00 - INFO - Forced shutdown is disabled. Runtime settings may be suboptimal.
2024-06-16T01:37:34.231827227+08:00 - INFO - [32mOPTIONS[0m [34m/api/login[0m:
2024-06-16T01:37:34.231948596+08:00 - INFO - Matched: [36m([0m[39moptions_login[0m[36m)[0m [32mOPTIONS[0m [4;34m/api[0m[34m/login[0m
2024-06-16T01:37:34.232031544+08:00 - INFO - [1;39mOutcome: [0m[32mSuccess[0m([39m200 OK[0m)
2024-06-16T01:37:34.232260539+08:00 - INFO - [32mResponse succeeded.[0m
2024-06-16T01:37:34.251181122+08:00 - INFO - [32mPOST[0m [34m/api/login[0m [33mapplication/json[0m:
2024-06-16T01:37:34.251267345+08:00 - INFO - Matched: [36m([0m[39mlogin[0m[36m)[0m [32mPOST[0m [4;34m/api[0m[34m/login[0m
2024-06-16T01:37:34.252077208+08:00 - INFO - [1;39mOutcome: [0m[32mSuccess[0m([39m200 OK[0m)
2024-06-16T01:37:34.252259104+08:00 - INFO - [32mResponse succeeded.[0m
2024-06-16T01:37:44.635459237+08:00 - INFO - [32mOPTIONS[0m [34m/api/signup[0m:
2024-06-16T01:37:44.635593371+08:00 - INFO - Matched: [36m([0m[39moptions_signup[0m[36m)[0m [32mOPTIONS[0m [4;34m/api[0m[34m/signup[0m
2024-06-16T01:37:44.635664481+08:00 - INFO - [1;39mOutcome: [0m[32mSuccess[0m([39m200 OK[0m)
2024-06-16T01:37:44.635912013+08:00 - INFO - [32mResponse succeeded.[0m
2024-06-16T01:37:44.640527726+08:00 - INFO - [32mPOST[0m [34m/api/signup[0m [33mapplication/json[0m:
2024-06-16T01:37:44.640627148+08:00 - INFO - Matched: [36m([0m[39msignup[0m[36m)[0m [32mPOST[0m [4;34m/api[0m[34m/signup[0m
2024-06-16T01:37:44.640921509+08:00 - INFO - Token: None
2024-06-16T01:37:44.640963680+08:00 - INFO - Token not found
2024-06-16T01:37:44.640998576+08:00 - WARN - Request guard `JwtToken` failed: ().
2024-06-16T01:37:44.641076142+08:00 - INFO - [1;39mOutcome: [0m[31mError[0m([39m401 Unauthorized[0m)
2024-06-16T01:37:44.641121141+08:00 - WARN - No [1;34m401[0m catcher registered. Using Rocket default.
2024-06-16T01:37:44.641342500+08:00 - INFO - [32mResponse succeeded.[0m
2024-06-16T01:42:07.130113876+08:00 - WARN - Received shutdown signal, shutting down...
2024-06-16T01:42:07.130200384+08:00 - WARN - Received SIGINT. Requesting shutdown.
2024-06-16T01:42:07.130239795+08:00 - INFO - Waiting for tasks to finish...
2024-06-16T01:42:07.130290577+08:00 - INFO - Shutdown requested. Waiting for pending I/O...
