2024-11-24T05:14:33.744818300+08:00 - INFO - Database migrations executed successfully
2024-11-24T05:14:33.745160100+08:00 - INFO - Found warehouse: Some("6/xh5a6lKRH3rDzPhyO9VIukTJ0IuhADe/3eODMxbf8MztWSe4OYi8pwgizdjo0Di3MgMKEXDbOXPw5aK43LgA==")
2024-11-24T05:14:33.745474500+08:00 - INFO - Local peer id: PeerId("12D3KooWAgMzAhJ6CmCw8R6JNC9mAwqKJyYroZp7Ra2q198VozUF")
2024-11-24T05:14:33.791070300+08:00 - WARN - Warning: BOOTSTRAP_PEER_ID environment variable is not set
2024-11-24T05:14:33.791253900+08:00 - WARN - Warning: BOOTSTRAP_ADDR environment variable is not set
2024-11-24T05:14:33.791501700+08:00 - WARN - Warning: LISTENING_ADDR environment variable is not set, using default value:/ip4/0.0.0.0/tcp/12345
2024-11-24T05:14:33.791710200+08:00 - WARN - BOOTSTRAP_ADDR environment variable is not set,run as bootstrap node
2024-11-24T05:14:33.800331500+08:00 - ERROR - database is locked
2024-11-24T05:14:33.809537700+08:00 - INFO - creating instance on iface 10.10.10.2
2024-11-24T05:14:33.809941500+08:00 - INFO - creating instance on iface 198.18.0.1
2024-11-24T05:14:33.810216800+08:00 - INFO - creating instance on iface 10.1.0.168
2024-11-24T05:14:33.818704100+08:00 - INFO - Found warehouse: Some("6/xh5a6lKRH3rDzPhyO9VIukTJ0IuhADe/3eODMxbf8MztWSe4OYi8pwgizdjo0Di3MgMKEXDbOXPw5aK43LgA==")
2024-11-24T05:14:33.818904800+08:00 - INFO - Sent discovery broadcast
2024-11-24T05:14:34.213732300+08:00 - INFO - Configured for [4mrelease[0m.
2024-11-24T05:14:34.214123500+08:00 - INFO - address: [1;39m127.0.0.1[0m
2024-11-24T05:14:34.214361300+08:00 - INFO - port: [1;39m0[0m
2024-11-24T05:14:34.214490100+08:00 - INFO - workers: [1;39m20[0m
2024-11-24T05:14:34.214620600+08:00 - INFO - max blocking threads: [1;39m512[0m
2024-11-24T05:14:34.214764100+08:00 - INFO - ident: [1;39mRocket[0m
2024-11-24T05:14:34.214871400+08:00 - INFO - IP header: [1;39mX-Real-IP[0m
2024-11-24T05:14:34.215185800+08:00 - INFO - limits: [1;39mbytes = 8KiB, data-form = 2MiB, file = 1MiB, form = 32KiB, json = 1MiB, msgpack = 1MiB, string = 8KiB[0m
2024-11-24T05:14:34.215328700+08:00 - INFO - temp dir: [1;39mC:\Users\kevin\AppData\Local\Temp\[0m
2024-11-24T05:14:34.215409200+08:00 - INFO - http/2: [1;39mtrue[0m
2024-11-24T05:14:34.215515700+08:00 - INFO - keep-alive: [1;39m5[0m[1;39ms[0m
2024-11-24T05:14:34.215588500+08:00 - INFO - tls: [1;39mdisabled[0m
2024-11-24T05:14:34.215720700+08:00 - INFO - shutdown: [1;39mctrlc = true, force = true, grace = 2s, mercy = 3s[0m
2024-11-24T05:14:34.215805900+08:00 - INFO - log level: [1;39mcritical[0m
2024-11-24T05:14:34.215884900+08:00 - INFO - cli colors: [1;39mtrue[0m
2024-11-24T05:14:34.216038100+08:00 - INFO - [35mFairings[0m:
2024-11-24T05:14:34.216165600+08:00 - INFO - [1;39m'sqlite_db' Database Pool[0m ([1;34mignite[0m)
2024-11-24T05:14:34.216251400+08:00 - INFO - [1;39mShield[0m ([1;34mliftoff, response, singleton[0m)
2024-11-24T05:14:34.216327300+08:00 - INFO - [1;39mAdmin Initialization[0m ([1;34mignite[0m)
2024-11-24T05:14:34.216654200+08:00 - INFO - [35mShield[0m:
2024-11-24T05:14:34.216721200+08:00 - INFO - X-Frame-Options: [39mSAMEORIGIN[0m
2024-11-24T05:14:34.216797100+08:00 - INFO - Permissions-Policy: [39minterest-cohort=()[0m
2024-11-24T05:14:34.216879100+08:00 - INFO - X-Content-Type-Options: [39mnosniff[0m
2024-11-24T05:14:34.216979200+08:00 - WARN - [1;39mRocket has launched from [4mhttp://127.0.0.1:8791[0m
2024-11-24T05:15:03.810316600+08:00 - INFO - Found warehouse: Some("6/xh5a6lKRH3rDzPhyO9VIukTJ0IuhADe/3eODMxbf8MztWSe4OYi8pwgizdjo0Di3MgMKEXDbOXPw5aK43LgA==")
2024-11-24T05:15:03.810735300+08:00 - INFO - Sent discovery broadcast
2024-11-24T05:15:24.766213100+08:00 - WARN - Received SIGINT. Requesting shutdown.
2024-11-24T05:15:24.766357800+08:00 - INFO - Shutdown requested. Waiting for pending I/O...
2024-11-24T05:15:24.766585+08:00 - WARN - Received shutdown signal, shutting down...
2024-11-24T05:15:24.766830100+08:00 - INFO - Waiting for tasks to finish...
2024-11-24T05:15:24.767443200+08:00 - INFO - Graceful shutdown completed successfully.
2024-11-24T05:15:24.767956200+08:00 - INFO - Shutting down swarm...
