2024-06-15T19:34:06.203893896+08:00 - INFO - Database migrations executed successfully
2024-06-15T19:34:06.204024602+08:00 - ERROR - Failed to get warehouse local key: Record not found
2024-06-15T19:34:06.204311227+08:00 - INFO - Generated and inserted new key "cJGluJyVYZBlgnm/Bi3W/4bndlfapdHMAtU1ZDln9p6H36gVsIjRgtal3s/ddYqq7CwAzbyujYaTuSa8mqreCg==" for warehouse ThisWarehouse
2024-06-15T19:34:06.208728670+08:00 - INFO - Local peer id: PeerId("12D3KooWJxm1bLCoVWCghBYYRcEeLwjhu9TGEmjzGcHgr3V2JrgR")
2024-06-15T19:34:06.217370170+08:00 - WARN - Warning: BOOTSTRAP_PEER_ID environment variable is not set
2024-06-15T19:34:06.217437219+08:00 - WARN - Warning: BOOTSTRAP_ADDR environment variable is not set
2024-06-15T19:34:06.217451968+08:00 - WARN - Warning: LISTENING_ADDR environment variable is not set, using default value:/ip4/0.0.0.0/tcp/12345
2024-06-15T19:34:06.217496065+08:00 - WARN - BOOTSTRAP_ADDR environment variable is not set,run as bootstrap node
2024-06-15T19:34:06.217959424+08:00 - INFO - creating instance on iface 10.0.0.101
2024-06-15T19:34:06.219924066+08:00 - ERROR - database is locked
2024-06-15T19:34:06.219970550+08:00 - ERROR - database is locked
2024-06-15T19:34:06.220069615+08:00 - ERROR - database is locked
2024-06-15T19:34:06.220108475+08:00 - ERROR - database is locked
2024-06-15T19:34:06.220215333+08:00 - ERROR - database is locked
2024-06-15T19:34:06.220234792+08:00 - ERROR - database is locked
2024-06-15T19:34:06.220344026+08:00 - ERROR - database is locked
2024-06-15T19:34:06.220406804+08:00 - ERROR - database is locked
2024-06-15T19:34:06.220447367+08:00 - ERROR - database is locked
2024-06-15T19:34:06.220619472+08:00 - ERROR - database is locked
2024-06-15T19:34:06.220668494+08:00 - ERROR - database is locked
2024-06-15T19:34:06.220725667+08:00 - ERROR - database is locked
2024-06-15T19:34:06.220869388+08:00 - ERROR - database is locked
2024-06-15T19:34:06.220899841+08:00 - ERROR - database is locked
2024-06-15T19:34:06.221036106+08:00 - ERROR - database is locked
2024-06-15T19:34:06.221086347+08:00 - ERROR - database is locked
2024-06-15T19:34:06.221197636+08:00 - ERROR - database is locked
2024-06-15T19:34:06.221239829+08:00 - ERROR - database is locked
2024-06-15T19:34:06.221368762+08:00 - ERROR - database is locked
2024-06-15T19:34:06.221487421+08:00 - ERROR - database is locked
2024-06-15T19:34:06.221532292+08:00 - ERROR - database is locked
2024-06-15T19:34:06.221651484+08:00 - ERROR - database is locked
2024-06-15T19:34:06.221675924+08:00 - ERROR - database is locked
2024-06-15T19:34:06.221800043+08:00 - ERROR - database is locked
2024-06-15T19:34:06.221835769+08:00 - ERROR - database is locked
2024-06-15T19:34:06.221960527+08:00 - ERROR - database is locked
2024-06-15T19:34:06.221994401+08:00 - ERROR - database is locked
2024-06-15T19:34:06.222122168+08:00 - ERROR - database is locked
2024-06-15T19:34:06.222155787+08:00 - ERROR - database is locked
2024-06-15T19:34:06.222291519+08:00 - ERROR - database is locked
2024-06-15T19:34:06.222313301+08:00 - ERROR - database is locked
2024-06-15T19:34:06.626832062+08:00 - INFO - 默认管理员已创建，用户名: admin, 密码: SMu5kURrmbKj
2024-06-15T19:34:06.630127289+08:00 - INFO - 🔧 Configured for [4mdebug[0m.
2024-06-15T19:34:06.630180895+08:00 - INFO - address: [1;39m127.0.0.1[0m
2024-06-15T19:34:06.630203778+08:00 - INFO - port: [1;39m0[0m
2024-06-15T19:34:06.630218605+08:00 - INFO - workers: [1;39m8[0m
2024-06-15T19:34:06.630236965+08:00 - INFO - max blocking threads: [1;39m512[0m
2024-06-15T19:34:06.630249584+08:00 - INFO - ident: [1;39mRocket[0m
2024-06-15T19:34:06.630267040+08:00 - INFO - IP header: [1;39mX-Real-IP[0m
2024-06-15T19:34:06.630287992+08:00 - INFO - limits: [1;39mbytes = 8KiB, data-form = 2MiB, file = 1MiB, form = 32KiB, json = 1MiB, msgpack = 1MiB, string = 8KiB[0m
2024-06-15T19:34:06.630309763+08:00 - INFO - temp dir: [1;39m/tmp[0m
2024-06-15T19:34:06.630327551+08:00 - INFO - http/2: [1;39mtrue[0m
2024-06-15T19:34:06.630343858+08:00 - INFO - keep-alive: [1;39m5[0m[1;39ms[0m
2024-06-15T19:34:06.630356181+08:00 - INFO - tls: [1;39mdisabled[0m
2024-06-15T19:34:06.630385753+08:00 - INFO - shutdown: [1;39mctrlc = true, force = true, signals = [SIGTERM], grace = 2s, mercy = 3s[0m
2024-06-15T19:34:06.630397540+08:00 - INFO - log level: [1;39mnormal[0m
2024-06-15T19:34:06.630416128+08:00 - INFO - cli colors: [1;39mtrue[0m
2024-06-15T19:34:06.630516824+08:00 - INFO - 📬 [35mRoutes[0m:
2024-06-15T19:34:06.630604966+08:00 - INFO - [36m([0m[39mindex[0m[36m)[0m [32mGET[0m [34m/[0m
2024-06-15T19:34:06.630634851+08:00 - INFO - [36m([0m[39mlogin[0m[36m)[0m [32mPOST[0m [4;34m/api[0m[34m/login[0m
2024-06-15T19:34:06.630660129+08:00 - INFO - [36m([0m[39moptions_login[0m[36m)[0m [32mOPTIONS[0m [4;34m/api[0m[34m/login[0m
2024-06-15T19:34:06.630682298+08:00 - INFO - [36m([0m[39mcreate_product[0m[36m)[0m [32mPOST[0m [4;34m/api[0m[34m/products[0m [33mapplication/json[0m
2024-06-15T19:34:06.630707548+08:00 - INFO - [36m([0m[39mget_products[0m[36m)[0m [32mGET[0m [4;34m/api[0m[34m/products?<start>&<end>&<categories_name>[0m
2024-06-15T19:34:06.630740749+08:00 - INFO - [36m([0m[39mprotected_route[0m[36m)[0m [32mGET[0m [4;34m/api[0m[34m/protected[0m
2024-06-15T19:34:06.630760367+08:00 - INFO - [36m([0m[39mget_warehouses[0m[36m)[0m [32mGET[0m [4;34m/api[0m[34m/warehouses[0m
2024-06-15T19:34:06.630785+08:00 - INFO - [36m([0m[39mcreate_warehouse[0m[36m)[0m [32mPOST[0m [4;34m/api[0m[34m/warehouses[0m [33mapplication/json[0m
2024-06-15T19:34:06.630818020+08:00 - INFO - [36m([0m[39mcreate_category[0m[36m)[0m [32mPOST[0m [4;34m/api[0m[34m/categories[0m [33mapplication/json[0m
2024-06-15T19:34:06.630838817+08:00 - INFO - [32mGET[0m [4;34m/cors[0m[34m/<status>[0m
2024-06-15T19:34:06.630863796+08:00 - INFO - 📡 [35mFairings[0m:
2024-06-15T19:34:06.630892436+08:00 - INFO - [1;39mShield[0m ([1;34mliftoff, response, singleton[0m)
2024-06-15T19:34:06.630901118+08:00 - INFO - [1;39mAdmin Initialization[0m ([1;34mignite[0m)
2024-06-15T19:34:06.630926254+08:00 - INFO - [1;39mCORS[0m ([1;34mignite, request, response[0m)
2024-06-15T19:34:06.630936485+08:00 - INFO - [1;39m'sqlite_db' Database Pool[0m ([1;34mignite[0m)
2024-06-15T19:34:06.631145967+08:00 - INFO - 🛡️ [35mShield[0m:
2024-06-15T19:34:06.631199215+08:00 - INFO - X-Content-Type-Options: [39mnosniff[0m
2024-06-15T19:34:06.631217614+08:00 - INFO - X-Frame-Options: [39mSAMEORIGIN[0m
2024-06-15T19:34:06.631222341+08:00 - INFO - Permissions-Policy: [39minterest-cohort=()[0m
2024-06-15T19:34:06.631257934+08:00 - WARN - 🚀 [1;39mRocket has launched from [4mhttp://127.0.0.1:36533[0m
2024-06-15T19:34:06.631371802+08:00 - WARN - Rocket is executing inside of a custom runtime.
2024-06-15T19:34:06.631407769+08:00 - INFO - Rocket's runtime is enabled via `#[rocket::main]` or `#[launch]`.
2024-06-15T19:34:06.631434463+08:00 - INFO - Forced shutdown is disabled. Runtime settings may be suboptimal.
2024-06-15T19:35:55.339222187+08:00 - INFO - [32mOPTIONS[0m [34m/api/login[0m:
2024-06-15T19:35:55.339357943+08:00 - INFO - Matched: [36m([0m[39moptions_login[0m[36m)[0m [32mOPTIONS[0m [4;34m/api[0m[34m/login[0m
2024-06-15T19:35:55.339436382+08:00 - INFO - [1;39mOutcome: [0m[32mSuccess[0m([39m200 OK[0m)
2024-06-15T19:35:55.339730890+08:00 - INFO - [32mResponse succeeded.[0m
2024-06-15T19:35:55.343778257+08:00 - INFO - [32mPOST[0m [34m/api/login[0m [33mapplication/json[0m:
2024-06-15T19:35:55.343855073+08:00 - INFO - Matched: [36m([0m[39mlogin[0m[36m)[0m [32mPOST[0m [4;34m/api[0m[34m/login[0m
2024-06-15T19:35:55.344611140+08:00 - INFO - [1;39mOutcome: [0m[32mSuccess[0m([39m200 OK[0m)
2024-06-15T19:35:55.344768102+08:00 - INFO - [32mResponse succeeded.[0m
2024-06-15T19:48:41.939060396+08:00 - WARN - Received SIGINT. Requesting shutdown.
2024-06-15T19:48:41.939119633+08:00 - WARN - Received shutdown signal, shutting down...
2024-06-15T19:48:41.939144647+08:00 - INFO - Shutdown requested. Waiting for pending I/O...
2024-06-15T19:48:41.939179592+08:00 - INFO - Waiting for tasks to finish...
