2024-06-09T20:37:03.879634224+08:00 - INFO - Database migrations executed successfully
2024-06-09T20:37:03.879800471+08:00 - INFO - Found warehouse: "o7qF4zfqNZC+pJyKkdyjT6jOJn6Zr7jD3FQp9JXfvw5b9/vB5DyZcYTnQ0XFCL0qWv6UZchbiqFxykyG4XMpwg=="
2024-06-09T20:37:03.880011577+08:00 - INFO - Local peer id: PeerId("12D3KooWG1Nb1HFP5h4szmHwzCJHXeQiSjaBrUpSFTdmkWYGfXVs")
2024-06-09T20:37:03.888617790+08:00 - WARN - Warning: BOOTSTRAP_PEER_ID environment variable is not set
2024-06-09T20:37:03.888704423+08:00 - WARN - Warning: BOOTSTRAP_ADDR environment variable is not set
2024-06-09T20:37:03.888725049+08:00 - INFO - Find LISTENING_ADDR "/ip4/0.0.0.0/tcp/12333"
2024-06-09T20:37:03.888770546+08:00 - WARN - BOOTSTRAP_ADDR environment variable is not set,run as bootstrap node
2024-06-09T20:37:03.889221159+08:00 - INFO - creating instance on iface 10.0.0.101
2024-06-09T20:37:03.889573130+08:00 - INFO - Unhandled Floodsub event
2024-06-09T20:37:03.889638+08:00 - INFO - Unhandled Floodsub event
2024-06-09T20:37:03.897642287+08:00 - INFO - 🔧 Configured for [4mdebug[0m.
2024-06-09T20:37:03.897685734+08:00 - INFO - address: [1;39m127.0.0.1[0m
2024-06-09T20:37:03.897715429+08:00 - INFO - port: [1;39m0[0m
2024-06-09T20:37:03.897732771+08:00 - INFO - workers: [1;39m8[0m
2024-06-09T20:37:03.897749928+08:00 - INFO - max blocking threads: [1;39m512[0m
2024-06-09T20:37:03.897767227+08:00 - INFO - ident: [1;39mRocket[0m
2024-06-09T20:37:03.897780637+08:00 - INFO - IP header: [1;39mX-Real-IP[0m
2024-06-09T20:37:03.897801533+08:00 - INFO - limits: [1;39mbytes = 8KiB, data-form = 2MiB, file = 1MiB, form = 32KiB, json = 1MiB, msgpack = 1MiB, string = 8KiB[0m
2024-06-09T20:37:03.897823363+08:00 - INFO - temp dir: [1;39m/tmp[0m
2024-06-09T20:37:03.897839683+08:00 - INFO - http/2: [1;39mtrue[0m
2024-06-09T20:37:03.897855065+08:00 - INFO - keep-alive: [1;39m5[0m[1;39ms[0m
2024-06-09T20:37:03.897874013+08:00 - INFO - tls: [1;39mdisabled[0m
2024-06-09T20:37:03.897891506+08:00 - INFO - shutdown: [1;39mctrlc = true, force = true, signals = [SIGTERM], grace = 2s, mercy = 3s[0m
2024-06-09T20:37:03.897909578+08:00 - INFO - log level: [1;39mnormal[0m
2024-06-09T20:37:03.897924602+08:00 - INFO - cli colors: [1;39mtrue[0m
2024-06-09T20:37:03.898047282+08:00 - INFO - 📬 [35mRoutes[0m:
2024-06-09T20:37:03.898113984+08:00 - INFO - [36m([0m[39mindex[0m[36m)[0m [32mGET[0m [34m/[0m
2024-06-09T20:37:03.898154849+08:00 - INFO - [36m([0m[39mget_warehouses[0m[36m)[0m [32mGET[0m [4;34m/api[0m[34m/warehouses[0m
2024-06-09T20:37:03.898185414+08:00 - INFO - [36m([0m[39mcreate_warehouse[0m[36m)[0m [32mPOST[0m [4;34m/api[0m[34m/warehouses[0m [33mapplication/json[0m
2024-06-09T20:37:03.898217759+08:00 - INFO - 📡 [35mFairings[0m:
2024-06-09T20:37:03.898233811+08:00 - INFO - [1;39mAdmin Initialization[0m ([1;34mignite[0m)
2024-06-09T20:37:03.898250056+08:00 - INFO - [1;39mShield[0m ([1;34mliftoff, response, singleton[0m)
2024-06-09T20:37:03.898267176+08:00 - INFO - [1;39m'sqlite_db' Database Pool[0m ([1;34mignite[0m)
2024-06-09T20:37:03.898427675+08:00 - INFO - 🛡️ [35mShield[0m:
2024-06-09T20:37:03.898452467+08:00 - INFO - X-Content-Type-Options: [39mnosniff[0m
2024-06-09T20:37:03.898468728+08:00 - INFO - X-Frame-Options: [39mSAMEORIGIN[0m
2024-06-09T20:37:03.898479837+08:00 - INFO - Permissions-Policy: [39minterest-cohort=()[0m
2024-06-09T20:37:03.898507985+08:00 - WARN - 🚀 [1;39mRocket has launched from [4mhttp://127.0.0.1:44131[0m
2024-06-09T20:37:03.898610256+08:00 - WARN - Rocket is executing inside of a custom runtime.
2024-06-09T20:37:03.898645998+08:00 - INFO - Rocket's runtime is enabled via `#[rocket::main]` or `#[launch]`.
2024-06-09T20:37:03.898659935+08:00 - INFO - Forced shutdown is disabled. Runtime settings may be suboptimal.
2024-06-09T20:37:04.650476022+08:00 - INFO - discovered: 12D3KooWJ3PBp8zeqL4AgVFGoNw8xMsvKJR1mzJxsQJ88CXjdo8R /ip4/10.0.0.101/tcp/12345
2024-06-09T20:37:04.650603525+08:00 - INFO - discovered: 12D3KooWJ3PBp8zeqL4AgVFGoNw8xMsvKJR1mzJxsQJ88CXjdo8R /ip4/127.0.0.1/tcp/12345
2024-06-09T20:37:04.650763731+08:00 - INFO - Discovered peer via mDNS: PeerId("12D3KooWJ3PBp8zeqL4AgVFGoNw8xMsvKJR1mzJxsQJ88CXjdo8R")
2024-06-09T20:37:04.655015087+08:00 - INFO - Connected to peer: PeerId("12D3KooWJ3PBp8zeqL4AgVFGoNw8xMsvKJR1mzJxsQJ88CXjdo8R")
2024-06-09T20:37:04.655669203+08:00 - INFO - Ping: Event { peer: PeerId("12D3KooWJ3PBp8zeqL4AgVFGoNw8xMsvKJR1mzJxsQJ88CXjdo8R"), result: Ok(Pong) }
2024-06-09T20:37:04.656111896+08:00 - INFO - Ping: Event { peer: PeerId("12D3KooWJ3PBp8zeqL4AgVFGoNw8xMsvKJR1mzJxsQJ88CXjdo8R"), result: Ok(Ping { rtt: 221.575µs }) }
2024-06-09T20:37:13.371785960+08:00 - INFO - floodsub publish: "111"
2024-06-09T20:37:14.334019404+08:00 - INFO - floodsub publish: "11"
2024-06-09T20:37:14.962709793+08:00 - INFO - floodsub publish: "11"
2024-06-09T20:37:15.946881683+08:00 - INFO - floodsub publish: "11111"
2024-06-09T20:37:16.753158311+08:00 - INFO - floodsub publish: "111"
2024-06-09T20:37:17.508730014+08:00 - INFO - floodsub publish: "111"
2024-06-09T20:37:18.045449899+08:00 - INFO - floodsub publish: "11"
2024-06-09T20:37:19.656545982+08:00 - INFO - Ping: Event { peer: PeerId("12D3KooWJ3PBp8zeqL4AgVFGoNw8xMsvKJR1mzJxsQJ88CXjdo8R"), result: Ok(Pong) }
2024-06-09T20:37:19.656832598+08:00 - INFO - Ping: Event { peer: PeerId("12D3KooWJ3PBp8zeqL4AgVFGoNw8xMsvKJR1mzJxsQJ88CXjdo8R"), result: Ok(Ping { rtt: 404.49µs }) }
2024-06-09T20:37:34.657013910+08:00 - INFO - Ping: Event { peer: PeerId("12D3KooWJ3PBp8zeqL4AgVFGoNw8xMsvKJR1mzJxsQJ88CXjdo8R"), result: Ok(Pong) }
2024-06-09T20:37:34.657243886+08:00 - INFO - Ping: Event { peer: PeerId("12D3KooWJ3PBp8zeqL4AgVFGoNw8xMsvKJR1mzJxsQJ88CXjdo8R"), result: Ok(Ping { rtt: 304.351µs }) }
2024-06-09T20:37:49.657950386+08:00 - INFO - Ping: Event { peer: PeerId("12D3KooWJ3PBp8zeqL4AgVFGoNw8xMsvKJR1mzJxsQJ88CXjdo8R"), result: Ok(Pong) }
2024-06-09T20:37:49.658113978+08:00 - INFO - Ping: Event { peer: PeerId("12D3KooWJ3PBp8zeqL4AgVFGoNw8xMsvKJR1mzJxsQJ88CXjdo8R"), result: Ok(Ping { rtt: 371.489µs }) }
2024-06-09T20:38:04.658481350+08:00 - INFO - Ping: Event { peer: PeerId("12D3KooWJ3PBp8zeqL4AgVFGoNw8xMsvKJR1mzJxsQJ88CXjdo8R"), result: Ok(Pong) }
2024-06-09T20:38:04.658611914+08:00 - INFO - Ping: Event { peer: PeerId("12D3KooWJ3PBp8zeqL4AgVFGoNw8xMsvKJR1mzJxsQJ88CXjdo8R"), result: Ok(Ping { rtt: 376.369µs }) }
2024-06-09T20:38:19.659432124+08:00 - INFO - Ping: Event { peer: PeerId("12D3KooWJ3PBp8zeqL4AgVFGoNw8xMsvKJR1mzJxsQJ88CXjdo8R"), result: Ok(Pong) }
2024-06-09T20:38:19.659676866+08:00 - INFO - Ping: Event { peer: PeerId("12D3KooWJ3PBp8zeqL4AgVFGoNw8xMsvKJR1mzJxsQJ88CXjdo8R"), result: Ok(Ping { rtt: 479.513µs }) }
2024-06-09T20:38:34.659740635+08:00 - INFO - Ping: Event { peer: PeerId("12D3KooWJ3PBp8zeqL4AgVFGoNw8xMsvKJR1mzJxsQJ88CXjdo8R"), result: Ok(Pong) }
2024-06-09T20:38:34.659841361+08:00 - INFO - Ping: Event { peer: PeerId("12D3KooWJ3PBp8zeqL4AgVFGoNw8xMsvKJR1mzJxsQJ88CXjdo8R"), result: Ok(Ping { rtt: 254.448µs }) }
2024-06-09T20:38:49.660487164+08:00 - INFO - Ping: Event { peer: PeerId("12D3KooWJ3PBp8zeqL4AgVFGoNw8xMsvKJR1mzJxsQJ88CXjdo8R"), result: Ok(Pong) }
2024-06-09T20:38:49.660628841+08:00 - INFO - Ping: Event { peer: PeerId("12D3KooWJ3PBp8zeqL4AgVFGoNw8xMsvKJR1mzJxsQJ88CXjdo8R"), result: Ok(Ping { rtt: 333.701µs }) }
2024-06-09T20:39:04.660940038+08:00 - INFO - Ping: Event { peer: PeerId("12D3KooWJ3PBp8zeqL4AgVFGoNw8xMsvKJR1mzJxsQJ88CXjdo8R"), result: Ok(Pong) }
2024-06-09T20:39:04.661106907+08:00 - INFO - Ping: Event { peer: PeerId("12D3KooWJ3PBp8zeqL4AgVFGoNw8xMsvKJR1mzJxsQJ88CXjdo8R"), result: Ok(Ping { rtt: 267.649µs }) }
2024-06-09T20:39:19.661722622+08:00 - INFO - Ping: Event { peer: PeerId("12D3KooWJ3PBp8zeqL4AgVFGoNw8xMsvKJR1mzJxsQJ88CXjdo8R"), result: Ok(Pong) }
2024-06-09T20:39:19.661884469+08:00 - INFO - Ping: Event { peer: PeerId("12D3KooWJ3PBp8zeqL4AgVFGoNw8xMsvKJR1mzJxsQJ88CXjdo8R"), result: Ok(Ping { rtt: 438.058µs }) }
2024-06-09T20:39:34.662120035+08:00 - INFO - Ping: Event { peer: PeerId("12D3KooWJ3PBp8zeqL4AgVFGoNw8xMsvKJR1mzJxsQJ88CXjdo8R"), result: Ok(Pong) }
2024-06-09T20:39:34.662278777+08:00 - INFO - Ping: Event { peer: PeerId("12D3KooWJ3PBp8zeqL4AgVFGoNw8xMsvKJR1mzJxsQJ88CXjdo8R"), result: Ok(Ping { rtt: 243.207µs }) }
2024-06-09T20:39:49.663004192+08:00 - INFO - Ping: Event { peer: PeerId("12D3KooWJ3PBp8zeqL4AgVFGoNw8xMsvKJR1mzJxsQJ88CXjdo8R"), result: Ok(Pong) }
2024-06-09T20:39:49.663238394+08:00 - INFO - Ping: Event { peer: PeerId("12D3KooWJ3PBp8zeqL4AgVFGoNw8xMsvKJR1mzJxsQJ88CXjdo8R"), result: Ok(Ping { rtt: 722.705µs }) }
2024-06-09T20:40:04.663344081+08:00 - INFO - Ping: Event { peer: PeerId("12D3KooWJ3PBp8zeqL4AgVFGoNw8xMsvKJR1mzJxsQJ88CXjdo8R"), result: Ok(Pong) }
2024-06-09T20:40:04.663645773+08:00 - INFO - Ping: Event { peer: PeerId("12D3KooWJ3PBp8zeqL4AgVFGoNw8xMsvKJR1mzJxsQJ88CXjdo8R"), result: Ok(Ping { rtt: 244.147µs }) }
2024-06-09T20:40:19.664346447+08:00 - INFO - Ping: Event { peer: PeerId("12D3KooWJ3PBp8zeqL4AgVFGoNw8xMsvKJR1mzJxsQJ88CXjdo8R"), result: Ok(Pong) }
2024-06-09T20:40:19.664472250+08:00 - INFO - Ping: Event { peer: PeerId("12D3KooWJ3PBp8zeqL4AgVFGoNw8xMsvKJR1mzJxsQJ88CXjdo8R"), result: Ok(Ping { rtt: 405.245µs }) }
2024-06-09T20:40:34.664709673+08:00 - INFO - Ping: Event { peer: PeerId("12D3KooWJ3PBp8zeqL4AgVFGoNw8xMsvKJR1mzJxsQJ88CXjdo8R"), result: Ok(Pong) }
2024-06-09T20:40:34.664815248+08:00 - INFO - Ping: Event { peer: PeerId("12D3KooWJ3PBp8zeqL4AgVFGoNw8xMsvKJR1mzJxsQJ88CXjdo8R"), result: Ok(Ping { rtt: 318.517µs }) }
2024-06-09T20:40:42.261547912+08:00 - WARN - Received SIGINT. Requesting shutdown.
2024-06-09T20:40:42.261588956+08:00 - WARN - Received shutdown signal, shutting down...
2024-06-09T20:40:42.261623261+08:00 - INFO - Waiting for tasks to finish...
2024-06-09T20:40:42.261660295+08:00 - INFO - Shutdown requested. Waiting for pending I/O...
2024-06-09T20:40:42.261750233+08:00 - INFO - Graceful shutdown completed successfully.
