2024-06-16T05:16:05.422393685+08:00 - INFO - Database migrations executed successfully
2024-06-16T05:16:05.422567190+08:00 - INFO - Found warehouse: "hzzKxV6j0bMuwOssBtFulh31LQa6E3cyzwlhRvLWJorw5xAcREh7stVysP5Bn9Jhq9PZVjJS2JYQ/DZbyVuVnQ=="
2024-06-16T05:16:05.422757328+08:00 - INFO - Local peer id: PeerId("12D3KooWS2kNPFhxzG3rN9k8xQjkYQNkMHcsgk2VMVDqcyzL5YZJ")
2024-06-16T05:16:05.431305777+08:00 - WARN - Warning: BOOTSTRAP_PEER_ID environment variable is not set
2024-06-16T05:16:05.431378985+08:00 - WARN - Warning: BOOTSTRAP_ADDR environment variable is not set
2024-06-16T05:16:05.431394318+08:00 - WARN - Warning: LISTENING_ADDR environment variable is not set, using default value:/ip4/0.0.0.0/tcp/12345
2024-06-16T05:16:05.431435411+08:00 - WARN - BOOTSTRAP_ADDR environment variable is not set,run as bootstrap node
2024-06-16T05:16:05.431789552+08:00 - INFO - creating instance on iface 10.0.0.101
2024-06-16T05:16:05.439743954+08:00 - INFO - 🔧 Configured for [4mdebug[0m.
2024-06-16T05:16:05.439785237+08:00 - INFO - address: [1;39m127.0.0.1[0m
2024-06-16T05:16:05.439803294+08:00 - INFO - port: [1;39m0[0m
2024-06-16T05:16:05.439818297+08:00 - INFO - workers: [1;39m8[0m
2024-06-16T05:16:05.439837699+08:00 - INFO - max blocking threads: [1;39m512[0m
2024-06-16T05:16:05.439856036+08:00 - INFO - ident: [1;39mRocket[0m
2024-06-16T05:16:05.439872086+08:00 - INFO - IP header: [1;39mX-Real-IP[0m
2024-06-16T05:16:05.439892042+08:00 - INFO - limits: [1;39mbytes = 8KiB, data-form = 2MiB, file = 1MiB, form = 32KiB, json = 1MiB, msgpack = 1MiB, string = 8KiB[0m
2024-06-16T05:16:05.439910272+08:00 - INFO - temp dir: [1;39m/tmp[0m
2024-06-16T05:16:05.439926913+08:00 - INFO - http/2: [1;39mtrue[0m
2024-06-16T05:16:05.439943636+08:00 - INFO - keep-alive: [1;39m5[0m[1;39ms[0m
2024-06-16T05:16:05.439957623+08:00 - INFO - tls: [1;39mdisabled[0m
2024-06-16T05:16:05.439976596+08:00 - INFO - shutdown: [1;39mctrlc = true, force = true, signals = [SIGTERM], grace = 2s, mercy = 3s[0m
2024-06-16T05:16:05.439994067+08:00 - INFO - log level: [1;39mnormal[0m
2024-06-16T05:16:05.440005858+08:00 - INFO - cli colors: [1;39mtrue[0m
2024-06-16T05:16:05.440107924+08:00 - INFO - 📬 [35mRoutes[0m:
2024-06-16T05:16:05.440185911+08:00 - INFO - [36m([0m[39mindex[0m[36m)[0m [32mGET[0m [34m/[0m
2024-06-16T05:16:05.440217855+08:00 - INFO - [36m([0m[39mlogin[0m[36m)[0m [32mPOST[0m [4;34m/api[0m[34m/login[0m
2024-06-16T05:16:05.440243783+08:00 - INFO - [36m([0m[39moptions_login[0m[36m)[0m [32mOPTIONS[0m [4;34m/api[0m[34m/login[0m
2024-06-16T05:16:05.440268166+08:00 - INFO - [36m([0m[39msignup[0m[36m)[0m [32mPOST[0m [4;34m/api[0m[34m/signup[0m
2024-06-16T05:16:05.440293287+08:00 - INFO - [36m([0m[39moptions_signup[0m[36m)[0m [32mOPTIONS[0m [4;34m/api[0m[34m/signup[0m
2024-06-16T05:16:05.440323314+08:00 - INFO - [36m([0m[39mcreate_product[0m[36m)[0m [32mPOST[0m [4;34m/api[0m[34m/products[0m [33mapplication/json[0m
2024-06-16T05:16:05.440375147+08:00 - INFO - [36m([0m[39mget_products[0m[36m)[0m [32mGET[0m [4;34m/api[0m[34m/products?<start>&<end>&<categories_name>[0m
2024-06-16T05:16:05.440407300+08:00 - INFO - [36m([0m[39mprotected_route[0m[36m)[0m [32mGET[0m [4;34m/api[0m[34m/protected[0m
2024-06-16T05:16:05.440434511+08:00 - INFO - [36m([0m[39mget_warehouses[0m[36m)[0m [32mGET[0m [4;34m/api[0m[34m/warehouses[0m
2024-06-16T05:16:05.440463098+08:00 - INFO - [36m([0m[39mcreate_warehouse[0m[36m)[0m [32mPOST[0m [4;34m/api[0m[34m/warehouses[0m [33mapplication/json[0m
2024-06-16T05:16:05.440493777+08:00 - INFO - [36m([0m[39mcreate_category[0m[36m)[0m [32mPOST[0m [4;34m/api[0m[34m/categories[0m [33mapplication/json[0m
2024-06-16T05:16:05.440525620+08:00 - INFO - [32mGET[0m [4;34m/cors[0m[34m/<status>[0m
2024-06-16T05:16:05.440554730+08:00 - INFO - 📡 [35mFairings[0m:
2024-06-16T05:16:05.440582540+08:00 - INFO - [1;39m'sqlite_db' Database Pool[0m ([1;34mignite[0m)
2024-06-16T05:16:05.440595102+08:00 - INFO - [1;39mCORS[0m ([1;34mignite, request, response[0m)
2024-06-16T05:16:05.440620144+08:00 - INFO - [1;39mShield[0m ([1;34mliftoff, response, singleton[0m)
2024-06-16T05:16:05.440651253+08:00 - INFO - [1;39mAdmin Initialization[0m ([1;34mignite[0m)
2024-06-16T05:16:05.440849423+08:00 - INFO - 🛡️ [35mShield[0m:
2024-06-16T05:16:05.440882839+08:00 - INFO - X-Frame-Options: [39mSAMEORIGIN[0m
2024-06-16T05:16:05.440898815+08:00 - INFO - Permissions-Policy: [39minterest-cohort=()[0m
2024-06-16T05:16:05.440916638+08:00 - INFO - X-Content-Type-Options: [39mnosniff[0m
2024-06-16T05:16:05.440953384+08:00 - WARN - 🚀 [1;39mRocket has launched from [4mhttp://127.0.0.1:36559[0m
2024-06-16T05:16:05.441047595+08:00 - WARN - Rocket is executing inside of a custom runtime.
2024-06-16T05:16:05.441087219+08:00 - INFO - Rocket's runtime is enabled via `#[rocket::main]` or `#[launch]`.
2024-06-16T05:16:05.441101256+08:00 - INFO - Forced shutdown is disabled. Runtime settings may be suboptimal.
2024-06-16T05:16:32.476977972+08:00 - INFO - [32mGET[0m [34m/api/warehouses[0m [33mtext/html[0m:
2024-06-16T05:16:32.477075531+08:00 - INFO - Matched: [36m([0m[39mget_warehouses[0m[36m)[0m [32mGET[0m [4;34m/api[0m[34m/warehouses[0m
2024-06-16T05:16:32.477700789+08:00 - INFO - [1;39mOutcome: [0m[32mSuccess[0m([39m200 OK[0m)
2024-06-16T05:16:32.477865897+08:00 - INFO - [32mResponse succeeded.[0m
2024-06-16T05:31:47.904772512+08:00 - INFO - [32mGET[0m [34m/api/warehouses[0m:
2024-06-16T05:31:47.904861493+08:00 - INFO - Matched: [36m([0m[39mget_warehouses[0m[36m)[0m [32mGET[0m [4;34m/api[0m[34m/warehouses[0m
2024-06-16T05:31:47.905427483+08:00 - INFO - [1;39mOutcome: [0m[32mSuccess[0m([39m200 OK[0m)
2024-06-16T05:31:47.905550400+08:00 - INFO - [32mResponse succeeded.[0m
2024-06-16T05:31:47.910522728+08:00 - INFO - [32mGET[0m [34m/api/warehouses[0m:
2024-06-16T05:31:47.910608646+08:00 - INFO - Matched: [36m([0m[39mget_warehouses[0m[36m)[0m [32mGET[0m [4;34m/api[0m[34m/warehouses[0m
2024-06-16T05:31:47.910997162+08:00 - INFO - [1;39mOutcome: [0m[32mSuccess[0m([39m200 OK[0m)
2024-06-16T05:31:47.911102708+08:00 - INFO - [32mResponse succeeded.[0m
2024-06-16T05:31:55.211457167+08:00 - INFO - [32mGET[0m [34m/api/warehouses[0m:
2024-06-16T05:31:55.211549190+08:00 - INFO - Matched: [36m([0m[39mget_warehouses[0m[36m)[0m [32mGET[0m [4;34m/api[0m[34m/warehouses[0m
2024-06-16T05:31:55.212026806+08:00 - INFO - [1;39mOutcome: [0m[32mSuccess[0m([39m200 OK[0m)
2024-06-16T05:31:55.212141156+08:00 - INFO - [32mResponse succeeded.[0m
2024-06-16T05:31:55.216000298+08:00 - INFO - [32mGET[0m [34m/api/warehouses[0m:
2024-06-16T05:31:55.216070404+08:00 - INFO - Matched: [36m([0m[39mget_warehouses[0m[36m)[0m [32mGET[0m [4;34m/api[0m[34m/warehouses[0m
2024-06-16T05:31:55.216358939+08:00 - INFO - [1;39mOutcome: [0m[32mSuccess[0m([39m200 OK[0m)
2024-06-16T05:31:55.216455358+08:00 - INFO - [32mResponse succeeded.[0m
2024-06-16T05:34:07.398137441+08:00 - INFO - [32mGET[0m [34m/api/warehouses[0m:
2024-06-16T05:34:07.398230829+08:00 - INFO - Matched: [36m([0m[39mget_warehouses[0m[36m)[0m [32mGET[0m [4;34m/api[0m[34m/warehouses[0m
2024-06-16T05:34:07.398757019+08:00 - INFO - [1;39mOutcome: [0m[32mSuccess[0m([39m200 OK[0m)
2024-06-16T05:34:07.398868643+08:00 - INFO - [32mResponse succeeded.[0m
2024-06-16T05:34:10.270799731+08:00 - INFO - [32mGET[0m [34m/api/warehouses[0m:
2024-06-16T05:34:10.270888773+08:00 - INFO - Matched: [36m([0m[39mget_warehouses[0m[36m)[0m [32mGET[0m [4;34m/api[0m[34m/warehouses[0m
2024-06-16T05:34:10.271275635+08:00 - INFO - [1;39mOutcome: [0m[32mSuccess[0m([39m200 OK[0m)
2024-06-16T05:34:10.271380653+08:00 - INFO - [32mResponse succeeded.[0m
2024-06-16T05:34:34.407355589+08:00 - INFO - [32mGET[0m [34m/api/warehouses[0m:
2024-06-16T05:34:34.407470285+08:00 - INFO - Matched: [36m([0m[39mget_warehouses[0m[36m)[0m [32mGET[0m [4;34m/api[0m[34m/warehouses[0m
2024-06-16T05:34:34.408046639+08:00 - INFO - [1;39mOutcome: [0m[32mSuccess[0m([39m200 OK[0m)
2024-06-16T05:34:34.408183247+08:00 - INFO - [32mResponse succeeded.[0m
2024-06-16T05:34:34.412346396+08:00 - INFO - [32mGET[0m [34m/api/warehouses[0m:
2024-06-16T05:34:34.412463721+08:00 - INFO - Matched: [36m([0m[39mget_warehouses[0m[36m)[0m [32mGET[0m [4;34m/api[0m[34m/warehouses[0m
2024-06-16T05:34:34.412832844+08:00 - INFO - [1;39mOutcome: [0m[32mSuccess[0m([39m200 OK[0m)
2024-06-16T05:34:34.412957353+08:00 - INFO - [32mResponse succeeded.[0m
2024-06-16T05:34:51.114100365+08:00 - INFO - [32mGET[0m [34m/api/warehouses[0m:
2024-06-16T05:34:51.114197121+08:00 - INFO - Matched: [36m([0m[39mget_warehouses[0m[36m)[0m [32mGET[0m [4;34m/api[0m[34m/warehouses[0m
2024-06-16T05:34:51.114732780+08:00 - INFO - [1;39mOutcome: [0m[32mSuccess[0m([39m200 OK[0m)
2024-06-16T05:34:51.114849939+08:00 - INFO - [32mResponse succeeded.[0m
2024-06-16T05:38:41.608435313+08:00 - INFO - [32mGET[0m [34m/api/warehouses[0m:
2024-06-16T05:38:41.608539344+08:00 - INFO - Matched: [36m([0m[39mget_warehouses[0m[36m)[0m [32mGET[0m [4;34m/api[0m[34m/warehouses[0m
2024-06-16T05:38:41.609087597+08:00 - INFO - [1;39mOutcome: [0m[32mSuccess[0m([39m200 OK[0m)
2024-06-16T05:38:41.609231493+08:00 - INFO - [32mResponse succeeded.[0m
2024-06-16T05:38:41.614178162+08:00 - INFO - [32mGET[0m [34m/api/warehouses[0m:
2024-06-16T05:38:41.614247200+08:00 - INFO - Matched: [36m([0m[39mget_warehouses[0m[36m)[0m [32mGET[0m [4;34m/api[0m[34m/warehouses[0m
2024-06-16T05:38:41.614575884+08:00 - INFO - [1;39mOutcome: [0m[32mSuccess[0m([39m200 OK[0m)
2024-06-16T05:38:41.614726069+08:00 - INFO - [32mResponse succeeded.[0m
2024-06-16T05:41:24.243482544+08:00 - INFO - [32mGET[0m [34m/api/warehouses[0m:
2024-06-16T05:41:24.243604998+08:00 - INFO - Matched: [36m([0m[39mget_warehouses[0m[36m)[0m [32mGET[0m [4;34m/api[0m[34m/warehouses[0m
2024-06-16T05:41:24.244072831+08:00 - INFO - [1;39mOutcome: [0m[32mSuccess[0m([39m200 OK[0m)
2024-06-16T05:41:24.244200882+08:00 - INFO - [32mResponse succeeded.[0m
2024-06-16T05:41:24.248811514+08:00 - INFO - [32mGET[0m [34m/api/warehouses[0m:
2024-06-16T05:41:24.248893309+08:00 - INFO - Matched: [36m([0m[39mget_warehouses[0m[36m)[0m [32mGET[0m [4;34m/api[0m[34m/warehouses[0m
2024-06-16T05:41:24.249282340+08:00 - INFO - [1;39mOutcome: [0m[32mSuccess[0m([39m200 OK[0m)
2024-06-16T05:41:24.249403500+08:00 - INFO - [32mResponse succeeded.[0m
2024-06-16T05:43:55.951433307+08:00 - INFO - [32mGET[0m [34m/api/warehouses[0m:
2024-06-16T05:43:55.951526876+08:00 - INFO - Matched: [36m([0m[39mget_warehouses[0m[36m)[0m [32mGET[0m [4;34m/api[0m[34m/warehouses[0m
2024-06-16T05:43:55.951994347+08:00 - INFO - [1;39mOutcome: [0m[32mSuccess[0m([39m200 OK[0m)
2024-06-16T05:43:55.952148744+08:00 - INFO - [32mResponse succeeded.[0m
2024-06-16T05:45:23.952492166+08:00 - INFO - [32mGET[0m [34m/api/warehouses[0m:
2024-06-16T05:45:23.952588174+08:00 - INFO - Matched: [36m([0m[39mget_warehouses[0m[36m)[0m [32mGET[0m [4;34m/api[0m[34m/warehouses[0m
2024-06-16T05:45:23.953187765+08:00 - INFO - [1;39mOutcome: [0m[32mSuccess[0m([39m200 OK[0m)
2024-06-16T05:45:23.953329966+08:00 - INFO - [32mResponse succeeded.[0m
2024-06-16T05:45:34.473197555+08:00 - INFO - [32mGET[0m [34m/api/warehouses[0m:
2024-06-16T05:45:34.473336956+08:00 - INFO - Matched: [36m([0m[39mget_warehouses[0m[36m)[0m [32mGET[0m [4;34m/api[0m[34m/warehouses[0m
2024-06-16T05:45:34.473862747+08:00 - INFO - [1;39mOutcome: [0m[32mSuccess[0m([39m200 OK[0m)
2024-06-16T05:45:34.474044509+08:00 - INFO - [32mResponse succeeded.[0m
2024-06-16T05:45:34.479140388+08:00 - INFO - [32mGET[0m [34m/api/warehouses[0m:
2024-06-16T05:45:34.479241924+08:00 - INFO - Matched: [36m([0m[39mget_warehouses[0m[36m)[0m [32mGET[0m [4;34m/api[0m[34m/warehouses[0m
2024-06-16T05:45:34.479640571+08:00 - INFO - [1;39mOutcome: [0m[32mSuccess[0m([39m200 OK[0m)
2024-06-16T05:45:34.479791167+08:00 - INFO - [32mResponse succeeded.[0m
2024-06-16T05:48:59.768890924+08:00 - INFO - [32mGET[0m [34m/api/warehouses[0m:
2024-06-16T05:48:59.769021120+08:00 - INFO - Matched: [36m([0m[39mget_warehouses[0m[36m)[0m [32mGET[0m [4;34m/api[0m[34m/warehouses[0m
2024-06-16T05:48:59.769649594+08:00 - INFO - [1;39mOutcome: [0m[32mSuccess[0m([39m200 OK[0m)
2024-06-16T05:48:59.769776631+08:00 - INFO - [32mResponse succeeded.[0m
2024-06-16T05:48:59.776390515+08:00 - INFO - [32mGET[0m [34m/api/warehouses[0m:
2024-06-16T05:48:59.776476967+08:00 - INFO - Matched: [36m([0m[39mget_warehouses[0m[36m)[0m [32mGET[0m [4;34m/api[0m[34m/warehouses[0m
2024-06-16T05:48:59.776781882+08:00 - INFO - [1;39mOutcome: [0m[32mSuccess[0m([39m200 OK[0m)
2024-06-16T05:48:59.776882967+08:00 - INFO - [32mResponse succeeded.[0m
2024-06-16T05:49:19.447896405+08:00 - INFO - [32mGET[0m [34m/api/warehouses[0m:
2024-06-16T05:49:19.447996361+08:00 - INFO - Matched: [36m([0m[39mget_warehouses[0m[36m)[0m [32mGET[0m [4;34m/api[0m[34m/warehouses[0m
2024-06-16T05:49:19.448438948+08:00 - INFO - [1;39mOutcome: [0m[32mSuccess[0m([39m200 OK[0m)
2024-06-16T05:49:19.448546147+08:00 - INFO - [32mResponse succeeded.[0m
2024-06-16T05:49:19.453082255+08:00 - INFO - [32mGET[0m [34m/api/warehouses[0m:
2024-06-16T05:49:19.453159083+08:00 - INFO - Matched: [36m([0m[39mget_warehouses[0m[36m)[0m [32mGET[0m [4;34m/api[0m[34m/warehouses[0m
2024-06-16T05:49:19.453445176+08:00 - INFO - [1;39mOutcome: [0m[32mSuccess[0m([39m200 OK[0m)
2024-06-16T05:49:19.453552141+08:00 - INFO - [32mResponse succeeded.[0m
2024-06-16T05:51:12.956347385+08:00 - INFO - [32mGET[0m [34m/api/warehouses[0m:
2024-06-16T05:51:12.956446413+08:00 - INFO - Matched: [36m([0m[39mget_warehouses[0m[36m)[0m [32mGET[0m [4;34m/api[0m[34m/warehouses[0m
2024-06-16T05:51:12.956969909+08:00 - INFO - [1;39mOutcome: [0m[32mSuccess[0m([39m200 OK[0m)
2024-06-16T05:51:12.957105355+08:00 - INFO - [32mResponse succeeded.[0m
2024-06-16T05:51:12.961511489+08:00 - INFO - [32mGET[0m [34m/api/warehouses[0m:
2024-06-16T05:51:12.961609494+08:00 - INFO - Matched: [36m([0m[39mget_warehouses[0m[36m)[0m [32mGET[0m [4;34m/api[0m[34m/warehouses[0m
2024-06-16T05:51:12.962001085+08:00 - INFO - [1;39mOutcome: [0m[32mSuccess[0m([39m200 OK[0m)
2024-06-16T05:51:12.962103148+08:00 - INFO - [32mResponse succeeded.[0m
2024-06-16T05:51:48.954514489+08:00 - INFO - [32mGET[0m [34m/api/warehouses[0m:
2024-06-16T05:51:48.954625055+08:00 - INFO - Matched: [36m([0m[39mget_warehouses[0m[36m)[0m [32mGET[0m [4;34m/api[0m[34m/warehouses[0m
2024-06-16T05:51:48.955137574+08:00 - INFO - [1;39mOutcome: [0m[32mSuccess[0m([39m200 OK[0m)
2024-06-16T05:51:48.955291474+08:00 - INFO - [32mResponse succeeded.[0m
2024-06-16T05:51:55.944840266+08:00 - INFO - [32mGET[0m [34m/api/warehouses[0m:
2024-06-16T05:51:55.944977965+08:00 - INFO - Matched: [36m([0m[39mget_warehouses[0m[36m)[0m [32mGET[0m [4;34m/api[0m[34m/warehouses[0m
2024-06-16T05:51:55.945444325+08:00 - INFO - [1;39mOutcome: [0m[32mSuccess[0m([39m200 OK[0m)
2024-06-16T05:51:55.945574404+08:00 - INFO - [32mResponse succeeded.[0m
2024-06-16T05:51:58.949841104+08:00 - INFO - [32mGET[0m [34m/api/warehouses[0m:
2024-06-16T05:51:58.949934924+08:00 - INFO - Matched: [36m([0m[39mget_warehouses[0m[36m)[0m [32mGET[0m [4;34m/api[0m[34m/warehouses[0m
2024-06-16T05:51:58.950325626+08:00 - INFO - [1;39mOutcome: [0m[32mSuccess[0m([39m200 OK[0m)
2024-06-16T05:51:58.950427901+08:00 - INFO - [32mResponse succeeded.[0m
2024-06-16T05:52:11.938389128+08:00 - INFO - [32mGET[0m [34m/api/warehouses[0m:
2024-06-16T05:52:11.938507022+08:00 - INFO - Matched: [36m([0m[39mget_warehouses[0m[36m)[0m [32mGET[0m [4;34m/api[0m[34m/warehouses[0m
2024-06-16T05:52:11.939055689+08:00 - INFO - [1;39mOutcome: [0m[32mSuccess[0m([39m200 OK[0m)
2024-06-16T05:52:11.939174085+08:00 - INFO - [32mResponse succeeded.[0m
2024-06-16T05:52:31.933884083+08:00 - INFO - [32mGET[0m [34m/api/warehouses[0m:
2024-06-16T05:52:31.933991676+08:00 - INFO - Matched: [36m([0m[39mget_warehouses[0m[36m)[0m [32mGET[0m [4;34m/api[0m[34m/warehouses[0m
2024-06-16T05:52:31.934582331+08:00 - INFO - [1;39mOutcome: [0m[32mSuccess[0m([39m200 OK[0m)
2024-06-16T05:52:31.934712380+08:00 - INFO - [32mResponse succeeded.[0m
2024-06-16T05:52:38.937988757+08:00 - INFO - [32mGET[0m [34m/api/warehouses[0m:
2024-06-16T05:52:38.938083991+08:00 - INFO - Matched: [36m([0m[39mget_warehouses[0m[36m)[0m [32mGET[0m [4;34m/api[0m[34m/warehouses[0m
2024-06-16T05:52:38.938507893+08:00 - INFO - [1;39mOutcome: [0m[32mSuccess[0m([39m200 OK[0m)
2024-06-16T05:52:38.938640001+08:00 - INFO - [32mResponse succeeded.[0m
2024-06-16T05:52:42.941148837+08:00 - INFO - [32mGET[0m [34m/api/warehouses[0m:
2024-06-16T05:52:42.941262351+08:00 - INFO - Matched: [36m([0m[39mget_warehouses[0m[36m)[0m [32mGET[0m [4;34m/api[0m[34m/warehouses[0m
2024-06-16T05:52:42.941710003+08:00 - INFO - [1;39mOutcome: [0m[32mSuccess[0m([39m200 OK[0m)
2024-06-16T05:52:42.941833578+08:00 - INFO - [32mResponse succeeded.[0m
2024-06-16T05:52:58.946237279+08:00 - INFO - [32mGET[0m [34m/api/warehouses[0m:
2024-06-16T05:52:58.946345679+08:00 - INFO - Matched: [36m([0m[39mget_warehouses[0m[36m)[0m [32mGET[0m [4;34m/api[0m[34m/warehouses[0m
2024-06-16T05:52:58.946918639+08:00 - INFO - [1;39mOutcome: [0m[32mSuccess[0m([39m200 OK[0m)
2024-06-16T05:52:58.947090475+08:00 - INFO - [32mResponse succeeded.[0m
2024-06-16T05:53:02.934530876+08:00 - INFO - [32mGET[0m [34m/api/warehouses[0m:
2024-06-16T05:53:02.934622736+08:00 - INFO - Matched: [36m([0m[39mget_warehouses[0m[36m)[0m [32mGET[0m [4;34m/api[0m[34m/warehouses[0m
2024-06-16T05:53:02.935085355+08:00 - INFO - [1;39mOutcome: [0m[32mSuccess[0m([39m200 OK[0m)
2024-06-16T05:53:02.935245344+08:00 - INFO - [32mResponse succeeded.[0m
2024-06-16T05:55:24.937737072+08:00 - INFO - [32mGET[0m [34m/api/warehouses[0m:
2024-06-16T05:55:24.937841257+08:00 - INFO - Matched: [36m([0m[39mget_warehouses[0m[36m)[0m [32mGET[0m [4;34m/api[0m[34m/warehouses[0m
2024-06-16T05:55:24.938512758+08:00 - INFO - [1;39mOutcome: [0m[32mSuccess[0m([39m200 OK[0m)
2024-06-16T05:55:24.938612968+08:00 - INFO - [32mResponse succeeded.[0m
2024-06-16T05:55:45.791404666+08:00 - INFO - [32mGET[0m [34m/api/warehouses[0m:
2024-06-16T05:55:45.791524654+08:00 - INFO - Matched: [36m([0m[39mget_warehouses[0m[36m)[0m [32mGET[0m [4;34m/api[0m[34m/warehouses[0m
2024-06-16T05:55:45.792153801+08:00 - INFO - [1;39mOutcome: [0m[32mSuccess[0m([39m200 OK[0m)
2024-06-16T05:55:45.792319202+08:00 - INFO - [32mResponse succeeded.[0m
2024-06-16T05:55:45.796027402+08:00 - INFO - [32mGET[0m [34m/api/warehouses[0m:
2024-06-16T05:55:45.796094056+08:00 - INFO - Matched: [36m([0m[39mget_warehouses[0m[36m)[0m [32mGET[0m [4;34m/api[0m[34m/warehouses[0m
2024-06-16T05:55:45.796396360+08:00 - INFO - [1;39mOutcome: [0m[32mSuccess[0m([39m200 OK[0m)
2024-06-16T05:55:45.796512262+08:00 - INFO - [32mResponse succeeded.[0m
2024-06-16T05:58:04.988555667+08:00 - INFO - [32mGET[0m [34m/api/warehouses[0m:
2024-06-16T05:58:04.988644397+08:00 - INFO - Matched: [36m([0m[39mget_warehouses[0m[36m)[0m [32mGET[0m [4;34m/api[0m[34m/warehouses[0m
2024-06-16T05:58:04.989189421+08:00 - INFO - [1;39mOutcome: [0m[32mSuccess[0m([39m200 OK[0m)
2024-06-16T05:58:04.989341817+08:00 - INFO - [32mResponse succeeded.[0m
2024-06-16T05:58:04.994097605+08:00 - INFO - [32mGET[0m [34m/api/warehouses[0m:
2024-06-16T05:58:04.994183583+08:00 - INFO - Matched: [36m([0m[39mget_warehouses[0m[36m)[0m [32mGET[0m [4;34m/api[0m[34m/warehouses[0m
2024-06-16T05:58:04.994475562+08:00 - INFO - [1;39mOutcome: [0m[32mSuccess[0m([39m200 OK[0m)
2024-06-16T05:58:04.994597285+08:00 - INFO - [32mResponse succeeded.[0m
2024-06-16T06:01:10.975509645+08:00 - INFO - [32mGET[0m [34m/api/warehouses[0m:
2024-06-16T06:01:10.975606589+08:00 - INFO - Matched: [36m([0m[39mget_warehouses[0m[36m)[0m [32mGET[0m [4;34m/api[0m[34m/warehouses[0m
2024-06-16T06:01:10.976218215+08:00 - INFO - [1;39mOutcome: [0m[32mSuccess[0m([39m200 OK[0m)
2024-06-16T06:01:10.976330724+08:00 - INFO - [32mResponse succeeded.[0m
2024-06-16T06:01:11.986933828+08:00 - INFO - [32mGET[0m [34m/api/warehouses[0m:
2024-06-16T06:01:11.987037712+08:00 - INFO - Matched: [36m([0m[39mget_warehouses[0m[36m)[0m [32mGET[0m [4;34m/api[0m[34m/warehouses[0m
2024-06-16T06:01:11.987428995+08:00 - INFO - [1;39mOutcome: [0m[32mSuccess[0m([39m200 OK[0m)
2024-06-16T06:01:11.987547396+08:00 - INFO - [32mResponse succeeded.[0m
2024-06-16T06:01:24.959025808+08:00 - INFO - [32mGET[0m [34m/api/warehouses[0m:
2024-06-16T06:01:24.959117484+08:00 - INFO - Matched: [36m([0m[39mget_warehouses[0m[36m)[0m [32mGET[0m [4;34m/api[0m[34m/warehouses[0m
2024-06-16T06:01:24.959540015+08:00 - INFO - [1;39mOutcome: [0m[32mSuccess[0m([39m200 OK[0m)
2024-06-16T06:01:24.959661656+08:00 - INFO - [32mResponse succeeded.[0m
2024-06-16T06:01:24.965367599+08:00 - INFO - [32mGET[0m [34m/api/warehouses[0m:
2024-06-16T06:01:24.965450933+08:00 - INFO - Matched: [36m([0m[39mget_warehouses[0m[36m)[0m [32mGET[0m [4;34m/api[0m[34m/warehouses[0m
2024-06-16T06:01:24.965807136+08:00 - INFO - [1;39mOutcome: [0m[32mSuccess[0m([39m200 OK[0m)
2024-06-16T06:01:24.965915495+08:00 - INFO - [32mResponse succeeded.[0m
2024-06-16T06:01:54.979700401+08:00 - INFO - [32mGET[0m [34m/api/warehouses[0m:
2024-06-16T06:01:54.979794936+08:00 - INFO - Matched: [36m([0m[39mget_warehouses[0m[36m)[0m [32mGET[0m [4;34m/api[0m[34m/warehouses[0m
2024-06-16T06:01:54.980318438+08:00 - INFO - [1;39mOutcome: [0m[32mSuccess[0m([39m200 OK[0m)
2024-06-16T06:01:54.980428081+08:00 - INFO - [32mResponse succeeded.[0m
2024-06-16T06:02:54.217499607+08:00 - INFO - [32mGET[0m [34m/api/warehouses[0m:
2024-06-16T06:02:54.217592157+08:00 - INFO - Matched: [36m([0m[39mget_warehouses[0m[36m)[0m [32mGET[0m [4;34m/api[0m[34m/warehouses[0m
2024-06-16T06:02:54.218069797+08:00 - INFO - [1;39mOutcome: [0m[32mSuccess[0m([39m200 OK[0m)
2024-06-16T06:02:54.218182039+08:00 - INFO - [32mResponse succeeded.[0m
2024-06-16T06:02:54.222239764+08:00 - INFO - [32mGET[0m [34m/api/warehouses[0m:
2024-06-16T06:02:54.222333702+08:00 - INFO - Matched: [36m([0m[39mget_warehouses[0m[36m)[0m [32mGET[0m [4;34m/api[0m[34m/warehouses[0m
2024-06-16T06:02:54.222656421+08:00 - INFO - [1;39mOutcome: [0m[32mSuccess[0m([39m200 OK[0m)
2024-06-16T06:02:54.222782070+08:00 - INFO - [32mResponse succeeded.[0m
2024-06-16T06:08:40.052056132+08:00 - INFO - [32mGET[0m [34m/api/warehouses[0m:
2024-06-16T06:08:40.052193841+08:00 - INFO - Matched: [36m([0m[39mget_warehouses[0m[36m)[0m [32mGET[0m [4;34m/api[0m[34m/warehouses[0m
2024-06-16T06:08:40.052764331+08:00 - INFO - [1;39mOutcome: [0m[32mSuccess[0m([39m200 OK[0m)
2024-06-16T06:08:40.052920649+08:00 - INFO - [32mResponse succeeded.[0m
2024-06-16T06:08:47.057508722+08:00 - INFO - [32mGET[0m [34m/api/warehouses[0m:
2024-06-16T06:08:47.057648197+08:00 - INFO - Matched: [36m([0m[39mget_warehouses[0m[36m)[0m [32mGET[0m [4;34m/api[0m[34m/warehouses[0m
2024-06-16T06:08:47.058139504+08:00 - INFO - [1;39mOutcome: [0m[32mSuccess[0m([39m200 OK[0m)
2024-06-16T06:08:47.058277737+08:00 - INFO - [32mResponse succeeded.[0m
2024-06-16T06:10:14.063915782+08:00 - INFO - [32mGET[0m [34m/api/warehouses[0m:
2024-06-16T06:10:14.064042040+08:00 - INFO - Matched: [36m([0m[39mget_warehouses[0m[36m)[0m [32mGET[0m [4;34m/api[0m[34m/warehouses[0m
2024-06-16T06:10:14.064614641+08:00 - INFO - [1;39mOutcome: [0m[32mSuccess[0m([39m200 OK[0m)
2024-06-16T06:10:14.064787037+08:00 - INFO - [32mResponse succeeded.[0m
2024-06-16T06:54:13.328775697+08:00 - WARN - Received shutdown signal, shutting down...
2024-06-16T06:54:13.328847044+08:00 - WARN - Received SIGINT. Requesting shutdown.
2024-06-16T06:54:13.328858399+08:00 - INFO - Waiting for tasks to finish...
2024-06-16T06:54:13.328901801+08:00 - INFO - Shutdown requested. Waiting for pending I/O...
