2024-06-16T00:54:55.210625811+08:00 - INFO - Database migrations executed successfully
2024-06-16T00:54:55.210814197+08:00 - INFO - Found warehouse: "9M5zxJECOyCWxTl+u68Cq9Sqs2OmPApG+08CwVue1isvmO50OS39Y/VEBd94sJoLNmrf/5LoGXRnwiRI4NeGHA=="
2024-06-16T00:54:55.210988806+08:00 - INFO - Local peer id: PeerId("12D3KooWD2Aapi8KSuBgzRmpGSVom9Zq9GzgjqXiYexmozjtGa2w")
2024-06-16T00:54:55.219880422+08:00 - WARN - Warning: BOOTSTRAP_PEER_ID environment variable is not set
2024-06-16T00:54:55.219974513+08:00 - WARN - Warning: BOOTSTRAP_ADDR environment variable is not set
2024-06-16T00:54:55.220023253+08:00 - WARN - Warning: LISTENING_ADDR environment variable is not set, using default value:/ip4/0.0.0.0/tcp/12345
2024-06-16T00:54:55.220056672+08:00 - WARN - BOOTSTRAP_ADDR environment variable is not set,run as bootstrap node
2024-06-16T00:54:55.220530780+08:00 - INFO - creating instance on iface 10.0.0.101
2024-06-16T00:54:55.229620390+08:00 - INFO - 🔧 Configured for [4mdebug[0m.
2024-06-16T00:54:55.229693435+08:00 - INFO - address: [1;39m127.0.0.1[0m
2024-06-16T00:54:55.229720131+08:00 - INFO - port: [1;39m0[0m
2024-06-16T00:54:55.229735652+08:00 - INFO - workers: [1;39m8[0m
2024-06-16T00:54:55.229752384+08:00 - INFO - max blocking threads: [1;39m512[0m
2024-06-16T00:54:55.229766175+08:00 - INFO - ident: [1;39mRocket[0m
2024-06-16T00:54:55.229782143+08:00 - INFO - IP header: [1;39mX-Real-IP[0m
2024-06-16T00:54:55.229805421+08:00 - INFO - limits: [1;39mbytes = 8KiB, data-form = 2MiB, file = 1MiB, form = 32KiB, json = 1MiB, msgpack = 1MiB, string = 8KiB[0m
2024-06-16T00:54:55.229824133+08:00 - INFO - temp dir: [1;39m/tmp[0m
2024-06-16T00:54:55.229840685+08:00 - INFO - http/2: [1;39mtrue[0m
2024-06-16T00:54:55.229857038+08:00 - INFO - keep-alive: [1;39m5[0m[1;39ms[0m
2024-06-16T00:54:55.229871712+08:00 - INFO - tls: [1;39mdisabled[0m
2024-06-16T00:54:55.229885628+08:00 - INFO - shutdown: [1;39mctrlc = true, force = true, signals = [SIGTERM], grace = 2s, mercy = 3s[0m
2024-06-16T00:54:55.229908681+08:00 - INFO - log level: [1;39mnormal[0m
2024-06-16T00:54:55.229921914+08:00 - INFO - cli colors: [1;39mtrue[0m
2024-06-16T00:54:55.230022776+08:00 - INFO - 📬 [35mRoutes[0m:
2024-06-16T00:54:55.230106841+08:00 - INFO - [36m([0m[39mindex[0m[36m)[0m [32mGET[0m [34m/[0m
2024-06-16T00:54:55.230137421+08:00 - INFO - [36m([0m[39mlogin[0m[36m)[0m [32mPOST[0m [4;34m/api[0m[34m/login[0m
2024-06-16T00:54:55.230159228+08:00 - INFO - [36m([0m[39moptions_login[0m[36m)[0m [32mOPTIONS[0m [4;34m/api[0m[34m/login[0m
2024-06-16T00:54:55.230188052+08:00 - INFO - [36m([0m[39msignup[0m[36m)[0m [32mPOST[0m [4;34m/api[0m[34m/signup[0m
2024-06-16T00:54:55.230207394+08:00 - INFO - [36m([0m[39mcreate_product[0m[36m)[0m [32mPOST[0m [4;34m/api[0m[34m/products[0m [33mapplication/json[0m
2024-06-16T00:54:55.230265620+08:00 - INFO - [36m([0m[39mget_products[0m[36m)[0m [32mGET[0m [4;34m/api[0m[34m/products?<start>&<end>&<categories_name>[0m
2024-06-16T00:54:55.230295625+08:00 - INFO - [36m([0m[39mprotected_route[0m[36m)[0m [32mGET[0m [4;34m/api[0m[34m/protected[0m
2024-06-16T00:54:55.230323937+08:00 - INFO - [36m([0m[39mget_warehouses[0m[36m)[0m [32mGET[0m [4;34m/api[0m[34m/warehouses[0m
2024-06-16T00:54:55.230347564+08:00 - INFO - [36m([0m[39mcreate_warehouse[0m[36m)[0m [32mPOST[0m [4;34m/api[0m[34m/warehouses[0m [33mapplication/json[0m
2024-06-16T00:54:55.230370197+08:00 - INFO - [36m([0m[39mcreate_category[0m[36m)[0m [32mPOST[0m [4;34m/api[0m[34m/categories[0m [33mapplication/json[0m
2024-06-16T00:54:55.230409577+08:00 - INFO - [32mGET[0m [4;34m/cors[0m[34m/<status>[0m
2024-06-16T00:54:55.230443788+08:00 - INFO - 📡 [35mFairings[0m:
2024-06-16T00:54:55.230475744+08:00 - INFO - [1;39mCORS[0m ([1;34mignite, request, response[0m)
2024-06-16T00:54:55.230495326+08:00 - INFO - [1;39mShield[0m ([1;34mliftoff, response, singleton[0m)
2024-06-16T00:54:55.230513201+08:00 - INFO - [1;39m'sqlite_db' Database Pool[0m ([1;34mignite[0m)
2024-06-16T00:54:55.230541297+08:00 - INFO - [1;39mAdmin Initialization[0m ([1;34mignite[0m)
2024-06-16T00:54:55.230731791+08:00 - INFO - 🛡️ [35mShield[0m:
2024-06-16T00:54:55.230761731+08:00 - INFO - Permissions-Policy: [39minterest-cohort=()[0m
2024-06-16T00:54:55.230776029+08:00 - INFO - X-Content-Type-Options: [39mnosniff[0m
2024-06-16T00:54:55.230790861+08:00 - INFO - X-Frame-Options: [39mSAMEORIGIN[0m
2024-06-16T00:54:55.230826967+08:00 - WARN - 🚀 [1;39mRocket has launched from [4mhttp://127.0.0.1:35669[0m
2024-06-16T00:54:55.230940601+08:00 - WARN - Rocket is executing inside of a custom runtime.
2024-06-16T00:54:55.230968721+08:00 - INFO - Rocket's runtime is enabled via `#[rocket::main]` or `#[launch]`.
2024-06-16T00:54:55.230988579+08:00 - INFO - Forced shutdown is disabled. Runtime settings may be suboptimal.
2024-06-16T00:55:32.198402588+08:00 - INFO - [32mOPTIONS[0m [34m/api/login[0m:
2024-06-16T00:55:32.198494419+08:00 - INFO - Matched: [36m([0m[39moptions_login[0m[36m)[0m [32mOPTIONS[0m [4;34m/api[0m[34m/login[0m
2024-06-16T00:55:32.198537318+08:00 - INFO - [1;39mOutcome: [0m[32mSuccess[0m([39m200 OK[0m)
2024-06-16T00:55:32.198762662+08:00 - INFO - [32mResponse succeeded.[0m
2024-06-16T00:55:32.268325854+08:00 - INFO - [32mPOST[0m [34m/api/login[0m [33mapplication/json[0m:
2024-06-16T00:55:32.268429570+08:00 - INFO - Matched: [36m([0m[39mlogin[0m[36m)[0m [32mPOST[0m [4;34m/api[0m[34m/login[0m
2024-06-16T00:55:32.269154777+08:00 - INFO - [1;39mOutcome: [0m[32mSuccess[0m([39m200 OK[0m)
2024-06-16T00:55:32.269340720+08:00 - INFO - [32mResponse succeeded.[0m
2024-06-16T00:55:43.669941885+08:00 - INFO - [32mOPTIONS[0m [34m/api/signup[0m:
2024-06-16T00:55:43.670102658+08:00 - ERROR - No matching routes for [32mOPTIONS[0m [34m/api/signup[0m.
2024-06-16T00:55:43.670164754+08:00 - WARN - No [1;34m404[0m catcher registered. Using Rocket default.
2024-06-16T00:55:43.670355289+08:00 - INFO - CORS Fairing: Turned missing route [32mOPTIONS[0m [34m/api/signup[0m into an OPTIONS pre-flight request
2024-06-16T00:55:43.670490660+08:00 - INFO - [32mResponse succeeded.[0m
2024-06-16T00:55:43.676047642+08:00 - INFO - [32mPOST[0m [34m/api/signup[0m [33mapplication/json[0m:
2024-06-16T00:55:43.676140342+08:00 - INFO - Matched: [36m([0m[39msignup[0m[36m)[0m [32mPOST[0m [4;34m/api[0m[34m/signup[0m
2024-06-16T00:55:43.676421957+08:00 - WARN - Request guard `JwtToken` failed: ().
2024-06-16T00:55:43.676484352+08:00 - INFO - [1;39mOutcome: [0m[31mError[0m([39m401 Unauthorized[0m)
2024-06-16T00:55:43.676510160+08:00 - WARN - No [1;34m401[0m catcher registered. Using Rocket default.
2024-06-16T00:55:43.676719391+08:00 - INFO - [32mResponse succeeded.[0m
2024-06-16T00:58:19.455156308+08:00 - INFO - floodsub Topic("dev") publish: "\u{1b}[A\u{1b}[B"
2024-06-16T00:58:31.044138401+08:00 - INFO - [32mOPTIONS[0m [34m/api/signup[0m:
2024-06-16T00:58:31.044255839+08:00 - ERROR - No matching routes for [32mOPTIONS[0m [34m/api/signup[0m.
2024-06-16T00:58:31.044293833+08:00 - WARN - No [1;34m404[0m catcher registered. Using Rocket default.
2024-06-16T00:58:31.044486554+08:00 - INFO - CORS Fairing: Turned missing route [32mOPTIONS[0m [34m/api/signup[0m into an OPTIONS pre-flight request
2024-06-16T00:58:31.044609294+08:00 - INFO - [32mResponse succeeded.[0m
2024-06-16T00:58:31.049413068+08:00 - INFO - [32mPOST[0m [34m/api/signup[0m [33mapplication/json[0m:
2024-06-16T00:58:31.049518574+08:00 - INFO - Matched: [36m([0m[39msignup[0m[36m)[0m [32mPOST[0m [4;34m/api[0m[34m/signup[0m
2024-06-16T00:58:31.049798480+08:00 - WARN - Request guard `JwtToken` failed: ().
2024-06-16T00:58:31.049873025+08:00 - INFO - [1;39mOutcome: [0m[31mError[0m([39m401 Unauthorized[0m)
2024-06-16T00:58:31.049903586+08:00 - WARN - No [1;34m401[0m catcher registered. Using Rocket default.
2024-06-16T00:58:31.050113301+08:00 - INFO - [32mResponse succeeded.[0m
2024-06-16T00:59:32.621409106+08:00 - WARN - Received SIGINT. Requesting shutdown.
2024-06-16T00:59:32.621485776+08:00 - WARN - Received shutdown signal, shutting down...
2024-06-16T00:59:32.621523396+08:00 - INFO - Shutdown requested. Waiting for pending I/O...
2024-06-16T00:59:32.621540068+08:00 - INFO - Waiting for tasks to finish...
