2024-06-08T17:03:34.660793409+08:00 - INFO - Local peer id: PeerId("12D3KooWMfsyt36cCdHCJDCM8wU7zjaRQCtNuQCvBm5BuMG4JEyQ")
2024-06-08T17:03:34.663085770+08:00 - WARN - Warning: BOOTSTRAP_PEER_ID environment variable is not set, using radmon value
2024-06-08T17:03:34.663146893+08:00 - WARN - Warning: BOOTSTRAP_ADDR environment variable is not set,using default value:/ip4/127.0.0.1/tcp/8080
2024-06-08T17:03:34.663164709+08:00 - WARN - Warning: LISTENING_ADDR environment variable is not set, using default value:/ip4/0.0.0.0/tcp/12345
2024-06-08T17:03:34.663518069+08:00 - INFO - Discovered peer via Kademlia: PeerId("12D3KooW9pNAk8aiBuGVQtWRdbkLmo5qVL3e2h5UxbN2Nz9ttwiw")
2024-06-08T17:03:34.663661102+08:00 - INFO - creating instance on iface 10.0.0.101
2024-06-08T17:03:34.665334840+08:00 - ERROR - database is locked
2024-06-08T17:03:35.066472335+08:00 - INFO - All pending migrations were run successfully: []
2024-06-08T17:03:35.067193645+08:00 - INFO - 🔧 Configured for [4mdebug[0m.
2024-06-08T17:03:35.067247272+08:00 - INFO - address: [1;39m127.0.0.1[0m
2024-06-08T17:03:35.067266210+08:00 - INFO - port: [1;39m8000[0m
2024-06-08T17:03:35.067282568+08:00 - INFO - workers: [1;39m8[0m
2024-06-08T17:03:35.067295622+08:00 - INFO - max blocking threads: [1;39m512[0m
2024-06-08T17:03:35.067306853+08:00 - INFO - ident: [1;39mRocket[0m
2024-06-08T17:03:35.067322519+08:00 - INFO - IP header: [1;39mX-Real-IP[0m
2024-06-08T17:03:35.067342136+08:00 - INFO - limits: [1;39mbytes = 8KiB, data-form = 2MiB, file = 1MiB, form = 32KiB, json = 1MiB, msgpack = 1MiB, string = 8KiB[0m
2024-06-08T17:03:35.067366514+08:00 - INFO - temp dir: [1;39m/tmp[0m
2024-06-08T17:03:35.067382623+08:00 - INFO - http/2: [1;39mtrue[0m
2024-06-08T17:03:35.067396031+08:00 - INFO - keep-alive: [1;39m5[0m[1;39ms[0m
2024-06-08T17:03:35.067414343+08:00 - INFO - tls: [1;39mdisabled[0m
2024-06-08T17:03:35.067432517+08:00 - INFO - shutdown: [1;39mctrlc = true, force = true, signals = [SIGTERM], grace = 2s, mercy = 3s[0m
2024-06-08T17:03:35.067448191+08:00 - INFO - log level: [1;39mnormal[0m
2024-06-08T17:03:35.067461951+08:00 - INFO - cli colors: [1;39mtrue[0m
2024-06-08T17:03:35.067562149+08:00 - INFO - 📬 [35mRoutes[0m:
2024-06-08T17:03:35.067628324+08:00 - INFO - [36m([0m[39mindex[0m[36m)[0m [32mGET[0m [34m/[0m
2024-06-08T17:03:35.067654883+08:00 - INFO - [36m([0m[39mget_warehouses[0m[36m)[0m [32mGET[0m [4;34m/api[0m[34m/warehouses[0m
2024-06-08T17:03:35.067685175+08:00 - INFO - [36m([0m[39mcreate_warehouse[0m[36m)[0m [32mPOST[0m [4;34m/api[0m[34m/warehouses[0m [33mapplication/json[0m
2024-06-08T17:03:35.067722103+08:00 - INFO - 📡 [35mFairings[0m:
2024-06-08T17:03:35.067746329+08:00 - INFO - [1;39m'sqlite_db' Database Pool[0m ([1;34mignite[0m)
2024-06-08T17:03:35.067760897+08:00 - INFO - [1;39mDatabase Migrations[0m ([1;34mignite[0m)
2024-06-08T17:03:35.067780076+08:00 - INFO - [1;39mShield[0m ([1;34mliftoff, response, singleton[0m)
2024-06-08T17:03:35.067796213+08:00 - INFO - [1;39mAdmin Initialization[0m ([1;34mignite[0m)
2024-06-08T17:03:35.067938169+08:00 - INFO - 🛡️ [35mShield[0m:
2024-06-08T17:03:35.067961474+08:00 - INFO - X-Frame-Options: [39mSAMEORIGIN[0m
2024-06-08T17:03:35.067994824+08:00 - INFO - Permissions-Policy: [39minterest-cohort=()[0m
2024-06-08T17:03:35.068012956+08:00 - INFO - X-Content-Type-Options: [39mnosniff[0m
2024-06-08T17:03:35.068042307+08:00 - WARN - 🚀 [1;39mRocket has launched from [4mhttp://127.0.0.1:8000[0m
2024-06-08T17:03:35.068145192+08:00 - WARN - Rocket is executing inside of a custom runtime.
2024-06-08T17:03:35.068182299+08:00 - INFO - Rocket's runtime is enabled via `#[rocket::main]` or `#[launch]`.
2024-06-08T17:03:35.068196035+08:00 - INFO - Forced shutdown is disabled. Runtime settings may be suboptimal.
2024-06-08T17:04:17.877109576+08:00 - WARN - Received shutdown signal, shutting down...
2024-06-08T17:04:17.877224546+08:00 - WARN - Received SIGINT. Requesting shutdown.
2024-06-08T17:04:17.877256104+08:00 - INFO - Waiting for tasks to finish...
2024-06-08T17:04:17.877329663+08:00 - INFO - Shutdown requested. Waiting for pending I/O...
2024-06-08T17:04:17.877414350+08:00 - INFO - Graceful shutdown completed successfully.
